nohup: ignoring input
Parameter Count: 42600909
Training with 293737 image pairs
/home/zexin/anaconda3/envs/raft/lib/python3.7/site-packages/torch/optim/lr_scheduler.py:123: UserWarning: Detected call of `lr_scheduler.step()` before `optimizer.step()`. In PyTorch 1.1.0 and later, you should call them in the opposite order: `optimizer.step()` before `lr_scheduler.step()`.  Failure to do this will result in PyTorch skipping the first value of the learning rate schedule. See more details at https://pytorch.org/docs/stable/optim.html#how-to-adjust-learning-rate
  "https://pytorch.org/docs/stable/optim.html#how-to-adjust-learning-rate", UserWarning)
[   100,  0.0000056]     0.8169,     0.8976,     0.9185,     4.0293, 
[   200,  0.0000072]     0.8262,     0.9090,     0.9325,     3.0878, 
[   300,  0.0000088]     0.8266,     0.9145,     0.9373,     2.4804, 
[   400,  0.0000104]     0.8306,     0.9104,     0.9320,     2.9123, 
[   500,  0.0000120]     0.8199,     0.9046,     0.9270,     3.8658, 
[   600,  0.0000136]     0.8267,     0.9062,     0.9279,     3.3850, 
[   700,  0.0000152]     0.8156,     0.8986,     0.9219,     3.4194, 
[   800,  0.0000168]     0.8213,     0.9036,     0.9245,     4.1003, 
[   900,  0.0000184]     0.8312,     0.9104,     0.9309,     3.5000, 
[  1000,  0.0000200]     0.8550,     0.9302,     0.9481,     2.4444, 
[  1100,  0.0000216]     0.8240,     0.9045,     0.9263,     3.7921, 
[  1200,  0.0000232]     0.8287,     0.9103,     0.9318,     3.2205, 
[  1300,  0.0000248]     0.8399,     0.9184,     0.9383,     3.3536, 
[  1400,  0.0000264]     0.8319,     0.9112,     0.9319,     3.7372, 
[  1500,  0.0000280]     0.8331,     0.9148,     0.9378,     2.8254, 
[  1600,  0.0000296]     0.8329,     0.9112,     0.9326,     3.1052, 
[  1700,  0.0000312]     0.8224,     0.9084,     0.9307,     3.1190, 
[  1800,  0.0000328]     0.8272,     0.9093,     0.9306,     3.8880, 
[  1900,  0.0000344]     0.8373,     0.9197,     0.9419,     2.9453, 
[  2000,  0.0000360]     0.8441,     0.9228,     0.9431,     2.4093, 
[  2100,  0.0000376]     0.8377,     0.9179,     0.9386,     3.3122, 
[  2200,  0.0000392]     0.8320,     0.9135,     0.9335,     3.9705, 
[  2300,  0.0000408]     0.8375,     0.9170,     0.9371,     3.1235, 
[  2400,  0.0000424]     0.8246,     0.9089,     0.9306,     3.4951, 
[  2500,  0.0000440]     0.8353,     0.9127,     0.9335,     3.4058, 
[  2600,  0.0000456]     0.8084,     0.8959,     0.9190,     4.6075, 
[  2700,  0.0000472]     0.8169,     0.9027,     0.9275,     3.1204, 
[  2800,  0.0000488]     0.8469,     0.9195,     0.9369,     3.0183, 
[  2900,  0.0000504]     0.8279,     0.9149,     0.9373,     2.6653, 
[  3000,  0.0000520]     0.8331,     0.9123,     0.9320,     3.5327, 
[  3100,  0.0000536]     0.8327,     0.9158,     0.9371,     2.9421, 
[  3200,  0.0000551]     0.8388,     0.9179,     0.9384,     2.8035, 
[  3300,  0.0000567]     0.8404,     0.9199,     0.9396,     2.7292, 
[  3400,  0.0000583]     0.8359,     0.9123,     0.9326,     3.8100, 
[  3500,  0.0000599]     0.8392,     0.9173,     0.9387,     2.7175, 
[  3600,  0.0000615]     0.8214,     0.9019,     0.9243,     3.9063, 
[  3700,  0.0000631]     0.8298,     0.9149,     0.9373,     2.5963, 
[  3800,  0.0000647]     0.8178,     0.9013,     0.9246,     3.4324, 
[  3900,  0.0000663]     0.8316,     0.9122,     0.9331,     3.1553, 
[  4000,  0.0000679]     0.8378,     0.9127,     0.9322,     4.1089, 
[  4100,  0.0000695]     0.8360,     0.9144,     0.9351,     3.2943, 
[  4200,  0.0000711]     0.8465,     0.9241,     0.9452,     2.4559, 
[  4300,  0.0000727]     0.8320,     0.9112,     0.9312,     3.8938, 
[  4400,  0.0000743]     0.8285,     0.9088,     0.9306,     3.3221, 
[  4500,  0.0000759]     0.8203,     0.9058,     0.9269,     3.9896, 
[  4600,  0.0000775]     0.8259,     0.9074,     0.9293,     3.6260, 
[  4700,  0.0000791]     0.8348,     0.9154,     0.9356,     3.9890, 
[  4800,  0.0000807]     0.8286,     0.9092,     0.9300,     3.9328, 
[  4900,  0.0000823]     0.8273,     0.9095,     0.9318,     3.2712, 
[  5000,  0.0000839]     0.8306,     0.9141,     0.9368,     3.1954, 
Validation (clean) EPE: 1.243842, 1px: 0.905734, 3px: 0.959498, 5px: 0.971447
Validation (final) EPE: 2.151700, 1px: 0.863605, 3px: 0.929858, 5px: 0.948436
[  5100,  0.0000855]     0.8218,     0.9067,     0.9288,     4.0722, 
[  5200,  0.0000871]     0.8305,     0.9122,     0.9327,     3.5285, 
[  5300,  0.0000887]     0.8475,     0.9249,     0.9453,     2.2640, 
[  5400,  0.0000903]     0.8215,     0.9046,     0.9273,     3.3029, 
[  5500,  0.0000919]     0.8216,     0.9105,     0.9322,     3.3270, 
[  5600,  0.0000935]     0.8549,     0.9281,     0.9468,     2.3905, 
[  5700,  0.0000951]     0.8294,     0.9124,     0.9341,     3.0907, 
[  5800,  0.0000967]     0.8282,     0.9162,     0.9384,     3.0384, 
[  5900,  0.0000983]     0.8293,     0.9128,     0.9358,     2.7153, 
[  6000,  0.0000999]     0.8261,     0.9088,     0.9307,     3.3498, 
[  6100,  0.0000999]     0.8262,     0.9071,     0.9279,     4.2709, 
[  6200,  0.0000998]     0.8124,     0.8957,     0.9192,     5.4540, 
[  6300,  0.0000997]     0.8444,     0.9189,     0.9370,     3.0532, 
[  6400,  0.0000997]     0.8337,     0.9157,     0.9373,     3.4919, 
[  6500,  0.0000996]     0.8321,     0.9166,     0.9374,     2.7667, 
[  6600,  0.0000995]     0.8141,     0.9037,     0.9284,     3.0836, 
[  6700,  0.0000994]     0.8269,     0.9127,     0.9355,     2.6654, 
[  6800,  0.0000993]     0.8197,     0.9087,     0.9301,     3.4251, 
[  6900,  0.0000992]     0.8356,     0.9156,     0.9359,     3.0189, 
[  7000,  0.0000991]     0.8238,     0.9080,     0.9307,     3.0227, 
[  7100,  0.0000990]     0.8358,     0.9181,     0.9394,     2.5028, 
[  7200,  0.0000990]     0.8240,     0.9089,     0.9307,     3.0990, 
[  7300,  0.0000989]     0.8274,     0.9080,     0.9295,     3.2528, 
[  7400,  0.0000988]     0.8157,     0.8995,     0.9220,     3.9727, 
[  7500,  0.0000987]     0.8247,     0.9047,     0.9259,     5.7529, 
[  7600,  0.0000986]     0.8415,     0.9159,     0.9353,     2.8810, 
[  7700,  0.0000985]     0.8232,     0.9092,     0.9309,     3.4420, 
[  7800,  0.0000984]     0.8298,     0.9101,     0.9304,     3.8262, 
[  7900,  0.0000983]     0.8213,     0.9095,     0.9319,     3.5016, 
[  8000,  0.0000983]     0.8340,     0.9142,     0.9338,     3.0324, 
[  8100,  0.0000982]     0.8207,     0.9060,     0.9293,     3.1768, 
[  8200,  0.0000981]     0.8204,     0.9045,     0.9270,     3.7417, 
[  8300,  0.0000980]     0.8361,     0.9152,     0.9351,     2.8942, 
[  8400,  0.0000979]     0.8334,     0.9135,     0.9340,     3.5692, 
[  8500,  0.0000978]     0.8240,     0.9089,     0.9328,     2.9328, 
[  8600,  0.0000977]     0.8303,     0.9138,     0.9360,     3.2922, 
[  8700,  0.0000976]     0.8220,     0.9115,     0.9351,     3.2052, 
[  8800,  0.0000976]     0.8339,     0.9150,     0.9355,     2.9095, 
[  8900,  0.0000975]     0.8415,     0.9197,     0.9397,     3.0093, 
[  9000,  0.0000974]     0.8418,     0.9142,     0.9342,     3.3212, 
[  9100,  0.0000973]     0.8383,     0.9132,     0.9333,     3.1813, 
[  9200,  0.0000972]     0.8276,     0.9108,     0.9317,     3.4494, 
[  9300,  0.0000971]     0.8380,     0.9207,     0.9415,     2.3892, 
[  9400,  0.0000970]     0.8331,     0.9132,     0.9349,     2.8465, 
[  9500,  0.0000969]     0.8313,     0.9096,     0.9303,     3.2622, 
[  9600,  0.0000968]     0.8472,     0.9245,     0.9443,     2.4481, 
[  9700,  0.0000968]     0.8407,     0.9133,     0.9327,     3.4580, 
[  9800,  0.0000967]     0.8442,     0.9195,     0.9392,     2.6645, 
[  9900,  0.0000966]     0.8335,     0.9149,     0.9372,     2.7859, 
[ 10000,  0.0000965]     0.8321,     0.9121,     0.9332,     2.8957, 
Validation (clean) EPE: 1.153329, 1px: 0.906371, 3px: 0.960223, 5px: 0.972175
Validation (final) EPE: 1.900785, 1px: 0.866002, 3px: 0.931539, 5px: 0.950677
[ 10100,  0.0000964]     0.8517,     0.9256,     0.9436,     3.1588, 
[ 10200,  0.0000963]     0.8232,     0.9050,     0.9282,     3.4864, 
[ 10300,  0.0000962]     0.8099,     0.8971,     0.9208,     4.1789, 
[ 10400,  0.0000961]     0.8273,     0.9063,     0.9290,     3.6823, 
[ 10500,  0.0000961]     0.8407,     0.9179,     0.9380,     3.1260, 
[ 10600,  0.0000960]     0.8351,     0.9148,     0.9367,     2.7759, 
[ 10700,  0.0000959]     0.8256,     0.9107,     0.9330,     3.3477, 
[ 10800,  0.0000958]     0.8286,     0.9092,     0.9307,     3.0468, 
[ 10900,  0.0000957]     0.8333,     0.9175,     0.9380,     3.4433, 
[ 11000,  0.0000956]     0.8304,     0.9098,     0.9315,     3.3337, 
[ 11100,  0.0000955]     0.8387,     0.9176,     0.9392,     2.9969, 
[ 11200,  0.0000954]     0.8377,     0.9148,     0.9367,     2.8680, 
[ 11300,  0.0000954]     0.8293,     0.9080,     0.9295,     3.8192, 
[ 11400,  0.0000953]     0.8314,     0.9161,     0.9382,     2.8998, 
[ 11500,  0.0000952]     0.8366,     0.9188,     0.9394,     2.9764, 
[ 11600,  0.0000951]     0.8408,     0.9225,     0.9427,     2.5934, 
[ 11700,  0.0000950]     0.8410,     0.9157,     0.9353,     4.1903, 
[ 11800,  0.0000949]     0.8245,     0.9079,     0.9315,     3.1450, 
[ 11900,  0.0000948]     0.8134,     0.8989,     0.9225,     3.7418, 
[ 12000,  0.0000947]     0.8298,     0.9154,     0.9373,     3.1882, 
[ 12100,  0.0000947]     0.8170,     0.9050,     0.9280,     3.8347, 
[ 12200,  0.0000946]     0.8332,     0.9161,     0.9377,     3.0627, 
[ 12300,  0.0000945]     0.8416,     0.9207,     0.9410,     2.7333, 
[ 12400,  0.0000944]     0.8311,     0.9124,     0.9340,     3.0425, 
[ 12500,  0.0000943]     0.8284,     0.9109,     0.9334,     2.7662, 
[ 12600,  0.0000942]     0.8505,     0.9260,     0.9450,     2.6308, 
[ 12700,  0.0000941]     0.8340,     0.9155,     0.9369,     3.4064, 
[ 12800,  0.0000940]     0.8411,     0.9211,     0.9406,     2.8544, 
[ 12900,  0.0000940]     0.8199,     0.9003,     0.9218,     4.4496, 
[ 13000,  0.0000939]     0.8235,     0.9048,     0.9267,     3.9477, 
[ 13100,  0.0000938]     0.8263,     0.9085,     0.9295,     3.0617, 
[ 13200,  0.0000937]     0.8576,     0.9302,     0.9484,     2.1944, 
[ 13300,  0.0000936]     0.8382,     0.9181,     0.9381,     2.8744, 
[ 13400,  0.0000935]     0.8302,     0.9117,     0.9325,     4.1113, 
[ 13500,  0.0000934]     0.8203,     0.9048,     0.9290,     3.1399, 
[ 13600,  0.0000933]     0.8350,     0.9113,     0.9316,     3.4758, 
[ 13700,  0.0000933]     0.8501,     0.9251,     0.9437,     2.4345, 
[ 13800,  0.0000932]     0.8243,     0.9089,     0.9314,     3.0152, 
[ 13900,  0.0000931]     0.8422,     0.9218,     0.9411,     3.0445, 
[ 14000,  0.0000930]     0.8238,     0.9049,     0.9266,     3.8557, 
[ 14100,  0.0000929]     0.8543,     0.9280,     0.9464,     2.6394, 
[ 14200,  0.0000928]     0.8358,     0.9139,     0.9359,     2.9422, 
[ 14300,  0.0000927]     0.8309,     0.9113,     0.9327,     3.4575, 
[ 14400,  0.0000926]     0.8509,     0.9283,     0.9473,     2.3555, 
[ 14500,  0.0000926]     0.8239,     0.9050,     0.9262,     3.4622, 
[ 14600,  0.0000925]     0.8464,     0.9254,     0.9451,     2.4881, 
[ 14700,  0.0000924]     0.8408,     0.9162,     0.9365,     3.4446, 
[ 14800,  0.0000923]     0.8418,     0.9165,     0.9357,     3.3474, 
[ 14900,  0.0000922]     0.8423,     0.9154,     0.9341,     3.5166, 
[ 15000,  0.0000921]     0.8258,     0.9078,     0.9299,     3.8126, 
Validation (clean) EPE: 1.107237, 1px: 0.908984, 3px: 0.961647, 5px: 0.973636
Validation (final) EPE: 1.826048, 1px: 0.867709, 3px: 0.934232, 5px: 0.952714
[ 15100,  0.0000920]     0.8346,     0.9130,     0.9338,     2.9070, 
[ 15200,  0.0000919]     0.8335,     0.9147,     0.9356,     2.7647, 
[ 15300,  0.0000919]     0.8525,     0.9247,     0.9438,     2.6576, 
[ 15400,  0.0000918]     0.8531,     0.9312,     0.9511,     1.9952, 
[ 15500,  0.0000917]     0.8405,     0.9181,     0.9382,     3.2267, 
[ 15600,  0.0000916]     0.8440,     0.9198,     0.9399,     2.3746, 
[ 15700,  0.0000915]     0.8293,     0.9125,     0.9339,     3.3206, 
[ 15800,  0.0000914]     0.8392,     0.9205,     0.9407,     2.4627, 
[ 15900,  0.0000913]     0.8344,     0.9177,     0.9401,     2.5582, 
[ 16000,  0.0000912]     0.8365,     0.9166,     0.9381,     2.7279, 
[ 16100,  0.0000912]     0.8294,     0.9108,     0.9326,     3.1933, 
[ 16200,  0.0000911]     0.8331,     0.9151,     0.9355,     3.8099, 
[ 16300,  0.0000910]     0.8440,     0.9208,     0.9411,     2.2201, 
[ 16400,  0.0000909]     0.8406,     0.9178,     0.9385,     3.4846, 
[ 16500,  0.0000908]     0.8498,     0.9265,     0.9456,     2.2677, 
[ 16600,  0.0000907]     0.8339,     0.9141,     0.9353,     2.9377, 
[ 16700,  0.0000906]     0.8329,     0.9154,     0.9370,     2.9928, 
[ 16800,  0.0000905]     0.8288,     0.9071,     0.9294,     3.2589, 
[ 16900,  0.0000905]     0.8424,     0.9218,     0.9411,     2.5873, 
[ 17000,  0.0000904]     0.8126,     0.8945,     0.9166,     4.9633, 
[ 17100,  0.0000903]     0.8298,     0.9120,     0.9342,     3.6388, 
[ 17200,  0.0000902]     0.8463,     0.9240,     0.9433,     2.5348, 
[ 17300,  0.0000901]     0.8393,     0.9184,     0.9394,     2.8894, 
[ 17400,  0.0000900]     0.8426,     0.9207,     0.9415,     2.6266, 
[ 17500,  0.0000899]     0.8521,     0.9255,     0.9451,     2.7786, 
[ 17600,  0.0000898]     0.8425,     0.9196,     0.9386,     3.2607, 
[ 17700,  0.0000897]     0.8221,     0.9063,     0.9291,     3.5383, 
[ 17800,  0.0000897]     0.8503,     0.9237,     0.9436,     2.5550, 
[ 17900,  0.0000896]     0.8480,     0.9234,     0.9431,     2.5993, 
[ 18000,  0.0000895]     0.8146,     0.8977,     0.9191,     5.4379, 
[ 18100,  0.0000894]     0.8168,     0.9008,     0.9231,     4.3772, 
[ 18200,  0.0000893]     0.8507,     0.9215,     0.9390,     2.9757, 
[ 18300,  0.0000892]     0.8457,     0.9219,     0.9418,     2.5323, 
[ 18400,  0.0000891]     0.8438,     0.9208,     0.9413,     2.5001, 
[ 18500,  0.0000890]     0.8329,     0.9166,     0.9376,     3.0426, 
[ 18600,  0.0000890]     0.8349,     0.9154,     0.9365,     2.8862, 
[ 18700,  0.0000889]     0.8452,     0.9212,     0.9399,     3.5050, 
[ 18800,  0.0000888]     0.8360,     0.9181,     0.9393,     2.5278, 
[ 18900,  0.0000887]     0.8370,     0.9167,     0.9379,     2.8547, 
[ 19000,  0.0000886]     0.8478,     0.9228,     0.9423,     2.4607, 
[ 19100,  0.0000885]     0.8326,     0.9117,     0.9328,     3.3012, 
[ 19200,  0.0000884]     0.8230,     0.9085,     0.9307,     3.0074, 
[ 19300,  0.0000883]     0.8413,     0.9239,     0.9450,     2.1115, 
[ 19400,  0.0000883]     0.8575,     0.9290,     0.9478,     2.1348, 
[ 19500,  0.0000882]     0.8387,     0.9186,     0.9397,     3.2180, 
[ 19600,  0.0000881]     0.8367,     0.9184,     0.9396,     2.7065, 
[ 19700,  0.0000880]     0.8389,     0.9179,     0.9387,     2.5289, 
[ 19800,  0.0000879]     0.8322,     0.9114,     0.9324,     3.9119, 
[ 19900,  0.0000878]     0.8202,     0.9032,     0.9251,     3.9097, 
[ 20000,  0.0000877]     0.8420,     0.9220,     0.9416,     3.0313, 
Validation (clean) EPE: 1.062248, 1px: 0.911353, 3px: 0.962502, 5px: 0.974206
Validation (final) EPE: 1.749337, 1px: 0.872076, 3px: 0.935398, 5px: 0.953363
[ 20100,  0.0000876]     0.8419,     0.9170,     0.9365,     3.9202, 
[ 20200,  0.0000876]     0.8348,     0.9200,     0.9421,     2.4912, 
[ 20300,  0.0000875]     0.8402,     0.9190,     0.9392,     3.3673, 
[ 20400,  0.0000874]     0.8277,     0.9023,     0.9227,     5.3443, 
[ 20500,  0.0000873]     0.8342,     0.9146,     0.9362,     2.6054, 
[ 20600,  0.0000872]     0.8366,     0.9169,     0.9376,     3.4692, 
[ 20700,  0.0000871]     0.8459,     0.9211,     0.9410,     2.6470, 
[ 20800,  0.0000870]     0.8399,     0.9197,     0.9402,     2.4806, 
[ 20900,  0.0000869]     0.8226,     0.9070,     0.9301,     3.5282, 
[ 21000,  0.0000869]     0.8365,     0.9127,     0.9330,     3.6708, 
[ 21100,  0.0000868]     0.8411,     0.9179,     0.9379,     2.8934, 
[ 21200,  0.0000867]     0.8358,     0.9144,     0.9357,     2.9620, 
[ 21300,  0.0000866]     0.8518,     0.9294,     0.9490,     2.6826, 
[ 21400,  0.0000865]     0.8270,     0.9072,     0.9296,     3.0192, 
[ 21500,  0.0000864]     0.8419,     0.9182,     0.9383,     2.6789, 
[ 21600,  0.0000863]     0.8504,     0.9221,     0.9401,     3.3534, 
[ 21700,  0.0000862]     0.8230,     0.9072,     0.9288,     3.2419, 
[ 21800,  0.0000862]     0.8413,     0.9195,     0.9390,     2.7819, 
[ 21900,  0.0000861]     0.8369,     0.9147,     0.9360,     2.9900, 
[ 22000,  0.0000860]     0.8426,     0.9202,     0.9401,     3.0026, 
[ 22100,  0.0000859]     0.8255,     0.9064,     0.9280,     4.1068, 
[ 22200,  0.0000858]     0.8421,     0.9227,     0.9428,     2.6693, 
[ 22300,  0.0000857]     0.8322,     0.9147,     0.9375,     2.4329, 
[ 22400,  0.0000856]     0.8398,     0.9192,     0.9409,     2.6390, 
[ 22500,  0.0000855]     0.8367,     0.9167,     0.9382,     2.5352, 
[ 22600,  0.0000855]     0.8349,     0.9118,     0.9313,     3.7574, 
[ 22700,  0.0000854]     0.8506,     0.9231,     0.9425,     2.4171, 
[ 22800,  0.0000853]     0.8123,     0.8984,     0.9229,     3.1633, 
[ 22900,  0.0000852]     0.8387,     0.9120,     0.9318,     3.7255, 
[ 23000,  0.0000851]     0.8354,     0.9148,     0.9357,     2.7994, 
[ 23100,  0.0000850]     0.8251,     0.9069,     0.9300,     3.1226, 
[ 23200,  0.0000849]     0.8266,     0.9072,     0.9300,     3.4881, 
[ 23300,  0.0000848]     0.8179,     0.9030,     0.9263,     3.3857, 
[ 23400,  0.0000848]     0.8314,     0.9155,     0.9371,     3.2553, 
[ 23500,  0.0000847]     0.8348,     0.9149,     0.9362,     2.6009, 
[ 23600,  0.0000846]     0.8344,     0.9136,     0.9345,     3.4950, 
[ 23700,  0.0000845]     0.8371,     0.9164,     0.9374,     2.8946, 
[ 23800,  0.0000844]     0.8334,     0.9133,     0.9339,     3.4916, 
[ 23900,  0.0000843]     0.8401,     0.9179,     0.9374,     3.3187, 
[ 24000,  0.0000842]     0.8436,     0.9189,     0.9380,     3.6109, 
[ 24100,  0.0000841]     0.8462,     0.9214,     0.9408,     3.0356, 
[ 24200,  0.0000841]     0.8465,     0.9211,     0.9402,     3.9246, 
[ 24300,  0.0000840]     0.8412,     0.9203,     0.9395,     3.4320, 
[ 24400,  0.0000839]     0.8379,     0.9191,     0.9393,     3.0396, 
[ 24500,  0.0000838]     0.8429,     0.9213,     0.9416,     3.1203, 
[ 24600,  0.0000837]     0.8457,     0.9193,     0.9396,     2.4169, 
[ 24700,  0.0000836]     0.8464,     0.9221,     0.9410,     3.4121, 
[ 24800,  0.0000835]     0.8431,     0.9175,     0.9378,     2.9009, 
[ 24900,  0.0000834]     0.8336,     0.9127,     0.9338,     3.2497, 
[ 25000,  0.0000834]     0.8460,     0.9199,     0.9384,     3.9076, 
Validation (clean) EPE: 1.019274, 1px: 0.912420, 3px: 0.962994, 5px: 0.974440
Validation (final) EPE: 1.672389, 1px: 0.873341, 3px: 0.936878, 5px: 0.954536
[ 25100,  0.0000833]     0.8457,     0.9248,     0.9448,     2.6619, 
[ 25200,  0.0000832]     0.8338,     0.9167,     0.9394,     2.7244, 
[ 25300,  0.0000831]     0.8498,     0.9265,     0.9465,     1.8783, 
[ 25400,  0.0000830]     0.8384,     0.9170,     0.9376,     4.1728, 
[ 25500,  0.0000829]     0.8472,     0.9216,     0.9407,     2.8492, 
[ 25600,  0.0000828]     0.8464,     0.9231,     0.9437,     2.5109, 
[ 25700,  0.0000827]     0.8433,     0.9188,     0.9388,     2.8036, 
[ 25800,  0.0000827]     0.8435,     0.9179,     0.9377,     3.0878, 
[ 25900,  0.0000826]     0.8330,     0.9102,     0.9316,     3.3877, 
[ 26000,  0.0000825]     0.8341,     0.9132,     0.9331,     3.8594, 
[ 26100,  0.0000824]     0.8325,     0.9062,     0.9267,     3.9656, 
[ 26200,  0.0000823]     0.8306,     0.9126,     0.9354,     2.5888, 
[ 26300,  0.0000822]     0.8242,     0.9072,     0.9299,     3.1228, 
[ 26400,  0.0000821]     0.8455,     0.9227,     0.9423,     2.9280, 
[ 26500,  0.0000820]     0.8553,     0.9264,     0.9450,     3.0237, 
[ 26600,  0.0000819]     0.8470,     0.9217,     0.9423,     2.4848, 
[ 26700,  0.0000819]     0.8351,     0.9116,     0.9325,     2.8540, 
[ 26800,  0.0000818]     0.8313,     0.9130,     0.9341,     2.8310, 
[ 26900,  0.0000817]     0.8321,     0.9155,     0.9359,     3.0271, 
[ 27000,  0.0000816]     0.8538,     0.9272,     0.9456,     3.1102, 
[ 27100,  0.0000815]     0.8328,     0.9146,     0.9362,     3.5596, 
[ 27200,  0.0000814]     0.8439,     0.9173,     0.9381,     2.8766, 
[ 27300,  0.0000813]     0.8348,     0.9139,     0.9350,     2.7325, 
[ 27400,  0.0000812]     0.8377,     0.9168,     0.9382,     3.1117, 
[ 27500,  0.0000812]     0.8370,     0.9160,     0.9358,     2.5993, 
[ 27600,  0.0000811]     0.8326,     0.9108,     0.9330,     2.9384, 
[ 27700,  0.0000810]     0.8467,     0.9209,     0.9397,     3.2699, 
[ 27800,  0.0000809]     0.8152,     0.8999,     0.9233,     4.0776, 
[ 27900,  0.0000808]     0.8340,     0.9111,     0.9322,     3.1239, 
[ 28000,  0.0000807]     0.8355,     0.9169,     0.9393,     2.5851, 
[ 28100,  0.0000806]     0.8474,     0.9253,     0.9452,     2.8340, 
[ 28200,  0.0000805]     0.8338,     0.9132,     0.9359,     2.6591, 
[ 28300,  0.0000805]     0.8456,     0.9223,     0.9433,     2.3384, 
[ 28400,  0.0000804]     0.8417,     0.9224,     0.9432,     2.2378, 
[ 28500,  0.0000803]     0.8399,     0.9175,     0.9382,     3.2957, 
[ 28600,  0.0000802]     0.8589,     0.9318,     0.9505,     2.2986, 
[ 28700,  0.0000801]     0.8449,     0.9194,     0.9383,     2.8531, 
[ 28800,  0.0000800]     0.8380,     0.9143,     0.9342,     3.3249, 
[ 28900,  0.0000799]     0.8311,     0.9103,     0.9320,     2.8602, 
[ 29000,  0.0000798]     0.8490,     0.9199,     0.9397,     3.1075, 
[ 29100,  0.0000798]     0.8473,     0.9237,     0.9444,     2.3767, 
[ 29200,  0.0000797]     0.8300,     0.9098,     0.9318,     3.0856, 
[ 29300,  0.0000796]     0.8439,     0.9198,     0.9395,     2.9581, 
[ 29400,  0.0000795]     0.8624,     0.9328,     0.9501,     2.2685, 
[ 29500,  0.0000794]     0.8344,     0.9139,     0.9364,     2.4930, 
[ 29600,  0.0000793]     0.8332,     0.9144,     0.9363,     3.2644, 
[ 29700,  0.0000792]     0.8419,     0.9218,     0.9433,     2.1178, 
[ 29800,  0.0000791]     0.8402,     0.9184,     0.9395,     2.6674, 
[ 29900,  0.0000791]     0.8451,     0.9180,     0.9375,     2.7456, 
[ 30000,  0.0000790]     0.8432,     0.9220,     0.9425,     2.0869, 
Validation (clean) EPE: 1.032944, 1px: 0.913425, 3px: 0.963887, 5px: 0.975373
Validation (final) EPE: 1.596337, 1px: 0.874427, 3px: 0.937777, 5px: 0.955850
[ 30100,  0.0000789]     0.8370,     0.9151,     0.9366,     2.6194, 
[ 30200,  0.0000788]     0.8564,     0.9292,     0.9473,     2.1371, 
[ 30300,  0.0000787]     0.8361,     0.9139,     0.9374,     2.6448, 
[ 30400,  0.0000786]     0.8491,     0.9262,     0.9451,     2.4529, 
[ 30500,  0.0000785]     0.8323,     0.9124,     0.9352,     2.5321, 
[ 30600,  0.0000784]     0.8279,     0.9077,     0.9295,     3.7849, 
[ 30700,  0.0000784]     0.8405,     0.9175,     0.9385,     2.3768, 
[ 30800,  0.0000783]     0.8352,     0.9160,     0.9373,     2.9479, 
[ 30900,  0.0000782]     0.8360,     0.9176,     0.9398,     2.4096, 
[ 31000,  0.0000781]     0.8444,     0.9201,     0.9413,     2.3530, 
[ 31100,  0.0000780]     0.8528,     0.9300,     0.9489,     2.1382, 
[ 31200,  0.0000779]     0.8540,     0.9272,     0.9458,     2.2373, 
[ 31300,  0.0000778]     0.8415,     0.9182,     0.9389,     3.2382, 
[ 31400,  0.0000777]     0.8511,     0.9276,     0.9463,     2.7144, 
[ 31500,  0.0000777]     0.8575,     0.9289,     0.9488,     2.0496, 
[ 31600,  0.0000776]     0.8271,     0.9061,     0.9269,     3.3997, 
[ 31700,  0.0000775]     0.8332,     0.9151,     0.9360,     2.7762, 
[ 31800,  0.0000774]     0.8438,     0.9205,     0.9405,     2.4654, 
[ 31900,  0.0000773]     0.8443,     0.9189,     0.9389,     3.1531, 
[ 32000,  0.0000772]     0.8354,     0.9173,     0.9391,     2.3442, 
[ 32100,  0.0000771]     0.8432,     0.9180,     0.9373,     2.8866, 
[ 32200,  0.0000770]     0.8254,     0.9094,     0.9311,     3.4100, 
[ 32300,  0.0000770]     0.8370,     0.9153,     0.9365,     3.1301, 
[ 32400,  0.0000769]     0.8536,     0.9257,     0.9453,     2.5183, 
[ 32500,  0.0000768]     0.8458,     0.9212,     0.9415,     3.1950, 
[ 32600,  0.0000767]     0.8299,     0.9122,     0.9335,     3.2429, 
[ 32700,  0.0000766]     0.8536,     0.9261,     0.9446,     2.4124, 
[ 32800,  0.0000765]     0.8350,     0.9138,     0.9351,     2.9137, 
[ 32900,  0.0000764]     0.8450,     0.9214,     0.9402,     2.3844, 
[ 33000,  0.0000763]     0.8520,     0.9277,     0.9466,     2.4011, 
[ 33100,  0.0000763]     0.8521,     0.9252,     0.9444,     2.4664, 
[ 33200,  0.0000762]     0.8438,     0.9212,     0.9406,     2.9065, 
[ 33300,  0.0000761]     0.8271,     0.9085,     0.9305,     3.0768, 
[ 33400,  0.0000760]     0.8486,     0.9234,     0.9428,     2.4201, 
[ 33500,  0.0000759]     0.8425,     0.9190,     0.9392,     2.6222, 
[ 33600,  0.0000758]     0.8445,     0.9214,     0.9420,     2.9969, 
[ 33700,  0.0000757]     0.8382,     0.9152,     0.9364,     2.8170, 
[ 33800,  0.0000756]     0.8394,     0.9200,     0.9412,     2.4848, 
[ 33900,  0.0000756]     0.8488,     0.9238,     0.9438,     2.6182, 
[ 34000,  0.0000755]     0.8535,     0.9284,     0.9462,     1.8685, 
[ 34100,  0.0000754]     0.8434,     0.9187,     0.9393,     2.4888, 
[ 34200,  0.0000753]     0.8300,     0.9099,     0.9313,     3.1668, 
[ 34300,  0.0000752]     0.8365,     0.9157,     0.9380,     2.6010, 
[ 34400,  0.0000751]     0.8533,     0.9243,     0.9433,     2.8501, 
[ 34500,  0.0000750]     0.8282,     0.9078,     0.9297,     3.4976, 
[ 34600,  0.0000749]     0.8456,     0.9201,     0.9398,     2.9628, 
[ 34700,  0.0000749]     0.8353,     0.9184,     0.9398,     2.4692, 
[ 34800,  0.0000748]     0.8456,     0.9190,     0.9395,     3.0698, 
[ 34900,  0.0000747]     0.8354,     0.9160,     0.9366,     3.1492, 
[ 35000,  0.0000746]     0.8552,     0.9278,     0.9461,     3.3278, 
Validation (clean) EPE: 0.917734, 1px: 0.915012, 3px: 0.964674, 5px: 0.976049
Validation (final) EPE: 1.542663, 1px: 0.876640, 3px: 0.939045, 5px: 0.957058
[ 35100,  0.0000745]     0.8515,     0.9285,     0.9479,     2.3538, 
[ 35200,  0.0000744]     0.8476,     0.9205,     0.9401,     2.7101, 
[ 35300,  0.0000743]     0.8437,     0.9191,     0.9398,     3.3500, 
[ 35400,  0.0000742]     0.8451,     0.9242,     0.9436,     3.1825, 
[ 35500,  0.0000741]     0.8377,     0.9200,     0.9397,     3.1884, 
[ 35600,  0.0000741]     0.8484,     0.9236,     0.9427,     2.8682, 
[ 35700,  0.0000740]     0.8578,     0.9318,     0.9501,     2.2077, 
[ 35800,  0.0000739]     0.8399,     0.9195,     0.9396,     2.8356, 
[ 35900,  0.0000738]     0.8393,     0.9178,     0.9399,     2.7542, 
[ 36000,  0.0000737]     0.8355,     0.9174,     0.9391,     2.5206, 
[ 36100,  0.0000736]     0.8581,     0.9331,     0.9513,     1.9924, 
[ 36200,  0.0000735]     0.8421,     0.9169,     0.9368,     3.5394, 
[ 36300,  0.0000734]     0.8462,     0.9215,     0.9413,     2.7165, 
[ 36400,  0.0000734]     0.8519,     0.9261,     0.9452,     2.1444, 
[ 36500,  0.0000733]     0.8414,     0.9193,     0.9396,     2.9563, 
[ 36600,  0.0000732]     0.8387,     0.9144,     0.9348,     2.9339, 
[ 36700,  0.0000731]     0.8450,     0.9226,     0.9429,     2.1926, 
[ 36800,  0.0000730]     0.8346,     0.9154,     0.9371,     2.7015, 
[ 36900,  0.0000729]     0.8548,     0.9305,     0.9492,     2.6383, 
[ 37000,  0.0000728]     0.8537,     0.9278,     0.9470,     2.2452, 
[ 37100,  0.0000727]     0.8515,     0.9231,     0.9420,     2.8461, 
[ 37200,  0.0000727]     0.8492,     0.9258,     0.9457,     2.2548, 
[ 37300,  0.0000726]     0.8408,     0.9174,     0.9379,     3.1992, 
[ 37400,  0.0000725]     0.8361,     0.9102,     0.9304,     4.0129, 
[ 37500,  0.0000724]     0.8444,     0.9230,     0.9437,     2.5426, 
[ 37600,  0.0000723]     0.8559,     0.9237,     0.9417,     3.1639, 
[ 37700,  0.0000722]     0.8499,     0.9196,     0.9393,     4.2992, 
[ 37800,  0.0000721]     0.8423,     0.9206,     0.9424,     2.3079, 
[ 37900,  0.0000720]     0.8484,     0.9232,     0.9426,     2.4744, 
[ 38000,  0.0000720]     0.8437,     0.9216,     0.9409,     2.6797, 
[ 38100,  0.0000719]     0.8466,     0.9238,     0.9426,     2.6347, 
[ 38200,  0.0000718]     0.8438,     0.9220,     0.9432,     2.4195, 
[ 38300,  0.0000717]     0.8400,     0.9193,     0.9398,     2.9636, 
[ 38400,  0.0000716]     0.8489,     0.9211,     0.9403,     2.8609, 
[ 38500,  0.0000715]     0.8418,     0.9194,     0.9400,     2.7231, 
[ 38600,  0.0000714]     0.8513,     0.9261,     0.9447,     2.7179, 
[ 38700,  0.0000713]     0.8486,     0.9244,     0.9437,     2.7561, 
[ 38800,  0.0000713]     0.8477,     0.9197,     0.9380,     3.4872, 
[ 38900,  0.0000712]     0.8516,     0.9272,     0.9477,     2.1761, 
[ 39000,  0.0000711]     0.8335,     0.9110,     0.9304,     3.3300, 
[ 39100,  0.0000710]     0.8507,     0.9255,     0.9450,     2.1027, 
[ 39200,  0.0000709]     0.8363,     0.9137,     0.9335,     3.6842, 
[ 39300,  0.0000708]     0.8335,     0.9096,     0.9309,     3.5707, 
[ 39400,  0.0000707]     0.8562,     0.9294,     0.9479,     2.6926, 
[ 39500,  0.0000706]     0.8522,     0.9279,     0.9485,     1.9545, 
[ 39600,  0.0000706]     0.8578,     0.9312,     0.9512,     1.9978, 
[ 39700,  0.0000705]     0.8434,     0.9213,     0.9426,     2.2199, 
[ 39800,  0.0000704]     0.8528,     0.9284,     0.9483,     2.5810, 
[ 39900,  0.0000703]     0.8421,     0.9198,     0.9405,     2.5401, 
[ 40000,  0.0000702]     0.8480,     0.9205,     0.9387,     3.2964, 
Validation (clean) EPE: 0.933170, 1px: 0.914917, 3px: 0.964183, 5px: 0.975691
Validation (final) EPE: 1.546887, 1px: 0.877641, 3px: 0.940446, 5px: 0.958273
[ 40100,  0.0000701]     0.8387,     0.9198,     0.9407,     2.4337, 
[ 40200,  0.0000700]     0.8345,     0.9162,     0.9372,     2.4924, 
[ 40300,  0.0000699]     0.8602,     0.9313,     0.9492,     2.2296, 
[ 40400,  0.0000699]     0.8425,     0.9200,     0.9408,     2.8419, 
[ 40500,  0.0000698]     0.8420,     0.9219,     0.9423,     2.7298, 
[ 40600,  0.0000697]     0.8381,     0.9172,     0.9373,     3.2164, 
[ 40700,  0.0000696]     0.8446,     0.9205,     0.9402,     3.7065, 
[ 40800,  0.0000695]     0.8432,     0.9201,     0.9406,     2.6157, 
[ 40900,  0.0000694]     0.8490,     0.9214,     0.9409,     2.9925, 
[ 41000,  0.0000693]     0.8551,     0.9240,     0.9417,     3.2673, 
[ 41100,  0.0000692]     0.8352,     0.9148,     0.9363,     2.9079, 
[ 41200,  0.0000692]     0.8486,     0.9249,     0.9442,     2.6730, 
[ 41300,  0.0000691]     0.8432,     0.9257,     0.9471,     2.1518, 
[ 41400,  0.0000690]     0.8384,     0.9149,     0.9366,     2.7595, 
[ 41500,  0.0000689]     0.8564,     0.9301,     0.9486,     2.4810, 
[ 41600,  0.0000688]     0.8455,     0.9208,     0.9397,     2.5788, 
[ 41700,  0.0000687]     0.8265,     0.9069,     0.9292,     3.3029, 
[ 41800,  0.0000686]     0.8467,     0.9210,     0.9416,     2.4659, 
[ 41900,  0.0000685]     0.8474,     0.9260,     0.9480,     1.7879, 
[ 42000,  0.0000685]     0.8628,     0.9301,     0.9468,     2.3973, 
[ 42100,  0.0000684]     0.8438,     0.9199,     0.9398,     2.6761, 
[ 42200,  0.0000683]     0.8391,     0.9171,     0.9377,     2.5797, 
[ 42300,  0.0000682]     0.8437,     0.9221,     0.9426,     2.4163, 
[ 42400,  0.0000681]     0.8464,     0.9233,     0.9443,     2.2374, 
[ 42500,  0.0000680]     0.8345,     0.9163,     0.9388,     2.2163, 
[ 42600,  0.0000679]     0.8392,     0.9187,     0.9390,     2.5786, 
[ 42700,  0.0000678]     0.8490,     0.9207,     0.9401,     2.3876, 
[ 42800,  0.0000678]     0.8347,     0.9138,     0.9343,     3.0504, 
[ 42900,  0.0000677]     0.8374,     0.9145,     0.9360,     2.6327, 
[ 43000,  0.0000676]     0.8547,     0.9274,     0.9461,     2.9508, 
[ 43100,  0.0000675]     0.8397,     0.9146,     0.9345,     3.7456, 
[ 43200,  0.0000674]     0.8508,     0.9247,     0.9443,     2.9566, 
[ 43300,  0.0000673]     0.8426,     0.9208,     0.9405,     2.3106, 
[ 43400,  0.0000672]     0.8575,     0.9299,     0.9485,     2.1385, 
[ 43500,  0.0000671]     0.8357,     0.9115,     0.9320,     3.5680, 
[ 43600,  0.0000670]     0.8345,     0.9128,     0.9330,     3.2988, 
[ 43700,  0.0000670]     0.8314,     0.9105,     0.9319,     3.0450, 
[ 43800,  0.0000669]     0.8290,     0.9111,     0.9332,     3.9039, 
[ 43900,  0.0000668]     0.8497,     0.9254,     0.9452,     2.6644, 
[ 44000,  0.0000667]     0.8534,     0.9263,     0.9449,     2.0915, 
[ 44100,  0.0000666]     0.8425,     0.9204,     0.9412,     2.5040, 
[ 44200,  0.0000665]     0.8485,     0.9242,     0.9443,     2.6610, 
[ 44300,  0.0000664]     0.8422,     0.9188,     0.9398,     2.9759, 
[ 44400,  0.0000663]     0.8524,     0.9256,     0.9444,     2.6362, 
[ 44500,  0.0000663]     0.8489,     0.9223,     0.9417,     2.5663, 
[ 44600,  0.0000662]     0.8464,     0.9243,     0.9438,     2.3770, 
[ 44700,  0.0000661]     0.8566,     0.9273,     0.9457,     1.9042, 
[ 44800,  0.0000660]     0.8429,     0.9229,     0.9440,     2.2501, 
[ 44900,  0.0000659]     0.8507,     0.9248,     0.9454,     2.5611, 
[ 45000,  0.0000658]     0.8405,     0.9183,     0.9380,     3.2449, 
Validation (clean) EPE: 0.899271, 1px: 0.916375, 3px: 0.964677, 5px: 0.975999
Validation (final) EPE: 1.529468, 1px: 0.877788, 3px: 0.939658, 5px: 0.957233
[ 45100,  0.0000657]     0.8443,     0.9177,     0.9367,     3.6926, 
[ 45200,  0.0000656]     0.8571,     0.9277,     0.9460,     2.3090, 
[ 45300,  0.0000656]     0.8506,     0.9214,     0.9409,     3.1982, 
[ 45400,  0.0000655]     0.8421,     0.9169,     0.9368,     3.1403, 
[ 45500,  0.0000654]     0.8513,     0.9220,     0.9420,     2.2029, 
[ 45600,  0.0000653]     0.8585,     0.9305,     0.9499,     2.1945, 
[ 45700,  0.0000652]     0.8325,     0.9073,     0.9293,     3.3234, 
[ 45800,  0.0000651]     0.8445,     0.9210,     0.9419,     2.2467, 
[ 45900,  0.0000650]     0.8417,     0.9146,     0.9337,     3.3119, 
[ 46000,  0.0000649]     0.8468,     0.9250,     0.9467,     2.0012, 
[ 46100,  0.0000649]     0.8564,     0.9275,     0.9457,     2.5773, 
[ 46200,  0.0000648]     0.8505,     0.9287,     0.9481,     2.1614, 
[ 46300,  0.0000647]     0.8568,     0.9326,     0.9516,     2.3131, 
[ 46400,  0.0000646]     0.8339,     0.9144,     0.9354,     2.3746, 
[ 46500,  0.0000645]     0.8491,     0.9241,     0.9443,     2.3071, 
[ 46600,  0.0000644]     0.8561,     0.9261,     0.9440,     2.3667, 
[ 46700,  0.0000643]     0.8487,     0.9255,     0.9457,     2.0927, 
[ 46800,  0.0000642]     0.8582,     0.9301,     0.9476,     2.2826, 
[ 46900,  0.0000642]     0.8431,     0.9200,     0.9406,     2.8033, 
[ 47000,  0.0000641]     0.8486,     0.9228,     0.9422,     2.6203, 
[ 47100,  0.0000640]     0.8436,     0.9202,     0.9405,     2.5590, 
[ 47200,  0.0000639]     0.8457,     0.9225,     0.9427,     3.0159, 
[ 47300,  0.0000638]     0.8393,     0.9192,     0.9404,     2.6182, 
[ 47400,  0.0000637]     0.8592,     0.9300,     0.9484,     2.3193, 
[ 47500,  0.0000636]     0.8491,     0.9229,     0.9422,     2.1012, 
[ 47600,  0.0000635]     0.8497,     0.9261,     0.9458,     2.6078, 
[ 47700,  0.0000635]     0.8558,     0.9296,     0.9487,     2.1582, 
[ 47800,  0.0000634]     0.8489,     0.9227,     0.9418,     2.4067, 
[ 47900,  0.0000633]     0.8475,     0.9242,     0.9444,     2.3816, 
[ 48000,  0.0000632]     0.8526,     0.9265,     0.9471,     2.3634, 
[ 48100,  0.0000631]     0.8426,     0.9210,     0.9421,     2.2870, 
[ 48200,  0.0000630]     0.8380,     0.9202,     0.9415,     4.0818, 
[ 48300,  0.0000629]     0.8342,     0.9155,     0.9369,     2.8355, 
[ 48400,  0.0000628]     0.8577,     0.9305,     0.9495,     2.0612, 
[ 48500,  0.0000628]     0.8439,     0.9192,     0.9407,     2.2645, 
[ 48600,  0.0000627]     0.8358,     0.9132,     0.9344,     3.0966, 
[ 48700,  0.0000626]     0.8588,     0.9267,     0.9446,     2.6037, 
[ 48800,  0.0000625]     0.8552,     0.9309,     0.9502,     1.9462, 
[ 48900,  0.0000624]     0.8394,     0.9144,     0.9348,     2.8815, 
[ 49000,  0.0000623]     0.8451,     0.9217,     0.9417,     2.9975, 
[ 49100,  0.0000622]     0.8392,     0.9158,     0.9376,     2.6263, 
[ 49200,  0.0000621]     0.8695,     0.9372,     0.9553,     1.8179, 
[ 49300,  0.0000621]     0.8566,     0.9298,     0.9484,     2.0778, 
[ 49400,  0.0000620]     0.8598,     0.9275,     0.9461,     2.2266, 
[ 49500,  0.0000619]     0.8322,     0.9140,     0.9359,     3.6126, 
[ 49600,  0.0000618]     0.8532,     0.9230,     0.9409,     3.8415, 
[ 49700,  0.0000617]     0.8439,     0.9161,     0.9353,     3.2368, 
[ 49800,  0.0000616]     0.8384,     0.9163,     0.9368,     3.0044, 
[ 49900,  0.0000615]     0.8449,     0.9186,     0.9380,     2.6949, 
[ 50000,  0.0000614]     0.8402,     0.9164,     0.9368,     3.3886, 
Validation (clean) EPE: 0.897489, 1px: 0.917113, 3px: 0.965738, 5px: 0.976802
Validation (final) EPE: 1.455964, 1px: 0.879036, 3px: 0.941177, 5px: 0.958655
[ 50100,  0.0000614]     0.8474,     0.9236,     0.9435,     2.0093, 
[ 50200,  0.0000613]     0.8475,     0.9223,     0.9411,     2.6141, 
[ 50300,  0.0000612]     0.8370,     0.9175,     0.9401,     2.2383, 
[ 50400,  0.0000611]     0.8539,     0.9288,     0.9481,     2.1345, 
[ 50500,  0.0000610]     0.8539,     0.9297,     0.9496,     2.5987, 
[ 50600,  0.0000609]     0.8404,     0.9186,     0.9397,     2.6744, 
[ 50700,  0.0000608]     0.8638,     0.9356,     0.9537,     1.6376, 
[ 50800,  0.0000607]     0.8486,     0.9206,     0.9400,     2.7287, 
[ 50900,  0.0000607]     0.8611,     0.9295,     0.9483,     2.8052, 
[ 51000,  0.0000606]     0.8469,     0.9217,     0.9413,     2.7276, 
[ 51100,  0.0000605]     0.8474,     0.9222,     0.9409,     2.7389, 
[ 51200,  0.0000604]     0.8560,     0.9290,     0.9477,     2.6830, 
[ 51300,  0.0000603]     0.8359,     0.9144,     0.9364,     2.9366, 
[ 51400,  0.0000602]     0.8412,     0.9160,     0.9357,     3.4986, 
[ 51500,  0.0000601]     0.8525,     0.9258,     0.9446,     3.0097, 
[ 51600,  0.0000600]     0.8396,     0.9176,     0.9393,     2.9968, 
[ 51700,  0.0000600]     0.8444,     0.9235,     0.9421,     3.1282, 
[ 51800,  0.0000599]     0.8538,     0.9270,     0.9472,     2.2840, 
[ 51900,  0.0000598]     0.8532,     0.9262,     0.9453,     2.1610, 
[ 52000,  0.0000597]     0.8419,     0.9210,     0.9419,     2.3975, 
[ 52100,  0.0000596]     0.8502,     0.9240,     0.9445,     2.1740, 
[ 52200,  0.0000595]     0.8522,     0.9277,     0.9466,     2.3937, 
[ 52300,  0.0000594]     0.8397,     0.9153,     0.9360,     2.8094, 
[ 52400,  0.0000593]     0.8516,     0.9288,     0.9488,     2.0160, 
[ 52500,  0.0000592]     0.8477,     0.9232,     0.9433,     2.2235, 
[ 52600,  0.0000592]     0.8590,     0.9310,     0.9499,     2.2477, 
[ 52700,  0.0000591]     0.8455,     0.9220,     0.9434,     2.5002, 
[ 52800,  0.0000590]     0.8339,     0.9153,     0.9385,     2.4344, 
[ 52900,  0.0000589]     0.8500,     0.9197,     0.9380,     3.4644, 
[ 53000,  0.0000588]     0.8426,     0.9128,     0.9334,     3.6658, 
[ 53100,  0.0000587]     0.8517,     0.9239,     0.9424,     3.0685, 
[ 53200,  0.0000586]     0.8421,     0.9204,     0.9411,     2.3983, 
[ 53300,  0.0000585]     0.8254,     0.9055,     0.9285,     3.4317, 
[ 53400,  0.0000585]     0.8402,     0.9194,     0.9421,     2.2979, 
[ 53500,  0.0000584]     0.8413,     0.9164,     0.9357,     3.3248, 
[ 53600,  0.0000583]     0.8507,     0.9242,     0.9434,     2.5948, 
[ 53700,  0.0000582]     0.8607,     0.9317,     0.9500,     2.0153, 
[ 53800,  0.0000581]     0.8466,     0.9239,     0.9445,     2.2725, 
[ 53900,  0.0000580]     0.8433,     0.9191,     0.9399,     2.6081, 
[ 54000,  0.0000579]     0.8382,     0.9154,     0.9363,     2.5274, 
[ 54100,  0.0000578]     0.8554,     0.9311,     0.9506,     1.8518, 
[ 54200,  0.0000578]     0.8495,     0.9241,     0.9426,     3.3628, 
[ 54300,  0.0000577]     0.8385,     0.9156,     0.9369,     2.5904, 
[ 54400,  0.0000576]     0.8394,     0.9162,     0.9361,     3.2861, 
[ 54500,  0.0000575]     0.8549,     0.9288,     0.9479,     1.8549, 
[ 54600,  0.0000574]     0.8370,     0.9162,     0.9372,     2.8140, 
[ 54700,  0.0000573]     0.8311,     0.9123,     0.9343,     3.2601, 
[ 54800,  0.0000572]     0.8437,     0.9231,     0.9428,     2.7427, 
[ 54900,  0.0000571]     0.8463,     0.9238,     0.9437,     2.5948, 
[ 55000,  0.0000571]     0.8402,     0.9174,     0.9391,     3.3092, 
Validation (clean) EPE: 0.908241, 1px: 0.918696, 3px: 0.966297, 5px: 0.977341
Validation (final) EPE: 1.404221, 1px: 0.879840, 3px: 0.941631, 5px: 0.959342
[ 55100,  0.0000570]     0.8600,     0.9314,     0.9508,     1.7550, 
[ 55200,  0.0000569]     0.8402,     0.9189,     0.9409,     2.8120, 
[ 55300,  0.0000568]     0.8535,     0.9250,     0.9438,     2.0519, 
[ 55400,  0.0000567]     0.8409,     0.9140,     0.9344,     2.8376, 
[ 55500,  0.0000566]     0.8359,     0.9176,     0.9386,     2.7076, 
[ 55600,  0.0000565]     0.8322,     0.9100,     0.9309,     3.3633, 
[ 55700,  0.0000564]     0.8509,     0.9233,     0.9434,     2.7564, 
[ 55800,  0.0000564]     0.8550,     0.9288,     0.9479,     2.2383, 
[ 55900,  0.0000563]     0.8324,     0.9143,     0.9368,     2.6802, 
[ 56000,  0.0000562]     0.8569,     0.9288,     0.9477,     2.4172, 
[ 56100,  0.0000561]     0.8489,     0.9233,     0.9437,     1.9929, 
[ 56200,  0.0000560]     0.8508,     0.9224,     0.9409,     2.9099, 
[ 56300,  0.0000559]     0.8533,     0.9260,     0.9458,     1.9350, 
[ 56400,  0.0000558]     0.8429,     0.9211,     0.9413,     2.9537, 
[ 56500,  0.0000557]     0.8495,     0.9239,     0.9433,     2.7615, 
[ 56600,  0.0000557]     0.8644,     0.9325,     0.9498,     2.0336, 
[ 56700,  0.0000556]     0.8571,     0.9288,     0.9473,     2.4477, 
[ 56800,  0.0000555]     0.8553,     0.9273,     0.9462,     2.2304, 
[ 56900,  0.0000554]     0.8415,     0.9194,     0.9394,     2.8759, 
[ 57000,  0.0000553]     0.8525,     0.9275,     0.9465,     2.3379, 
[ 57100,  0.0000552]     0.8340,     0.9169,     0.9386,     2.5181, 
[ 57200,  0.0000551]     0.8443,     0.9203,     0.9408,     2.8046, 
[ 57300,  0.0000550]     0.8552,     0.9309,     0.9502,     2.0380, 
[ 57400,  0.0000550]     0.8551,     0.9274,     0.9461,     2.4914, 
[ 57500,  0.0000549]     0.8612,     0.9323,     0.9509,     1.7861, 
[ 57600,  0.0000548]     0.8499,     0.9285,     0.9490,     1.8866, 
[ 57700,  0.0000547]     0.8528,     0.9273,     0.9474,     2.0891, 
[ 57800,  0.0000546]     0.8482,     0.9241,     0.9448,     2.3654, 
[ 57900,  0.0000545]     0.8455,     0.9237,     0.9436,     2.6363, 
[ 58000,  0.0000544]     0.8290,     0.9106,     0.9336,     2.7906, 
[ 58100,  0.0000543]     0.8403,     0.9172,     0.9380,     2.7002, 
[ 58200,  0.0000543]     0.8467,     0.9197,     0.9400,     2.7087, 
[ 58300,  0.0000542]     0.8512,     0.9260,     0.9455,     2.1761, 
[ 58400,  0.0000541]     0.8197,     0.9029,     0.9263,     3.2754, 
[ 58500,  0.0000540]     0.8383,     0.9164,     0.9377,     2.6469, 
[ 58600,  0.0000539]     0.8477,     0.9246,     0.9441,     2.1968, 
[ 58700,  0.0000538]     0.8450,     0.9215,     0.9426,     2.4515, 
[ 58800,  0.0000537]     0.8439,     0.9227,     0.9440,     2.5534, 
[ 58900,  0.0000536]     0.8492,     0.9249,     0.9449,     2.3144, 
[ 59000,  0.0000536]     0.8338,     0.9131,     0.9343,     3.1701, 
[ 59100,  0.0000535]     0.8534,     0.9257,     0.9450,     2.4061, 
[ 59200,  0.0000534]     0.8451,     0.9227,     0.9427,     2.4859, 
[ 59300,  0.0000533]     0.8511,     0.9250,     0.9450,     2.8737, 
[ 59400,  0.0000532]     0.8463,     0.9242,     0.9443,     2.3324, 
[ 59500,  0.0000531]     0.8569,     0.9285,     0.9475,     2.4103, 
[ 59600,  0.0000530]     0.8518,     0.9269,     0.9462,     2.4948, 
[ 59700,  0.0000529]     0.8582,     0.9312,     0.9494,     1.9583, 
[ 59800,  0.0000529]     0.8558,     0.9298,     0.9486,     2.1697, 
[ 59900,  0.0000528]     0.8426,     0.9194,     0.9395,     3.1123, 
[ 60000,  0.0000527]     0.8652,     0.9340,     0.9513,     2.4958, 
Validation (clean) EPE: 0.855099, 1px: 0.919163, 3px: 0.966105, 5px: 0.977135
Validation (final) EPE: 1.381381, 1px: 0.881581, 3px: 0.942516, 5px: 0.959590
[ 60100,  0.0000526]     0.8468,     0.9192,     0.9389,     2.6572, 
[ 60200,  0.0000525]     0.8359,     0.9142,     0.9359,     2.6733, 
[ 60300,  0.0000524]     0.8576,     0.9302,     0.9490,     2.7341, 
[ 60400,  0.0000523]     0.8529,     0.9261,     0.9453,     2.5854, 
[ 60500,  0.0000522]     0.8490,     0.9209,     0.9405,     2.7139, 
[ 60600,  0.0000521]     0.8468,     0.9211,     0.9405,     2.8118, 
[ 60700,  0.0000521]     0.8560,     0.9241,     0.9426,     2.9522, 
[ 60800,  0.0000520]     0.8552,     0.9253,     0.9438,     2.5608, 
[ 60900,  0.0000519]     0.8477,     0.9255,     0.9459,     2.1154, 
[ 61000,  0.0000518]     0.8397,     0.9197,     0.9405,     2.8886, 
[ 61100,  0.0000517]     0.8470,     0.9228,     0.9429,     2.6649, 
[ 61200,  0.0000516]     0.8491,     0.9224,     0.9417,     2.7676, 
[ 61300,  0.0000515]     0.8478,     0.9194,     0.9388,     3.1052, 
[ 61400,  0.0000514]     0.8586,     0.9316,     0.9503,     2.0427, 
[ 61500,  0.0000514]     0.8472,     0.9199,     0.9391,     2.7084, 
[ 61600,  0.0000513]     0.8518,     0.9228,     0.9428,     2.5751, 
[ 61700,  0.0000512]     0.8526,     0.9277,     0.9472,     2.3996, 
[ 61800,  0.0000511]     0.8307,     0.9109,     0.9323,     2.6148, 
[ 61900,  0.0000510]     0.8512,     0.9216,     0.9412,     2.5691, 
[ 62000,  0.0000509]     0.8620,     0.9291,     0.9474,     1.9808, 
[ 62100,  0.0000508]     0.8539,     0.9268,     0.9462,     2.0757, 
[ 62200,  0.0000507]     0.8466,     0.9193,     0.9389,     2.6369, 
[ 62300,  0.0000507]     0.8613,     0.9311,     0.9490,     2.5946, 
[ 62400,  0.0000506]     0.8363,     0.9155,     0.9370,     2.8688, 
[ 62500,  0.0000505]     0.8455,     0.9180,     0.9374,     3.6165, 
[ 62600,  0.0000504]     0.8433,     0.9188,     0.9397,     2.6601, 
[ 62700,  0.0000503]     0.8457,     0.9243,     0.9451,     2.1667, 
[ 62800,  0.0000502]     0.8599,     0.9349,     0.9538,     1.9336, 
[ 62900,  0.0000501]     0.8492,     0.9237,     0.9434,     2.4168, 
[ 63000,  0.0000500]     0.8461,     0.9216,     0.9414,     2.3572, 
[ 63100,  0.0000500]     0.8412,     0.9221,     0.9431,     2.5106, 
[ 63200,  0.0000499]     0.8498,     0.9290,     0.9490,     2.1328, 
[ 63300,  0.0000498]     0.8463,     0.9212,     0.9418,     2.6082, 
[ 63400,  0.0000497]     0.8535,     0.9262,     0.9470,     2.4998, 
[ 63500,  0.0000496]     0.8390,     0.9177,     0.9399,     2.6495, 
[ 63600,  0.0000495]     0.8640,     0.9353,     0.9535,     1.6977, 
[ 63700,  0.0000494]     0.8645,     0.9324,     0.9496,     2.6776, 
[ 63800,  0.0000493]     0.8506,     0.9261,     0.9451,     2.4148, 
[ 63900,  0.0000493]     0.8420,     0.9211,     0.9419,     2.2648, 
[ 64000,  0.0000492]     0.8592,     0.9316,     0.9504,     1.8251, 
[ 64100,  0.0000491]     0.8497,     0.9224,     0.9421,     2.4675, 
[ 64200,  0.0000490]     0.8465,     0.9133,     0.9315,     5.2149, 
[ 64300,  0.0000489]     0.8531,     0.9260,     0.9447,     2.4006, 
[ 64400,  0.0000488]     0.8486,     0.9235,     0.9433,     2.8953, 
[ 64500,  0.0000487]     0.8532,     0.9256,     0.9453,     2.1844, 
[ 64600,  0.0000486]     0.8337,     0.9111,     0.9309,     3.7542, 
[ 64700,  0.0000486]     0.8617,     0.9318,     0.9499,     2.0249, 
[ 64800,  0.0000485]     0.8615,     0.9313,     0.9501,     2.3924, 
[ 64900,  0.0000484]     0.8417,     0.9196,     0.9401,     2.8627, 
[ 65000,  0.0000483]     0.8401,     0.9163,     0.9372,     2.3191, 
Validation (clean) EPE: 0.846425, 1px: 0.918999, 3px: 0.966543, 5px: 0.977449
Validation (final) EPE: 1.366711, 1px: 0.881077, 3px: 0.942571, 5px: 0.960005
[ 65100,  0.0000482]     0.8540,     0.9277,     0.9467,     2.3093, 
[ 65200,  0.0000481]     0.8424,     0.9190,     0.9402,     2.0278, 
[ 65300,  0.0000480]     0.8515,     0.9246,     0.9438,     2.6408, 
[ 65400,  0.0000479]     0.8477,     0.9217,     0.9401,     2.7818, 
[ 65500,  0.0000479]     0.8591,     0.9273,     0.9450,     3.5677, 
[ 65600,  0.0000478]     0.8549,     0.9298,     0.9495,     1.9269, 
[ 65700,  0.0000477]     0.8535,     0.9254,     0.9444,     2.9348, 
[ 65800,  0.0000476]     0.8476,     0.9246,     0.9457,     2.3915, 
[ 65900,  0.0000475]     0.8449,     0.9213,     0.9419,     2.3618, 
[ 66000,  0.0000474]     0.8657,     0.9334,     0.9510,     1.7838, 
[ 66100,  0.0000473]     0.8536,     0.9247,     0.9434,     2.4802, 
[ 66200,  0.0000472]     0.8413,     0.9198,     0.9423,     2.0221, 
[ 66300,  0.0000472]     0.8339,     0.9107,     0.9321,     3.7218, 
[ 66400,  0.0000471]     0.8515,     0.9242,     0.9447,     1.9275, 
[ 66500,  0.0000470]     0.8559,     0.9263,     0.9464,     2.1580, 
[ 66600,  0.0000469]     0.8539,     0.9267,     0.9452,     2.4273, 
[ 66700,  0.0000468]     0.8437,     0.9170,     0.9381,     3.3237, 
[ 66800,  0.0000467]     0.8401,     0.9174,     0.9383,     2.3178, 
[ 66900,  0.0000466]     0.8562,     0.9263,     0.9458,     2.0621, 
[ 67000,  0.0000465]     0.8529,     0.9243,     0.9432,     2.8296, 
[ 67100,  0.0000465]     0.8407,     0.9175,     0.9380,     2.4411, 
[ 67200,  0.0000464]     0.8504,     0.9228,     0.9419,     2.5922, 
[ 67300,  0.0000463]     0.8431,     0.9194,     0.9410,     2.4481, 
[ 67400,  0.0000462]     0.8511,     0.9196,     0.9384,     2.6812, 
[ 67500,  0.0000461]     0.8491,     0.9211,     0.9416,     2.1636, 
[ 67600,  0.0000460]     0.8572,     0.9305,     0.9490,     2.0829, 
[ 67700,  0.0000459]     0.8607,     0.9292,     0.9482,     2.1965, 
[ 67800,  0.0000458]     0.8504,     0.9252,     0.9455,     2.1642, 
[ 67900,  0.0000458]     0.8514,     0.9218,     0.9405,     2.9470, 
[ 68000,  0.0000457]     0.8392,     0.9164,     0.9379,     2.8827, 
[ 68100,  0.0000456]     0.8413,     0.9186,     0.9392,     2.9075, 
[ 68200,  0.0000455]     0.8586,     0.9290,     0.9478,     2.3969, 
[ 68300,  0.0000454]     0.8538,     0.9261,     0.9447,     2.4872, 
[ 68400,  0.0000453]     0.8506,     0.9268,     0.9456,     2.6413, 
[ 68500,  0.0000452]     0.8614,     0.9306,     0.9486,     2.1178, 
[ 68600,  0.0000451]     0.8583,     0.9289,     0.9479,     2.2208, 
[ 68700,  0.0000451]     0.8449,     0.9201,     0.9404,     2.6324, 
[ 68800,  0.0000450]     0.8603,     0.9308,     0.9480,     2.3996, 
[ 68900,  0.0000449]     0.8570,     0.9283,     0.9468,     2.0721, 
[ 69000,  0.0000448]     0.8621,     0.9297,     0.9472,     2.5532, 
[ 69100,  0.0000447]     0.8546,     0.9257,     0.9436,     2.6831, 
[ 69200,  0.0000446]     0.8520,     0.9272,     0.9462,     2.4608, 
[ 69300,  0.0000445]     0.8459,     0.9220,     0.9419,     2.1280, 
[ 69400,  0.0000444]     0.8557,     0.9335,     0.9529,     1.8810, 
[ 69500,  0.0000443]     0.8540,     0.9262,     0.9458,     2.3577, 
[ 69600,  0.0000443]     0.8507,     0.9261,     0.9471,     2.1879, 
[ 69700,  0.0000442]     0.8628,     0.9335,     0.9522,     2.1775, 
[ 69800,  0.0000441]     0.8590,     0.9309,     0.9497,     2.2803, 
[ 69900,  0.0000440]     0.8605,     0.9313,     0.9502,     2.7107, 
[ 70000,  0.0000439]     0.8562,     0.9290,     0.9488,     2.2318, 
Validation (clean) EPE: 0.824445, 1px: 0.920139, 3px: 0.967105, 5px: 0.977898
Validation (final) EPE: 1.350667, 1px: 0.882855, 3px: 0.943368, 5px: 0.960355
[ 70100,  0.0000438]     0.8652,     0.9344,     0.9517,     2.4008, 
[ 70200,  0.0000437]     0.8417,     0.9175,     0.9380,     2.7093, 
[ 70300,  0.0000436]     0.8327,     0.9095,     0.9319,     3.2886, 
[ 70400,  0.0000436]     0.8477,     0.9183,     0.9386,     2.8611, 
[ 70500,  0.0000435]     0.8384,     0.9152,     0.9356,     2.5633, 
[ 70600,  0.0000434]     0.8409,     0.9186,     0.9395,     2.5970, 
[ 70700,  0.0000433]     0.8597,     0.9316,     0.9507,     2.2651, 
[ 70800,  0.0000432]     0.8602,     0.9333,     0.9529,     1.6936, 
[ 70900,  0.0000431]     0.8506,     0.9247,     0.9441,     2.3107, 
[ 71000,  0.0000430]     0.8515,     0.9295,     0.9493,     1.6247, 
[ 71100,  0.0000429]     0.8502,     0.9241,     0.9433,     2.6231, 
[ 71200,  0.0000429]     0.8556,     0.9295,     0.9481,     3.0857, 
[ 71300,  0.0000428]     0.8717,     0.9398,     0.9565,     1.6197, 
[ 71400,  0.0000427]     0.8410,     0.9182,     0.9389,     3.2090, 
[ 71500,  0.0000426]     0.8556,     0.9263,     0.9463,     2.2845, 
[ 71600,  0.0000425]     0.8618,     0.9305,     0.9488,     2.1125, 
[ 71700,  0.0000424]     0.8402,     0.9171,     0.9382,     2.9290, 
[ 71800,  0.0000423]     0.8494,     0.9220,     0.9406,     3.1352, 
[ 71900,  0.0000422]     0.8538,     0.9285,     0.9489,     2.4895, 
[ 72000,  0.0000422]     0.8583,     0.9308,     0.9486,     2.1912, 
[ 72100,  0.0000421]     0.8321,     0.9167,     0.9398,     2.4590, 
[ 72200,  0.0000420]     0.8608,     0.9279,     0.9452,     2.8179, 
[ 72300,  0.0000419]     0.8571,     0.9294,     0.9481,     2.2182, 
[ 72400,  0.0000418]     0.8451,     0.9193,     0.9384,     2.9775, 
[ 72500,  0.0000417]     0.8666,     0.9356,     0.9520,     2.6301, 
[ 72600,  0.0000416]     0.8577,     0.9284,     0.9468,     1.8848, 
[ 72700,  0.0000415]     0.8477,     0.9212,     0.9409,     2.3539, 
[ 72800,  0.0000415]     0.8542,     0.9258,     0.9447,     2.6750, 
[ 72900,  0.0000414]     0.8538,     0.9269,     0.9458,     2.4747, 
[ 73000,  0.0000413]     0.8453,     0.9215,     0.9424,     2.2327, 
[ 73100,  0.0000412]     0.8631,     0.9318,     0.9506,     2.1875, 
[ 73200,  0.0000411]     0.8359,     0.9169,     0.9395,     2.5721, 
[ 73300,  0.0000410]     0.8408,     0.9192,     0.9404,     2.4488, 
[ 73400,  0.0000409]     0.8456,     0.9242,     0.9449,     1.9924, 
[ 73500,  0.0000408]     0.8380,     0.9109,     0.9312,     2.9954, 
[ 73600,  0.0000408]     0.8563,     0.9288,     0.9489,     2.0658, 
[ 73700,  0.0000407]     0.8512,     0.9242,     0.9442,     2.2990, 
[ 73800,  0.0000406]     0.8578,     0.9295,     0.9491,     1.8923, 
[ 73900,  0.0000405]     0.8565,     0.9280,     0.9472,     2.2496, 
[ 74000,  0.0000404]     0.8488,     0.9238,     0.9437,     2.8581, 
[ 74100,  0.0000403]     0.8462,     0.9165,     0.9353,     3.2620, 
[ 74200,  0.0000402]     0.8496,     0.9206,     0.9401,     3.3032, 
[ 74300,  0.0000401]     0.8598,     0.9324,     0.9518,     1.9908, 
[ 74400,  0.0000401]     0.8550,     0.9252,     0.9440,     2.6966, 
[ 74500,  0.0000400]     0.8463,     0.9189,     0.9395,     2.7212, 
[ 74600,  0.0000399]     0.8510,     0.9254,     0.9456,     1.9385, 
[ 74700,  0.0000398]     0.8528,     0.9259,     0.9453,     2.4482, 
[ 74800,  0.0000397]     0.8543,     0.9270,     0.9466,     2.3879, 
[ 74900,  0.0000396]     0.8501,     0.9197,     0.9387,     3.5297, 
[ 75000,  0.0000395]     0.8564,     0.9284,     0.9473,     2.1763, 
Validation (clean) EPE: 0.799757, 1px: 0.920640, 3px: 0.967220, 5px: 0.978094
Validation (final) EPE: 1.338233, 1px: 0.883460, 3px: 0.944063, 5px: 0.961193
[ 75100,  0.0000394]     0.8488,     0.9233,     0.9424,     2.7256, 
[ 75200,  0.0000394]     0.8543,     0.9240,     0.9433,     2.7782, 
[ 75300,  0.0000393]     0.8573,     0.9290,     0.9472,     2.2016, 
[ 75400,  0.0000392]     0.8616,     0.9339,     0.9524,     1.9743, 
[ 75500,  0.0000391]     0.8535,     0.9253,     0.9455,     2.8941, 
[ 75600,  0.0000390]     0.8601,     0.9303,     0.9479,     2.7779, 
[ 75700,  0.0000389]     0.8501,     0.9255,     0.9448,     1.9645, 
[ 75800,  0.0000388]     0.8504,     0.9232,     0.9432,     2.2044, 
[ 75900,  0.0000387]     0.8568,     0.9239,     0.9422,     2.7500, 
[ 76000,  0.0000387]     0.8474,     0.9221,     0.9430,     2.2409, 
[ 76100,  0.0000386]     0.8601,     0.9309,     0.9502,     2.5730, 
[ 76200,  0.0000385]     0.8408,     0.9187,     0.9390,     3.3060, 
[ 76300,  0.0000384]     0.8476,     0.9245,     0.9444,     2.7470, 
[ 76400,  0.0000383]     0.8535,     0.9264,     0.9457,     2.2914, 
[ 76500,  0.0000382]     0.8561,     0.9239,     0.9415,     3.3014, 
[ 76600,  0.0000381]     0.8740,     0.9403,     0.9565,     2.0423, 
[ 76700,  0.0000380]     0.8423,     0.9160,     0.9354,     3.0342, 
[ 76800,  0.0000380]     0.8571,     0.9270,     0.9460,     2.9200, 
[ 76900,  0.0000379]     0.8607,     0.9287,     0.9479,     2.2613, 
[ 77000,  0.0000378]     0.8468,     0.9221,     0.9426,     2.2372, 
[ 77100,  0.0000377]     0.8488,     0.9217,     0.9407,     2.5953, 
[ 77200,  0.0000376]     0.8530,     0.9256,     0.9451,     2.3864, 
[ 77300,  0.0000375]     0.8741,     0.9390,     0.9558,     1.7983, 
[ 77400,  0.0000374]     0.8602,     0.9298,     0.9478,     2.4336, 
[ 77500,  0.0000373]     0.8398,     0.9176,     0.9376,     2.8527, 
[ 77600,  0.0000372]     0.8593,     0.9266,     0.9456,     2.2816, 
[ 77700,  0.0000372]     0.8486,     0.9277,     0.9484,     1.7480, 
[ 77800,  0.0000371]     0.8592,     0.9329,     0.9521,     2.0074, 
[ 77900,  0.0000370]     0.8453,     0.9192,     0.9403,     2.2696, 
[ 78000,  0.0000369]     0.8527,     0.9266,     0.9459,     2.3794, 
[ 78100,  0.0000368]     0.8735,     0.9385,     0.9546,     1.8462, 
[ 78200,  0.0000367]     0.8467,     0.9243,     0.9457,     2.3874, 
[ 78300,  0.0000366]     0.8555,     0.9240,     0.9429,     2.6949, 
[ 78400,  0.0000365]     0.8506,     0.9239,     0.9438,     2.9345, 
[ 78500,  0.0000365]     0.8567,     0.9327,     0.9512,     1.7632, 
[ 78600,  0.0000364]     0.8687,     0.9357,     0.9523,     2.6761, 
[ 78700,  0.0000363]     0.8620,     0.9318,     0.9499,     2.4010, 
[ 78800,  0.0000362]     0.8442,     0.9198,     0.9399,     3.0239, 
[ 78900,  0.0000361]     0.8595,     0.9289,     0.9471,     2.3272, 
[ 79000,  0.0000360]     0.8587,     0.9286,     0.9472,     2.0933, 
[ 79100,  0.0000359]     0.8580,     0.9309,     0.9503,     2.1767, 
[ 79200,  0.0000358]     0.8552,     0.9260,     0.9446,     2.7773, 
[ 79300,  0.0000358]     0.8668,     0.9375,     0.9550,     1.5526, 
[ 79400,  0.0000357]     0.8559,     0.9263,     0.9448,     2.1512, 
[ 79500,  0.0000356]     0.8578,     0.9291,     0.9479,     2.2626, 
[ 79600,  0.0000355]     0.8401,     0.9190,     0.9402,     2.7184, 
[ 79700,  0.0000354]     0.8551,     0.9261,     0.9443,     2.5160, 
[ 79800,  0.0000353]     0.8492,     0.9250,     0.9454,     2.9382, 
[ 79900,  0.0000352]     0.8650,     0.9360,     0.9540,     1.8083, 
[ 80000,  0.0000351]     0.8584,     0.9244,     0.9419,     2.9101, 
Validation (clean) EPE: 0.805639, 1px: 0.920851, 3px: 0.967094, 5px: 0.978028
Validation (final) EPE: 1.337703, 1px: 0.883723, 3px: 0.944277, 5px: 0.961092
[ 80100,  0.0000351]     0.8514,     0.9267,     0.9468,     2.2941, 
[ 80200,  0.0000350]     0.8494,     0.9241,     0.9435,     2.3267, 
[ 80300,  0.0000349]     0.8557,     0.9300,     0.9493,     2.2851, 
[ 80400,  0.0000348]     0.8566,     0.9304,     0.9504,     1.6639, 
[ 80500,  0.0000347]     0.8688,     0.9368,     0.9550,     1.9664, 
[ 80600,  0.0000346]     0.8499,     0.9250,     0.9439,     2.2573, 
[ 80700,  0.0000345]     0.8697,     0.9361,     0.9535,     1.9957, 
[ 80800,  0.0000344]     0.8626,     0.9306,     0.9489,     2.2635, 
[ 80900,  0.0000344]     0.8681,     0.9358,     0.9536,     1.8279, 
[ 81000,  0.0000343]     0.8674,     0.9355,     0.9531,     1.8008, 
[ 81100,  0.0000342]     0.8628,     0.9305,     0.9486,     2.4911, 
[ 81200,  0.0000341]     0.8597,     0.9324,     0.9514,     1.9087, 
[ 81300,  0.0000340]     0.8617,     0.9316,     0.9500,     2.1357, 
[ 81400,  0.0000339]     0.8478,     0.9225,     0.9427,     2.0780, 
[ 81500,  0.0000338]     0.8517,     0.9276,     0.9476,     2.2682, 
[ 81600,  0.0000337]     0.8515,     0.9256,     0.9455,     2.1595, 
[ 81700,  0.0000337]     0.8592,     0.9271,     0.9453,     2.6669, 
[ 81800,  0.0000336]     0.8718,     0.9417,     0.9591,     1.5345, 
[ 81900,  0.0000335]     0.8611,     0.9334,     0.9510,     2.0894, 
[ 82000,  0.0000334]     0.8491,     0.9243,     0.9442,     2.3959, 
[ 82100,  0.0000333]     0.8540,     0.9242,     0.9434,     1.9910, 
[ 82200,  0.0000332]     0.8468,     0.9242,     0.9452,     1.9692, 
[ 82300,  0.0000331]     0.8566,     0.9246,     0.9433,     2.8213, 
[ 82400,  0.0000330]     0.8645,     0.9333,     0.9523,     2.2792, 
[ 82500,  0.0000330]     0.8647,     0.9333,     0.9499,     2.3837, 
[ 82600,  0.0000329]     0.8412,     0.9181,     0.9388,     3.0568, 
[ 82700,  0.0000328]     0.8527,     0.9281,     0.9488,     2.0024, 
[ 82800,  0.0000327]     0.8506,     0.9238,     0.9436,     3.4006, 
[ 82900,  0.0000326]     0.8468,     0.9242,     0.9444,     2.2686, 
[ 83000,  0.0000325]     0.8631,     0.9290,     0.9463,     2.7303, 
[ 83100,  0.0000324]     0.8507,     0.9256,     0.9458,     1.9683, 
[ 83200,  0.0000323]     0.8410,     0.9168,     0.9380,     4.1734, 
[ 83300,  0.0000323]     0.8645,     0.9359,     0.9542,     1.8553, 
[ 83400,  0.0000322]     0.8486,     0.9249,     0.9456,     1.8801, 
[ 83500,  0.0000321]     0.8586,     0.9341,     0.9530,     2.1424, 
[ 83600,  0.0000320]     0.8541,     0.9260,     0.9465,     2.0297, 
[ 83700,  0.0000319]     0.8626,     0.9311,     0.9488,     2.4886, 
[ 83800,  0.0000318]     0.8429,     0.9206,     0.9413,     2.5023, 
[ 83900,  0.0000317]     0.8525,     0.9225,     0.9421,     2.5131, 
[ 84000,  0.0000316]     0.8439,     0.9209,     0.9416,     2.5249, 
[ 84100,  0.0000316]     0.8607,     0.9321,     0.9499,     2.3256, 
[ 84200,  0.0000315]     0.8530,     0.9257,     0.9458,     2.0928, 
[ 84300,  0.0000314]     0.8520,     0.9233,     0.9432,     2.9750, 
[ 84400,  0.0000313]     0.8510,     0.9231,     0.9423,     2.7602, 
[ 84500,  0.0000312]     0.8586,     0.9323,     0.9502,     2.2051, 
[ 84600,  0.0000311]     0.8553,     0.9293,     0.9484,     1.9622, 
[ 84700,  0.0000310]     0.8518,     0.9267,     0.9457,     3.0087, 
[ 84800,  0.0000309]     0.8543,     0.9252,     0.9451,     2.5528, 
[ 84900,  0.0000309]     0.8654,     0.9363,     0.9561,     1.6837, 
[ 85000,  0.0000308]     0.8597,     0.9347,     0.9532,     1.6927, 
Validation (clean) EPE: 0.787763, 1px: 0.921674, 3px: 0.967527, 5px: 0.978297
Validation (final) EPE: 1.287816, 1px: 0.884722, 3px: 0.945377, 5px: 0.962408
[ 85100,  0.0000307]     0.8600,     0.9278,     0.9465,     2.7791, 
[ 85200,  0.0000306]     0.8712,     0.9384,     0.9553,     1.5300, 
[ 85300,  0.0000305]     0.8609,     0.9311,     0.9502,     2.1688, 
[ 85400,  0.0000304]     0.8528,     0.9257,     0.9460,     2.4938, 
[ 85500,  0.0000303]     0.8650,     0.9321,     0.9497,     2.3768, 
[ 85600,  0.0000302]     0.8474,     0.9186,     0.9367,     3.8795, 
[ 85700,  0.0000302]     0.8434,     0.9188,     0.9399,     2.7733, 
[ 85800,  0.0000301]     0.8659,     0.9326,     0.9503,     1.9888, 
[ 85900,  0.0000300]     0.8462,     0.9227,     0.9441,     1.8614, 
[ 86000,  0.0000299]     0.8507,     0.9219,     0.9408,     2.6074, 
[ 86100,  0.0000298]     0.8521,     0.9296,     0.9504,     1.7193, 
[ 86200,  0.0000297]     0.8563,     0.9271,     0.9462,     2.5757, 
[ 86300,  0.0000296]     0.8571,     0.9312,     0.9502,     1.8895, 
[ 86400,  0.0000295]     0.8655,     0.9360,     0.9541,     1.7779, 
[ 86500,  0.0000294]     0.8547,     0.9274,     0.9481,     1.6201, 
[ 86600,  0.0000294]     0.8435,     0.9203,     0.9419,     2.2749, 
[ 86700,  0.0000293]     0.8609,     0.9285,     0.9467,     2.5003, 
[ 86800,  0.0000292]     0.8557,     0.9290,     0.9487,     2.3257, 
[ 86900,  0.0000291]     0.8596,     0.9281,     0.9460,     2.1394, 
[ 87000,  0.0000290]     0.8656,     0.9342,     0.9520,     2.3124, 
[ 87100,  0.0000289]     0.8472,     0.9174,     0.9373,     3.4206, 
[ 87200,  0.0000288]     0.8579,     0.9302,     0.9483,     2.1486, 
[ 87300,  0.0000287]     0.8544,     0.9283,     0.9481,     1.8813, 
[ 87400,  0.0000287]     0.8514,     0.9240,     0.9430,     2.7420, 
[ 87500,  0.0000286]     0.8538,     0.9260,     0.9455,     2.7104, 
[ 87600,  0.0000285]     0.8575,     0.9261,     0.9455,     2.3279, 
[ 87700,  0.0000284]     0.8713,     0.9347,     0.9518,     1.8625, 
[ 87800,  0.0000283]     0.8660,     0.9303,     0.9471,     2.6837, 
[ 87900,  0.0000282]     0.8614,     0.9324,     0.9512,     1.7312, 
[ 88000,  0.0000281]     0.8529,     0.9284,     0.9477,     1.9991, 
[ 88100,  0.0000280]     0.8554,     0.9244,     0.9421,     2.7716, 
[ 88200,  0.0000280]     0.8638,     0.9319,     0.9501,     1.8187, 
[ 88300,  0.0000279]     0.8549,     0.9251,     0.9434,     2.5653, 
[ 88400,  0.0000278]     0.8619,     0.9302,     0.9483,     1.9771, 
[ 88500,  0.0000277]     0.8479,     0.9215,     0.9415,     2.8888, 
[ 88600,  0.0000276]     0.8499,     0.9231,     0.9433,     2.8205, 
[ 88700,  0.0000275]     0.8608,     0.9299,     0.9496,     1.8925, 
[ 88800,  0.0000274]     0.8571,     0.9317,     0.9513,     1.9024, 
[ 88900,  0.0000273]     0.8581,     0.9280,     0.9462,     2.3435, 
[ 89000,  0.0000273]     0.8499,     0.9272,     0.9467,     2.4212, 
[ 89100,  0.0000272]     0.8522,     0.9220,     0.9420,     2.6048, 
[ 89200,  0.0000271]     0.8535,     0.9276,     0.9477,     2.1898, 
[ 89300,  0.0000270]     0.8467,     0.9221,     0.9421,     2.6763, 
[ 89400,  0.0000269]     0.8519,     0.9230,     0.9434,     2.4737, 
[ 89500,  0.0000268]     0.8708,     0.9358,     0.9533,     2.6658, 
[ 89600,  0.0000267]     0.8449,     0.9197,     0.9406,     2.4316, 
[ 89700,  0.0000266]     0.8485,     0.9262,     0.9464,     2.1002, 
[ 89800,  0.0000266]     0.8482,     0.9226,     0.9418,     3.2050, 
[ 89900,  0.0000265]     0.8476,     0.9206,     0.9406,     2.8054, 
[ 90000,  0.0000264]     0.8622,     0.9328,     0.9515,     2.1113, 
Validation (clean) EPE: 0.779394, 1px: 0.922247, 3px: 0.968011, 5px: 0.978767
Validation (final) EPE: 1.304699, 1px: 0.885405, 3px: 0.945122, 5px: 0.961971
[ 90100,  0.0000263]     0.8759,     0.9396,     0.9559,     1.9067, 
[ 90200,  0.0000262]     0.8489,     0.9215,     0.9418,     3.0279, 
[ 90300,  0.0000261]     0.8513,     0.9245,     0.9441,     2.5860, 
[ 90400,  0.0000260]     0.8605,     0.9329,     0.9514,     1.9992, 
[ 90500,  0.0000259]     0.8641,     0.9304,     0.9480,     2.3358, 
[ 90600,  0.0000259]     0.8497,     0.9235,     0.9434,     2.2637, 
[ 90700,  0.0000258]     0.8575,     0.9279,     0.9473,     2.1516, 
[ 90800,  0.0000257]     0.8564,     0.9265,     0.9456,     2.8423, 
[ 90900,  0.0000256]     0.8474,     0.9205,     0.9407,     2.5782, 
[ 91000,  0.0000255]     0.8663,     0.9344,     0.9527,     1.8428, 
[ 91100,  0.0000254]     0.8511,     0.9267,     0.9459,     2.6883, 
[ 91200,  0.0000253]     0.8589,     0.9303,     0.9484,     2.1057, 
[ 91300,  0.0000252]     0.8619,     0.9335,     0.9520,     1.9279, 
[ 91400,  0.0000252]     0.8564,     0.9301,     0.9501,     1.5971, 
[ 91500,  0.0000251]     0.8637,     0.9376,     0.9567,     1.4282, 
[ 91600,  0.0000250]     0.8652,     0.9337,     0.9510,     2.3831, 
[ 91700,  0.0000249]     0.8463,     0.9179,     0.9374,     3.9888, 
[ 91800,  0.0000248]     0.8510,     0.9230,     0.9431,     2.4070, 
[ 91900,  0.0000247]     0.8429,     0.9193,     0.9406,     2.8099, 
[ 92000,  0.0000246]     0.8643,     0.9348,     0.9522,     1.8839, 
[ 92100,  0.0000245]     0.8448,     0.9195,     0.9399,     2.8543, 
[ 92200,  0.0000245]     0.8479,     0.9272,     0.9474,     1.7917, 
[ 92300,  0.0000244]     0.8707,     0.9336,     0.9504,     2.1740, 
[ 92400,  0.0000243]     0.8469,     0.9208,     0.9398,     2.5677, 
[ 92500,  0.0000242]     0.8575,     0.9275,     0.9465,     2.0970, 
[ 92600,  0.0000241]     0.8493,     0.9210,     0.9408,     2.7630, 
[ 92700,  0.0000240]     0.8429,     0.9200,     0.9416,     2.3610, 
[ 92800,  0.0000239]     0.8693,     0.9349,     0.9521,     2.1162, 
[ 92900,  0.0000238]     0.8460,     0.9188,     0.9396,     2.5567, 
[ 93000,  0.0000238]     0.8569,     0.9280,     0.9464,     1.8515, 
[ 93100,  0.0000237]     0.8527,     0.9304,     0.9509,     1.6943, 
[ 93200,  0.0000236]     0.8621,     0.9315,     0.9504,     1.8958, 
[ 93300,  0.0000235]     0.8592,     0.9293,     0.9481,     2.2763, 
[ 93400,  0.0000234]     0.8659,     0.9347,     0.9530,     1.7467, 
[ 93500,  0.0000233]     0.8699,     0.9389,     0.9561,     1.7412, 
[ 93600,  0.0000232]     0.8624,     0.9315,     0.9492,     2.9821, 
[ 93700,  0.0000231]     0.8471,     0.9227,     0.9427,     2.9995, 
[ 93800,  0.0000231]     0.8558,     0.9279,     0.9473,     2.4122, 
[ 93900,  0.0000230]     0.8526,     0.9240,     0.9448,     2.1425, 
[ 94000,  0.0000229]     0.8512,     0.9239,     0.9442,     2.0110, 
[ 94100,  0.0000228]     0.8573,     0.9316,     0.9516,     1.8391, 
[ 94200,  0.0000227]     0.8652,     0.9345,     0.9531,     1.7195, 
[ 94300,  0.0000226]     0.8542,     0.9267,     0.9461,     2.0662, 
[ 94400,  0.0000225]     0.8581,     0.9272,     0.9453,     2.2971, 
[ 94500,  0.0000224]     0.8695,     0.9355,     0.9531,     1.5888, 
[ 94600,  0.0000224]     0.8591,     0.9291,     0.9491,     2.3208, 
[ 94700,  0.0000223]     0.8537,     0.9246,     0.9441,     2.5487, 
[ 94800,  0.0000222]     0.8627,     0.9338,     0.9528,     1.6475, 
[ 94900,  0.0000221]     0.8625,     0.9306,     0.9491,     1.9789, 
[ 95000,  0.0000220]     0.8523,     0.9241,     0.9446,     2.3890, 
Validation (clean) EPE: 0.786309, 1px: 0.922445, 3px: 0.967966, 5px: 0.978783
Validation (final) EPE: 1.275089, 1px: 0.885272, 3px: 0.945019, 5px: 0.961731
[ 95100,  0.0000219]     0.8425,     0.9197,     0.9409,     2.3445, 
[ 95200,  0.0000218]     0.8468,     0.9187,     0.9385,     2.8871, 
[ 95300,  0.0000217]     0.8554,     0.9289,     0.9476,     2.7572, 
[ 95400,  0.0000216]     0.8528,     0.9248,     0.9435,     2.9096, 
[ 95500,  0.0000216]     0.8633,     0.9302,     0.9488,     1.9194, 
[ 95600,  0.0000215]     0.8518,     0.9228,     0.9422,     2.9642, 
[ 95700,  0.0000214]     0.8660,     0.9325,     0.9492,     2.8073, 
[ 95800,  0.0000213]     0.8525,     0.9252,     0.9472,     1.8940, 
[ 95900,  0.0000212]     0.8637,     0.9345,     0.9517,     2.6246, 
[ 96000,  0.0000211]     0.8443,     0.9203,     0.9419,     2.5779, 
[ 96100,  0.0000210]     0.8630,     0.9313,     0.9503,     2.3145, 
[ 96200,  0.0000209]     0.8722,     0.9380,     0.9558,     1.5907, 
[ 96300,  0.0000209]     0.8372,     0.9123,     0.9349,     2.5453, 
[ 96400,  0.0000208]     0.8590,     0.9274,     0.9446,     2.4617, 
[ 96500,  0.0000207]     0.8542,     0.9255,     0.9440,     2.9173, 
[ 96600,  0.0000206]     0.8539,     0.9284,     0.9474,     2.3340, 
[ 96700,  0.0000205]     0.8587,     0.9290,     0.9472,     2.2722, 
[ 96800,  0.0000204]     0.8488,     0.9218,     0.9408,     2.7084, 
[ 96900,  0.0000203]     0.8531,     0.9274,     0.9471,     2.2309, 
[ 97000,  0.0000202]     0.8652,     0.9317,     0.9494,     2.2999, 
[ 97100,  0.0000202]     0.8516,     0.9247,     0.9447,     2.2310, 
[ 97200,  0.0000201]     0.8439,     0.9230,     0.9438,     1.9989, 
[ 97300,  0.0000200]     0.8495,     0.9202,     0.9401,     3.0779, 
[ 97400,  0.0000199]     0.8518,     0.9250,     0.9446,     2.3369, 
[ 97500,  0.0000198]     0.8612,     0.9299,     0.9486,     2.1547, 
[ 97600,  0.0000197]     0.8574,     0.9269,     0.9445,     2.2599, 
[ 97700,  0.0000196]     0.8513,     0.9244,     0.9449,     2.2802, 
[ 97800,  0.0000195]     0.8397,     0.9191,     0.9406,     2.2010, 
[ 97900,  0.0000195]     0.8615,     0.9273,     0.9457,     3.2602, 
[ 98000,  0.0000194]     0.8400,     0.9153,     0.9368,     2.6118, 
[ 98100,  0.0000193]     0.8506,     0.9240,     0.9430,     2.3359, 
[ 98200,  0.0000192]     0.8620,     0.9250,     0.9429,     2.9097, 
[ 98300,  0.0000191]     0.8602,     0.9247,     0.9427,     2.4602, 
[ 98400,  0.0000190]     0.8700,     0.9342,     0.9507,     2.2618, 
[ 98500,  0.0000189]     0.8613,     0.9307,     0.9487,     2.0927, 
[ 98600,  0.0000188]     0.8484,     0.9221,     0.9424,     2.7447, 
[ 98700,  0.0000188]     0.8629,     0.9280,     0.9459,     2.4754, 
[ 98800,  0.0000187]     0.8557,     0.9268,     0.9466,     2.0433, 
[ 98900,  0.0000186]     0.8464,     0.9234,     0.9432,     2.6517, 
[ 99000,  0.0000185]     0.8578,     0.9303,     0.9492,     2.2538, 
[ 99100,  0.0000184]     0.8489,     0.9227,     0.9425,     3.3525, 
[ 99200,  0.0000183]     0.8550,     0.9269,     0.9458,     2.3038, 
[ 99300,  0.0000182]     0.8662,     0.9362,     0.9542,     1.8593, 
[ 99400,  0.0000181]     0.8621,     0.9299,     0.9507,     1.7143, 
[ 99500,  0.0000181]     0.8565,     0.9294,     0.9487,     2.2872, 
[ 99600,  0.0000180]     0.8415,     0.9170,     0.9375,     3.6501, 
[ 99700,  0.0000179]     0.8613,     0.9256,     0.9437,     2.1351, 
[ 99800,  0.0000178]     0.8676,     0.9362,     0.9541,     1.6819, 
[ 99900,  0.0000177]     0.8623,     0.9326,     0.9501,     2.6295, 
[100000,  0.0000176]     0.8624,     0.9298,     0.9485,     1.7970, 
Validation (clean) EPE: 0.751384, 1px: 0.922947, 3px: 0.968303, 5px: 0.978890
Validation (final) EPE: 1.227226, 1px: 0.886325, 3px: 0.945995, 5px: 0.962609
[100100,  0.0000175]     0.8609,     0.9329,     0.9516,     1.6979, 
[100200,  0.0000174]     0.8617,     0.9306,     0.9487,     3.0389, 
[100300,  0.0000174]     0.8525,     0.9235,     0.9424,     2.4372, 
[100400,  0.0000173]     0.8613,     0.9350,     0.9537,     1.6471, 
[100500,  0.0000172]     0.8538,     0.9255,     0.9444,     2.8440, 
[100600,  0.0000171]     0.8680,     0.9336,     0.9510,     1.9161, 
[100700,  0.0000170]     0.8585,     0.9304,     0.9497,     1.9722, 
[100800,  0.0000169]     0.8552,     0.9302,     0.9490,     1.9507, 
[100900,  0.0000168]     0.8580,     0.9267,     0.9459,     2.4869, 
[101000,  0.0000167]     0.8578,     0.9277,     0.9459,     2.1167, 
[101100,  0.0000167]     0.8578,     0.9267,     0.9462,     2.1609, 
[101200,  0.0000166]     0.8541,     0.9281,     0.9480,     2.3770, 
[101300,  0.0000165]     0.8615,     0.9294,     0.9472,     3.2305, 
[101400,  0.0000164]     0.8502,     0.9258,     0.9473,     2.0488, 
[101500,  0.0000163]     0.8655,     0.9355,     0.9536,     1.6930, 
[101600,  0.0000162]     0.8612,     0.9359,     0.9553,     1.8266, 
[101700,  0.0000161]     0.8555,     0.9295,     0.9489,     2.1784, 
[101800,  0.0000160]     0.8455,     0.9190,     0.9399,     2.2466, 
[101900,  0.0000160]     0.8650,     0.9335,     0.9523,     1.7864, 
[102000,  0.0000159]     0.8496,     0.9246,     0.9446,     2.4873, 
[102100,  0.0000158]     0.8483,     0.9244,     0.9444,     2.4197, 
[102200,  0.0000157]     0.8729,     0.9376,     0.9542,     2.6491, 
[102300,  0.0000156]     0.8419,     0.9196,     0.9416,     2.2396, 
[102400,  0.0000155]     0.8599,     0.9318,     0.9507,     1.9951, 
[102500,  0.0000154]     0.8543,     0.9258,     0.9465,     2.2718, 
[102600,  0.0000153]     0.8460,     0.9226,     0.9430,     2.3806, 
[102700,  0.0000153]     0.8489,     0.9236,     0.9418,     2.4922, 
[102800,  0.0000152]     0.8454,     0.9243,     0.9457,     2.0106, 
[102900,  0.0000151]     0.8632,     0.9316,     0.9491,     2.2322, 
[103000,  0.0000150]     0.8563,     0.9271,     0.9455,     2.4755, 
[103100,  0.0000149]     0.8608,     0.9311,     0.9507,     1.7675, 
[103200,  0.0000148]     0.8626,     0.9286,     0.9466,     2.2074, 
[103300,  0.0000147]     0.8540,     0.9248,     0.9433,     2.3624, 
[103400,  0.0000146]     0.8578,     0.9286,     0.9467,     2.2290, 
[103500,  0.0000145]     0.8532,     0.9284,     0.9486,     2.1773, 
[103600,  0.0000145]     0.8601,     0.9301,     0.9488,     1.8790, 
[103700,  0.0000144]     0.8523,     0.9224,     0.9415,     2.2829, 
[103800,  0.0000143]     0.8529,     0.9238,     0.9416,     2.8212, 
[103900,  0.0000142]     0.8633,     0.9327,     0.9523,     1.7960, 
[104000,  0.0000141]     0.8469,     0.9236,     0.9440,     2.1699, 
[104100,  0.0000140]     0.8446,     0.9158,     0.9369,     2.2855, 
[104200,  0.0000139]     0.8715,     0.9372,     0.9535,     2.0035, 
[104300,  0.0000138]     0.8472,     0.9214,     0.9421,     2.2068, 
[104400,  0.0000138]     0.8649,     0.9331,     0.9506,     2.1731, 
[104500,  0.0000137]     0.8595,     0.9288,     0.9476,     2.1353, 
[104600,  0.0000136]     0.8598,     0.9331,     0.9514,     1.9804, 
[104700,  0.0000135]     0.8616,     0.9300,     0.9485,     2.8077, 
[104800,  0.0000134]     0.8587,     0.9284,     0.9475,     2.3891, 
[104900,  0.0000133]     0.8592,     0.9266,     0.9448,     2.1233, 
[105000,  0.0000132]     0.8428,     0.9169,     0.9380,     2.8989, 
Validation (clean) EPE: 0.766383, 1px: 0.923132, 3px: 0.968200, 5px: 0.978756
Validation (final) EPE: 1.233376, 1px: 0.886863, 3px: 0.946202, 5px: 0.962854
[105100,  0.0000131]     0.8591,     0.9277,     0.9461,     1.9525, 
[105200,  0.0000131]     0.8615,     0.9327,     0.9515,     1.8247, 
[105300,  0.0000130]     0.8700,     0.9363,     0.9538,     2.0027, 
[105400,  0.0000129]     0.8679,     0.9353,     0.9525,     1.9297, 
[105500,  0.0000128]     0.8499,     0.9243,     0.9444,     2.7267, 
[105600,  0.0000127]     0.8643,     0.9344,     0.9523,     2.0830, 
[105700,  0.0000126]     0.8616,     0.9321,     0.9505,     1.8278, 
[105800,  0.0000125]     0.8668,     0.9311,     0.9490,     2.1414, 
[105900,  0.0000124]     0.8423,     0.9176,     0.9382,     2.7030, 
[106000,  0.0000124]     0.8487,     0.9250,     0.9437,     2.3889, 
[106100,  0.0000123]     0.8552,     0.9302,     0.9498,     1.7235, 
[106200,  0.0000122]     0.8588,     0.9300,     0.9484,     2.3990, 
[106300,  0.0000121]     0.8530,     0.9254,     0.9464,     2.0394, 
[106400,  0.0000120]     0.8625,     0.9288,     0.9461,     2.3855, 
[106500,  0.0000119]     0.8762,     0.9380,     0.9538,     1.8291, 
[106600,  0.0000118]     0.8671,     0.9351,     0.9538,     1.7480, 
[106700,  0.0000117]     0.8640,     0.9325,     0.9500,     2.2989, 
[106800,  0.0000117]     0.8682,     0.9381,     0.9560,     1.5098, 
[106900,  0.0000116]     0.8699,     0.9395,     0.9570,     1.6094, 
[107000,  0.0000115]     0.8577,     0.9282,     0.9464,     2.4201, 
[107100,  0.0000114]     0.8644,     0.9307,     0.9492,     2.0927, 
[107200,  0.0000113]     0.8642,     0.9327,     0.9513,     1.8032, 
[107300,  0.0000112]     0.8700,     0.9362,     0.9526,     2.0115, 
[107400,  0.0000111]     0.8501,     0.9259,     0.9449,     2.3255, 
[107500,  0.0000110]     0.8670,     0.9355,     0.9542,     1.6580, 
[107600,  0.0000110]     0.8669,     0.9347,     0.9535,     1.9971, 
[107700,  0.0000109]     0.8496,     0.9258,     0.9462,     2.0952, 
[107800,  0.0000108]     0.8616,     0.9277,     0.9460,     2.6282, 
[107900,  0.0000107]     0.8519,     0.9217,     0.9406,     2.4063, 
[108000,  0.0000106]     0.8520,     0.9228,     0.9432,     2.2760, 
[108100,  0.0000105]     0.8537,     0.9265,     0.9456,     2.2208, 
[108200,  0.0000104]     0.8711,     0.9365,     0.9547,     2.2821, 
[108300,  0.0000103]     0.8566,     0.9279,     0.9467,     2.2741, 
[108400,  0.0000103]     0.8576,     0.9263,     0.9446,     2.4081, 
[108500,  0.0000102]     0.8632,     0.9324,     0.9509,     1.9852, 
[108600,  0.0000101]     0.8597,     0.9273,     0.9463,     2.5642, 
[108700,  0.0000100]     0.8684,     0.9338,     0.9500,     2.0812, 
[108800,  0.0000099]     0.8529,     0.9245,     0.9443,     2.6160, 
[108900,  0.0000098]     0.8511,     0.9217,     0.9419,     2.6448, 
[109000,  0.0000097]     0.8661,     0.9299,     0.9476,     2.5176, 
[109100,  0.0000096]     0.8741,     0.9400,     0.9571,     1.6922, 
[109200,  0.0000096]     0.8568,     0.9296,     0.9498,     2.4568, 
[109300,  0.0000095]     0.8522,     0.9274,     0.9468,     2.2350, 
[109400,  0.0000094]     0.8623,     0.9300,     0.9497,     2.4289, 
[109500,  0.0000093]     0.8567,     0.9254,     0.9445,     2.5885, 
[109600,  0.0000092]     0.8485,     0.9234,     0.9446,     2.1169, 
[109700,  0.0000091]     0.8602,     0.9290,     0.9480,     2.0018, 
[109800,  0.0000090]     0.8401,     0.9140,     0.9354,     3.5354, 
[109900,  0.0000089]     0.8508,     0.9252,     0.9451,     2.0082, 
[110000,  0.0000089]     0.8566,     0.9279,     0.9474,     2.5196, 
Validation (clean) EPE: 0.754584, 1px: 0.923601, 3px: 0.968507, 5px: 0.979134
Validation (final) EPE: 1.244594, 1px: 0.887211, 3px: 0.946233, 5px: 0.962818
[110100,  0.0000088]     0.8740,     0.9398,     0.9560,     2.0141, 
[110200,  0.0000087]     0.8498,     0.9233,     0.9435,     2.6890, 
[110300,  0.0000086]     0.8488,     0.9233,     0.9439,     2.6382, 
[110400,  0.0000085]     0.8740,     0.9389,     0.9558,     1.7166, 
[110500,  0.0000084]     0.8608,     0.9307,     0.9488,     2.7185, 
[110600,  0.0000083]     0.8520,     0.9271,     0.9463,     2.1297, 
[110700,  0.0000082]     0.8606,     0.9323,     0.9514,     1.8079, 
[110800,  0.0000082]     0.8542,     0.9246,     0.9443,     2.4847, 
[110900,  0.0000081]     0.8625,     0.9349,     0.9544,     1.7351, 
[111000,  0.0000080]     0.8646,     0.9321,     0.9499,     2.0563, 
[111100,  0.0000079]     0.8602,     0.9314,     0.9507,     1.9529, 
[111200,  0.0000078]     0.8709,     0.9389,     0.9567,     1.5918, 
[111300,  0.0000077]     0.8635,     0.9304,     0.9486,     2.0303, 
[111400,  0.0000076]     0.8684,     0.9352,     0.9527,     2.6087, 
[111500,  0.0000075]     0.8684,     0.9358,     0.9545,     1.5907, 
[111600,  0.0000075]     0.8581,     0.9274,     0.9461,     2.2406, 
[111700,  0.0000074]     0.8469,     0.9223,     0.9431,     2.3617, 
[111800,  0.0000073]     0.8693,     0.9365,     0.9533,     1.6907, 
[111900,  0.0000072]     0.8528,     0.9261,     0.9454,     2.2787, 
[112000,  0.0000071]     0.8713,     0.9388,     0.9566,     1.4442, 
[112100,  0.0000070]     0.8651,     0.9362,     0.9532,     1.9264, 
[112200,  0.0000069]     0.8589,     0.9320,     0.9515,     1.7543, 
[112300,  0.0000068]     0.8648,     0.9338,     0.9508,     1.9126, 
[112400,  0.0000067]     0.8717,     0.9404,     0.9573,     1.6465, 
[112500,  0.0000067]     0.8765,     0.9394,     0.9555,     1.7322, 
[112600,  0.0000066]     0.8531,     0.9242,     0.9441,     1.9892, 
[112700,  0.0000065]     0.8421,     0.9182,     0.9381,     2.8763, 
[112800,  0.0000064]     0.8564,     0.9270,     0.9460,     2.2946, 
[112900,  0.0000063]     0.8469,     0.9233,     0.9442,     1.9955, 
[113000,  0.0000062]     0.8650,     0.9335,     0.9513,     1.7553, 
[113100,  0.0000061]     0.8510,     0.9245,     0.9446,     2.1697, 
[113200,  0.0000060]     0.8584,     0.9277,     0.9465,     2.0307, 
[113300,  0.0000060]     0.8506,     0.9234,     0.9434,     2.6686, 
[113400,  0.0000059]     0.8659,     0.9316,     0.9488,     1.9284, 
[113500,  0.0000058]     0.8502,     0.9237,     0.9446,     1.8134, 
[113600,  0.0000057]     0.8618,     0.9291,     0.9470,     2.4001, 
[113700,  0.0000056]     0.8541,     0.9241,     0.9437,     2.1493, 
[113800,  0.0000055]     0.8490,     0.9236,     0.9445,     3.1114, 
[113900,  0.0000054]     0.8590,     0.9332,     0.9523,     1.8553, 
[114000,  0.0000053]     0.8678,     0.9358,     0.9535,     2.0391, 
[114100,  0.0000053]     0.8395,     0.9136,     0.9343,     2.8046, 
[114200,  0.0000052]     0.8597,     0.9312,     0.9495,     2.1605, 
[114300,  0.0000051]     0.8618,     0.9304,     0.9490,     2.0194, 
[114400,  0.0000050]     0.8693,     0.9387,     0.9559,     1.6155, 
[114500,  0.0000049]     0.8503,     0.9246,     0.9449,     2.1748, 
[114600,  0.0000048]     0.8492,     0.9229,     0.9431,     2.3830, 
[114700,  0.0000047]     0.8570,     0.9272,     0.9465,     2.0784, 
[114800,  0.0000046]     0.8621,     0.9287,     0.9465,     1.9875, 
[114900,  0.0000046]     0.8628,     0.9350,     0.9531,     1.9495, 
[115000,  0.0000045]     0.8540,     0.9210,     0.9405,     2.8945, 
Validation (clean) EPE: 0.736764, 1px: 0.923814, 3px: 0.968635, 5px: 0.979222
Validation (final) EPE: 1.212279, 1px: 0.887762, 3px: 0.946709, 5px: 0.962842
[115100,  0.0000044]     0.8505,     0.9222,     0.9440,     2.3500, 
[115200,  0.0000043]     0.8455,     0.9217,     0.9418,     3.3188, 
[115300,  0.0000042]     0.8475,     0.9215,     0.9429,     2.2624, 
[115400,  0.0000041]     0.8508,     0.9268,     0.9470,     2.3180, 
[115500,  0.0000040]     0.8535,     0.9261,     0.9459,     1.8596, 
[115600,  0.0000039]     0.8498,     0.9227,     0.9419,     2.6880, 
[115700,  0.0000039]     0.8598,     0.9308,     0.9498,     1.9460, 
[115800,  0.0000038]     0.8587,     0.9287,     0.9470,     2.0326, 
[115900,  0.0000037]     0.8641,     0.9315,     0.9495,     2.3227, 
[116000,  0.0000036]     0.8785,     0.9411,     0.9580,     1.5333, 
[116100,  0.0000035]     0.8701,     0.9358,     0.9537,     2.2499, 
[116200,  0.0000034]     0.8473,     0.9224,     0.9435,     2.2435, 
[116300,  0.0000033]     0.8512,     0.9232,     0.9443,     2.0766, 
[116400,  0.0000032]     0.8800,     0.9425,     0.9577,     1.9451, 
[116500,  0.0000032]     0.8644,     0.9346,     0.9536,     1.7524, 
[116600,  0.0000031]     0.8570,     0.9309,     0.9511,     2.1393, 
[116700,  0.0000030]     0.8524,     0.9271,     0.9475,     2.1850, 
[116800,  0.0000029]     0.8555,     0.9302,     0.9495,     1.9168, 
[116900,  0.0000028]     0.8574,     0.9290,     0.9477,     2.3152, 
[117000,  0.0000027]     0.8577,     0.9261,     0.9435,     2.6262, 
[117100,  0.0000026]     0.8650,     0.9333,     0.9514,     1.7452, 
[117200,  0.0000025]     0.8572,     0.9289,     0.9491,     2.0299, 
[117300,  0.0000025]     0.8573,     0.9306,     0.9499,     1.8396, 
[117400,  0.0000024]     0.8840,     0.9476,     0.9632,     1.3416, 
[117500,  0.0000023]     0.8602,     0.9336,     0.9520,     2.0533, 
[117600,  0.0000022]     0.8590,     0.9287,     0.9477,     1.9571, 
[117700,  0.0000021]     0.8719,     0.9369,     0.9544,     1.7239, 
[117800,  0.0000020]     0.8581,     0.9271,     0.9459,     2.2850, 
[117900,  0.0000019]     0.8605,     0.9326,     0.9511,     2.2438, 
[118000,  0.0000018]     0.8497,     0.9228,     0.9435,     2.1927, 
[118100,  0.0000018]     0.8548,     0.9287,     0.9478,     2.1790, 
[118200,  0.0000017]     0.8709,     0.9358,     0.9531,     2.0212, 
[118300,  0.0000016]     0.8599,     0.9320,     0.9506,     1.9445, 
[118400,  0.0000015]     0.8590,     0.9282,     0.9474,     1.9736, 
[118500,  0.0000014]     0.8557,     0.9234,     0.9418,     3.4152, 
[118600,  0.0000013]     0.8546,     0.9243,     0.9435,     2.5198, 
[118700,  0.0000012]     0.8519,     0.9235,     0.9428,     2.5842, 
[118800,  0.0000011]     0.8733,     0.9390,     0.9560,     1.6216, 
[118900,  0.0000011]     0.8653,     0.9326,     0.9508,     1.8989, 
[119000,  0.0000010]     0.8483,     0.9211,     0.9409,     2.7301, 
[119100,  0.0000009]     0.8634,     0.9308,     0.9486,     2.2958, 
[119200,  0.0000008]     0.8559,     0.9271,     0.9472,     2.1943, 
[119300,  0.0000007]     0.8564,     0.9275,     0.9472,     2.0217, 
[119400,  0.0000006]     0.8650,     0.9330,     0.9505,     2.0567, 
[119500,  0.0000005]     0.8700,     0.9367,     0.9534,     2.0402, 
[119600,  0.0000004]     0.8725,     0.9407,     0.9582,     1.8428, 
[119700,  0.0000004]     0.8581,     0.9307,     0.9503,     2.0781, 
[119800,  0.0000003]     0.8531,     0.9242,     0.9428,     2.4544, 
[119900,  0.0000002]     0.8662,     0.9343,     0.9533,     2.4613, 
[120000,  0.0000001]     0.8511,     0.9253,     0.9458,     2.2480, 
Validation (clean) EPE: 0.748624, 1px: 0.924080, 3px: 0.968761, 5px: 0.979305
Validation (final) EPE: 1.197604, 1px: 0.887739, 3px: 0.947056, 5px: 0.963402
