nohup: ignoring input
Parameter Count: 5257541
Training with 22232 image pairs
/home/zexin/anaconda3/envs/raft/lib/python3.7/site-packages/torch/optim/lr_scheduler.py:123: UserWarning: Detected call of `lr_scheduler.step()` before `optimizer.step()`. In PyTorch 1.1.0 and later, you should call them in the opposite order: `optimizer.step()` before `lr_scheduler.step()`.  Failure to do this will result in PyTorch skipping the first value of the learning rate schedule. See more details at https://pytorch.org/docs/stable/optim.html#how-to-adjust-learning-rate
  "https://pytorch.org/docs/stable/optim.html#how-to-adjust-learning-rate", UserWarning)
[   100,  0.0000140]     0.0957,     0.2863,     0.4083,    15.0698, 
[   200,  0.0000180]     0.1171,     0.3122,     0.4241,    15.4453, 
[   300,  0.0000220]     0.1054,     0.3062,     0.4205,    15.3485, 
[   400,  0.0000259]     0.0804,     0.2652,     0.3903,    15.8709, 
[   500,  0.0000299]     0.0894,     0.2772,     0.4155,    15.1452, 
[   600,  0.0000339]     0.0729,     0.2481,     0.3822,    15.1671, 
[   700,  0.0000379]     0.0801,     0.2671,     0.4047,    14.6868, 
[   800,  0.0000419]     0.1073,     0.3095,     0.4376,    14.3796, 
[   900,  0.0000459]     0.1108,     0.3194,     0.4501,    13.9148, 
[  1000,  0.0000499]     0.1198,     0.3142,     0.4403,    13.7142, 
[  1100,  0.0000539]     0.1383,     0.3166,     0.4366,    14.0851, 
[  1200,  0.0000579]     0.1408,     0.3360,     0.4670,    13.0391, 
[  1300,  0.0000619]     0.1547,     0.3445,     0.4622,    13.4464, 
[  1400,  0.0000659]     0.1708,     0.3576,     0.4767,    13.4739, 
[  1500,  0.0000699]     0.1551,     0.3393,     0.4611,    13.3113, 
[  1600,  0.0000739]     0.1643,     0.3655,     0.4889,    12.6269, 
[  1700,  0.0000779]     0.1697,     0.3497,     0.4693,    13.4996, 
[  1800,  0.0000819]     0.1744,     0.3812,     0.5006,    12.8803, 
[  1900,  0.0000859]     0.1679,     0.3571,     0.4873,    13.3134, 
[  2000,  0.0000899]     0.1736,     0.3736,     0.4890,    13.3484, 
[  2100,  0.0000939]     0.1795,     0.3723,     0.4838,    13.5089, 
[  2200,  0.0000979]     0.1967,     0.3890,     0.4986,    12.9724, 
[  2300,  0.0001019]     0.1723,     0.3725,     0.4896,    12.6846, 
[  2400,  0.0001059]     0.1881,     0.3947,     0.5110,    13.2000, 
[  2500,  0.0001099]     0.1845,     0.3751,     0.4867,    13.2420, 
[  2600,  0.0001139]     0.2049,     0.3937,     0.4972,    13.6967, 
[  2700,  0.0001179]     0.2132,     0.3935,     0.4952,    12.4289, 
[  2800,  0.0001219]     0.2161,     0.4097,     0.5193,    13.0720, 
[  2900,  0.0001259]     0.2256,     0.4062,     0.5130,    13.0437, 
[  3000,  0.0001299]     0.2165,     0.4081,     0.5213,    12.5822, 
[  3100,  0.0001339]     0.2230,     0.4136,     0.5134,    12.7027, 
[  3200,  0.0001379]     0.2501,     0.4516,     0.5549,    12.1115, 
[  3300,  0.0001419]     0.2265,     0.4176,     0.5277,    12.7138, 
[  3400,  0.0001459]     0.2309,     0.4195,     0.5278,    12.6064, 
[  3500,  0.0001499]     0.2555,     0.4272,     0.5352,    11.7098, 
[  3600,  0.0001539]     0.2229,     0.4142,     0.5179,    12.4817, 
[  3700,  0.0001579]     0.2441,     0.4372,     0.5414,    12.6304, 
[  3800,  0.0001619]     0.2316,     0.4139,     0.5108,    12.4800, 
[  3900,  0.0001659]     0.2355,     0.4221,     0.5283,    12.5936, 
[  4000,  0.0001699]     0.2405,     0.4245,     0.5390,    12.2602, 
[  4100,  0.0001739]     0.2730,     0.4490,     0.5524,    11.7656, 
[  4200,  0.0001778]     0.2457,     0.4190,     0.5250,    12.1042, 
[  4300,  0.0001818]     0.2543,     0.4310,     0.5320,    12.6182, 
[  4400,  0.0001858]     0.2571,     0.4307,     0.5352,    12.2495, 
[  4500,  0.0001898]     0.2628,     0.4379,     0.5273,    12.4407, 
[  4600,  0.0001938]     0.2419,     0.4275,     0.5367,    11.3727, 
[  4700,  0.0001978]     0.2663,     0.4387,     0.5402,    12.2424, 
[  4800,  0.0002018]     0.2636,     0.4263,     0.5305,    12.3471, 
[  4900,  0.0002058]     0.2720,     0.4530,     0.5579,    11.3317, 
[  5000,  0.0002098]     0.2654,     0.4541,     0.5611,    11.4541, 
Validation Chairs EPE: 15.219175
[  5100,  0.0002138]     0.2818,     0.4601,     0.5537,    11.8670, 
[  5200,  0.0002178]     0.2614,     0.4386,     0.5341,    11.7709, 
[  5300,  0.0002218]     0.2578,     0.4420,     0.5332,    12.6559, 
[  5400,  0.0002258]     0.2717,     0.4492,     0.5513,    11.6372, 
[  5500,  0.0002298]     0.2561,     0.4280,     0.5255,    12.1164, 
[  5600,  0.0002338]     0.2475,     0.4217,     0.5257,    12.5974, 
[  5700,  0.0002378]     0.2672,     0.4317,     0.5223,    11.8985, 
[  5800,  0.0002418]     0.2607,     0.4355,     0.5428,    12.0047, 
[  5900,  0.0002458]     0.2768,     0.4617,     0.5668,    11.4347, 
[  6000,  0.0002498]     0.2668,     0.4491,     0.5469,    11.9435, 
[  6100,  0.0002498]     0.2732,     0.4573,     0.5661,    11.4313, 
[  6200,  0.0002496]     0.2653,     0.4325,     0.5345,    11.7498, 
[  6300,  0.0002494]     0.2685,     0.4609,     0.5658,    11.3081, 
[  6400,  0.0002491]     0.2817,     0.4737,     0.5686,    11.5901, 
[  6500,  0.0002489]     0.2654,     0.4552,     0.5592,    11.8551, 
[  6600,  0.0002487]     0.2502,     0.4275,     0.5383,    12.3317, 
[  6700,  0.0002485]     0.2936,     0.4665,     0.5736,    11.3712, 
[  6800,  0.0002483]     0.2572,     0.4392,     0.5416,    11.7425, 
[  6900,  0.0002480]     0.2766,     0.4512,     0.5476,    11.7455, 
[  7000,  0.0002478]     0.2664,     0.4414,     0.5381,    12.0570, 
[  7100,  0.0002476]     0.2742,     0.4470,     0.5496,    11.0557, 
[  7200,  0.0002474]     0.2774,     0.4441,     0.5460,    12.2757, 
[  7300,  0.0002472]     0.2562,     0.4245,     0.5290,    11.4290, 
[  7400,  0.0002469]     0.2598,     0.4275,     0.5286,    12.1388, 
[  7500,  0.0002467]     0.2627,     0.4528,     0.5638,    11.2712, 
[  7600,  0.0002465]     0.2523,     0.4178,     0.5248,    11.9617, 
[  7700,  0.0002463]     0.2786,     0.4649,     0.5729,    10.4954, 
[  7800,  0.0002461]     0.2876,     0.4612,     0.5525,    11.3824, 
[  7900,  0.0002458]     0.2959,     0.4701,     0.5675,    11.8446, 
[  8000,  0.0002456]     0.2859,     0.4790,     0.5838,    11.1550, 
[  8100,  0.0002454]     0.2690,     0.4505,     0.5533,    11.7839, 
[  8200,  0.0002452]     0.2614,     0.4385,     0.5441,    11.7282, 
[  8300,  0.0002450]     0.2792,     0.4490,     0.5534,    11.5707, 
[  8400,  0.0002448]     0.2667,     0.4515,     0.5457,    11.8277, 
[  8500,  0.0002445]     0.2807,     0.4486,     0.5455,    11.6539, 
[  8600,  0.0002443]     0.2705,     0.4561,     0.5568,    11.5328, 
[  8700,  0.0002441]     0.2802,     0.4539,     0.5479,    12.0876, 
[  8800,  0.0002439]     0.2801,     0.4524,     0.5561,    11.9520, 
[  8900,  0.0002437]     0.2611,     0.4345,     0.5411,    12.3452, 
[  9000,  0.0002434]     0.2739,     0.4562,     0.5602,    11.5298, 
[  9100,  0.0002432]     0.2803,     0.4471,     0.5448,    11.3950, 
[  9200,  0.0002430]     0.2756,     0.4517,     0.5572,    11.5716, 
[  9300,  0.0002428]     0.2589,     0.4346,     0.5461,    10.8911, 
[  9400,  0.0002426]     0.2753,     0.4631,     0.5650,    11.2354, 
[  9500,  0.0002423]     0.2818,     0.4498,     0.5542,    11.5195, 
[  9600,  0.0002421]     0.2773,     0.4458,     0.5480,    11.0346, 
[  9700,  0.0002419]     0.2685,     0.4557,     0.5632,    11.2891, 
[  9800,  0.0002417]     0.2844,     0.4698,     0.5691,    10.8682, 
[  9900,  0.0002415]     0.2679,     0.4457,     0.5424,    11.7012, 
[ 10000,  0.0002412]     0.2842,     0.4827,     0.5726,    11.1090, 
Validation Chairs EPE: 16.997475
[ 10100,  0.0002410]     0.2799,     0.4487,     0.5466,    11.1040, 
[ 10200,  0.0002408]     0.2784,     0.4599,     0.5714,    12.0316, 
[ 10300,  0.0002406]     0.2837,     0.4702,     0.5659,    10.9046, 
[ 10400,  0.0002404]     0.2617,     0.4474,     0.5518,    11.1917, 
[ 10500,  0.0002402]     0.2821,     0.4610,     0.5644,    10.8758, 
[ 10600,  0.0002399]     0.2908,     0.4649,     0.5555,    11.1195, 
[ 10700,  0.0002397]     0.2899,     0.4627,     0.5574,    11.4369, 
[ 10800,  0.0002395]     0.2651,     0.4422,     0.5561,    10.7226, 
[ 10900,  0.0002393]     0.2487,     0.4292,     0.5407,    11.9690, 
[ 11000,  0.0002391]     0.2666,     0.4295,     0.5463,    12.2545, 
[ 11100,  0.0002388]     0.2817,     0.4539,     0.5516,    11.2920, 
[ 11200,  0.0002386]     0.2684,     0.4578,     0.5592,    11.3297, 
[ 11300,  0.0002384]     0.2648,     0.4488,     0.5444,    12.4473, 
[ 11400,  0.0002382]     0.2655,     0.4446,     0.5387,    11.8199, 
[ 11500,  0.0002380]     0.2828,     0.4625,     0.5567,    12.3218, 
[ 11600,  0.0002377]     0.2738,     0.4490,     0.5479,    11.1866, 
[ 11700,  0.0002375]     0.2588,     0.4427,     0.5496,    11.5545, 
[ 11800,  0.0002373]     0.2899,     0.4751,     0.5807,    10.9711, 
[ 11900,  0.0002371]     0.2689,     0.4407,     0.5490,    11.2920, 
[ 12000,  0.0002369]     0.2749,     0.4561,     0.5689,    10.6096, 
[ 12100,  0.0002366]     0.2921,     0.4563,     0.5492,    11.5300, 
[ 12200,  0.0002364]     0.2836,     0.4609,     0.5673,    11.3013, 
[ 12300,  0.0002362]     0.3071,     0.4836,     0.5837,    10.5167, 
[ 12400,  0.0002360]     0.2721,     0.4466,     0.5472,    11.8560, 
[ 12500,  0.0002358]     0.2724,     0.4485,     0.5406,    11.3043, 
[ 12600,  0.0002355]     0.2843,     0.4567,     0.5506,    10.6486, 
[ 12700,  0.0002353]     0.2779,     0.4543,     0.5608,    10.7487, 
[ 12800,  0.0002351]     0.2949,     0.4740,     0.5688,    11.0817, 
[ 12900,  0.0002349]     0.2662,     0.4458,     0.5587,    11.6460, 
[ 13000,  0.0002347]     0.2856,     0.4681,     0.5798,    10.8160, 
[ 13100,  0.0002345]     0.2823,     0.4526,     0.5612,    11.1773, 
[ 13200,  0.0002342]     0.2701,     0.4376,     0.5365,    12.0665, 
[ 13300,  0.0002340]     0.2753,     0.4599,     0.5606,    11.3919, 
[ 13400,  0.0002338]     0.2986,     0.4712,     0.5755,    10.9655, 
[ 13500,  0.0002336]     0.3044,     0.4859,     0.5784,    11.1826, 
[ 13600,  0.0002334]     0.2820,     0.4498,     0.5537,    11.5118, 
[ 13700,  0.0002331]     0.2818,     0.4576,     0.5646,    11.4457, 
[ 13800,  0.0002329]     0.2759,     0.4653,     0.5699,    10.9109, 
[ 13900,  0.0002327]     0.2572,     0.4325,     0.5494,    11.7708, 
[ 14000,  0.0002325]     0.2648,     0.4386,     0.5453,    11.8391, 
[ 14100,  0.0002323]     0.2834,     0.4623,     0.5680,    10.6890, 
[ 14200,  0.0002320]     0.2964,     0.4691,     0.5805,    10.8014, 
[ 14300,  0.0002318]     0.2774,     0.4636,     0.5618,    11.6505, 
[ 14400,  0.0002316]     0.2991,     0.4742,     0.5758,    11.2581, 
[ 14500,  0.0002314]     0.2890,     0.4646,     0.5682,    11.1632, 
[ 14600,  0.0002312]     0.2934,     0.4676,     0.5619,    11.3629, 
[ 14700,  0.0002309]     0.2620,     0.4602,     0.5683,    11.3317, 
[ 14800,  0.0002307]     0.2903,     0.4704,     0.5752,    10.4548, 
[ 14900,  0.0002305]     0.2818,     0.4574,     0.5646,    11.3046, 
[ 15000,  0.0002303]     0.2627,     0.4425,     0.5550,    11.5201, 
Validation Chairs EPE: 18.626688
[ 15100,  0.0002301]     0.2898,     0.4599,     0.5622,    11.0227, 
[ 15200,  0.0002299]     0.2686,     0.4525,     0.5580,    11.4118, 
[ 15300,  0.0002296]     0.2927,     0.4484,     0.5440,    12.0398, 
[ 15400,  0.0002294]     0.2812,     0.4585,     0.5510,    11.8163, 
[ 15500,  0.0002292]     0.2833,     0.4634,     0.5762,    10.5332, 
[ 15600,  0.0002290]     0.2718,     0.4574,     0.5609,    10.9723, 
[ 15700,  0.0002288]     0.2921,     0.4765,     0.5848,    10.4829, 
[ 15800,  0.0002285]     0.2778,     0.4382,     0.5416,    11.6666, 
[ 15900,  0.0002283]     0.2657,     0.4518,     0.5541,    11.1187, 
[ 16000,  0.0002281]     0.2673,     0.4353,     0.5397,    11.5708, 
[ 16100,  0.0002279]     0.2820,     0.4616,     0.5589,    11.0440, 
[ 16200,  0.0002277]     0.2756,     0.4537,     0.5518,    10.9048, 
[ 16300,  0.0002274]     0.2788,     0.4462,     0.5492,    11.1939, 
[ 16400,  0.0002272]     0.2641,     0.4478,     0.5570,    11.7799, 
[ 16500,  0.0002270]     0.2758,     0.4410,     0.5319,    11.4628, 
[ 16600,  0.0002268]     0.2845,     0.4648,     0.5701,    11.1288, 
[ 16700,  0.0002266]     0.3161,     0.4982,     0.5949,    10.6577, 
[ 16800,  0.0002263]     0.3048,     0.4764,     0.5737,    11.7071, 
[ 16900,  0.0002261]     0.2745,     0.4500,     0.5544,    11.4003, 
[ 17000,  0.0002259]     0.2984,     0.4744,     0.5730,    10.7246, 
[ 17100,  0.0002257]     0.2859,     0.4601,     0.5624,    11.6272, 
[ 17200,  0.0002255]     0.2867,     0.4657,     0.5692,    10.6695, 
[ 17300,  0.0002253]     0.2897,     0.4607,     0.5642,    10.7879, 
[ 17400,  0.0002250]     0.2862,     0.4662,     0.5708,    11.3575, 
[ 17500,  0.0002248]     0.2946,     0.4721,     0.5686,    10.9252, 
[ 17600,  0.0002246]     0.2699,     0.4580,     0.5597,    11.1465, 
[ 17700,  0.0002244]     0.2927,     0.4545,     0.5573,    11.3485, 
[ 17800,  0.0002242]     0.2790,     0.4606,     0.5574,    11.2604, 
[ 17900,  0.0002239]     0.3028,     0.4770,     0.5889,    10.6815, 
[ 18000,  0.0002237]     0.2870,     0.4557,     0.5540,    10.6252, 
[ 18100,  0.0002235]     0.2710,     0.4663,     0.5728,    11.4923, 
[ 18200,  0.0002233]     0.2847,     0.4650,     0.5674,    11.5158, 
[ 18300,  0.0002231]     0.2867,     0.4544,     0.5687,    11.0067, 
[ 18400,  0.0002228]     0.2921,     0.4670,     0.5642,    11.0539, 
[ 18500,  0.0002226]     0.2760,     0.4614,     0.5633,    11.6314, 
[ 18600,  0.0002224]     0.2669,     0.4493,     0.5549,    11.0763, 
[ 18700,  0.0002222]     0.2987,     0.4623,     0.5530,    11.1951, 
[ 18800,  0.0002220]     0.2810,     0.4424,     0.5461,    11.6071, 
[ 18900,  0.0002217]     0.2702,     0.4478,     0.5547,    11.0087, 
[ 19000,  0.0002215]     0.2646,     0.4429,     0.5435,    11.4965, 
[ 19100,  0.0002213]     0.2757,     0.4650,     0.5755,    10.8996, 
[ 19200,  0.0002211]     0.2879,     0.4623,     0.5610,    11.4044, 
[ 19300,  0.0002209]     0.2662,     0.4480,     0.5632,    11.0663, 
[ 19400,  0.0002206]     0.2652,     0.4406,     0.5493,    11.5528, 
[ 19500,  0.0002204]     0.2907,     0.4768,     0.5844,    10.5720, 
[ 19600,  0.0002202]     0.2962,     0.4627,     0.5643,    11.9131, 
[ 19700,  0.0002200]     0.2739,     0.4460,     0.5475,    11.2697, 
[ 19800,  0.0002198]     0.2811,     0.4455,     0.5437,    11.9261, 
[ 19900,  0.0002196]     0.2961,     0.4728,     0.5806,    10.8769, 
[ 20000,  0.0002193]     0.2927,     0.4554,     0.5514,    11.0379, 
Validation Chairs EPE: 22.560604
[ 20100,  0.0002191]     0.2912,     0.4600,     0.5766,    11.0522, 
[ 20200,  0.0002189]     0.2768,     0.4596,     0.5654,    10.5460, 
[ 20300,  0.0002187]     0.2758,     0.4553,     0.5520,    11.2470, 
[ 20400,  0.0002185]     0.2842,     0.4634,     0.5718,    11.2404, 
[ 20500,  0.0002182]     0.2850,     0.4683,     0.5767,    10.3890, 
[ 20600,  0.0002180]     0.2802,     0.4571,     0.5704,    10.7037, 
[ 20700,  0.0002178]     0.2668,     0.4488,     0.5550,    11.3383, 
[ 20800,  0.0002176]     0.2809,     0.4501,     0.5588,    11.1126, 
[ 20900,  0.0002174]     0.3048,     0.4690,     0.5721,    10.7393, 
[ 21000,  0.0002171]     0.3112,     0.4821,     0.5785,    11.1166, 
[ 21100,  0.0002169]     0.2890,     0.4559,     0.5537,    10.7096, 
[ 21200,  0.0002167]     0.2768,     0.4448,     0.5449,    11.1228, 
[ 21300,  0.0002165]     0.2974,     0.4763,     0.5796,    11.3270, 
[ 21400,  0.0002163]     0.2955,     0.4622,     0.5629,    11.7793, 
[ 21500,  0.0002160]     0.2850,     0.4607,     0.5655,    11.2864, 
[ 21600,  0.0002158]     0.2861,     0.4685,     0.5746,    10.5251, 
[ 21700,  0.0002156]     0.2743,     0.4469,     0.5525,    10.8448, 
[ 21800,  0.0002154]     0.2769,     0.4579,     0.5654,    10.7369, 
[ 21900,  0.0002152]     0.2950,     0.4849,     0.5897,    10.2099, 
[ 22000,  0.0002150]     0.2810,     0.4600,     0.5556,    11.9482, 
[ 22100,  0.0002147]     0.2853,     0.4557,     0.5683,    11.3769, 
[ 22200,  0.0002145]     0.2977,     0.4600,     0.5689,    10.9327, 
[ 22300,  0.0002143]     0.2849,     0.4884,     0.5931,    10.8563, 
[ 22400,  0.0002141]     0.2837,     0.4583,     0.5592,    11.0659, 
[ 22500,  0.0002139]     0.3021,     0.4703,     0.5734,    11.0499, 
[ 22600,  0.0002136]     0.3008,     0.4890,     0.5844,    10.6373, 
[ 22700,  0.0002134]     0.2738,     0.4537,     0.5503,    11.5364, 
[ 22800,  0.0002132]     0.3021,     0.4871,     0.5891,    10.4946, 
[ 22900,  0.0002130]     0.2754,     0.4581,     0.5605,    10.7913, 
[ 23000,  0.0002128]     0.2883,     0.4646,     0.5631,    10.5623, 
[ 23100,  0.0002125]     0.2767,     0.4449,     0.5464,    11.3705, 
[ 23200,  0.0002123]     0.2925,     0.4679,     0.5662,    10.8160, 
[ 23300,  0.0002121]     0.2879,     0.4568,     0.5582,    11.3449, 
[ 23400,  0.0002119]     0.2815,     0.4572,     0.5710,    11.0197, 
[ 23500,  0.0002117]     0.2666,     0.4441,     0.5477,    11.5105, 
[ 23600,  0.0002114]     0.2950,     0.4833,     0.5831,    10.4212, 
[ 23700,  0.0002112]     0.2865,     0.4614,     0.5592,    11.1808, 
[ 23800,  0.0002110]     0.2495,     0.4302,     0.5399,    11.0865, 
[ 23900,  0.0002108]     0.3013,     0.4676,     0.5775,    10.7793, 
[ 24000,  0.0002106]     0.2714,     0.4478,     0.5569,    10.2272, 
[ 24100,  0.0002104]     0.2934,     0.4736,     0.5828,    11.2584, 
[ 24200,  0.0002101]     0.2894,     0.4654,     0.5572,    10.9641, 
[ 24300,  0.0002099]     0.2740,     0.4498,     0.5533,    11.5595, 
[ 24400,  0.0002097]     0.2832,     0.4519,     0.5574,    11.0066, 
[ 24500,  0.0002095]     0.2708,     0.4669,     0.5643,    11.1175, 
[ 24600,  0.0002093]     0.2841,     0.4710,     0.5684,    11.0532, 
[ 24700,  0.0002090]     0.2940,     0.4676,     0.5772,    11.1217, 
[ 24800,  0.0002088]     0.3032,     0.4823,     0.5869,    10.6877, 
[ 24900,  0.0002086]     0.2739,     0.4678,     0.5717,    10.8231, 
[ 25000,  0.0002084]     0.2812,     0.4649,     0.5707,    10.9404, 
Validation Chairs EPE: 23.116508
[ 25100,  0.0002082]     0.2905,     0.4741,     0.5781,    10.3998, 
[ 25200,  0.0002079]     0.2905,     0.4572,     0.5566,    11.0935, 
[ 25300,  0.0002077]     0.2988,     0.4905,     0.5890,    10.2411, 
[ 25400,  0.0002075]     0.2862,     0.4513,     0.5574,    10.6714, 
[ 25500,  0.0002073]     0.2909,     0.4656,     0.5679,    10.9117, 
[ 25600,  0.0002071]     0.2883,     0.4718,     0.5730,    11.0619, 
[ 25700,  0.0002068]     0.3233,     0.5071,     0.6039,     9.5235, 
[ 25800,  0.0002066]     0.2863,     0.4586,     0.5522,    10.7097, 
[ 25900,  0.0002064]     0.2977,     0.4730,     0.5765,    10.5607, 
[ 26000,  0.0002062]     0.2912,     0.4828,     0.5921,    10.2228, 
[ 26100,  0.0002060]     0.2867,     0.4557,     0.5601,    11.0963, 
[ 26200,  0.0002057]     0.3001,     0.4747,     0.5672,    10.8926, 
[ 26300,  0.0002055]     0.2944,     0.4586,     0.5605,    11.4268, 
[ 26400,  0.0002053]     0.2724,     0.4540,     0.5660,    11.0099, 
[ 26500,  0.0002051]     0.2907,     0.4772,     0.5741,    11.0269, 
[ 26600,  0.0002049]     0.2738,     0.4559,     0.5578,    10.7608, 
[ 26700,  0.0002047]     0.2998,     0.4614,     0.5697,    11.2688, 
[ 26800,  0.0002044]     0.2716,     0.4507,     0.5569,    10.8085, 
[ 26900,  0.0002042]     0.2843,     0.4582,     0.5534,    11.3895, 
[ 27000,  0.0002040]     0.3052,     0.4877,     0.5904,    10.0519, 
[ 27100,  0.0002038]     0.2682,     0.4546,     0.5596,    10.9380, 
[ 27200,  0.0002036]     0.2889,     0.4654,     0.5807,    10.9331, 
[ 27300,  0.0002033]     0.2794,     0.4625,     0.5660,    10.8537, 
[ 27400,  0.0002031]     0.2956,     0.4783,     0.5865,    11.1439, 
[ 27500,  0.0002029]     0.2799,     0.4725,     0.5756,    10.9626, 
[ 27600,  0.0002027]     0.2705,     0.4482,     0.5556,    11.6904, 
[ 27700,  0.0002025]     0.2697,     0.4456,     0.5517,    11.5863, 
[ 27800,  0.0002022]     0.2631,     0.4400,     0.5430,    12.0952, 
[ 27900,  0.0002020]     0.2698,     0.4528,     0.5577,    11.4332, 
[ 28000,  0.0002018]     0.3041,     0.4706,     0.5743,    10.9307, 
[ 28100,  0.0002016]     0.2698,     0.4424,     0.5475,    11.2696, 
[ 28200,  0.0002014]     0.2817,     0.4740,     0.5785,    10.8159, 
[ 28300,  0.0002011]     0.2842,     0.4717,     0.5740,    10.9778, 
[ 28400,  0.0002009]     0.2923,     0.4731,     0.5746,    11.4589, 
[ 28500,  0.0002007]     0.2863,     0.4589,     0.5648,    10.8888, 
[ 28600,  0.0002005]     0.2965,     0.4761,     0.5734,    11.0722, 
[ 28700,  0.0002003]     0.2911,     0.4834,     0.5795,    10.7895, 
[ 28800,  0.0002001]     0.2762,     0.4553,     0.5592,    11.0079, 
[ 28900,  0.0001998]     0.3014,     0.4784,     0.5752,    10.6621, 
[ 29000,  0.0001996]     0.2993,     0.4815,     0.5820,    10.9748, 
[ 29100,  0.0001994]     0.2833,     0.4694,     0.5652,    10.9725, 
[ 29200,  0.0001992]     0.3017,     0.4560,     0.5603,    11.0010, 
[ 29300,  0.0001990]     0.2699,     0.4584,     0.5675,    10.9597, 
[ 29400,  0.0001987]     0.2843,     0.4695,     0.5715,    10.3872, 
[ 29500,  0.0001985]     0.2789,     0.4605,     0.5612,    11.4828, 
[ 29600,  0.0001983]     0.2555,     0.4231,     0.5246,    12.3844, 
[ 29700,  0.0001981]     0.2816,     0.4604,     0.5597,    11.2062, 
[ 29800,  0.0001979]     0.2896,     0.4793,     0.5901,     9.7517, 
[ 29900,  0.0001976]     0.2780,     0.4505,     0.5544,    11.1512, 
[ 30000,  0.0001974]     0.2932,     0.4719,     0.5732,    11.0610, 
Validation Chairs EPE: 28.252533
[ 30100,  0.0001972]     0.3030,     0.4802,     0.5838,    10.1287, 
[ 30200,  0.0001970]     0.2924,     0.4934,     0.5897,    10.3175, 
[ 30300,  0.0001968]     0.2940,     0.4677,     0.5664,    10.6659, 
[ 30400,  0.0001965]     0.2905,     0.4718,     0.5772,    11.1247, 
[ 30500,  0.0001963]     0.2858,     0.4680,     0.5724,    11.1140, 
[ 30600,  0.0001961]     0.2865,     0.4653,     0.5723,    11.1991, 
[ 30700,  0.0001959]     0.2937,     0.4769,     0.5815,    10.7570, 
[ 30800,  0.0001957]     0.2918,     0.4703,     0.5802,    10.4778, 
[ 30900,  0.0001955]     0.2875,     0.4622,     0.5645,    10.9467, 
[ 31000,  0.0001952]     0.2713,     0.4570,     0.5586,    10.7870, 
[ 31100,  0.0001950]     0.2863,     0.4507,     0.5598,    10.6047, 
[ 31200,  0.0001948]     0.2844,     0.4510,     0.5670,    11.2923, 
[ 31300,  0.0001946]     0.3004,     0.4758,     0.5791,    10.7121, 
[ 31400,  0.0001944]     0.2741,     0.4527,     0.5588,    11.5919, 
[ 31500,  0.0001941]     0.2951,     0.4516,     0.5516,    11.8214, 
[ 31600,  0.0001939]     0.2694,     0.4568,     0.5622,    10.5757, 
[ 31700,  0.0001937]     0.2788,     0.4647,     0.5624,    11.6187, 
[ 31800,  0.0001935]     0.2750,     0.4753,     0.5793,    10.7144, 
[ 31900,  0.0001933]     0.3016,     0.4874,     0.5850,    10.2009, 
[ 32000,  0.0001930]     0.3176,     0.5021,     0.5965,    10.4942, 
[ 32100,  0.0001928]     0.3068,     0.4968,     0.5989,     9.9975, 
[ 32200,  0.0001926]     0.2943,     0.4741,     0.5720,    10.3287, 
[ 32300,  0.0001924]     0.2868,     0.4711,     0.5852,    10.6484, 
[ 32400,  0.0001922]     0.2780,     0.4615,     0.5690,    10.6546, 
[ 32500,  0.0001919]     0.2692,     0.4518,     0.5527,    11.3614, 
[ 32600,  0.0001917]     0.3225,     0.5053,     0.5942,    10.6462, 
