nohup: ignoring input
Parameter Count: 5257536
Training with 22232 image pairs
/home/zexin/anaconda3/envs/raft/lib/python3.7/site-packages/torch/optim/lr_scheduler.py:123: UserWarning: Detected call of `lr_scheduler.step()` before `optimizer.step()`. In PyTorch 1.1.0 and later, you should call them in the opposite order: `optimizer.step()` before `lr_scheduler.step()`.  Failure to do this will result in PyTorch skipping the first value of the learning rate schedule. See more details at https://pytorch.org/docs/stable/optim.html#how-to-adjust-learning-rate
  "https://pytorch.org/docs/stable/optim.html#how-to-adjust-learning-rate", UserWarning)
[   100,  0.0000140]     0.0054,     0.0461,     0.1151,    24.8608, 
[   200,  0.0000180]     0.0133,     0.1041,     0.2287,    18.3321, 
[   300,  0.0000220]     0.0146,     0.1115,     0.2443,    18.2292, 
[   400,  0.0000259]     0.0145,     0.1126,     0.2470,    17.4943, 
[   500,  0.0000299]     0.0161,     0.1252,     0.2674,    17.2837, 
[   600,  0.0000339]     0.0341,     0.2054,     0.3624,    16.2032, 
[   700,  0.0000379]     0.0424,     0.2313,     0.3893,    15.6278, 
[   800,  0.0000419]     0.0443,     0.2267,     0.3658,    16.3070, 
[   900,  0.0000459]     0.0682,     0.2840,     0.4190,    15.3925, 
[  1000,  0.0000499]     0.0791,     0.2929,     0.4206,    15.8154, 
[  1100,  0.0000539]     0.0805,     0.2877,     0.4158,    15.6877, 
[  1200,  0.0000579]     0.0994,     0.3212,     0.4320,    15.5264, 
[  1300,  0.0000619]     0.1061,     0.3127,     0.4293,    15.4220, 
[  1400,  0.0000659]     0.1058,     0.3086,     0.4219,    15.1262, 
[  1500,  0.0000699]     0.1165,     0.3367,     0.4512,    15.1821, 
[  1600,  0.0000739]     0.1282,     0.3445,     0.4595,    13.8923, 
[  1700,  0.0000779]     0.1502,     0.3272,     0.4351,    14.9899, 
[  1800,  0.0000819]     0.1242,     0.3126,     0.4215,    15.1449, 
[  1900,  0.0000859]     0.1333,     0.3209,     0.4350,    14.7599, 
[  2000,  0.0000899]     0.1247,     0.3007,     0.4101,    15.2339, 
[  2100,  0.0000939]     0.1312,     0.3278,     0.4423,    14.7185, 
[  2200,  0.0000979]     0.1357,     0.3239,     0.4428,    15.2529, 
[  2300,  0.0001019]     0.1256,     0.3048,     0.4169,    15.2762, 
[  2400,  0.0001059]     0.1484,     0.3232,     0.4333,    15.5567, 
[  2500,  0.0001099]     0.1375,     0.3048,     0.4207,    15.2979, 
[  2600,  0.0001139]     0.1645,     0.3448,     0.4518,    14.8320, 
[  2700,  0.0001179]     0.1583,     0.3289,     0.4326,    15.6097, 
[  2800,  0.0001219]     0.1579,     0.3200,     0.4214,    14.9241, 
[  2900,  0.0001259]     0.1824,     0.3560,     0.4614,    14.1689, 
[  3000,  0.0001299]     0.1723,     0.3329,     0.4433,    14.5121, 
[  3100,  0.0001339]     0.1515,     0.3191,     0.4325,    14.8610, 
[  3200,  0.0001379]     0.1596,     0.3202,     0.4319,    15.8046, 
[  3300,  0.0001419]     0.1543,     0.3156,     0.4140,    15.5548, 
[  3400,  0.0001459]     0.1506,     0.3117,     0.4145,    15.5453, 
[  3500,  0.0001499]     0.1777,     0.3368,     0.4383,    14.4143, 
[  3600,  0.0001539]     0.1697,     0.3237,     0.4280,    15.3664, 
[  3700,  0.0001579]     0.1450,     0.3197,     0.4357,    15.3770, 
[  3800,  0.0001619]     0.1677,     0.3432,     0.4569,    14.8353, 
[  3900,  0.0001659]     0.1560,     0.3222,     0.4290,    15.1960, 
[  4000,  0.0001699]     0.1594,     0.3326,     0.4405,    15.1289, 
[  4100,  0.0001739]     0.1627,     0.3461,     0.4611,    15.0548, 
[  4200,  0.0001778]     0.1701,     0.3394,     0.4465,    14.6595, 
[  4300,  0.0001818]     0.1626,     0.3324,     0.4428,    15.2346, 
[  4400,  0.0001858]     0.1602,     0.3302,     0.4388,    15.2949, 
[  4500,  0.0001898]     0.1820,     0.3749,     0.4849,    14.7429, 
[  4600,  0.0001938]     0.1868,     0.3603,     0.4648,    14.2239, 
[  4700,  0.0001978]     0.1728,     0.3511,     0.4592,    13.8101, 
[  4800,  0.0002018]     0.1693,     0.3373,     0.4430,    14.6730, 
[  4900,  0.0002058]     0.1518,     0.3193,     0.4317,    15.4808, 
[  5000,  0.0002098]     0.1715,     0.3556,     0.4708,    14.4144, 
Validation Chairs EPE: 10.172533
[  5100,  0.0002138]     0.1668,     0.3422,     0.4433,    15.4483, 
[  5200,  0.0002178]     0.1843,     0.3621,     0.4582,    15.2267, 
[  5300,  0.0002218]     0.1839,     0.3511,     0.4505,    15.1979, 
[  5400,  0.0002258]     0.1942,     0.3751,     0.4773,    14.6410, 
[  5500,  0.0002298]     0.1728,     0.3482,     0.4539,    14.8549, 
[  5600,  0.0002338]     0.1833,     0.3684,     0.4626,    15.1119, 
[  5700,  0.0002378]     0.1778,     0.3487,     0.4550,    14.3857, 
[  5800,  0.0002418]     0.1549,     0.3275,     0.4328,    15.2466, 
[  5900,  0.0002458]     0.1886,     0.3571,     0.4630,    14.0601, 
[  6000,  0.0002498]     0.1794,     0.3486,     0.4509,    15.2459, 
[  6100,  0.0002498]     0.1547,     0.3401,     0.4505,    14.2863, 
[  6200,  0.0002496]     0.1780,     0.3573,     0.4521,    15.0395, 
[  6300,  0.0002494]     0.1843,     0.3490,     0.4614,    14.1353, 
[  6400,  0.0002491]     0.1884,     0.3524,     0.4589,    15.0491, 
[  6500,  0.0002489]     0.1579,     0.3334,     0.4485,    14.8888, 
[  6600,  0.0002487]     0.1807,     0.3485,     0.4636,    14.4221, 
[  6700,  0.0002485]     0.1693,     0.3447,     0.4476,    15.1000, 
[  6800,  0.0002483]     0.1911,     0.3619,     0.4685,    14.7112, 
[  6900,  0.0002480]     0.1622,     0.3423,     0.4539,    14.5535, 
[  7000,  0.0002478]     0.1808,     0.3715,     0.4783,    14.2851, 
[  7100,  0.0002476]     0.1547,     0.3355,     0.4452,    14.3141, 
[  7200,  0.0002474]     0.1834,     0.3539,     0.4668,    13.9219, 
[  7300,  0.0002472]     0.1708,     0.3370,     0.4461,    15.4143, 
[  7400,  0.0002469]     0.1698,     0.3577,     0.4691,    14.2976, 
[  7500,  0.0002467]     0.1798,     0.3442,     0.4450,    14.8941, 
[  7600,  0.0002465]     0.1601,     0.3266,     0.4282,    15.9232, 
[  7700,  0.0002463]     0.1593,     0.3220,     0.4278,    15.7571, 
[  7800,  0.0002461]     0.1920,     0.3644,     0.4674,    14.5560, 
[  7900,  0.0002458]     0.1730,     0.3479,     0.4420,    15.1782, 
[  8000,  0.0002456]     0.1810,     0.3691,     0.4826,    14.0838, 
[  8100,  0.0002454]     0.1963,     0.3640,     0.4748,    14.4918, 
[  8200,  0.0002452]     0.1840,     0.3709,     0.4780,    14.7152, 
[  8300,  0.0002450]     0.1699,     0.3497,     0.4504,    14.5771, 
[  8400,  0.0002448]     0.1826,     0.3479,     0.4466,    15.3779, 
[  8500,  0.0002445]     0.1756,     0.3445,     0.4450,    15.3296, 
[  8600,  0.0002443]     0.1732,     0.3452,     0.4585,    14.6671, 
[  8700,  0.0002441]     0.1805,     0.3676,     0.4736,    14.3537, 
[  8800,  0.0002439]     0.1992,     0.3719,     0.4780,    14.0293, 
[  8900,  0.0002437]     0.1763,     0.3413,     0.4420,    15.2716, 
[  9000,  0.0002434]     0.1701,     0.3425,     0.4455,    15.0644, 
[  9100,  0.0002432]     0.1677,     0.3414,     0.4517,    14.3525, 
[  9200,  0.0002430]     0.1776,     0.3513,     0.4665,    13.9339, 
[  9300,  0.0002428]     0.1827,     0.3402,     0.4472,    14.7270, 
[  9400,  0.0002426]     0.1922,     0.3696,     0.4714,    14.4680, 
[  9500,  0.0002423]     0.1772,     0.3334,     0.4378,    15.4524, 
[  9600,  0.0002421]     0.1851,     0.3589,     0.4625,    14.4324, 
[  9700,  0.0002419]     0.1864,     0.3535,     0.4567,    14.6500, 
[  9800,  0.0002417]     0.1740,     0.3342,     0.4440,    14.4330, 
[  9900,  0.0002415]     0.1776,     0.3463,     0.4548,    14.2088, 
[ 10000,  0.0002412]     0.1895,     0.3537,     0.4527,    14.3504, 
Validation Chairs EPE: 9.763278
[ 10100,  0.0002410]     0.1805,     0.3530,     0.4686,    14.6262, 
[ 10200,  0.0002408]     0.1753,     0.3268,     0.4407,    14.5668, 
[ 10300,  0.0002406]     0.1761,     0.3453,     0.4565,    13.9025, 
[ 10400,  0.0002404]     0.1891,     0.3617,     0.4694,    14.6218, 
[ 10500,  0.0002402]     0.1712,     0.3376,     0.4447,    15.6035, 
[ 10600,  0.0002399]     0.1905,     0.3536,     0.4634,    14.8956, 
[ 10700,  0.0002397]     0.1806,     0.3492,     0.4584,    14.1859, 
[ 10800,  0.0002395]     0.1735,     0.3386,     0.4459,    14.4149, 
[ 10900,  0.0002393]     0.1880,     0.3452,     0.4493,    15.6330, 
[ 11000,  0.0002391]     0.2035,     0.3730,     0.4742,    13.9908, 
[ 11100,  0.0002388]     0.1993,     0.3627,     0.4637,    14.9886, 
[ 11200,  0.0002386]     0.1700,     0.3331,     0.4425,    14.0096, 
[ 11300,  0.0002384]     0.1875,     0.3498,     0.4495,    14.3922, 
[ 11400,  0.0002382]     0.1713,     0.3492,     0.4639,    14.2831, 
[ 11500,  0.0002380]     0.1847,     0.3506,     0.4580,    14.4691, 
[ 11600,  0.0002377]     0.1879,     0.3373,     0.4305,    14.9151, 
[ 11700,  0.0002375]     0.1838,     0.3486,     0.4534,    14.4304, 
[ 11800,  0.0002373]     0.1981,     0.3647,     0.4651,    13.9550, 
[ 11900,  0.0002371]     0.1910,     0.3547,     0.4559,    14.7816, 
[ 12000,  0.0002369]     0.2052,     0.3579,     0.4667,    14.3296, 
[ 12100,  0.0002366]     0.1993,     0.3721,     0.4731,    14.6678, 
[ 12200,  0.0002364]     0.1943,     0.3695,     0.4620,    14.5810, 
[ 12300,  0.0002362]     0.1993,     0.3667,     0.4688,    14.5544, 
[ 12400,  0.0002360]     0.1745,     0.3381,     0.4418,    14.9101, 
[ 12500,  0.0002358]     0.2076,     0.3640,     0.4683,    13.5567, 
[ 12600,  0.0002355]     0.2100,     0.3747,     0.4745,    14.0756, 
[ 12700,  0.0002353]     0.1844,     0.3432,     0.4491,    15.1058, 
[ 12800,  0.0002351]     0.1791,     0.3419,     0.4346,    14.8674, 
[ 12900,  0.0002349]     0.2094,     0.3682,     0.4719,    14.1178, 
[ 13000,  0.0002347]     0.1820,     0.3435,     0.4450,    14.9549, 
[ 13100,  0.0002345]     0.1852,     0.3564,     0.4556,    14.5014, 
[ 13200,  0.0002342]     0.1887,     0.3626,     0.4664,    14.8609, 
[ 13300,  0.0002340]     0.1882,     0.3546,     0.4574,    14.2308, 
[ 13400,  0.0002338]     0.1825,     0.3499,     0.4562,    14.6535, 
[ 13500,  0.0002336]     0.1872,     0.3531,     0.4634,    14.8252, 
[ 13600,  0.0002334]     0.2032,     0.3639,     0.4596,    14.3553, 
[ 13700,  0.0002331]     0.1836,     0.3472,     0.4586,    13.9463, 
[ 13800,  0.0002329]     0.2088,     0.3724,     0.4789,    14.3369, 
[ 13900,  0.0002327]     0.1945,     0.3546,     0.4512,    15.3092, 
[ 14000,  0.0002325]     0.1813,     0.3465,     0.4454,    15.4924, 
[ 14100,  0.0002323]     0.2136,     0.3832,     0.4787,    13.7158, 
[ 14200,  0.0002320]     0.1946,     0.3483,     0.4487,    15.2377, 
[ 14300,  0.0002318]     0.2013,     0.3559,     0.4594,    14.9795, 
[ 14400,  0.0002316]     0.1875,     0.3436,     0.4550,    14.4222, 
[ 14500,  0.0002314]     0.1842,     0.3564,     0.4657,    14.1231, 
[ 14600,  0.0002312]     0.2102,     0.3748,     0.4681,    14.5588, 
[ 14700,  0.0002309]     0.2213,     0.3893,     0.4849,    13.8776, 
[ 14800,  0.0002307]     0.2025,     0.3576,     0.4634,    14.8022, 
[ 14900,  0.0002305]     0.2031,     0.3612,     0.4560,    14.9986, 
[ 15000,  0.0002303]     0.1916,     0.3540,     0.4589,    14.8553, 
Validation Chairs EPE: 9.000395
[ 15100,  0.0002301]     0.1955,     0.3562,     0.4647,    14.3786, 
[ 15200,  0.0002299]     0.1850,     0.3417,     0.4479,    14.2418, 
[ 15300,  0.0002296]     0.2091,     0.3661,     0.4706,    14.4868, 
[ 15400,  0.0002294]     0.2119,     0.3566,     0.4597,    14.1864, 
[ 15500,  0.0002292]     0.2065,     0.3683,     0.4714,    14.2426, 
[ 15600,  0.0002290]     0.1758,     0.3498,     0.4535,    14.9257, 
[ 15700,  0.0002288]     0.2019,     0.3765,     0.4803,    13.7701, 
[ 15800,  0.0002285]     0.1951,     0.3474,     0.4459,    15.2945, 
[ 15900,  0.0002283]     0.2000,     0.3678,     0.4746,    13.9571, 
[ 16000,  0.0002281]     0.2017,     0.3577,     0.4560,    15.0110, 
[ 16100,  0.0002279]     0.2225,     0.3851,     0.4925,    13.9067, 
[ 16200,  0.0002277]     0.2010,     0.3686,     0.4764,    13.7081, 
[ 16300,  0.0002274]     0.2070,     0.3933,     0.4963,    12.8819, 
[ 16400,  0.0002272]     0.2139,     0.3745,     0.4702,    13.7363, 
[ 16500,  0.0002270]     0.2006,     0.3489,     0.4576,    14.0384, 
[ 16600,  0.0002268]     0.1925,     0.3593,     0.4598,    14.2685, 
[ 16700,  0.0002266]     0.1912,     0.3531,     0.4472,    15.9301, 
[ 16800,  0.0002263]     0.2028,     0.3525,     0.4474,    15.5377, 
[ 16900,  0.0002261]     0.2183,     0.3912,     0.4859,    13.6372, 
[ 17000,  0.0002259]     0.2114,     0.3724,     0.4769,    14.2522, 
[ 17100,  0.0002257]     0.2006,     0.3701,     0.4724,    14.6349, 
[ 17200,  0.0002255]     0.1928,     0.3645,     0.4683,    14.7864, 
[ 17300,  0.0002253]     0.1943,     0.3622,     0.4756,    13.5839, 
[ 17400,  0.0002250]     0.1887,     0.3483,     0.4456,    14.6955, 
[ 17500,  0.0002248]     0.2014,     0.3491,     0.4598,    14.8056, 
[ 17600,  0.0002246]     0.1982,     0.3593,     0.4564,    15.1420, 
[ 17700,  0.0002244]     0.1929,     0.3487,     0.4637,    14.7630, 
[ 17800,  0.0002242]     0.2038,     0.3535,     0.4553,    14.7980, 
[ 17900,  0.0002239]     0.2066,     0.3717,     0.4748,    13.7171, 
[ 18000,  0.0002237]     0.1908,     0.3457,     0.4499,    14.4587, 
[ 18100,  0.0002235]     0.2241,     0.3638,     0.4496,    14.7264, 
[ 18200,  0.0002233]     0.2019,     0.3650,     0.4660,    14.5251, 
[ 18300,  0.0002231]     0.2067,     0.3720,     0.4713,    13.4491, 
[ 18400,  0.0002228]     0.2018,     0.3666,     0.4619,    14.7500, 
[ 18500,  0.0002226]     0.1937,     0.3577,     0.4607,    14.0010, 
[ 18600,  0.0002224]     0.2086,     0.3818,     0.4802,    13.7858, 
[ 18700,  0.0002222]     0.2048,     0.3527,     0.4559,    14.9522, 
[ 18800,  0.0002220]     0.2301,     0.3855,     0.4771,    14.7128, 
[ 18900,  0.0002217]     0.2150,     0.3613,     0.4614,    14.0827, 
[ 19000,  0.0002215]     0.2083,     0.3621,     0.4580,    14.9078, 
[ 19100,  0.0002213]     0.2229,     0.3826,     0.4941,    13.6522, 
[ 19200,  0.0002211]     0.2199,     0.3694,     0.4731,    14.1259, 
[ 19300,  0.0002209]     0.2167,     0.3886,     0.4784,    14.4500, 
[ 19400,  0.0002206]     0.2062,     0.3504,     0.4545,    14.5025, 
[ 19500,  0.0002204]     0.2063,     0.3778,     0.4743,    14.3817, 
[ 19600,  0.0002202]     0.2191,     0.3738,     0.4693,    13.9507, 
[ 19700,  0.0002200]     0.2086,     0.3752,     0.4754,    14.3389, 
[ 19800,  0.0002198]     0.2070,     0.3613,     0.4606,    14.0777, 
[ 19900,  0.0002196]     0.1940,     0.3439,     0.4481,    15.2767, 
[ 20000,  0.0002193]     0.2101,     0.3760,     0.4796,    14.3167, 
Validation Chairs EPE: 8.901296
[ 20100,  0.0002191]     0.2043,     0.3668,     0.4727,    14.2755, 
[ 20200,  0.0002189]     0.1996,     0.3471,     0.4437,    15.2428, 
[ 20300,  0.0002187]     0.1980,     0.3702,     0.4726,    14.4021, 
[ 20400,  0.0002185]     0.2133,     0.3592,     0.4505,    14.2464, 
[ 20500,  0.0002182]     0.2022,     0.3667,     0.4679,    13.2996, 
[ 20600,  0.0002180]     0.2177,     0.3680,     0.4773,    14.0133, 
[ 20700,  0.0002178]     0.2055,     0.3562,     0.4524,    14.6100, 
[ 20800,  0.0002176]     0.2299,     0.3946,     0.4911,    14.4010, 
[ 20900,  0.0002174]     0.2289,     0.3835,     0.4900,    13.5774, 
[ 21000,  0.0002171]     0.2239,     0.3967,     0.4911,    13.2607, 
[ 21100,  0.0002169]     0.2216,     0.3826,     0.4859,    13.2536, 
[ 21200,  0.0002167]     0.2111,     0.3616,     0.4608,    14.1951, 
[ 21300,  0.0002165]     0.2213,     0.3744,     0.4838,    14.4426, 
[ 21400,  0.0002163]     0.2026,     0.3808,     0.4834,    14.1616, 
[ 21500,  0.0002160]     0.2012,     0.3545,     0.4571,    14.8415, 
[ 21600,  0.0002158]     0.1808,     0.3396,     0.4391,    15.2345, 
[ 21700,  0.0002156]     0.2143,     0.3577,     0.4480,    14.7711, 
[ 21800,  0.0002154]     0.2193,     0.3910,     0.4941,    13.7859, 
[ 21900,  0.0002152]     0.2106,     0.3622,     0.4722,    14.1733, 
[ 22000,  0.0002150]     0.1835,     0.3446,     0.4484,    14.9286, 
[ 22100,  0.0002147]     0.2038,     0.3656,     0.4727,    14.3636, 
[ 22200,  0.0002145]     0.2114,     0.3677,     0.4630,    14.5268, 
[ 22300,  0.0002143]     0.2071,     0.3723,     0.4760,    14.6231, 
[ 22400,  0.0002141]     0.1852,     0.3455,     0.4516,    14.4930, 
[ 22500,  0.0002139]     0.2102,     0.3891,     0.4896,    15.0857, 
[ 22600,  0.0002136]     0.2217,     0.3646,     0.4665,    14.7643, 
[ 22700,  0.0002134]     0.2171,     0.3758,     0.4696,    15.1522, 
[ 22800,  0.0002132]     0.2087,     0.3622,     0.4657,    14.2882, 
[ 22900,  0.0002130]     0.2202,     0.3705,     0.4722,    14.0485, 
[ 23000,  0.0002128]     0.2069,     0.3556,     0.4508,    14.9403, 
[ 23100,  0.0002125]     0.2279,     0.3924,     0.4802,    14.2891, 
[ 23200,  0.0002123]     0.2030,     0.3802,     0.4822,    13.7840, 
[ 23300,  0.0002121]     0.2140,     0.3819,     0.4822,    13.8410, 
[ 23400,  0.0002119]     0.2237,     0.3780,     0.4743,    14.1950, 
[ 23500,  0.0002117]     0.2252,     0.3808,     0.4799,    13.3186, 
[ 23600,  0.0002114]     0.2310,     0.3809,     0.4729,    14.4341, 
[ 23700,  0.0002112]     0.2284,     0.3822,     0.4741,    13.4558, 
[ 23800,  0.0002110]     0.2093,     0.3752,     0.4759,    13.5645, 
[ 23900,  0.0002108]     0.2003,     0.3692,     0.4779,    14.0194, 
[ 24000,  0.0002106]     0.2075,     0.3594,     0.4601,    13.9312, 
[ 24100,  0.0002104]     0.1749,     0.3450,     0.4593,    14.6394, 
[ 24200,  0.0002101]     0.2039,     0.3719,     0.4733,    14.6533, 
[ 24300,  0.0002099]     0.2343,     0.3878,     0.4831,    13.4287, 
[ 24400,  0.0002097]     0.2148,     0.3639,     0.4670,    14.6710, 
[ 24500,  0.0002095]     0.2025,     0.3720,     0.4704,    14.2392, 
[ 24600,  0.0002093]     0.1964,     0.3665,     0.4765,    14.4631, 
[ 24700,  0.0002090]     0.2062,     0.3772,     0.4823,    14.2468, 
[ 24800,  0.0002088]     0.1947,     0.3586,     0.4578,    14.7127, 
[ 24900,  0.0002086]     0.2181,     0.3654,     0.4534,    15.1604, 
[ 25000,  0.0002084]     0.2033,     0.3761,     0.4838,    14.5195, 
Validation Chairs EPE: 8.699055
[ 25100,  0.0002082]     0.2208,     0.3796,     0.4819,    14.0194, 
[ 25200,  0.0002079]     0.2075,     0.3595,     0.4547,    14.5283, 
[ 25300,  0.0002077]     0.2227,     0.3729,     0.4709,    14.0646, 
[ 25400,  0.0002075]     0.2315,     0.3862,     0.4895,    14.1656, 
[ 25500,  0.0002073]     0.2289,     0.3761,     0.4852,    14.2695, 
[ 25600,  0.0002071]     0.2093,     0.3642,     0.4751,    14.5604, 
[ 25700,  0.0002068]     0.2036,     0.3662,     0.4677,    14.5315, 
[ 25800,  0.0002066]     0.2034,     0.3695,     0.4747,    14.3161, 
[ 25900,  0.0002064]     0.1989,     0.3642,     0.4630,    14.4250, 
[ 26000,  0.0002062]     0.2029,     0.3624,     0.4625,    13.7437, 
[ 26100,  0.0002060]     0.2104,     0.3641,     0.4604,    15.2046, 
[ 26200,  0.0002057]     0.2183,     0.3832,     0.4739,    14.7761, 
[ 26300,  0.0002055]     0.2134,     0.3622,     0.4552,    14.7630, 
[ 26400,  0.0002053]     0.2231,     0.3899,     0.4893,    14.6874, 
[ 26500,  0.0002051]     0.2193,     0.3678,     0.4702,    14.4521, 
[ 26600,  0.0002049]     0.2127,     0.3674,     0.4696,    13.7902, 
[ 26700,  0.0002047]     0.2041,     0.3670,     0.4719,    14.2628, 
[ 26800,  0.0002044]     0.2011,     0.3697,     0.4684,    14.4909, 
[ 26900,  0.0002042]     0.1942,     0.3703,     0.4715,    15.1653, 
[ 27000,  0.0002040]     0.2265,     0.3955,     0.4999,    13.1976, 
[ 27100,  0.0002038]     0.2274,     0.3799,     0.4749,    14.1254, 
[ 27200,  0.0002036]     0.2261,     0.3823,     0.4895,    13.8615, 
[ 27300,  0.0002033]     0.2057,     0.3766,     0.4757,    14.5884, 
[ 27400,  0.0002031]     0.2075,     0.3746,     0.4791,    13.8548, 
[ 27500,  0.0002029]     0.2214,     0.3718,     0.4722,    14.6481, 
[ 27600,  0.0002027]     0.2155,     0.3655,     0.4655,    14.0868, 
[ 27700,  0.0002025]     0.2154,     0.3811,     0.4920,    13.7414, 
[ 27800,  0.0002022]     0.2111,     0.3671,     0.4682,    13.5607, 
[ 27900,  0.0002020]     0.2119,     0.3704,     0.4667,    14.9028, 
[ 28000,  0.0002018]     0.2145,     0.3699,     0.4712,    14.2961, 
[ 28100,  0.0002016]     0.2236,     0.3735,     0.4745,    13.5199, 
[ 28200,  0.0002014]     0.2088,     0.3817,     0.4777,    13.7638, 
[ 28300,  0.0002011]     0.2187,     0.3759,     0.4775,    14.1771, 
[ 28400,  0.0002009]     0.2063,     0.3741,     0.4881,    14.5279, 
[ 28500,  0.0002007]     0.2051,     0.3594,     0.4628,    14.9647, 
[ 28600,  0.0002005]     0.2107,     0.3855,     0.4855,    14.3590, 
[ 28700,  0.0002003]     0.2103,     0.3743,     0.4662,    14.0996, 
[ 28800,  0.0002001]     0.2135,     0.3758,     0.4749,    14.6555, 
[ 28900,  0.0001998]     0.2080,     0.3737,     0.4715,    14.7768, 
[ 29000,  0.0001996]     0.2155,     0.3857,     0.4858,    13.4368, 
[ 29100,  0.0001994]     0.1980,     0.3549,     0.4664,    14.1983, 
[ 29200,  0.0001992]     0.2199,     0.3792,     0.4765,    13.9726, 
[ 29300,  0.0001990]     0.2373,     0.3936,     0.4883,    13.7221, 
[ 29400,  0.0001987]     0.2294,     0.4004,     0.5021,    13.1397, 
[ 29500,  0.0001985]     0.2149,     0.3628,     0.4692,    14.6416, 
[ 29600,  0.0001983]     0.2305,     0.3919,     0.4916,    14.3429, 
[ 29700,  0.0001981]     0.2113,     0.3662,     0.4670,    14.3055, 
[ 29800,  0.0001979]     0.2005,     0.3624,     0.4651,    14.0743, 
[ 29900,  0.0001976]     0.2233,     0.3760,     0.4814,    14.4044, 
[ 30000,  0.0001974]     0.1971,     0.3560,     0.4531,    14.7653, 
Validation Chairs EPE: 8.569678
[ 30100,  0.0001972]     0.2031,     0.3597,     0.4591,    14.8618, 
[ 30200,  0.0001970]     0.2287,     0.3790,     0.4807,    13.9310, 
[ 30300,  0.0001968]     0.2238,     0.3818,     0.4703,    14.5261, 
[ 30400,  0.0001965]     0.2070,     0.3787,     0.4693,    14.1047, 
[ 30500,  0.0001963]     0.2397,     0.3942,     0.4983,    13.9841, 
[ 30600,  0.0001961]     0.2095,     0.3624,     0.4499,    14.3342, 
[ 30700,  0.0001959]     0.2211,     0.3919,     0.4940,    14.1218, 
[ 30800,  0.0001957]     0.2140,     0.3737,     0.4736,    14.3064, 
[ 30900,  0.0001955]     0.2035,     0.3540,     0.4596,    14.7978, 
[ 31000,  0.0001952]     0.2030,     0.3706,     0.4738,    14.0787, 
[ 31100,  0.0001950]     0.2585,     0.4105,     0.5014,    13.2068, 
[ 31200,  0.0001948]     0.2202,     0.3676,     0.4626,    14.2192, 
[ 31300,  0.0001946]     0.2046,     0.3671,     0.4611,    14.7661, 
[ 31400,  0.0001944]     0.2146,     0.3746,     0.4724,    13.8370, 
[ 31500,  0.0001941]     0.2180,     0.3788,     0.4823,    13.6331, 
[ 31600,  0.0001939]     0.1991,     0.3569,     0.4550,    14.1686, 
[ 31700,  0.0001937]     0.2102,     0.3762,     0.4756,    15.0587, 
[ 31800,  0.0001935]     0.2311,     0.3900,     0.4889,    13.8545, 
[ 31900,  0.0001933]     0.2083,     0.3836,     0.4837,    14.5256, 
[ 32000,  0.0001930]     0.2144,     0.3794,     0.4809,    14.4165, 
[ 32100,  0.0001928]     0.2169,     0.3718,     0.4719,    14.1820, 
[ 32200,  0.0001926]     0.2106,     0.3761,     0.4669,    13.9483, 
[ 32300,  0.0001924]     0.2151,     0.3639,     0.4626,    14.6883, 
[ 32400,  0.0001922]     0.2103,     0.3655,     0.4613,    14.8432, 
[ 32500,  0.0001919]     0.2158,     0.3809,     0.4783,    14.1408, 
[ 32600,  0.0001917]     0.2166,     0.3858,     0.4972,    13.3460, 
[ 32700,  0.0001915]     0.2291,     0.3766,     0.4686,    14.7503, 
[ 32800,  0.0001913]     0.2073,     0.3641,     0.4679,    14.4139, 
[ 32900,  0.0001911]     0.2374,     0.3797,     0.4704,    14.2408, 
[ 33000,  0.0001908]     0.2395,     0.4081,     0.4993,    13.4217, 
[ 33100,  0.0001906]     0.2241,     0.3875,     0.4856,    15.9189, 
[ 33200,  0.0001904]     0.2009,     0.3675,     0.4758,    14.6461, 
[ 33300,  0.0001902]     0.2092,     0.3571,     0.4623,    14.8150, 
[ 33400,  0.0001900]     0.2342,     0.3931,     0.5027,    13.6580, 
[ 33500,  0.0001898]     0.2098,     0.3615,     0.4584,    14.7999, 
[ 33600,  0.0001895]     0.2129,     0.3742,     0.4674,    14.5312, 
[ 33700,  0.0001893]     0.2331,     0.3878,     0.4830,    14.0505, 
[ 33800,  0.0001891]     0.2301,     0.3995,     0.5046,    13.5976, 
[ 33900,  0.0001889]     0.1975,     0.3661,     0.4631,    14.5435, 
[ 34000,  0.0001887]     0.2269,     0.3706,     0.4686,    14.5198, 
[ 34100,  0.0001884]     0.2120,     0.3664,     0.4683,    14.3754, 
[ 34200,  0.0001882]     0.2151,     0.3729,     0.4751,    13.8987, 
[ 34300,  0.0001880]     0.2343,     0.3894,     0.4831,    14.5972, 
[ 34400,  0.0001878]     0.2264,     0.3807,     0.4830,    13.9321, 
[ 34500,  0.0001876]     0.1989,     0.3480,     0.4482,    15.3222, 
[ 34600,  0.0001873]     0.2344,     0.3954,     0.4905,    14.1507, 
[ 34700,  0.0001871]     0.2359,     0.3974,     0.4934,    13.0789, 
[ 34800,  0.0001869]     0.2209,     0.3734,     0.4661,    14.1595, 
[ 34900,  0.0001867]     0.2065,     0.3593,     0.4659,    14.1974, 
[ 35000,  0.0001865]     0.2144,     0.3734,     0.4788,    13.8517, 
Validation Chairs EPE: 8.440136
[ 35100,  0.0001862]     0.2327,     0.3962,     0.4870,    14.8862, 
[ 35200,  0.0001860]     0.2079,     0.3682,     0.4748,    14.4494, 
[ 35300,  0.0001858]     0.2199,     0.3867,     0.4949,    13.6679, 
[ 35400,  0.0001856]     0.2238,     0.3862,     0.4841,    14.2970, 
[ 35500,  0.0001854]     0.2020,     0.3455,     0.4470,    14.7329, 
[ 35600,  0.0001852]     0.2037,     0.3606,     0.4565,    14.5479, 
[ 35700,  0.0001849]     0.2287,     0.3822,     0.4848,    13.3648, 
[ 35800,  0.0001847]     0.2205,     0.3888,     0.4943,    13.5574, 
[ 35900,  0.0001845]     0.2162,     0.3665,     0.4703,    14.6371, 
[ 36000,  0.0001843]     0.2009,     0.3725,     0.4762,    14.6749, 
[ 36100,  0.0001841]     0.2281,     0.3867,     0.4864,    13.8704, 
[ 36200,  0.0001838]     0.2368,     0.3883,     0.4818,    14.0647, 
[ 36300,  0.0001836]     0.2129,     0.3711,     0.4553,    14.9510, 
[ 36400,  0.0001834]     0.2277,     0.3887,     0.4883,    14.1596, 
[ 36500,  0.0001832]     0.2213,     0.3816,     0.4819,    13.5366, 
[ 36600,  0.0001830]     0.2234,     0.3718,     0.4674,    14.7336, 
[ 36700,  0.0001827]     0.2189,     0.3652,     0.4671,    14.7476, 
[ 36800,  0.0001825]     0.2322,     0.3902,     0.4920,    13.8138, 
[ 36900,  0.0001823]     0.2385,     0.3994,     0.4969,    13.2397, 
[ 37000,  0.0001821]     0.2345,     0.3821,     0.4715,    14.3925, 
[ 37100,  0.0001819]     0.2210,     0.3663,     0.4634,    14.8806, 
[ 37200,  0.0001816]     0.2074,     0.3666,     0.4637,    15.1396, 
[ 37300,  0.0001814]     0.1980,     0.3703,     0.4679,    14.6972, 
[ 37400,  0.0001812]     0.2298,     0.3973,     0.5039,    13.8177, 
[ 37500,  0.0001810]     0.2113,     0.3629,     0.4592,    14.3099, 
[ 37600,  0.0001808]     0.2145,     0.3683,     0.4557,    15.0808, 
[ 37700,  0.0001806]     0.2216,     0.3772,     0.4798,    13.8753, 
[ 37800,  0.0001803]     0.2355,     0.3918,     0.4902,    13.2383, 
[ 37900,  0.0001801]     0.2016,     0.3747,     0.4802,    14.3007, 
[ 38000,  0.0001799]     0.2292,     0.3951,     0.4905,    13.4153, 
[ 38100,  0.0001797]     0.2069,     0.3564,     0.4719,    15.0845, 
[ 38200,  0.0001795]     0.2155,     0.3766,     0.4774,    14.3042, 
[ 38300,  0.0001792]     0.2149,     0.3719,     0.4744,    14.8027, 
[ 38400,  0.0001790]     0.2116,     0.3814,     0.4814,    14.1942, 
[ 38500,  0.0001788]     0.2134,     0.3746,     0.4807,    14.2016, 
[ 38600,  0.0001786]     0.2058,     0.3729,     0.4728,    14.1084, 
[ 38700,  0.0001784]     0.2178,     0.3721,     0.4696,    14.0186, 
[ 38800,  0.0001781]     0.1992,     0.3663,     0.4737,    15.4139, 
[ 38900,  0.0001779]     0.2324,     0.3907,     0.4859,    13.7798, 
[ 39000,  0.0001777]     0.2307,     0.3933,     0.4951,    13.6004, 
[ 39100,  0.0001775]     0.2102,     0.3659,     0.4671,    14.3083, 
[ 39200,  0.0001773]     0.2225,     0.3937,     0.4975,    14.0183, 
[ 39300,  0.0001770]     0.2088,     0.3649,     0.4657,    14.4273, 
[ 39400,  0.0001768]     0.2290,     0.3927,     0.4893,    13.8415, 
[ 39500,  0.0001766]     0.2074,     0.3770,     0.4717,    14.2954, 
[ 39600,  0.0001764]     0.2399,     0.4077,     0.5074,    13.8330, 
[ 39700,  0.0001762]     0.2323,     0.3980,     0.4885,    14.3185, 
[ 39800,  0.0001760]     0.2111,     0.3813,     0.4791,    14.1992, 
[ 39900,  0.0001757]     0.2337,     0.3962,     0.4971,    12.8166, 
[ 40000,  0.0001755]     0.2311,     0.3817,     0.4694,    14.8109, 
Validation Chairs EPE: 8.513241
[ 40100,  0.0001753]     0.2209,     0.3775,     0.4778,    13.9348, 
[ 40200,  0.0001751]     0.2403,     0.4027,     0.5007,    13.6189, 
[ 40300,  0.0001749]     0.2110,     0.3829,     0.4843,    13.5528, 
[ 40400,  0.0001746]     0.2120,     0.3728,     0.4707,    14.8597, 
[ 40500,  0.0001744]     0.2224,     0.3898,     0.4920,    13.9014, 
[ 40600,  0.0001742]     0.2072,     0.3483,     0.4452,    14.9290, 
[ 40700,  0.0001740]     0.2072,     0.3599,     0.4637,    14.8748, 
[ 40800,  0.0001738]     0.2379,     0.4000,     0.4894,    13.9758, 
[ 40900,  0.0001735]     0.2027,     0.3613,     0.4567,    15.0681, 
[ 41000,  0.0001733]     0.1977,     0.3528,     0.4562,    14.9747, 
[ 41100,  0.0001731]     0.2380,     0.4025,     0.5003,    13.4024, 
[ 41200,  0.0001729]     0.2027,     0.3621,     0.4532,    14.6381, 
[ 41300,  0.0001727]     0.2526,     0.4016,     0.4884,    13.5396, 
[ 41400,  0.0001724]     0.2111,     0.3665,     0.4643,    14.2410, 
[ 41500,  0.0001722]     0.2019,     0.3664,     0.4759,    14.7596, 
[ 41600,  0.0001720]     0.2085,     0.3602,     0.4618,    14.2375, 
[ 41700,  0.0001718]     0.2117,     0.3648,     0.4640,    14.1188, 
[ 41800,  0.0001716]     0.2129,     0.3556,     0.4542,    14.4768, 
[ 41900,  0.0001713]     0.2270,     0.3829,     0.4846,    13.9182, 
[ 42000,  0.0001711]     0.2224,     0.3859,     0.4888,    14.2602, 
[ 42100,  0.0001709]     0.2246,     0.3697,     0.4627,    14.5587, 
[ 42200,  0.0001707]     0.2158,     0.3790,     0.4822,    14.3725, 
[ 42300,  0.0001705]     0.2145,     0.3802,     0.4884,    13.3862, 
[ 42400,  0.0001703]     0.2342,     0.4046,     0.5020,    13.0667, 
[ 42500,  0.0001700]     0.2267,     0.3861,     0.4934,    13.4822, 
[ 42600,  0.0001698]     0.2282,     0.3719,     0.4741,    14.5281, 
[ 42700,  0.0001696]     0.2186,     0.3808,     0.4726,    14.3956, 
[ 42800,  0.0001694]     0.2151,     0.3501,     0.4466,    14.6764, 
[ 42900,  0.0001692]     0.2274,     0.3849,     0.4958,    13.6319, 
[ 43000,  0.0001689]     0.2179,     0.3902,     0.4994,    14.1528, 
[ 43100,  0.0001687]     0.2073,     0.3594,     0.4584,    14.9502, 
[ 43200,  0.0001685]     0.2157,     0.3709,     0.4688,    13.8749, 
[ 43300,  0.0001683]     0.2351,     0.3983,     0.5000,    13.5605, 
[ 43400,  0.0001681]     0.2121,     0.3756,     0.4710,    14.1987, 
[ 43500,  0.0001678]     0.2241,     0.3856,     0.4757,    14.5864, 
[ 43600,  0.0001676]     0.2300,     0.3891,     0.4798,    14.4023, 
[ 43700,  0.0001674]     0.2324,     0.3906,     0.4975,    13.5785, 
[ 43800,  0.0001672]     0.2145,     0.3740,     0.4680,    14.3272, 
[ 43900,  0.0001670]     0.2362,     0.3889,     0.4896,    13.8458, 
[ 44000,  0.0001667]     0.2055,     0.3629,     0.4609,    14.4777, 
[ 44100,  0.0001665]     0.2187,     0.3781,     0.4859,    14.0239, 
[ 44200,  0.0001663]     0.2011,     0.3732,     0.4801,    14.5253, 
[ 44300,  0.0001661]     0.2424,     0.3973,     0.4847,    13.4313, 
[ 44400,  0.0001659]     0.2213,     0.3743,     0.4732,    14.4839, 
[ 44500,  0.0001657]     0.2083,     0.3717,     0.4684,    14.3771, 
[ 44600,  0.0001654]     0.2232,     0.3911,     0.4928,    13.8256, 
[ 44700,  0.0001652]     0.2248,     0.3721,     0.4780,    14.5177, 
[ 44800,  0.0001650]     0.2311,     0.3905,     0.4887,    14.0259, 
[ 44900,  0.0001648]     0.2189,     0.3897,     0.4853,    13.8407, 
[ 45000,  0.0001646]     0.2214,     0.3791,     0.4687,    14.2456, 
Validation Chairs EPE: 8.492863
[ 45100,  0.0001643]     0.2187,     0.3705,     0.4719,    13.9520, 
[ 45200,  0.0001641]     0.2136,     0.3770,     0.4801,    13.5377, 
[ 45300,  0.0001639]     0.2342,     0.3920,     0.4759,    13.8639, 
[ 45400,  0.0001637]     0.2449,     0.3960,     0.4841,    14.2873, 
[ 45500,  0.0001635]     0.2075,     0.3666,     0.4669,    13.8649, 
[ 45600,  0.0001632]     0.2198,     0.3820,     0.4725,    14.7642, 
[ 45700,  0.0001630]     0.2356,     0.4003,     0.4990,    13.0273, 
