nohup: ignoring input
Parameter Count: 42600909
Training with 22232 image pairs
/home/zexin/anaconda3/envs/raft/lib/python3.7/site-packages/torch/optim/lr_scheduler.py:123: UserWarning: Detected call of `lr_scheduler.step()` before `optimizer.step()`. In PyTorch 1.1.0 and later, you should call them in the opposite order: `optimizer.step()` before `lr_scheduler.step()`.  Failure to do this will result in PyTorch skipping the first value of the learning rate schedule. See more details at https://pytorch.org/docs/stable/optim.html#how-to-adjust-learning-rate
  "https://pytorch.org/docs/stable/optim.html#how-to-adjust-learning-rate", UserWarning)
[   100,  0.0000140]     0.0366,     0.2120,     0.3605,    15.5604, 
[   200,  0.0000180]     0.0501,     0.2621,     0.4062,    15.0854, 
[   300,  0.0000220]     0.0322,     0.2022,     0.3740,    14.3257, 
[   400,  0.0000259]     0.0310,     0.2054,     0.3866,    14.0342, 
[   500,  0.0000299]     0.0421,     0.2543,     0.4394,    12.8581, 
[   600,  0.0000339]     0.0491,     0.2786,     0.4634,    12.9504, 
[   700,  0.0000379]     0.0627,     0.3215,     0.5020,    11.6422, 
[   800,  0.0000419]     0.0741,     0.3427,     0.5142,    11.6473, 
[   900,  0.0000459]     0.1144,     0.4336,     0.5933,     9.8202, 
[  1000,  0.0000499]     0.1496,     0.4805,     0.6277,     9.7356, 
[  1100,  0.0000539]     0.1798,     0.5091,     0.6429,    10.0052, 
[  1200,  0.0000579]     0.1827,     0.5236,     0.6593,     9.5798, 
[  1300,  0.0000619]     0.2435,     0.5743,     0.6914,     9.2634, 
[  1400,  0.0000659]     0.2719,     0.6063,     0.7162,     8.6420, 
[  1500,  0.0000699]     0.3108,     0.6401,     0.7413,     7.9815, 
[  1600,  0.0000739]     0.3467,     0.6676,     0.7623,     7.4462, 
[  1700,  0.0000779]     0.4087,     0.7014,     0.7848,     6.9002, 
[  1800,  0.0000819]     0.3975,     0.6956,     0.7758,     7.8914, 
[  1900,  0.0000859]     0.4570,     0.7327,     0.8078,     6.4376, 
[  2000,  0.0000899]     0.4850,     0.7352,     0.8048,     7.0156, 
[  2100,  0.0000939]     0.4930,     0.7487,     0.8195,     6.2110, 
[  2200,  0.0000979]     0.5127,     0.7473,     0.8103,     7.2214, 
[  2300,  0.0001019]     0.5310,     0.7656,     0.8288,     6.1948, 
[  2400,  0.0001059]     0.5341,     0.7727,     0.8359,     5.7720, 
[  2500,  0.0001099]     0.5454,     0.7721,     0.8307,     6.1017, 
[  2600,  0.0001139]     0.5673,     0.7906,     0.8470,     5.6339, 
[  2700,  0.0001179]     0.5748,     0.7861,     0.8413,     5.9628, 
[  2800,  0.0001219]     0.5731,     0.7867,     0.8429,     5.7605, 
[  2900,  0.0001259]     0.5890,     0.7966,     0.8492,     6.1630, 
[  3000,  0.0001299]     0.5968,     0.7982,     0.8515,     5.4321, 
[  3100,  0.0001339]     0.5900,     0.7923,     0.8458,     5.9331, 
[  3200,  0.0001379]     0.6016,     0.7992,     0.8514,     5.4309, 
[  3300,  0.0001419]     0.6159,     0.8140,     0.8651,     4.6747, 
[  3400,  0.0001459]     0.6081,     0.8049,     0.8556,     5.5730, 
[  3500,  0.0001499]     0.6299,     0.8203,     0.8681,     5.0863, 
[  3600,  0.0001539]     0.6139,     0.8031,     0.8527,     5.9539, 
[  3700,  0.0001579]     0.6332,     0.8204,     0.8684,     5.0427, 
[  3800,  0.0001619]     0.6597,     0.8300,     0.8744,     5.0396, 
[  3900,  0.0001659]     0.6431,     0.8238,     0.8704,     4.8857, 
[  4000,  0.0001699]     0.6439,     0.8240,     0.8702,     5.0078, 
[  4100,  0.0001739]     0.6501,     0.8281,     0.8741,     4.8364, 
[  4200,  0.0001778]     0.6558,     0.8293,     0.8742,     4.9414, 
[  4300,  0.0001818]     0.6453,     0.8272,     0.8726,     4.8184, 
[  4400,  0.0001858]     0.6490,     0.8291,     0.8738,     4.6933, 
[  4500,  0.0001898]     0.6557,     0.8307,     0.8742,     5.0611, 
[  4600,  0.0001938]     0.6664,     0.8392,     0.8812,     4.4673, 
[  4700,  0.0001978]     0.6745,     0.8393,     0.8804,     4.4766, 
[  4800,  0.0002018]     0.6732,     0.8426,     0.8848,     4.6113, 
[  4900,  0.0002058]     0.6733,     0.8374,     0.8779,     5.2480, 
[  5000,  0.0002098]     0.6662,     0.8390,     0.8797,     4.6110, 
Validation Chairs EPE: 2.813939
[  5100,  0.0002138]     0.6764,     0.8484,     0.8895,     4.2406, 
[  5200,  0.0002178]     0.6921,     0.8531,     0.8904,     4.4995, 
[  5300,  0.0002218]     0.6858,     0.8543,     0.8935,     3.9498, 
[  5400,  0.0002258]     0.6764,     0.8405,     0.8823,     4.5763, 
[  5500,  0.0002298]     0.6807,     0.8486,     0.8875,     4.5486, 
[  5600,  0.0002338]     0.6834,     0.8504,     0.8897,     4.3020, 
[  5700,  0.0002378]     0.6940,     0.8563,     0.8953,     3.9879, 
[  5800,  0.0002418]     0.6810,     0.8483,     0.8881,     4.3441, 
[  5900,  0.0002458]     0.6856,     0.8524,     0.8903,     4.5808, 
[  6000,  0.0002498]     0.7002,     0.8637,     0.9000,     3.9724, 
[  6100,  0.0002498]     0.6965,     0.8607,     0.8988,     3.7328, 
[  6200,  0.0002496]     0.6936,     0.8582,     0.8962,     4.0602, 
[  6300,  0.0002494]     0.6978,     0.8581,     0.8946,     4.3134, 
[  6400,  0.0002491]     0.6956,     0.8610,     0.8980,     4.2593, 
[  6500,  0.0002489]     0.6947,     0.8553,     0.8924,     4.2580, 
[  6600,  0.0002487]     0.7110,     0.8654,     0.9004,     3.8365, 
[  6700,  0.0002485]     0.7046,     0.8614,     0.8974,     4.0226, 
[  6800,  0.0002483]     0.6944,     0.8556,     0.8936,     4.1558, 
[  6900,  0.0002480]     0.6946,     0.8540,     0.8911,     4.5979, 
[  7000,  0.0002478]     0.6898,     0.8601,     0.8983,     3.9469, 
[  7100,  0.0002476]     0.7057,     0.8631,     0.8983,     4.5421, 
[  7200,  0.0002474]     0.6989,     0.8608,     0.8970,     4.2705, 
[  7300,  0.0002472]     0.7134,     0.8680,     0.9026,     3.9135, 
[  7400,  0.0002469]     0.7129,     0.8697,     0.9058,     3.8440, 
[  7500,  0.0002467]     0.7089,     0.8668,     0.9017,     4.1427, 
[  7600,  0.0002465]     0.6986,     0.8599,     0.8966,     4.0874, 
[  7700,  0.0002463]     0.7144,     0.8705,     0.9051,     3.8041, 
[  7800,  0.0002461]     0.7118,     0.8704,     0.9058,     3.6876, 
[  7900,  0.0002458]     0.7208,     0.8729,     0.9064,     3.7097, 
[  8000,  0.0002456]     0.7089,     0.8686,     0.9037,     3.6486, 
[  8100,  0.0002454]     0.7165,     0.8712,     0.9057,     3.9085, 
[  8200,  0.0002452]     0.7218,     0.8770,     0.9102,     3.4478, 
[  8300,  0.0002450]     0.7199,     0.8703,     0.9034,     3.9177, 
[  8400,  0.0002448]     0.7290,     0.8798,     0.9107,     3.7561, 
[  8500,  0.0002445]     0.7197,     0.8747,     0.9082,     3.8692, 
[  8600,  0.0002443]     0.7145,     0.8720,     0.9066,     3.8641, 
[  8700,  0.0002441]     0.7257,     0.8796,     0.9114,     3.5830, 
[  8800,  0.0002439]     0.7200,     0.8756,     0.9084,     3.5661, 
[  8900,  0.0002437]     0.7213,     0.8758,     0.9086,     3.6715, 
[  9000,  0.0002434]     0.7239,     0.8764,     0.9089,     3.9370, 
[  9100,  0.0002432]     0.7214,     0.8733,     0.9061,     4.0401, 
[  9200,  0.0002430]     0.7352,     0.8807,     0.9120,     3.3780, 
[  9300,  0.0002428]     0.7285,     0.8848,     0.9172,     3.0541, 
[  9400,  0.0002426]     0.7276,     0.8796,     0.9127,     3.3919, 
[  9500,  0.0002423]     0.7309,     0.8805,     0.9129,     3.3820, 
[  9600,  0.0002421]     0.7384,     0.8856,     0.9159,     3.2965, 
[  9700,  0.0002419]     0.7355,     0.8903,     0.9209,     3.2302, 
[  9800,  0.0002417]     0.7420,     0.8916,     0.9208,     3.2954, 
[  9900,  0.0002415]     0.7354,     0.8825,     0.9134,     3.6996, 
[ 10000,  0.0002412]     0.7207,     0.8716,     0.9037,     3.8802, 
Validation Chairs EPE: 2.037035
[ 10100,  0.0002410]     0.7517,     0.8919,     0.9212,     3.1941, 
[ 10200,  0.0002408]     0.7320,     0.8822,     0.9145,     3.4132, 
[ 10300,  0.0002406]     0.7558,     0.8959,     0.9250,     3.1070, 
[ 10400,  0.0002404]     0.7415,     0.8873,     0.9169,     3.2205, 
[ 10500,  0.0002402]     0.7409,     0.8871,     0.9175,     3.3961, 
[ 10600,  0.0002399]     0.7494,     0.8959,     0.9239,     3.1413, 
[ 10700,  0.0002397]     0.7487,     0.8940,     0.9230,     2.9137, 
[ 10800,  0.0002395]     0.7487,     0.8936,     0.9227,     3.2297, 
[ 10900,  0.0002393]     0.7442,     0.8893,     0.9194,     3.4697, 
[ 11000,  0.0002391]     0.7407,     0.8866,     0.9172,     3.3826, 
[ 11100,  0.0002388]     0.7424,     0.8896,     0.9207,     3.1216, 
[ 11200,  0.0002386]     0.7538,     0.8945,     0.9231,     2.9880, 
[ 11300,  0.0002384]     0.7530,     0.8970,     0.9257,     2.9910, 
[ 11400,  0.0002382]     0.7492,     0.8925,     0.9220,     3.0992, 
[ 11500,  0.0002380]     0.7449,     0.8908,     0.9205,     3.1480, 
[ 11600,  0.0002377]     0.7573,     0.8991,     0.9277,     2.9131, 
[ 11700,  0.0002375]     0.7460,     0.8921,     0.9215,     3.1406, 
[ 11800,  0.0002373]     0.7499,     0.8984,     0.9269,     3.0479, 
[ 11900,  0.0002371]     0.7330,     0.8813,     0.9120,     3.7965, 
[ 12000,  0.0002369]     0.7360,     0.8860,     0.9178,     3.2842, 
[ 12100,  0.0002366]     0.7442,     0.8943,     0.9233,     2.9968, 
[ 12200,  0.0002364]     0.7505,     0.8968,     0.9263,     2.9027, 
[ 12300,  0.0002362]     0.7563,     0.8974,     0.9251,     2.9065, 
[ 12400,  0.0002360]     0.7529,     0.8977,     0.9257,     3.1612, 
[ 12500,  0.0002358]     0.7519,     0.8929,     0.9219,     3.3463, 
[ 12600,  0.0002355]     0.7575,     0.8969,     0.9245,     3.0558, 
[ 12700,  0.0002353]     0.7569,     0.8984,     0.9268,     2.8064, 
[ 12800,  0.0002351]     0.7422,     0.8903,     0.9203,     3.2206, 
[ 12900,  0.0002349]     0.7564,     0.8997,     0.9289,     2.8862, 
[ 13000,  0.0002347]     0.7457,     0.8923,     0.9218,     3.1129, 
[ 13100,  0.0002345]     0.7605,     0.8979,     0.9259,     2.9818, 
[ 13200,  0.0002342]     0.7576,     0.9015,     0.9290,     2.8029, 
[ 13300,  0.0002340]     0.7457,     0.8938,     0.9228,     3.3231, 
[ 13400,  0.0002338]     0.7553,     0.8987,     0.9267,     2.9194, 
[ 13500,  0.0002336]     0.7639,     0.9024,     0.9295,     2.6959, 
[ 13600,  0.0002334]     0.7653,     0.9072,     0.9342,     2.6226, 
[ 13700,  0.0002331]     0.7555,     0.8993,     0.9271,     3.1380, 
[ 13800,  0.0002329]     0.7554,     0.8968,     0.9247,     3.0759, 
[ 13900,  0.0002327]     0.7646,     0.9046,     0.9310,     2.8552, 
[ 14000,  0.0002325]     0.7599,     0.9026,     0.9294,     3.3072, 
[ 14100,  0.0002323]     0.7696,     0.9045,     0.9301,     2.6739, 
[ 14200,  0.0002320]     0.7504,     0.8942,     0.9233,     2.9090, 
[ 14300,  0.0002318]     0.7567,     0.9037,     0.9313,     2.7904, 
[ 14400,  0.0002316]     0.7642,     0.9002,     0.9273,     2.9132, 
[ 14500,  0.0002314]     0.7733,     0.9094,     0.9350,     2.5634, 
[ 14600,  0.0002312]     0.7523,     0.8982,     0.9264,     3.2014, 
[ 14700,  0.0002309]     0.7618,     0.9036,     0.9307,     2.6355, 
[ 14800,  0.0002307]     0.7616,     0.9065,     0.9341,     2.4893, 
[ 14900,  0.0002305]     0.7602,     0.9029,     0.9292,     3.1467, 
[ 15000,  0.0002303]     0.7671,     0.9045,     0.9309,     2.7782, 
Validation Chairs EPE: 1.697254
[ 15100,  0.0002301]     0.7680,     0.9074,     0.9337,     2.6981, 
[ 15200,  0.0002299]     0.7647,     0.9052,     0.9316,     2.8948, 
[ 15300,  0.0002296]     0.7720,     0.9062,     0.9311,     3.2488, 
[ 15400,  0.0002294]     0.7661,     0.9031,     0.9296,     2.7742, 
[ 15500,  0.0002292]     0.7697,     0.9069,     0.9311,     3.0113, 
[ 15600,  0.0002290]     0.7597,     0.9024,     0.9294,     2.8293, 
[ 15700,  0.0002288]     0.7640,     0.9077,     0.9340,     2.5741, 
[ 15800,  0.0002285]     0.7683,     0.9050,     0.9314,     2.6583, 
[ 15900,  0.0002283]     0.7732,     0.9085,     0.9337,     2.6010, 
[ 16000,  0.0002281]     0.7508,     0.8959,     0.9239,     3.0279, 
[ 16100,  0.0002279]     0.7691,     0.9086,     0.9345,     2.8338, 
[ 16200,  0.0002277]     0.7710,     0.9069,     0.9324,     2.9566, 
[ 16300,  0.0002274]     0.7735,     0.9121,     0.9357,     2.4853, 
[ 16400,  0.0002272]     0.7656,     0.9054,     0.9312,     2.8469, 
[ 16500,  0.0002270]     0.7549,     0.8997,     0.9272,     3.1948, 
[ 16600,  0.0002268]     0.7665,     0.9061,     0.9328,     2.4543, 
[ 16700,  0.0002266]     0.7707,     0.9088,     0.9340,     2.6020, 
[ 16800,  0.0002263]     0.7778,     0.9094,     0.9335,     2.9447, 
[ 16900,  0.0002261]     0.7678,     0.9060,     0.9314,     2.9601, 
[ 17000,  0.0002259]     0.7673,     0.9075,     0.9337,     2.6725, 
[ 17100,  0.0002257]     0.7782,     0.9139,     0.9380,     2.6862, 
[ 17200,  0.0002255]     0.7783,     0.9095,     0.9347,     2.6045, 
[ 17300,  0.0002253]     0.7655,     0.9036,     0.9301,     2.8309, 
[ 17400,  0.0002250]     0.7595,     0.8998,     0.9276,     2.9608, 
[ 17500,  0.0002248]     0.7685,     0.9069,     0.9328,     2.6303, 
[ 17600,  0.0002246]     0.7602,     0.9009,     0.9283,     3.3140, 
[ 17700,  0.0002244]     0.7702,     0.9110,     0.9367,     2.4319, 
[ 17800,  0.0002242]     0.7699,     0.9099,     0.9349,     2.8615, 
[ 17900,  0.0002239]     0.7736,     0.9094,     0.9346,     2.5642, 
[ 18000,  0.0002237]     0.7778,     0.9122,     0.9363,     2.4445, 
[ 18100,  0.0002235]     0.7743,     0.9103,     0.9352,     2.7725, 
[ 18200,  0.0002233]     0.7636,     0.9059,     0.9330,     2.5867, 
[ 18300,  0.0002231]     0.7722,     0.9096,     0.9354,     2.7158, 
[ 18400,  0.0002228]     0.7780,     0.9122,     0.9368,     2.8273, 
[ 18500,  0.0002226]     0.7810,     0.9095,     0.9343,     2.7768, 
[ 18600,  0.0002224]     0.7677,     0.9096,     0.9356,     2.6721, 
[ 18700,  0.0002222]     0.7793,     0.9108,     0.9356,     2.8171, 
[ 18800,  0.0002220]     0.7862,     0.9167,     0.9412,     2.3307, 
[ 18900,  0.0002217]     0.7882,     0.9176,     0.9403,     2.3997, 
[ 19000,  0.0002215]     0.7770,     0.9079,     0.9323,     2.8317, 
[ 19100,  0.0002213]     0.7809,     0.9139,     0.9383,     2.5712, 
[ 19200,  0.0002211]     0.7769,     0.9109,     0.9356,     2.7364, 
[ 19300,  0.0002209]     0.7789,     0.9124,     0.9366,     2.6043, 
[ 19400,  0.0002206]     0.7782,     0.9169,     0.9407,     2.4944, 
[ 19500,  0.0002204]     0.7833,     0.9130,     0.9369,     2.7700, 
[ 19600,  0.0002202]     0.7740,     0.9103,     0.9348,     2.6819, 
[ 19700,  0.0002200]     0.7751,     0.9140,     0.9397,     2.4778, 
[ 19800,  0.0002198]     0.7775,     0.9101,     0.9345,     2.8712, 
[ 19900,  0.0002196]     0.7794,     0.9152,     0.9389,     2.4417, 
[ 20000,  0.0002193]     0.7709,     0.9051,     0.9300,     2.8359, 
Validation Chairs EPE: 1.573806
[ 20100,  0.0002191]     0.7740,     0.9084,     0.9343,     2.7118, 
[ 20200,  0.0002189]     0.7750,     0.9126,     0.9373,     2.6030, 
[ 20300,  0.0002187]     0.7760,     0.9126,     0.9358,     2.6805, 
[ 20400,  0.0002185]     0.7874,     0.9180,     0.9408,     2.4457, 
[ 20500,  0.0002182]     0.7771,     0.9136,     0.9378,     2.5779, 
[ 20600,  0.0002180]     0.7708,     0.9112,     0.9355,     2.4791, 
[ 20700,  0.0002178]     0.7830,     0.9175,     0.9416,     2.2140, 
[ 20800,  0.0002176]     0.7850,     0.9176,     0.9405,     2.4825, 
[ 20900,  0.0002174]     0.7641,     0.9054,     0.9305,     3.1683, 
[ 21000,  0.0002171]     0.7786,     0.9163,     0.9406,     2.2713, 
[ 21100,  0.0002169]     0.7817,     0.9160,     0.9398,     2.3636, 
[ 21200,  0.0002167]     0.7903,     0.9199,     0.9423,     2.2817, 
[ 21300,  0.0002165]     0.7906,     0.9166,     0.9392,     2.5175, 
[ 21400,  0.0002163]     0.7857,     0.9178,     0.9417,     2.4280, 
[ 21500,  0.0002160]     0.7879,     0.9163,     0.9392,     2.4193, 
[ 21600,  0.0002158]     0.7849,     0.9166,     0.9398,     2.5836, 
[ 21700,  0.0002156]     0.7764,     0.9128,     0.9368,     2.7095, 
[ 21800,  0.0002154]     0.7777,     0.9146,     0.9385,     2.4161, 
[ 21900,  0.0002152]     0.7877,     0.9186,     0.9416,     2.4169, 
[ 22000,  0.0002150]     0.7864,     0.9169,     0.9409,     2.2295, 
[ 22100,  0.0002147]     0.7927,     0.9194,     0.9426,     2.4291, 
[ 22200,  0.0002145]     0.7868,     0.9188,     0.9413,     2.6397, 
[ 22300,  0.0002143]     0.7841,     0.9166,     0.9398,     2.3202, 
[ 22400,  0.0002141]     0.7940,     0.9213,     0.9433,     2.1987, 
[ 22500,  0.0002139]     0.7851,     0.9125,     0.9368,     2.6732, 
[ 22600,  0.0002136]     0.7873,     0.9165,     0.9400,     2.3927, 
[ 22700,  0.0002134]     0.7884,     0.9209,     0.9430,     2.4929, 
[ 22800,  0.0002132]     0.7824,     0.9160,     0.9400,     2.4099, 
[ 22900,  0.0002130]     0.7955,     0.9253,     0.9466,     2.4104, 
[ 23000,  0.0002128]     0.7777,     0.9166,     0.9399,     2.6206, 
[ 23100,  0.0002125]     0.7679,     0.9098,     0.9341,     3.0582, 
[ 23200,  0.0002123]     0.7925,     0.9199,     0.9425,     2.5039, 
[ 23300,  0.0002121]     0.7878,     0.9184,     0.9417,     2.4361, 
[ 23400,  0.0002119]     0.7835,     0.9170,     0.9402,     2.4342, 
[ 23500,  0.0002117]     0.7829,     0.9173,     0.9400,     2.3877, 
[ 23600,  0.0002114]     0.7787,     0.9166,     0.9411,     2.4190, 
[ 23700,  0.0002112]     0.7773,     0.9130,     0.9366,     2.8746, 
[ 23800,  0.0002110]     0.7917,     0.9205,     0.9430,     2.2139, 
[ 23900,  0.0002108]     0.7933,     0.9199,     0.9423,     2.4498, 
[ 24000,  0.0002106]     0.7848,     0.9130,     0.9366,     2.5079, 
[ 24100,  0.0002104]     0.7854,     0.9175,     0.9405,     2.3257, 
[ 24200,  0.0002101]     0.7930,     0.9238,     0.9463,     2.1964, 
[ 24300,  0.0002099]     0.7917,     0.9190,     0.9419,     2.4864, 
[ 24400,  0.0002097]     0.7785,     0.9143,     0.9384,     2.6176, 
[ 24500,  0.0002095]     0.7956,     0.9249,     0.9467,     2.2823, 
[ 24600,  0.0002093]     0.7957,     0.9260,     0.9484,     2.1128, 
[ 24700,  0.0002090]     0.7899,     0.9198,     0.9429,     2.3173, 
[ 24800,  0.0002088]     0.7841,     0.9183,     0.9413,     2.5745, 
[ 24900,  0.0002086]     0.7921,     0.9214,     0.9432,     2.3870, 
[ 25000,  0.0002084]     0.7878,     0.9204,     0.9424,     2.5310, 
Validation Chairs EPE: 1.493180
[ 25100,  0.0002082]     0.7864,     0.9173,     0.9400,     2.8918, 
[ 25200,  0.0002079]     0.7783,     0.9142,     0.9393,     2.3750, 
[ 25300,  0.0002077]     0.7873,     0.9194,     0.9427,     2.3076, 
[ 25400,  0.0002075]     0.7994,     0.9244,     0.9457,     2.2414, 
[ 25500,  0.0002073]     0.7930,     0.9193,     0.9423,     2.3662, 
[ 25600,  0.0002071]     0.7865,     0.9188,     0.9413,     2.2351, 
[ 25700,  0.0002068]     0.7844,     0.9180,     0.9409,     2.4999, 
[ 25800,  0.0002066]     0.7895,     0.9211,     0.9443,     2.3077, 
[ 25900,  0.0002064]     0.7948,     0.9235,     0.9453,     2.1696, 
[ 26000,  0.0002062]     0.7943,     0.9212,     0.9434,     2.4821, 
[ 26100,  0.0002060]     0.7951,     0.9236,     0.9454,     2.1552, 
[ 26200,  0.0002057]     0.7889,     0.9179,     0.9406,     2.5190, 
[ 26300,  0.0002055]     0.7839,     0.9184,     0.9415,     2.3172, 
[ 26400,  0.0002053]     0.7889,     0.9198,     0.9420,     2.4703, 
[ 26500,  0.0002051]     0.7869,     0.9216,     0.9444,     2.2292, 
[ 26600,  0.0002049]     0.7902,     0.9188,     0.9415,     2.3232, 
[ 26700,  0.0002047]     0.7941,     0.9242,     0.9463,     2.1300, 
[ 26800,  0.0002044]     0.7949,     0.9251,     0.9470,     2.1297, 
[ 26900,  0.0002042]     0.8030,     0.9298,     0.9504,     1.9843, 
[ 27000,  0.0002040]     0.7995,     0.9266,     0.9486,     2.2133, 
[ 27100,  0.0002038]     0.7988,     0.9260,     0.9465,     2.2219, 
[ 27200,  0.0002036]     0.7968,     0.9230,     0.9447,     2.6427, 
[ 27300,  0.0002033]     0.7980,     0.9252,     0.9457,     2.4858, 
[ 27400,  0.0002031]     0.8034,     0.9270,     0.9479,     2.2451, 
[ 27500,  0.0002029]     0.7977,     0.9244,     0.9455,     2.3428, 
[ 27600,  0.0002027]     0.7987,     0.9262,     0.9476,     2.0289, 
[ 27700,  0.0002025]     0.7952,     0.9262,     0.9469,     2.2878, 
[ 27800,  0.0002022]     0.7999,     0.9238,     0.9453,     2.4404, 
[ 27900,  0.0002020]     0.7937,     0.9220,     0.9431,     2.3140, 
[ 28000,  0.0002018]     0.7992,     0.9252,     0.9469,     2.1182, 
[ 28100,  0.0002016]     0.7817,     0.9177,     0.9407,     2.6128, 
[ 28200,  0.0002014]     0.8043,     0.9283,     0.9494,     2.4204, 
[ 28300,  0.0002011]     0.7947,     0.9234,     0.9455,     2.1965, 
[ 28400,  0.0002009]     0.7981,     0.9270,     0.9485,     2.0577, 
[ 28500,  0.0002007]     0.8039,     0.9259,     0.9461,     2.7321, 
[ 28600,  0.0002005]     0.8025,     0.9240,     0.9452,     2.3250, 
[ 28700,  0.0002003]     0.7883,     0.9214,     0.9436,     2.2876, 
[ 28800,  0.0002001]     0.7982,     0.9227,     0.9438,     2.3822, 
[ 28900,  0.0001998]     0.7959,     0.9253,     0.9455,     2.2792, 
[ 29000,  0.0001996]     0.7928,     0.9206,     0.9423,     2.5440, 
[ 29100,  0.0001994]     0.7921,     0.9200,     0.9430,     2.1765, 
[ 29200,  0.0001992]     0.8056,     0.9288,     0.9496,     2.1802, 
[ 29300,  0.0001990]     0.8026,     0.9255,     0.9465,     2.2038, 
[ 29400,  0.0001987]     0.8023,     0.9278,     0.9482,     2.2219, 
[ 29500,  0.0001985]     0.7974,     0.9258,     0.9472,     2.3584, 
[ 29600,  0.0001983]     0.8004,     0.9272,     0.9481,     2.1113, 
[ 29700,  0.0001981]     0.8105,     0.9322,     0.9518,     2.0826, 
[ 29800,  0.0001979]     0.8025,     0.9256,     0.9462,     2.1674, 
[ 29900,  0.0001976]     0.7952,     0.9252,     0.9463,     2.2024, 
[ 30000,  0.0001974]     0.8001,     0.9258,     0.9467,     2.2281, 
Validation Chairs EPE: 1.353319
[ 30100,  0.0001972]     0.8030,     0.9333,     0.9529,     1.8551, 
[ 30200,  0.0001970]     0.7982,     0.9247,     0.9459,     2.1513, 
[ 30300,  0.0001968]     0.8044,     0.9259,     0.9470,     2.4109, 
[ 30400,  0.0001965]     0.7974,     0.9262,     0.9474,     2.0543, 
[ 30500,  0.0001963]     0.7999,     0.9273,     0.9481,     2.5365, 
[ 30600,  0.0001961]     0.7938,     0.9220,     0.9433,     2.4150, 
[ 30700,  0.0001959]     0.7921,     0.9231,     0.9453,     2.2735, 
[ 30800,  0.0001957]     0.7928,     0.9230,     0.9448,     2.4166, 
[ 30900,  0.0001955]     0.8016,     0.9316,     0.9521,     1.8660, 
[ 31000,  0.0001952]     0.8104,     0.9275,     0.9473,     2.0426, 
[ 31100,  0.0001950]     0.7956,     0.9244,     0.9460,     2.1567, 
[ 31200,  0.0001948]     0.8018,     0.9245,     0.9455,     2.4777, 
[ 31300,  0.0001946]     0.7880,     0.9213,     0.9426,     2.5843, 
[ 31400,  0.0001944]     0.8047,     0.9309,     0.9508,     2.1910, 
[ 31500,  0.0001941]     0.7984,     0.9268,     0.9479,     2.2266, 
[ 31600,  0.0001939]     0.7984,     0.9250,     0.9459,     2.2231, 
[ 31700,  0.0001937]     0.8041,     0.9269,     0.9468,     2.4487, 
[ 31800,  0.0001935]     0.8077,     0.9307,     0.9505,     1.9454, 
[ 31900,  0.0001933]     0.8042,     0.9289,     0.9486,     2.0469, 
[ 32000,  0.0001930]     0.8134,     0.9327,     0.9525,     1.9844, 
[ 32100,  0.0001928]     0.8040,     0.9282,     0.9483,     2.1984, 
[ 32200,  0.0001926]     0.8013,     0.9279,     0.9483,     2.1980, 
[ 32300,  0.0001924]     0.8014,     0.9272,     0.9476,     2.0141, 
[ 32400,  0.0001922]     0.8118,     0.9322,     0.9516,     2.2260, 
[ 32500,  0.0001919]     0.7968,     0.9224,     0.9437,     2.5090, 
[ 32600,  0.0001917]     0.8012,     0.9280,     0.9480,     2.3874, 
[ 32700,  0.0001915]     0.8115,     0.9307,     0.9508,     1.9624, 
[ 32800,  0.0001913]     0.8026,     0.9272,     0.9476,     2.1857, 
[ 32900,  0.0001911]     0.8076,     0.9304,     0.9504,     2.1816, 
[ 33000,  0.0001908]     0.8126,     0.9316,     0.9511,     1.8717, 
[ 33100,  0.0001906]     0.7988,     0.9257,     0.9465,     2.1614, 
[ 33200,  0.0001904]     0.8071,     0.9305,     0.9494,     2.0188, 
[ 33300,  0.0001902]     0.8017,     0.9280,     0.9480,     2.2217, 
[ 33400,  0.0001900]     0.8056,     0.9267,     0.9472,     2.2502, 
[ 33500,  0.0001898]     0.8101,     0.9293,     0.9488,     2.2881, 
[ 33600,  0.0001895]     0.8038,     0.9286,     0.9490,     2.0123, 
[ 33700,  0.0001893]     0.7969,     0.9277,     0.9491,     1.8501, 
[ 33800,  0.0001891]     0.7943,     0.9252,     0.9464,     2.2744, 
[ 33900,  0.0001889]     0.8099,     0.9308,     0.9498,     2.0124, 
[ 34000,  0.0001887]     0.8070,     0.9300,     0.9496,     2.0198, 
[ 34100,  0.0001884]     0.8044,     0.9328,     0.9518,     1.9949, 
[ 34200,  0.0001882]     0.8111,     0.9325,     0.9519,     2.0227, 
[ 34300,  0.0001880]     0.7995,     0.9250,     0.9451,     2.4193, 
[ 34400,  0.0001878]     0.7999,     0.9270,     0.9473,     2.1163, 
[ 34500,  0.0001876]     0.8070,     0.9307,     0.9507,     2.0341, 
[ 34600,  0.0001873]     0.8106,     0.9329,     0.9523,     1.9690, 
[ 34700,  0.0001871]     0.8123,     0.9322,     0.9517,     2.1394, 
[ 34800,  0.0001869]     0.8024,     0.9251,     0.9462,     2.1273, 
[ 34900,  0.0001867]     0.8053,     0.9310,     0.9514,     1.8540, 
[ 35000,  0.0001865]     0.8055,     0.9313,     0.9509,     1.9600, 
Validation Chairs EPE: 1.292370
[ 35100,  0.0001862]     0.8104,     0.9302,     0.9500,     2.0342, 
[ 35200,  0.0001860]     0.8138,     0.9331,     0.9513,     2.0891, 
[ 35300,  0.0001858]     0.8012,     0.9265,     0.9465,     2.4224, 
[ 35400,  0.0001856]     0.8025,     0.9264,     0.9482,     2.2390, 
[ 35500,  0.0001854]     0.8032,     0.9253,     0.9454,     2.2844, 
[ 35600,  0.0001852]     0.8159,     0.9331,     0.9518,     2.0648, 
[ 35700,  0.0001849]     0.8148,     0.9321,     0.9525,     1.8826, 
[ 35800,  0.0001847]     0.8014,     0.9270,     0.9468,     2.2635, 
[ 35900,  0.0001845]     0.7969,     0.9264,     0.9468,     2.0761, 
[ 36000,  0.0001843]     0.8081,     0.9313,     0.9513,     1.9953, 
[ 36100,  0.0001841]     0.8051,     0.9304,     0.9496,     2.0529, 
[ 36200,  0.0001838]     0.8037,     0.9287,     0.9486,     2.1645, 
[ 36300,  0.0001836]     0.8053,     0.9289,     0.9487,     2.3723, 
[ 36400,  0.0001834]     0.8064,     0.9289,     0.9485,     2.1677, 
[ 36500,  0.0001832]     0.8053,     0.9282,     0.9484,     2.2689, 
[ 36600,  0.0001830]     0.8074,     0.9318,     0.9514,     1.9395, 
[ 36700,  0.0001827]     0.7965,     0.9243,     0.9459,     2.1627, 
[ 36800,  0.0001825]     0.8123,     0.9336,     0.9528,     2.2491, 
[ 36900,  0.0001823]     0.8026,     0.9302,     0.9494,     2.2983, 
[ 37000,  0.0001821]     0.8137,     0.9322,     0.9508,     1.9658, 
[ 37100,  0.0001819]     0.8105,     0.9315,     0.9510,     2.0813, 
[ 37200,  0.0001816]     0.8095,     0.9301,     0.9499,     1.9421, 
[ 37300,  0.0001814]     0.8030,     0.9287,     0.9489,     2.2538, 
[ 37400,  0.0001812]     0.8124,     0.9346,     0.9538,     1.8946, 
[ 37500,  0.0001810]     0.8031,     0.9315,     0.9515,     2.0465, 
[ 37600,  0.0001808]     0.8117,     0.9365,     0.9542,     1.9735, 
[ 37700,  0.0001806]     0.8076,     0.9271,     0.9483,     2.0353, 
[ 37800,  0.0001803]     0.8103,     0.9306,     0.9504,     2.1838, 
[ 37900,  0.0001801]     0.7983,     0.9273,     0.9467,     2.1921, 
[ 38000,  0.0001799]     0.8002,     0.9248,     0.9461,     2.2230, 
[ 38100,  0.0001797]     0.8190,     0.9385,     0.9565,     1.9314, 
[ 38200,  0.0001795]     0.8129,     0.9343,     0.9533,     1.9831, 
[ 38300,  0.0001792]     0.8027,     0.9276,     0.9470,     2.9329, 
[ 38400,  0.0001790]     0.8041,     0.9312,     0.9499,     2.2659, 
[ 38500,  0.0001788]     0.8158,     0.9340,     0.9528,     1.9563, 
[ 38600,  0.0001786]     0.8161,     0.9334,     0.9518,     2.3934, 
[ 38700,  0.0001784]     0.8089,     0.9311,     0.9506,     1.9315, 
[ 38800,  0.0001781]     0.8112,     0.9327,     0.9515,     1.9724, 
[ 38900,  0.0001779]     0.8153,     0.9346,     0.9535,     1.9550, 
[ 39000,  0.0001777]     0.8179,     0.9360,     0.9550,     1.9290, 
[ 39100,  0.0001775]     0.8092,     0.9299,     0.9494,     2.1414, 
[ 39200,  0.0001773]     0.8102,     0.9339,     0.9525,     2.0430, 
[ 39300,  0.0001770]     0.8063,     0.9329,     0.9521,     1.9618, 
[ 39400,  0.0001768]     0.8090,     0.9320,     0.9517,     1.9806, 
[ 39500,  0.0001766]     0.8147,     0.9296,     0.9488,     2.0899, 
[ 39600,  0.0001764]     0.8136,     0.9331,     0.9529,     1.8639, 
[ 39700,  0.0001762]     0.8045,     0.9277,     0.9469,     2.3587, 
[ 39800,  0.0001760]     0.8153,     0.9355,     0.9542,     1.9729, 
[ 39900,  0.0001757]     0.8109,     0.9336,     0.9530,     1.7913, 
[ 40000,  0.0001755]     0.8085,     0.9330,     0.9511,     2.2769, 
Validation Chairs EPE: 1.238640
[ 40100,  0.0001753]     0.8083,     0.9328,     0.9524,     1.9869, 
[ 40200,  0.0001751]     0.8154,     0.9318,     0.9510,     2.1849, 
[ 40300,  0.0001749]     0.8101,     0.9352,     0.9542,     1.8409, 
[ 40400,  0.0001746]     0.8133,     0.9340,     0.9528,     1.8520, 
[ 40500,  0.0001744]     0.8131,     0.9351,     0.9545,     1.9959, 
[ 40600,  0.0001742]     0.8068,     0.9314,     0.9500,     2.3368, 
[ 40700,  0.0001740]     0.8200,     0.9356,     0.9543,     1.7440, 
[ 40800,  0.0001738]     0.8176,     0.9352,     0.9540,     1.8294, 
[ 40900,  0.0001735]     0.8074,     0.9334,     0.9527,     1.9065, 
[ 41000,  0.0001733]     0.8108,     0.9354,     0.9542,     1.8600, 
[ 41100,  0.0001731]     0.8004,     0.9247,     0.9462,     2.1777, 
[ 41200,  0.0001729]     0.8242,     0.9380,     0.9561,     1.9033, 
[ 41300,  0.0001727]     0.8297,     0.9421,     0.9593,     1.7179, 
[ 41400,  0.0001724]     0.8084,     0.9308,     0.9495,     2.3968, 
[ 41500,  0.0001722]     0.8135,     0.9347,     0.9534,     2.0346, 
[ 41600,  0.0001720]     0.8163,     0.9323,     0.9511,     2.0260, 
[ 41700,  0.0001718]     0.8126,     0.9361,     0.9541,     1.7589, 
[ 41800,  0.0001716]     0.8125,     0.9339,     0.9539,     1.9287, 
[ 41900,  0.0001713]     0.8184,     0.9389,     0.9576,     1.8187, 
[ 42000,  0.0001711]     0.8031,     0.9301,     0.9503,     2.0772, 
[ 42100,  0.0001709]     0.8096,     0.9326,     0.9522,     1.8550, 
[ 42200,  0.0001707]     0.8057,     0.9312,     0.9501,     2.5491, 
[ 42300,  0.0001705]     0.8144,     0.9319,     0.9503,     2.3369, 
[ 42400,  0.0001703]     0.8201,     0.9368,     0.9554,     1.8563, 
[ 42500,  0.0001700]     0.8151,     0.9359,     0.9544,     1.9833, 
[ 42600,  0.0001698]     0.8251,     0.9394,     0.9565,     1.7194, 
[ 42700,  0.0001696]     0.8190,     0.9395,     0.9576,     1.6760, 
[ 42800,  0.0001694]     0.8160,     0.9349,     0.9528,     2.1202, 
[ 42900,  0.0001692]     0.8099,     0.9328,     0.9522,     1.9939, 
[ 43000,  0.0001689]     0.8175,     0.9398,     0.9571,     1.7566, 
[ 43100,  0.0001687]     0.8170,     0.9352,     0.9544,     1.8775, 
[ 43200,  0.0001685]     0.8189,     0.9380,     0.9566,     1.8593, 
[ 43300,  0.0001683]     0.8174,     0.9389,     0.9568,     1.8678, 
[ 43400,  0.0001681]     0.8181,     0.9338,     0.9515,     1.9812, 
[ 43500,  0.0001678]     0.8135,     0.9342,     0.9533,     1.9691, 
[ 43600,  0.0001676]     0.8214,     0.9368,     0.9549,     1.8794, 
[ 43700,  0.0001674]     0.8250,     0.9387,     0.9557,     1.8847, 
[ 43800,  0.0001672]     0.8150,     0.9328,     0.9515,     2.0841, 
[ 43900,  0.0001670]     0.8148,     0.9327,     0.9508,     2.0640, 
[ 44000,  0.0001667]     0.8143,     0.9353,     0.9538,     1.9555, 
[ 44100,  0.0001665]     0.8203,     0.9394,     0.9569,     1.7408, 
[ 44200,  0.0001663]     0.8154,     0.9347,     0.9529,     2.0770, 
[ 44300,  0.0001661]     0.8180,     0.9377,     0.9562,     1.8290, 
[ 44400,  0.0001659]     0.8254,     0.9398,     0.9580,     1.7453, 
[ 44500,  0.0001657]     0.8045,     0.9308,     0.9504,     1.8830, 
[ 44600,  0.0001654]     0.8203,     0.9359,     0.9543,     2.0280, 
[ 44700,  0.0001652]     0.8148,     0.9348,     0.9531,     1.9754, 
[ 44800,  0.0001650]     0.8103,     0.9337,     0.9538,     1.9245, 
[ 44900,  0.0001648]     0.8155,     0.9354,     0.9540,     1.7393, 
[ 45000,  0.0001646]     0.8087,     0.9368,     0.9553,     1.9971, 
Validation Chairs EPE: 1.176624
[ 45100,  0.0001643]     0.8201,     0.9359,     0.9528,     2.1172, 
[ 45200,  0.0001641]     0.8227,     0.9388,     0.9560,     1.7805, 
[ 45300,  0.0001639]     0.8136,     0.9333,     0.9516,     2.1576, 
[ 45400,  0.0001637]     0.8128,     0.9354,     0.9537,     1.9024, 
[ 45500,  0.0001635]     0.8272,     0.9393,     0.9574,     1.7693, 
[ 45600,  0.0001632]     0.8186,     0.9378,     0.9551,     1.7945, 
[ 45700,  0.0001630]     0.8202,     0.9386,     0.9563,     1.8026, 
[ 45800,  0.0001628]     0.8140,     0.9363,     0.9550,     1.8946, 
[ 45900,  0.0001626]     0.8234,     0.9390,     0.9566,     1.7913, 
[ 46000,  0.0001624]     0.8214,     0.9408,     0.9582,     1.9009, 
[ 46100,  0.0001621]     0.8210,     0.9378,     0.9560,     1.7891, 
[ 46200,  0.0001619]     0.8181,     0.9341,     0.9525,     2.0197, 
[ 46300,  0.0001617]     0.8263,     0.9373,     0.9548,     1.9469, 
[ 46400,  0.0001615]     0.8246,     0.9375,     0.9547,     2.3356, 
[ 46500,  0.0001613]     0.8180,     0.9397,     0.9569,     1.8451, 
[ 46600,  0.0001611]     0.8113,     0.9329,     0.9530,     1.9109, 
[ 46700,  0.0001608]     0.8162,     0.9349,     0.9530,     2.1280, 
[ 46800,  0.0001606]     0.8271,     0.9387,     0.9558,     1.7752, 
[ 46900,  0.0001604]     0.8227,     0.9392,     0.9561,     1.8567, 
[ 47000,  0.0001602]     0.8284,     0.9408,     0.9583,     1.6846, 
[ 47100,  0.0001600]     0.8254,     0.9397,     0.9565,     1.9955, 
[ 47200,  0.0001597]     0.8228,     0.9402,     0.9577,     1.8008, 
[ 47300,  0.0001595]     0.8310,     0.9428,     0.9588,     1.6205, 
[ 47400,  0.0001593]     0.8092,     0.9314,     0.9498,     2.1936, 
[ 47500,  0.0001591]     0.8309,     0.9430,     0.9596,     1.7291, 
[ 47600,  0.0001589]     0.8271,     0.9390,     0.9566,     1.9273, 
[ 47700,  0.0001586]     0.8250,     0.9418,     0.9589,     1.5736, 
[ 47800,  0.0001584]     0.8186,     0.9363,     0.9545,     1.8722, 
[ 47900,  0.0001582]     0.8238,     0.9396,     0.9567,     1.7646, 
[ 48000,  0.0001580]     0.8230,     0.9399,     0.9565,     1.8318, 
[ 48100,  0.0001578]     0.8118,     0.9326,     0.9517,     2.0799, 
[ 48200,  0.0001575]     0.8215,     0.9402,     0.9579,     1.8397, 
[ 48300,  0.0001573]     0.8272,     0.9398,     0.9570,     1.7674, 
[ 48400,  0.0001571]     0.8084,     0.9368,     0.9549,     1.9816, 
[ 48500,  0.0001569]     0.8191,     0.9363,     0.9540,     1.8937, 
[ 48600,  0.0001567]     0.8243,     0.9394,     0.9567,     1.8060, 
[ 48700,  0.0001564]     0.8190,     0.9398,     0.9577,     1.8007, 
[ 48800,  0.0001562]     0.8213,     0.9390,     0.9562,     1.8456, 
[ 48900,  0.0001560]     0.8363,     0.9442,     0.9605,     1.5709, 
[ 49000,  0.0001558]     0.8243,     0.9400,     0.9568,     1.8266, 
[ 49100,  0.0001556]     0.8283,     0.9416,     0.9582,     1.8533, 
[ 49200,  0.0001554]     0.8246,     0.9408,     0.9582,     1.7961, 
[ 49300,  0.0001551]     0.8151,     0.9340,     0.9522,     2.0025, 
[ 49400,  0.0001549]     0.8174,     0.9355,     0.9531,     1.9745, 
[ 49500,  0.0001547]     0.8241,     0.9373,     0.9550,     1.7959, 
[ 49600,  0.0001545]     0.8237,     0.9405,     0.9576,     1.8317, 
[ 49700,  0.0001543]     0.8226,     0.9370,     0.9533,     2.0541, 
[ 49800,  0.0001540]     0.8171,     0.9415,     0.9591,     1.6615, 
[ 49900,  0.0001538]     0.8302,     0.9421,     0.9587,     1.7990, 
[ 50000,  0.0001536]     0.8235,     0.9382,     0.9558,     1.8728, 
Validation Chairs EPE: 1.152574
[ 50100,  0.0001534]     0.8298,     0.9403,     0.9574,     1.7141, 
[ 50200,  0.0001532]     0.8243,     0.9389,     0.9558,     1.9948, 
[ 50300,  0.0001529]     0.8298,     0.9405,     0.9574,     1.7528, 
[ 50400,  0.0001527]     0.8338,     0.9436,     0.9605,     1.7141, 
[ 50500,  0.0001525]     0.8235,     0.9390,     0.9563,     1.8315, 
[ 50600,  0.0001523]     0.8294,     0.9435,     0.9605,     1.6341, 
[ 50700,  0.0001521]     0.8178,     0.9360,     0.9549,     1.8421, 
[ 50800,  0.0001518]     0.8200,     0.9399,     0.9583,     1.7914, 
[ 50900,  0.0001516]     0.8201,     0.9387,     0.9560,     2.1211, 
[ 51000,  0.0001514]     0.8218,     0.9401,     0.9575,     1.7586, 
[ 51100,  0.0001512]     0.8302,     0.9428,     0.9598,     1.6792, 
[ 51200,  0.0001510]     0.8310,     0.9407,     0.9574,     1.9327, 
[ 51300,  0.0001508]     0.8285,     0.9452,     0.9620,     1.6546, 
[ 51400,  0.0001505]     0.8247,     0.9380,     0.9559,     1.8001, 
[ 51500,  0.0001503]     0.8341,     0.9407,     0.9566,     1.8218, 
[ 51600,  0.0001501]     0.8266,     0.9424,     0.9593,     1.7310, 
[ 51700,  0.0001499]     0.8270,     0.9395,     0.9567,     1.7076, 
[ 51800,  0.0001497]     0.8280,     0.9424,     0.9587,     1.7817, 
[ 51900,  0.0001494]     0.8315,     0.9446,     0.9613,     1.6031, 
[ 52000,  0.0001492]     0.8246,     0.9385,     0.9564,     1.8843, 
[ 52100,  0.0001490]     0.8203,     0.9399,     0.9574,     1.8067, 
[ 52200,  0.0001488]     0.8254,     0.9398,     0.9563,     2.2157, 
[ 52300,  0.0001486]     0.8180,     0.9353,     0.9539,     1.9404, 
[ 52400,  0.0001483]     0.8289,     0.9406,     0.9576,     1.8768, 
[ 52500,  0.0001481]     0.8195,     0.9392,     0.9565,     1.8758, 
[ 52600,  0.0001479]     0.8256,     0.9399,     0.9567,     1.7784, 
[ 52700,  0.0001477]     0.8200,     0.9387,     0.9566,     1.8763, 
[ 52800,  0.0001475]     0.8264,     0.9401,     0.9572,     1.7484, 
[ 52900,  0.0001472]     0.8259,     0.9410,     0.9576,     1.9238, 
[ 53000,  0.0001470]     0.8267,     0.9408,     0.9578,     1.7987, 
[ 53100,  0.0001468]     0.8228,     0.9379,     0.9552,     1.8917, 
[ 53200,  0.0001466]     0.8266,     0.9426,     0.9590,     1.6220, 
[ 53300,  0.0001464]     0.8329,     0.9432,     0.9595,     1.7913, 
[ 53400,  0.0001462]     0.8228,     0.9375,     0.9547,     1.8618, 
[ 53500,  0.0001459]     0.8210,     0.9387,     0.9566,     1.7713, 
[ 53600,  0.0001457]     0.8292,     0.9421,     0.9590,     1.7433, 
[ 53700,  0.0001455]     0.8334,     0.9430,     0.9594,     1.7449, 
[ 53800,  0.0001453]     0.8216,     0.9408,     0.9570,     1.7889, 
[ 53900,  0.0001451]     0.8238,     0.9396,     0.9568,     1.7826, 
[ 54000,  0.0001448]     0.8264,     0.9405,     0.9573,     1.7929, 
[ 54100,  0.0001446]     0.8273,     0.9415,     0.9595,     1.7639, 
[ 54200,  0.0001444]     0.8219,     0.9379,     0.9547,     2.0466, 
[ 54300,  0.0001442]     0.8207,     0.9398,     0.9570,     1.7541, 
[ 54400,  0.0001440]     0.8333,     0.9451,     0.9610,     1.6429, 
[ 54500,  0.0001437]     0.8355,     0.9429,     0.9592,     1.7189, 
[ 54600,  0.0001435]     0.8220,     0.9401,     0.9577,     1.7896, 
[ 54700,  0.0001433]     0.8279,     0.9399,     0.9567,     1.7892, 
[ 54800,  0.0001431]     0.8251,     0.9375,     0.9544,     1.8963, 
[ 54900,  0.0001429]     0.8307,     0.9424,     0.9585,     1.9265, 
[ 55000,  0.0001426]     0.8273,     0.9428,     0.9599,     1.7247, 
Validation Chairs EPE: 1.085196
[ 55100,  0.0001424]     0.8215,     0.9380,     0.9552,     1.9340, 
[ 55200,  0.0001422]     0.8368,     0.9467,     0.9627,     1.5082, 
[ 55300,  0.0001420]     0.8298,     0.9421,     0.9589,     1.6761, 
[ 55400,  0.0001418]     0.8353,     0.9439,     0.9595,     1.8120, 
[ 55500,  0.0001415]     0.8297,     0.9416,     0.9584,     1.7250, 
[ 55600,  0.0001413]     0.8216,     0.9377,     0.9543,     1.9516, 
[ 55700,  0.0001411]     0.8226,     0.9416,     0.9583,     1.7146, 
[ 55800,  0.0001409]     0.8253,     0.9404,     0.9575,     1.8273, 
[ 55900,  0.0001407]     0.8280,     0.9435,     0.9601,     1.6849, 
[ 56000,  0.0001405]     0.8272,     0.9408,     0.9569,     1.7435, 
[ 56100,  0.0001402]     0.8250,     0.9374,     0.9538,     2.0879, 
[ 56200,  0.0001400]     0.8330,     0.9455,     0.9613,     1.5698, 
[ 56300,  0.0001398]     0.8310,     0.9415,     0.9579,     1.6703, 
[ 56400,  0.0001396]     0.8169,     0.9408,     0.9578,     1.7917, 
[ 56500,  0.0001394]     0.8347,     0.9475,     0.9631,     1.5137, 
[ 56600,  0.0001391]     0.8286,     0.9416,     0.9579,     1.8386, 
[ 56700,  0.0001389]     0.8289,     0.9405,     0.9572,     2.0199, 
[ 56800,  0.0001387]     0.8296,     0.9411,     0.9582,     1.8206, 
[ 56900,  0.0001385]     0.8328,     0.9442,     0.9602,     1.7874, 
[ 57000,  0.0001383]     0.8293,     0.9410,     0.9576,     1.7171, 
[ 57100,  0.0001380]     0.8255,     0.9427,     0.9588,     1.8804, 
[ 57200,  0.0001378]     0.8219,     0.9394,     0.9566,     1.9022, 
[ 57300,  0.0001376]     0.8310,     0.9419,     0.9582,     1.8227, 
[ 57400,  0.0001374]     0.8350,     0.9452,     0.9611,     1.5825, 
[ 57500,  0.0001372]     0.8314,     0.9434,     0.9604,     1.7352, 
[ 57600,  0.0001369]     0.8319,     0.9455,     0.9612,     1.6381, 
[ 57700,  0.0001367]     0.8253,     0.9370,     0.9546,     1.7818, 
[ 57800,  0.0001365]     0.8205,     0.9394,     0.9570,     1.8123, 
[ 57900,  0.0001363]     0.8308,     0.9414,     0.9586,     1.7208, 
[ 58000,  0.0001361]     0.8270,     0.9413,     0.9582,     1.7004, 
[ 58100,  0.0001359]     0.8327,     0.9430,     0.9595,     1.7228, 
[ 58200,  0.0001356]     0.8269,     0.9425,     0.9593,     1.7908, 
[ 58300,  0.0001354]     0.8345,     0.9431,     0.9593,     1.8002, 
[ 58400,  0.0001352]     0.8293,     0.9398,     0.9573,     1.8561, 
[ 58500,  0.0001350]     0.8265,     0.9407,     0.9584,     1.6971, 
[ 58600,  0.0001348]     0.8362,     0.9471,     0.9624,     1.6264, 
[ 58700,  0.0001345]     0.8312,     0.9448,     0.9606,     1.7671, 
[ 58800,  0.0001343]     0.8358,     0.9469,     0.9628,     1.6400, 
[ 58900,  0.0001341]     0.8274,     0.9430,     0.9589,     1.7870, 
[ 59000,  0.0001339]     0.8251,     0.9425,     0.9593,     1.6280, 
[ 59100,  0.0001337]     0.8220,     0.9389,     0.9551,     1.8049, 
[ 59200,  0.0001334]     0.8234,     0.9418,     0.9586,     1.8226, 
[ 59300,  0.0001332]     0.8243,     0.9400,     0.9565,     1.7842, 
[ 59400,  0.0001330]     0.8348,     0.9439,     0.9597,     1.6990, 
[ 59500,  0.0001328]     0.8308,     0.9451,     0.9610,     1.6618, 
[ 59600,  0.0001326]     0.8358,     0.9438,     0.9596,     1.7592, 
[ 59700,  0.0001323]     0.8337,     0.9478,     0.9630,     1.5907, 
[ 59800,  0.0001321]     0.8251,     0.9395,     0.9569,     1.6788, 
[ 59900,  0.0001319]     0.8252,     0.9444,     0.9604,     1.7199, 
[ 60000,  0.0001317]     0.8292,     0.9436,     0.9606,     1.6806, 
Validation Chairs EPE: 1.073616
[ 60100,  0.0001315]     0.8294,     0.9430,     0.9591,     1.8750, 
[ 60200,  0.0001313]     0.8371,     0.9445,     0.9600,     1.7253, 
[ 60300,  0.0001310]     0.8269,     0.9400,     0.9575,     1.7781, 
[ 60400,  0.0001308]     0.8269,     0.9402,     0.9570,     1.8062, 
[ 60500,  0.0001306]     0.8238,     0.9408,     0.9580,     1.8610, 
[ 60600,  0.0001304]     0.8339,     0.9436,     0.9591,     1.5719, 
[ 60700,  0.0001302]     0.8327,     0.9425,     0.9586,     1.9896, 
[ 60800,  0.0001299]     0.8326,     0.9449,     0.9603,     1.7896, 
[ 60900,  0.0001297]     0.8286,     0.9431,     0.9596,     1.7427, 
[ 61000,  0.0001295]     0.8430,     0.9480,     0.9630,     1.5250, 
[ 61100,  0.0001293]     0.8270,     0.9418,     0.9576,     1.9861, 
[ 61200,  0.0001291]     0.8342,     0.9443,     0.9606,     1.5952, 
[ 61300,  0.0001288]     0.8364,     0.9453,     0.9609,     1.6879, 
[ 61400,  0.0001286]     0.8285,     0.9440,     0.9595,     1.8415, 
[ 61500,  0.0001284]     0.8299,     0.9438,     0.9589,     1.6927, 
[ 61600,  0.0001282]     0.8348,     0.9475,     0.9628,     1.5010, 
[ 61700,  0.0001280]     0.8279,     0.9404,     0.9571,     1.7595, 
[ 61800,  0.0001277]     0.8314,     0.9418,     0.9583,     1.7141, 
[ 61900,  0.0001275]     0.8221,     0.9414,     0.9580,     1.6523, 
[ 62000,  0.0001273]     0.8214,     0.9400,     0.9571,     1.8680, 
[ 62100,  0.0001271]     0.8339,     0.9409,     0.9572,     1.7988, 
[ 62200,  0.0001269]     0.8288,     0.9407,     0.9566,     1.9286, 
[ 62300,  0.0001266]     0.8202,     0.9418,     0.9585,     1.7444, 
[ 62400,  0.0001264]     0.8327,     0.9453,     0.9613,     1.5672, 
[ 62500,  0.0001262]     0.8378,     0.9472,     0.9622,     1.5165, 
[ 62600,  0.0001260]     0.8255,     0.9409,     0.9576,     1.8827, 
[ 62700,  0.0001258]     0.8237,     0.9403,     0.9572,     1.8726, 
[ 62800,  0.0001256]     0.8305,     0.9407,     0.9572,     1.9366, 
[ 62900,  0.0001253]     0.8395,     0.9471,     0.9628,     1.6186, 
[ 63000,  0.0001251]     0.8318,     0.9462,     0.9618,     1.6574, 
[ 63100,  0.0001249]     0.8401,     0.9467,     0.9618,     1.5646, 
[ 63200,  0.0001247]     0.8375,     0.9458,     0.9615,     1.5530, 
[ 63300,  0.0001245]     0.8354,     0.9445,     0.9596,     1.6214, 
[ 63400,  0.0001242]     0.8393,     0.9484,     0.9635,     1.6030, 
[ 63500,  0.0001240]     0.8370,     0.9453,     0.9609,     1.6304, 
[ 63600,  0.0001238]     0.8360,     0.9439,     0.9604,     1.7058, 
[ 63700,  0.0001236]     0.8333,     0.9432,     0.9596,     1.6969, 
[ 63800,  0.0001234]     0.8408,     0.9469,     0.9617,     1.5476, 
[ 63900,  0.0001231]     0.8281,     0.9452,     0.9613,     1.5891, 
[ 64000,  0.0001229]     0.8354,     0.9455,     0.9611,     1.6110, 
[ 64100,  0.0001227]     0.8326,     0.9454,     0.9610,     1.6592, 
[ 64200,  0.0001225]     0.8302,     0.9424,     0.9587,     1.8730, 
[ 64300,  0.0001223]     0.8363,     0.9467,     0.9623,     1.6167, 
[ 64400,  0.0001220]     0.8313,     0.9460,     0.9613,     1.6457, 
[ 64500,  0.0001218]     0.8434,     0.9481,     0.9631,     1.5943, 
[ 64600,  0.0001216]     0.8329,     0.9434,     0.9596,     1.5873, 
[ 64700,  0.0001214]     0.8380,     0.9463,     0.9621,     1.6746, 
[ 64800,  0.0001212]     0.8333,     0.9456,     0.9619,     1.6700, 
[ 64900,  0.0001210]     0.8333,     0.9447,     0.9598,     1.7957, 
[ 65000,  0.0001207]     0.8285,     0.9422,     0.9578,     2.0230, 
Validation Chairs EPE: 1.054214
[ 65100,  0.0001205]     0.8362,     0.9431,     0.9586,     1.9249, 
[ 65200,  0.0001203]     0.8359,     0.9451,     0.9611,     1.7364, 
[ 65300,  0.0001201]     0.8317,     0.9441,     0.9609,     1.5579, 
[ 65400,  0.0001199]     0.8386,     0.9461,     0.9611,     1.6346, 
[ 65500,  0.0001196]     0.8308,     0.9449,     0.9606,     1.6749, 
[ 65600,  0.0001194]     0.8468,     0.9490,     0.9633,     1.5462, 
[ 65700,  0.0001192]     0.8310,     0.9447,     0.9614,     1.6212, 
[ 65800,  0.0001190]     0.8323,     0.9441,     0.9602,     1.7450, 
[ 65900,  0.0001188]     0.8343,     0.9433,     0.9603,     1.6114, 
[ 66000,  0.0001185]     0.8362,     0.9469,     0.9624,     1.6172, 
[ 66100,  0.0001183]     0.8365,     0.9444,     0.9598,     1.6589, 
[ 66200,  0.0001181]     0.8336,     0.9469,     0.9624,     1.6252, 
[ 66300,  0.0001179]     0.8380,     0.9459,     0.9615,     1.5440, 
[ 66400,  0.0001177]     0.8367,     0.9468,     0.9622,     1.5318, 
[ 66500,  0.0001174]     0.8395,     0.9455,     0.9603,     1.6679, 
[ 66600,  0.0001172]     0.8357,     0.9451,     0.9603,     1.6301, 
[ 66700,  0.0001170]     0.8315,     0.9437,     0.9596,     1.7346, 
[ 66800,  0.0001168]     0.8434,     0.9492,     0.9633,     1.6583, 
[ 66900,  0.0001166]     0.8310,     0.9439,     0.9596,     1.7084, 
[ 67000,  0.0001164]     0.8371,     0.9466,     0.9609,     1.6282, 
[ 67100,  0.0001161]     0.8374,     0.9459,     0.9615,     1.7629, 
[ 67200,  0.0001159]     0.8308,     0.9421,     0.9592,     1.7583, 
[ 67300,  0.0001157]     0.8305,     0.9435,     0.9594,     1.8031, 
[ 67400,  0.0001155]     0.8290,     0.9424,     0.9587,     1.6190, 
[ 67500,  0.0001153]     0.8347,     0.9458,     0.9611,     1.8072, 
[ 67600,  0.0001150]     0.8341,     0.9479,     0.9634,     1.5418, 
[ 67700,  0.0001148]     0.8420,     0.9497,     0.9643,     1.4589, 
[ 67800,  0.0001146]     0.8349,     0.9452,     0.9607,     1.6399, 
[ 67900,  0.0001144]     0.8363,     0.9459,     0.9614,     1.7289, 
[ 68000,  0.0001142]     0.8370,     0.9480,     0.9634,     1.4255, 
[ 68100,  0.0001139]     0.8408,     0.9494,     0.9636,     1.5683, 
[ 68200,  0.0001137]     0.8369,     0.9489,     0.9644,     1.6583, 
[ 68300,  0.0001135]     0.8372,     0.9463,     0.9612,     1.6778, 
[ 68400,  0.0001133]     0.8406,     0.9513,     0.9657,     1.5325, 
[ 68500,  0.0001131]     0.8356,     0.9450,     0.9607,     1.5967, 
[ 68600,  0.0001128]     0.8381,     0.9459,     0.9612,     1.6298, 
[ 68700,  0.0001126]     0.8360,     0.9451,     0.9608,     1.8810, 
[ 68800,  0.0001124]     0.8389,     0.9476,     0.9636,     1.4909, 
[ 68900,  0.0001122]     0.8264,     0.9420,     0.9583,     1.6426, 
[ 69000,  0.0001120]     0.8331,     0.9456,     0.9621,     1.6051, 
[ 69100,  0.0001117]     0.8385,     0.9460,     0.9617,     1.5759, 
[ 69200,  0.0001115]     0.8398,     0.9473,     0.9624,     1.6674, 
[ 69300,  0.0001113]     0.8391,     0.9475,     0.9626,     1.5727, 
[ 69400,  0.0001111]     0.8412,     0.9498,     0.9646,     1.4616, 
[ 69500,  0.0001109]     0.8460,     0.9485,     0.9622,     1.5928, 
[ 69600,  0.0001107]     0.8366,     0.9440,     0.9593,     1.7020, 
[ 69700,  0.0001104]     0.8358,     0.9445,     0.9605,     1.7573, 
[ 69800,  0.0001102]     0.8274,     0.9455,     0.9611,     1.6777, 
[ 69900,  0.0001100]     0.8332,     0.9455,     0.9605,     1.7503, 
[ 70000,  0.0001098]     0.8329,     0.9428,     0.9593,     1.7635, 
Validation Chairs EPE: 1.027101
[ 70100,  0.0001096]     0.8336,     0.9475,     0.9635,     1.4561, 
[ 70200,  0.0001093]     0.8378,     0.9463,     0.9615,     1.5976, 
[ 70300,  0.0001091]     0.8369,     0.9486,     0.9627,     1.7507, 
[ 70400,  0.0001089]     0.8376,     0.9466,     0.9612,     1.5646, 
[ 70500,  0.0001087]     0.8430,     0.9482,     0.9642,     1.5097, 
[ 70600,  0.0001085]     0.8414,     0.9496,     0.9649,     1.5423, 
[ 70700,  0.0001082]     0.8370,     0.9462,     0.9611,     1.6034, 
[ 70800,  0.0001080]     0.8429,     0.9470,     0.9617,     1.5763, 
[ 70900,  0.0001078]     0.8389,     0.9467,     0.9619,     1.7998, 
[ 71000,  0.0001076]     0.8285,     0.9442,     0.9601,     1.6062, 
[ 71100,  0.0001074]     0.8392,     0.9473,     0.9626,     1.6190, 
[ 71200,  0.0001071]     0.8306,     0.9425,     0.9588,     1.7866, 
[ 71300,  0.0001069]     0.8385,     0.9462,     0.9622,     1.6346, 
[ 71400,  0.0001067]     0.8468,     0.9516,     0.9656,     1.4710, 
[ 71500,  0.0001065]     0.8291,     0.9415,     0.9577,     1.9569, 
[ 71600,  0.0001063]     0.8387,     0.9433,     0.9585,     1.7215, 
[ 71700,  0.0001061]     0.8357,     0.9478,     0.9630,     1.5852, 
[ 71800,  0.0001058]     0.8321,     0.9438,     0.9604,     1.6172, 
[ 71900,  0.0001056]     0.8367,     0.9456,     0.9609,     1.6842, 
[ 72000,  0.0001054]     0.8370,     0.9489,     0.9640,     1.4023, 
[ 72100,  0.0001052]     0.8484,     0.9493,     0.9631,     1.5091, 
[ 72200,  0.0001050]     0.8421,     0.9501,     0.9645,     1.3998, 
[ 72300,  0.0001047]     0.8495,     0.9500,     0.9638,     1.5378, 
[ 72400,  0.0001045]     0.8380,     0.9473,     0.9630,     1.7397, 
[ 72500,  0.0001043]     0.8403,     0.9499,     0.9648,     1.4036, 
[ 72600,  0.0001041]     0.8338,     0.9453,     0.9614,     1.5580, 
[ 72700,  0.0001039]     0.8438,     0.9497,     0.9646,     1.4909, 
[ 72800,  0.0001036]     0.8311,     0.9425,     0.9589,     1.6888, 
[ 72900,  0.0001034]     0.8512,     0.9496,     0.9637,     1.5860, 
[ 73000,  0.0001032]     0.8337,     0.9464,     0.9613,     1.8281, 
[ 73100,  0.0001030]     0.8470,     0.9507,     0.9653,     1.4468, 
[ 73200,  0.0001028]     0.8301,     0.9452,     0.9613,     1.6434, 
[ 73300,  0.0001025]     0.8433,     0.9503,     0.9651,     1.4419, 
[ 73400,  0.0001023]     0.8362,     0.9482,     0.9635,     1.5574, 
[ 73500,  0.0001021]     0.8406,     0.9503,     0.9649,     1.5313, 
[ 73600,  0.0001019]     0.8384,     0.9486,     0.9631,     1.5497, 
[ 73700,  0.0001017]     0.8355,     0.9431,     0.9586,     1.7125, 
[ 73800,  0.0001015]     0.8378,     0.9464,     0.9616,     1.5227, 
[ 73900,  0.0001012]     0.8379,     0.9469,     0.9626,     1.5405, 
[ 74000,  0.0001010]     0.8401,     0.9493,     0.9635,     1.5844, 
[ 74100,  0.0001008]     0.8364,     0.9484,     0.9624,     1.6317, 
[ 74200,  0.0001006]     0.8392,     0.9489,     0.9638,     1.4707, 
[ 74300,  0.0001004]     0.8475,     0.9505,     0.9647,     1.4781, 
[ 74400,  0.0001001]     0.8363,     0.9466,     0.9619,     1.6982, 
[ 74500,  0.0000999]     0.8433,     0.9508,     0.9649,     1.4611, 
[ 74600,  0.0000997]     0.8441,     0.9485,     0.9632,     1.4884, 
[ 74700,  0.0000995]     0.8345,     0.9465,     0.9617,     1.6097, 
[ 74800,  0.0000993]     0.8450,     0.9490,     0.9634,     1.5948, 
[ 74900,  0.0000990]     0.8394,     0.9454,     0.9605,     1.6178, 
[ 75000,  0.0000988]     0.8388,     0.9505,     0.9658,     1.4576, 
Validation Chairs EPE: 0.999135
[ 75100,  0.0000986]     0.8423,     0.9512,     0.9651,     1.4112, 
[ 75200,  0.0000984]     0.8487,     0.9504,     0.9651,     1.5527, 
[ 75300,  0.0000982]     0.8441,     0.9500,     0.9640,     1.4212, 
[ 75400,  0.0000979]     0.8398,     0.9486,     0.9636,     1.4672, 
[ 75500,  0.0000977]     0.8451,     0.9522,     0.9664,     1.5133, 
[ 75600,  0.0000975]     0.8416,     0.9479,     0.9623,     1.5999, 
[ 75700,  0.0000973]     0.8389,     0.9505,     0.9647,     1.4614, 
[ 75800,  0.0000971]     0.8388,     0.9481,     0.9630,     1.6484, 
[ 75900,  0.0000968]     0.8392,     0.9464,     0.9609,     1.7472, 
[ 76000,  0.0000966]     0.8475,     0.9526,     0.9668,     1.3809, 
[ 76100,  0.0000964]     0.8376,     0.9462,     0.9611,     1.7312, 
[ 76200,  0.0000962]     0.8353,     0.9478,     0.9620,     1.8410, 
[ 76300,  0.0000960]     0.8427,     0.9482,     0.9628,     1.5403, 
[ 76400,  0.0000958]     0.8361,     0.9485,     0.9641,     1.4346, 
[ 76500,  0.0000955]     0.8442,     0.9505,     0.9646,     1.4793, 
[ 76600,  0.0000953]     0.8435,     0.9478,     0.9625,     1.6605, 
[ 76700,  0.0000951]     0.8389,     0.9490,     0.9640,     1.4455, 
[ 76800,  0.0000949]     0.8364,     0.9479,     0.9626,     1.5267, 
[ 76900,  0.0000947]     0.8401,     0.9453,     0.9606,     1.6922, 
[ 77000,  0.0000944]     0.8401,     0.9464,     0.9622,     1.5525, 
[ 77100,  0.0000942]     0.8358,     0.9469,     0.9621,     1.6492, 
[ 77200,  0.0000940]     0.8412,     0.9489,     0.9630,     1.5447, 
[ 77300,  0.0000938]     0.8414,     0.9466,     0.9613,     1.5272, 
[ 77400,  0.0000936]     0.8405,     0.9481,     0.9629,     1.5015, 
[ 77500,  0.0000933]     0.8439,     0.9509,     0.9646,     1.4021, 
[ 77600,  0.0000931]     0.8528,     0.9529,     0.9667,     1.3927, 
[ 77700,  0.0000929]     0.8418,     0.9485,     0.9638,     1.5511, 
[ 77800,  0.0000927]     0.8317,     0.9428,     0.9597,     1.6518, 
[ 77900,  0.0000925]     0.8393,     0.9480,     0.9630,     1.7090, 
[ 78000,  0.0000922]     0.8438,     0.9499,     0.9641,     1.6098, 
[ 78100,  0.0000920]     0.8397,     0.9490,     0.9639,     1.5959, 
[ 78200,  0.0000918]     0.8366,     0.9471,     0.9622,     1.5835, 
[ 78300,  0.0000916]     0.8312,     0.9448,     0.9607,     1.6685, 
[ 78400,  0.0000914]     0.8407,     0.9471,     0.9616,     1.7534, 
[ 78500,  0.0000912]     0.8393,     0.9483,     0.9627,     1.5614, 
[ 78600,  0.0000909]     0.8470,     0.9506,     0.9649,     1.5118, 
[ 78700,  0.0000907]     0.8426,     0.9517,     0.9655,     1.4149, 
[ 78800,  0.0000905]     0.8452,     0.9511,     0.9651,     1.4430, 
[ 78900,  0.0000903]     0.8408,     0.9472,     0.9624,     1.5260, 
[ 79000,  0.0000901]     0.8406,     0.9489,     0.9631,     1.6298, 
[ 79100,  0.0000898]     0.8447,     0.9499,     0.9637,     1.5555, 
[ 79200,  0.0000896]     0.8420,     0.9506,     0.9650,     1.6412, 
[ 79300,  0.0000894]     0.8429,     0.9500,     0.9647,     1.5284, 
[ 79400,  0.0000892]     0.8386,     0.9492,     0.9645,     1.4357, 
[ 79500,  0.0000890]     0.8421,     0.9496,     0.9637,     1.4533, 
[ 79600,  0.0000887]     0.8498,     0.9532,     0.9669,     1.4105, 
[ 79700,  0.0000885]     0.8512,     0.9503,     0.9645,     1.4887, 
[ 79800,  0.0000883]     0.8442,     0.9505,     0.9649,     1.4708, 
[ 79900,  0.0000881]     0.8374,     0.9469,     0.9621,     1.7542, 
[ 80000,  0.0000879]     0.8397,     0.9512,     0.9660,     1.6433, 
Validation Chairs EPE: 0.967268
[ 80100,  0.0000876]     0.8417,     0.9488,     0.9633,     1.6371, 
[ 80200,  0.0000874]     0.8524,     0.9533,     0.9665,     1.3697, 
[ 80300,  0.0000872]     0.8365,     0.9471,     0.9617,     1.7121, 
[ 80400,  0.0000870]     0.8444,     0.9506,     0.9645,     1.4596, 
[ 80500,  0.0000868]     0.8467,     0.9505,     0.9646,     1.6658, 
[ 80600,  0.0000866]     0.8477,     0.9524,     0.9663,     1.4668, 
[ 80700,  0.0000863]     0.8451,     0.9505,     0.9649,     1.5381, 
[ 80800,  0.0000861]     0.8406,     0.9468,     0.9613,     1.6875, 
[ 80900,  0.0000859]     0.8430,     0.9490,     0.9636,     1.4402, 
[ 81000,  0.0000857]     0.8444,     0.9511,     0.9650,     1.7387, 
[ 81100,  0.0000855]     0.8418,     0.9487,     0.9633,     1.5213, 
[ 81200,  0.0000852]     0.8393,     0.9475,     0.9624,     1.6078, 
[ 81300,  0.0000850]     0.8429,     0.9498,     0.9641,     1.5506, 
[ 81400,  0.0000848]     0.8424,     0.9482,     0.9631,     1.6045, 
[ 81500,  0.0000846]     0.8439,     0.9495,     0.9638,     1.5686, 
[ 81600,  0.0000844]     0.8417,     0.9502,     0.9651,     1.5672, 
[ 81700,  0.0000841]     0.8478,     0.9520,     0.9652,     1.5290, 
[ 81800,  0.0000839]     0.8473,     0.9513,     0.9654,     1.5587, 
[ 81900,  0.0000837]     0.8431,     0.9497,     0.9640,     1.5223, 
[ 82000,  0.0000835]     0.8455,     0.9489,     0.9631,     1.7603, 
[ 82100,  0.0000833]     0.8501,     0.9527,     0.9662,     1.4124, 
[ 82200,  0.0000830]     0.8445,     0.9479,     0.9627,     1.5466, 
[ 82300,  0.0000828]     0.8408,     0.9477,     0.9634,     1.4508, 
[ 82400,  0.0000826]     0.8481,     0.9490,     0.9629,     1.5044, 
[ 82500,  0.0000824]     0.8432,     0.9483,     0.9628,     1.8744, 
[ 82600,  0.0000822]     0.8463,     0.9488,     0.9631,     1.6452, 
[ 82700,  0.0000819]     0.8413,     0.9505,     0.9649,     1.4137, 
[ 82800,  0.0000817]     0.8402,     0.9504,     0.9637,     1.6082, 
[ 82900,  0.0000815]     0.8455,     0.9520,     0.9657,     1.5518, 
[ 83000,  0.0000813]     0.8499,     0.9526,     0.9660,     1.4943, 
[ 83100,  0.0000811]     0.8424,     0.9487,     0.9624,     1.6393, 
[ 83200,  0.0000809]     0.8513,     0.9510,     0.9650,     1.5295, 
[ 83300,  0.0000806]     0.8460,     0.9530,     0.9664,     1.3882, 
[ 83400,  0.0000804]     0.8377,     0.9493,     0.9641,     1.4900, 
[ 83500,  0.0000802]     0.8486,     0.9529,     0.9662,     1.4528, 
[ 83600,  0.0000800]     0.8453,     0.9498,     0.9647,     1.4927, 
[ 83700,  0.0000798]     0.8412,     0.9496,     0.9635,     1.6669, 
[ 83800,  0.0000795]     0.8313,     0.9456,     0.9610,     1.6997, 
[ 83900,  0.0000793]     0.8412,     0.9514,     0.9654,     1.3707, 
[ 84000,  0.0000791]     0.8511,     0.9512,     0.9658,     1.4206, 
[ 84100,  0.0000789]     0.8465,     0.9494,     0.9634,     1.6375, 
[ 84200,  0.0000787]     0.8397,     0.9499,     0.9647,     1.4628, 
[ 84300,  0.0000784]     0.8482,     0.9510,     0.9647,     1.4474, 
[ 84400,  0.0000782]     0.8526,     0.9531,     0.9667,     1.4058, 
[ 84500,  0.0000780]     0.8513,     0.9529,     0.9665,     1.4996, 
[ 84600,  0.0000778]     0.8496,     0.9527,     0.9666,     1.3650, 
[ 84700,  0.0000776]     0.8439,     0.9475,     0.9630,     1.6021, 
[ 84800,  0.0000773]     0.8542,     0.9521,     0.9655,     1.3691, 
[ 84900,  0.0000771]     0.8453,     0.9493,     0.9638,     1.5618, 
[ 85000,  0.0000769]     0.8526,     0.9529,     0.9669,     1.4972, 
Validation Chairs EPE: 0.928437
[ 85100,  0.0000767]     0.8434,     0.9499,     0.9646,     1.5254, 
[ 85200,  0.0000765]     0.8472,     0.9497,     0.9640,     1.5581, 
[ 85300,  0.0000763]     0.8540,     0.9535,     0.9668,     1.6888, 
[ 85400,  0.0000760]     0.8484,     0.9496,     0.9637,     1.5397, 
[ 85500,  0.0000758]     0.8392,     0.9492,     0.9635,     1.4627, 
[ 85600,  0.0000756]     0.8430,     0.9485,     0.9630,     1.6454, 
[ 85700,  0.0000754]     0.8546,     0.9515,     0.9652,     1.4878, 
[ 85800,  0.0000752]     0.8466,     0.9518,     0.9665,     1.4804, 
[ 85900,  0.0000749]     0.8529,     0.9511,     0.9651,     1.6121, 
[ 86000,  0.0000747]     0.8502,     0.9520,     0.9661,     1.3874, 
[ 86100,  0.0000745]     0.8446,     0.9532,     0.9672,     1.4636, 
[ 86200,  0.0000743]     0.8427,     0.9473,     0.9626,     1.5416, 
[ 86300,  0.0000741]     0.8452,     0.9506,     0.9644,     1.4776, 
[ 86400,  0.0000738]     0.8526,     0.9550,     0.9679,     1.4368, 
[ 86500,  0.0000736]     0.8463,     0.9512,     0.9657,     1.4227, 
[ 86600,  0.0000734]     0.8463,     0.9524,     0.9671,     1.2975, 
[ 86700,  0.0000732]     0.8388,     0.9486,     0.9635,     1.5306, 
[ 86800,  0.0000730]     0.8520,     0.9527,     0.9661,     1.4841, 
[ 86900,  0.0000727]     0.8446,     0.9498,     0.9636,     1.7532, 
[ 87000,  0.0000725]     0.8402,     0.9486,     0.9633,     1.5531, 
[ 87100,  0.0000723]     0.8446,     0.9493,     0.9636,     1.5147, 
[ 87200,  0.0000721]     0.8541,     0.9528,     0.9664,     1.3924, 
[ 87300,  0.0000719]     0.8507,     0.9526,     0.9663,     1.5521, 
[ 87400,  0.0000717]     0.8508,     0.9504,     0.9645,     1.5287, 
[ 87500,  0.0000714]     0.8493,     0.9545,     0.9675,     1.3167, 
[ 87600,  0.0000712]     0.8476,     0.9512,     0.9652,     1.5037, 
[ 87700,  0.0000710]     0.8459,     0.9499,     0.9632,     1.5295, 
[ 87800,  0.0000708]     0.8450,     0.9515,     0.9650,     1.6286, 
[ 87900,  0.0000706]     0.8484,     0.9510,     0.9646,     1.5654, 
[ 88000,  0.0000703]     0.8416,     0.9477,     0.9624,     1.9829, 
[ 88100,  0.0000701]     0.8416,     0.9452,     0.9602,     1.8490, 
[ 88200,  0.0000699]     0.8459,     0.9523,     0.9663,     1.3339, 
[ 88300,  0.0000697]     0.8478,     0.9538,     0.9665,     1.5057, 
[ 88400,  0.0000695]     0.8431,     0.9496,     0.9644,     1.5157, 
[ 88500,  0.0000692]     0.8551,     0.9530,     0.9667,     1.3712, 
[ 88600,  0.0000690]     0.8552,     0.9507,     0.9637,     1.8097, 
[ 88700,  0.0000688]     0.8501,     0.9521,     0.9663,     1.5343, 
[ 88800,  0.0000686]     0.8497,     0.9540,     0.9675,     1.4418, 
[ 88900,  0.0000684]     0.8444,     0.9501,     0.9637,     1.5513, 
[ 89000,  0.0000681]     0.8493,     0.9516,     0.9649,     1.4759, 
[ 89100,  0.0000679]     0.8544,     0.9553,     0.9682,     1.3414, 
[ 89200,  0.0000677]     0.8543,     0.9555,     0.9686,     1.3073, 
[ 89300,  0.0000675]     0.8406,     0.9490,     0.9632,     1.5662, 
[ 89400,  0.0000673]     0.8485,     0.9528,     0.9668,     1.4789, 
[ 89500,  0.0000671]     0.8437,     0.9484,     0.9622,     1.7163, 
[ 89600,  0.0000668]     0.8446,     0.9487,     0.9631,     1.4940, 
[ 89700,  0.0000666]     0.8427,     0.9502,     0.9648,     1.4371, 
[ 89800,  0.0000664]     0.8418,     0.9514,     0.9662,     1.5053, 
[ 89900,  0.0000662]     0.8567,     0.9553,     0.9683,     1.2990, 
[ 90000,  0.0000660]     0.8502,     0.9503,     0.9639,     1.5257, 
Validation Chairs EPE: 0.928130
[ 90100,  0.0000657]     0.8515,     0.9524,     0.9660,     1.4190, 
[ 90200,  0.0000655]     0.8489,     0.9512,     0.9649,     1.4793, 
[ 90300,  0.0000653]     0.8508,     0.9527,     0.9661,     1.4791, 
[ 90400,  0.0000651]     0.8432,     0.9494,     0.9637,     1.5267, 
[ 90500,  0.0000649]     0.8473,     0.9514,     0.9654,     1.5139, 
[ 90600,  0.0000646]     0.8563,     0.9550,     0.9677,     1.3390, 
[ 90700,  0.0000644]     0.8532,     0.9524,     0.9661,     1.3568, 
[ 90800,  0.0000642]     0.8477,     0.9535,     0.9668,     1.4175, 
[ 90900,  0.0000640]     0.8612,     0.9564,     0.9692,     1.2713, 
[ 91000,  0.0000638]     0.8479,     0.9491,     0.9633,     1.5816, 
[ 91100,  0.0000635]     0.8464,     0.9515,     0.9655,     1.4482, 
[ 91200,  0.0000633]     0.8495,     0.9539,     0.9668,     1.3918, 
[ 91300,  0.0000631]     0.8546,     0.9521,     0.9651,     1.7323, 
[ 91400,  0.0000629]     0.8498,     0.9512,     0.9651,     1.4178, 
[ 91500,  0.0000627]     0.8513,     0.9545,     0.9677,     1.3525, 
[ 91600,  0.0000624]     0.8491,     0.9501,     0.9636,     1.6239, 
[ 91700,  0.0000622]     0.8479,     0.9515,     0.9660,     1.6093, 
[ 91800,  0.0000620]     0.8535,     0.9538,     0.9673,     1.3671, 
[ 91900,  0.0000618]     0.8514,     0.9538,     0.9670,     1.5117, 
[ 92000,  0.0000616]     0.8517,     0.9516,     0.9649,     1.7130, 
[ 92100,  0.0000614]     0.8462,     0.9533,     0.9672,     1.4075, 
[ 92200,  0.0000611]     0.8457,     0.9511,     0.9653,     1.4849, 
[ 92300,  0.0000609]     0.8454,     0.9512,     0.9646,     1.6246, 
[ 92400,  0.0000607]     0.8464,     0.9510,     0.9646,     1.6530, 
[ 92500,  0.0000605]     0.8488,     0.9524,     0.9665,     1.5179, 
[ 92600,  0.0000603]     0.8470,     0.9489,     0.9640,     1.4225, 
[ 92700,  0.0000600]     0.8575,     0.9561,     0.9694,     1.2474, 
[ 92800,  0.0000598]     0.8525,     0.9550,     0.9679,     1.4567, 
[ 92900,  0.0000596]     0.8493,     0.9504,     0.9642,     1.5073, 
[ 93000,  0.0000594]     0.8477,     0.9522,     0.9654,     1.5357, 
[ 93100,  0.0000592]     0.8496,     0.9511,     0.9646,     1.4994, 
[ 93200,  0.0000589]     0.8550,     0.9554,     0.9684,     1.3283, 
[ 93300,  0.0000587]     0.8545,     0.9547,     0.9679,     1.2416, 
[ 93400,  0.0000585]     0.8592,     0.9536,     0.9663,     1.3198, 
[ 93500,  0.0000583]     0.8541,     0.9519,     0.9656,     1.3936, 
[ 93600,  0.0000581]     0.8507,     0.9522,     0.9660,     1.4107, 
[ 93700,  0.0000578]     0.8536,     0.9522,     0.9659,     1.5377, 
[ 93800,  0.0000576]     0.8518,     0.9552,     0.9682,     1.3050, 
[ 93900,  0.0000574]     0.8485,     0.9538,     0.9677,     1.3242, 
[ 94000,  0.0000572]     0.8541,     0.9554,     0.9681,     1.4765, 
[ 94100,  0.0000570]     0.8639,     0.9558,     0.9685,     1.3038, 
[ 94200,  0.0000568]     0.8498,     0.9528,     0.9658,     1.5442, 
[ 94300,  0.0000565]     0.8525,     0.9550,     0.9686,     1.3107, 
[ 94400,  0.0000563]     0.8492,     0.9529,     0.9659,     1.4850, 
[ 94500,  0.0000561]     0.8447,     0.9498,     0.9641,     1.4497, 
[ 94600,  0.0000559]     0.8523,     0.9539,     0.9665,     1.4002, 
[ 94700,  0.0000557]     0.8424,     0.9510,     0.9652,     1.5656, 
[ 94800,  0.0000554]     0.8592,     0.9549,     0.9677,     1.3937, 
[ 94900,  0.0000552]     0.8485,     0.9527,     0.9660,     1.4300, 
[ 95000,  0.0000550]     0.8399,     0.9470,     0.9623,     1.5846, 
Validation Chairs EPE: 0.929450
[ 95100,  0.0000548]     0.8486,     0.9517,     0.9656,     1.4666, 
[ 95200,  0.0000546]     0.8502,     0.9539,     0.9676,     1.4464, 
[ 95300,  0.0000543]     0.8474,     0.9534,     0.9673,     1.4249, 
[ 95400,  0.0000541]     0.8530,     0.9512,     0.9645,     1.6157, 
[ 95500,  0.0000539]     0.8587,     0.9572,     0.9695,     1.3303, 
[ 95600,  0.0000537]     0.8575,     0.9555,     0.9685,     1.3682, 
[ 95700,  0.0000535]     0.8464,     0.9516,     0.9649,     1.4588, 
[ 95800,  0.0000532]     0.8465,     0.9524,     0.9662,     1.3843, 
[ 95900,  0.0000530]     0.8499,     0.9529,     0.9669,     1.5235, 
[ 96000,  0.0000528]     0.8568,     0.9540,     0.9676,     1.3622, 
[ 96100,  0.0000526]     0.8530,     0.9529,     0.9664,     1.4198, 
[ 96200,  0.0000524]     0.8502,     0.9500,     0.9634,     1.6948, 
[ 96300,  0.0000522]     0.8473,     0.9487,     0.9636,     1.5000, 
[ 96400,  0.0000519]     0.8458,     0.9511,     0.9650,     1.6778, 
[ 96500,  0.0000517]     0.8598,     0.9545,     0.9671,     1.2780, 
[ 96600,  0.0000515]     0.8574,     0.9571,     0.9694,     1.3674, 
[ 96700,  0.0000513]     0.8494,     0.9518,     0.9649,     1.3777, 
[ 96800,  0.0000511]     0.8544,     0.9530,     0.9661,     1.4913, 
[ 96900,  0.0000508]     0.8537,     0.9550,     0.9684,     1.5290, 
[ 97000,  0.0000506]     0.8502,     0.9530,     0.9661,     1.4758, 
[ 97100,  0.0000504]     0.8514,     0.9533,     0.9677,     1.3671, 
[ 97200,  0.0000502]     0.8603,     0.9573,     0.9692,     1.3651, 
[ 97300,  0.0000500]     0.8504,     0.9519,     0.9662,     1.4242, 
[ 97400,  0.0000497]     0.8460,     0.9520,     0.9652,     1.4883, 
[ 97500,  0.0000495]     0.8559,     0.9544,     0.9670,     1.4590, 
[ 97600,  0.0000493]     0.8452,     0.9523,     0.9658,     1.5838, 
[ 97700,  0.0000491]     0.8520,     0.9545,     0.9679,     1.2818, 
[ 97800,  0.0000489]     0.8419,     0.9482,     0.9622,     1.6280, 
[ 97900,  0.0000486]     0.8575,     0.9555,     0.9683,     1.3744, 
[ 98000,  0.0000484]     0.8520,     0.9544,     0.9674,     1.3434, 
[ 98100,  0.0000482]     0.8466,     0.9503,     0.9641,     1.7392, 
[ 98200,  0.0000480]     0.8491,     0.9536,     0.9673,     1.3299, 
[ 98300,  0.0000478]     0.8502,     0.9505,     0.9640,     1.3379, 
[ 98400,  0.0000475]     0.8481,     0.9504,     0.9650,     1.4555, 
[ 98500,  0.0000473]     0.8525,     0.9543,     0.9676,     1.4221, 
[ 98600,  0.0000471]     0.8460,     0.9501,     0.9638,     1.6609, 
[ 98700,  0.0000469]     0.8545,     0.9532,     0.9666,     1.4835, 
[ 98800,  0.0000467]     0.8488,     0.9545,     0.9671,     1.5139, 
[ 98900,  0.0000465]     0.8573,     0.9541,     0.9668,     1.3873, 
[ 99000,  0.0000462]     0.8628,     0.9572,     0.9694,     1.3250, 
[ 99100,  0.0000460]     0.8597,     0.9561,     0.9691,     1.4018, 
[ 99200,  0.0000458]     0.8491,     0.9489,     0.9629,     1.4933, 
[ 99300,  0.0000456]     0.8543,     0.9544,     0.9676,     1.3811, 
[ 99400,  0.0000454]     0.8559,     0.9553,     0.9685,     1.3582, 
[ 99500,  0.0000451]     0.8602,     0.9537,     0.9661,     1.4869, 
[ 99600,  0.0000449]     0.8519,     0.9534,     0.9667,     1.4588, 
[ 99700,  0.0000447]     0.8533,     0.9543,     0.9678,     1.3722, 
[ 99800,  0.0000445]     0.8521,     0.9530,     0.9664,     1.5084, 
[ 99900,  0.0000443]     0.8573,     0.9563,     0.9689,     1.3121, 
[100000,  0.0000440]     0.8508,     0.9552,     0.9680,     1.3082, 
Validation Chairs EPE: 0.884614
[100100,  0.0000438]     0.8459,     0.9517,     0.9652,     1.4424, 
[100200,  0.0000436]     0.8583,     0.9561,     0.9684,     1.3333, 
[100300,  0.0000434]     0.8517,     0.9541,     0.9676,     1.3019, 
[100400,  0.0000432]     0.8531,     0.9516,     0.9650,     1.4863, 
[100500,  0.0000429]     0.8503,     0.9533,     0.9665,     1.3623, 
[100600,  0.0000427]     0.8507,     0.9539,     0.9668,     1.7525, 
[100700,  0.0000425]     0.8582,     0.9534,     0.9669,     1.2256, 
[100800,  0.0000423]     0.8420,     0.9490,     0.9637,     1.5706, 
[100900,  0.0000421]     0.8503,     0.9525,     0.9660,     1.4472, 
[101000,  0.0000419]     0.8540,     0.9532,     0.9664,     1.3698, 
[101100,  0.0000416]     0.8530,     0.9552,     0.9683,     1.2578, 
[101200,  0.0000414]     0.8612,     0.9569,     0.9694,     1.2996, 
[101300,  0.0000412]     0.8511,     0.9534,     0.9670,     1.3563, 
[101400,  0.0000410]     0.8499,     0.9518,     0.9657,     1.3117, 
[101500,  0.0000408]     0.8580,     0.9578,     0.9703,     1.1618, 
[101600,  0.0000405]     0.8593,     0.9560,     0.9685,     1.3209, 
[101700,  0.0000403]     0.8485,     0.9521,     0.9655,     1.5191, 
[101800,  0.0000401]     0.8521,     0.9530,     0.9672,     1.3123, 
[101900,  0.0000399]     0.8503,     0.9517,     0.9653,     1.4903, 
[102000,  0.0000397]     0.8571,     0.9536,     0.9666,     1.4309, 
[102100,  0.0000394]     0.8581,     0.9559,     0.9683,     1.2930, 
[102200,  0.0000392]     0.8499,     0.9531,     0.9671,     1.3738, 
[102300,  0.0000390]     0.8549,     0.9554,     0.9683,     1.3875, 
[102400,  0.0000388]     0.8508,     0.9522,     0.9660,     1.5845, 
[102500,  0.0000386]     0.8626,     0.9562,     0.9684,     1.3175, 
[102600,  0.0000383]     0.8490,     0.9520,     0.9655,     1.4561, 
[102700,  0.0000381]     0.8612,     0.9556,     0.9686,     1.3478, 
[102800,  0.0000379]     0.8515,     0.9538,     0.9669,     1.3640, 
[102900,  0.0000377]     0.8642,     0.9596,     0.9707,     1.2903, 
[103000,  0.0000375]     0.8548,     0.9526,     0.9658,     1.4148, 
[103100,  0.0000373]     0.8491,     0.9530,     0.9660,     1.4492, 
[103200,  0.0000370]     0.8594,     0.9550,     0.9685,     1.4285, 
[103300,  0.0000368]     0.8562,     0.9550,     0.9673,     1.3980, 
[103400,  0.0000366]     0.8489,     0.9543,     0.9672,     1.4576, 
[103500,  0.0000364]     0.8509,     0.9536,     0.9666,     1.3899, 
[103600,  0.0000362]     0.8401,     0.9493,     0.9640,     1.4941, 
[103700,  0.0000359]     0.8558,     0.9534,     0.9659,     1.5399, 
[103800,  0.0000357]     0.8588,     0.9563,     0.9688,     1.3951, 
[103900,  0.0000355]     0.8528,     0.9520,     0.9661,     1.4284, 
[104000,  0.0000353]     0.8639,     0.9568,     0.9688,     1.2973, 
[104100,  0.0000351]     0.8513,     0.9536,     0.9673,     1.3037, 
[104200,  0.0000348]     0.8574,     0.9560,     0.9687,     1.2764, 
[104300,  0.0000346]     0.8439,     0.9515,     0.9661,     1.5849, 
[104400,  0.0000344]     0.8618,     0.9569,     0.9697,     1.2207, 
[104500,  0.0000342]     0.8605,     0.9557,     0.9683,     1.3051, 
[104600,  0.0000340]     0.8494,     0.9538,     0.9668,     1.3775, 
[104700,  0.0000337]     0.8549,     0.9554,     0.9678,     1.6125, 
[104800,  0.0000335]     0.8611,     0.9571,     0.9699,     1.2489, 
[104900,  0.0000333]     0.8586,     0.9567,     0.9696,     1.2994, 
[105000,  0.0000331]     0.8518,     0.9544,     0.9678,     1.3600, 
Validation Chairs EPE: 0.880695
[105100,  0.0000329]     0.8571,     0.9567,     0.9686,     1.3710, 
[105200,  0.0000326]     0.8569,     0.9574,     0.9700,     1.3435, 
[105300,  0.0000324]     0.8527,     0.9563,     0.9683,     1.3056, 
[105400,  0.0000322]     0.8589,     0.9553,     0.9677,     1.3667, 
[105500,  0.0000320]     0.8568,     0.9537,     0.9673,     1.3490, 
[105600,  0.0000318]     0.8644,     0.9578,     0.9700,     1.3594, 
[105700,  0.0000316]     0.8566,     0.9552,     0.9677,     1.4193, 
[105800,  0.0000313]     0.8551,     0.9551,     0.9685,     1.2365, 
[105900,  0.0000311]     0.8549,     0.9529,     0.9666,     1.4270, 
[106000,  0.0000309]     0.8533,     0.9539,     0.9673,     1.2912, 
[106100,  0.0000307]     0.8504,     0.9537,     0.9669,     1.3539, 
[106200,  0.0000305]     0.8641,     0.9582,     0.9711,     1.1990, 
[106300,  0.0000302]     0.8568,     0.9553,     0.9684,     1.3330, 
[106400,  0.0000300]     0.8551,     0.9536,     0.9669,     1.3889, 
[106500,  0.0000298]     0.8495,     0.9525,     0.9664,     1.3974, 
[106600,  0.0000296]     0.8647,     0.9575,     0.9696,     1.3395, 
[106700,  0.0000294]     0.8580,     0.9571,     0.9693,     1.2558, 
[106800,  0.0000291]     0.8489,     0.9536,     0.9678,     1.4005, 
[106900,  0.0000289]     0.8596,     0.9551,     0.9682,     1.6014, 
[107000,  0.0000287]     0.8529,     0.9557,     0.9695,     1.3096, 
[107100,  0.0000285]     0.8499,     0.9514,     0.9651,     1.5234, 
[107200,  0.0000283]     0.8560,     0.9565,     0.9691,     1.2860, 
[107300,  0.0000280]     0.8549,     0.9542,     0.9669,     1.4303, 
[107400,  0.0000278]     0.8623,     0.9523,     0.9648,     1.5071, 
[107500,  0.0000276]     0.8596,     0.9562,     0.9689,     1.2050, 
[107600,  0.0000274]     0.8533,     0.9536,     0.9662,     1.5988, 
[107700,  0.0000272]     0.8530,     0.9548,     0.9674,     1.3669, 
[107800,  0.0000270]     0.8520,     0.9534,     0.9665,     1.4102, 
[107900,  0.0000267]     0.8524,     0.9544,     0.9674,     1.4121, 
[108000,  0.0000265]     0.8595,     0.9548,     0.9677,     1.3915, 
[108100,  0.0000263]     0.8577,     0.9570,     0.9694,     1.1877, 
[108200,  0.0000261]     0.8526,     0.9544,     0.9672,     1.5526, 
[108300,  0.0000259]     0.8548,     0.9539,     0.9668,     1.6798, 
[108400,  0.0000256]     0.8522,     0.9535,     0.9669,     1.4203, 
[108500,  0.0000254]     0.8654,     0.9567,     0.9698,     1.2186, 
[108600,  0.0000252]     0.8566,     0.9539,     0.9673,     1.3607, 
[108700,  0.0000250]     0.8555,     0.9564,     0.9685,     1.4730, 
[108800,  0.0000248]     0.8589,     0.9543,     0.9669,     1.3900, 
[108900,  0.0000245]     0.8542,     0.9557,     0.9686,     1.3625, 
[109000,  0.0000243]     0.8537,     0.9551,     0.9681,     1.3349, 
[109100,  0.0000241]     0.8499,     0.9524,     0.9655,     1.5519, 
[109200,  0.0000239]     0.8509,     0.9562,     0.9688,     1.4033, 
[109300,  0.0000237]     0.8521,     0.9551,     0.9682,     1.3299, 
[109400,  0.0000234]     0.8548,     0.9567,     0.9696,     1.3757, 
[109500,  0.0000232]     0.8498,     0.9537,     0.9666,     1.3906, 
[109600,  0.0000230]     0.8623,     0.9568,     0.9695,     1.2558, 
[109700,  0.0000228]     0.8519,     0.9546,     0.9673,     1.3887, 
[109800,  0.0000226]     0.8594,     0.9550,     0.9679,     1.2948, 
[109900,  0.0000224]     0.8512,     0.9518,     0.9650,     1.5263, 
[110000,  0.0000221]     0.8618,     0.9558,     0.9683,     1.3400, 
Validation Chairs EPE: 0.873647
[110100,  0.0000219]     0.8554,     0.9534,     0.9663,     1.4172, 
[110200,  0.0000217]     0.8621,     0.9554,     0.9678,     1.3716, 
[110300,  0.0000215]     0.8550,     0.9542,     0.9669,     1.3871, 
[110400,  0.0000213]     0.8680,     0.9585,     0.9698,     1.3331, 
[110500,  0.0000210]     0.8540,     0.9535,     0.9665,     1.4580, 
[110600,  0.0000208]     0.8600,     0.9570,     0.9691,     1.4128, 
[110700,  0.0000206]     0.8539,     0.9535,     0.9662,     1.5108, 
[110800,  0.0000204]     0.8572,     0.9544,     0.9668,     1.4043, 
[110900,  0.0000202]     0.8580,     0.9563,     0.9693,     1.2526, 
[111000,  0.0000199]     0.8530,     0.9540,     0.9667,     1.4182, 
[111100,  0.0000197]     0.8574,     0.9563,     0.9682,     1.5013, 
[111200,  0.0000195]     0.8572,     0.9540,     0.9669,     1.2956, 
[111300,  0.0000193]     0.8551,     0.9549,     0.9677,     1.3484, 
[111400,  0.0000191]     0.8594,     0.9574,     0.9692,     1.2685, 
[111500,  0.0000188]     0.8436,     0.9487,     0.9642,     1.4494, 
[111600,  0.0000186]     0.8598,     0.9571,     0.9692,     1.2489, 
[111700,  0.0000184]     0.8533,     0.9548,     0.9685,     1.3148, 
[111800,  0.0000182]     0.8562,     0.9554,     0.9680,     1.4732, 
[111900,  0.0000180]     0.8576,     0.9558,     0.9687,     1.2493, 
[112000,  0.0000177]     0.8580,     0.9575,     0.9707,     1.1650, 
[112100,  0.0000175]     0.8573,     0.9548,     0.9674,     1.3806, 
[112200,  0.0000173]     0.8540,     0.9559,     0.9688,     1.3318, 
[112300,  0.0000171]     0.8563,     0.9554,     0.9684,     1.3408, 
[112400,  0.0000169]     0.8557,     0.9549,     0.9680,     1.4155, 
[112500,  0.0000167]     0.8503,     0.9534,     0.9659,     1.3724, 
[112600,  0.0000164]     0.8592,     0.9572,     0.9697,     1.3422, 
[112700,  0.0000162]     0.8458,     0.9499,     0.9634,     1.4644, 
[112800,  0.0000160]     0.8571,     0.9547,     0.9685,     1.2789, 
[112900,  0.0000158]     0.8513,     0.9536,     0.9664,     1.4005, 
[113000,  0.0000156]     0.8574,     0.9586,     0.9709,     1.1981, 
[113100,  0.0000153]     0.8585,     0.9568,     0.9687,     1.3543, 
[113200,  0.0000151]     0.8657,     0.9591,     0.9705,     1.3582, 
[113300,  0.0000149]     0.8567,     0.9529,     0.9662,     1.4004, 
[113400,  0.0000147]     0.8602,     0.9550,     0.9675,     1.3183, 
[113500,  0.0000145]     0.8587,     0.9573,     0.9696,     1.3675, 
[113600,  0.0000142]     0.8586,     0.9545,     0.9665,     1.4541, 
[113700,  0.0000140]     0.8577,     0.9553,     0.9682,     1.3680, 
[113800,  0.0000138]     0.8654,     0.9583,     0.9705,     1.3684, 
[113900,  0.0000136]     0.8586,     0.9583,     0.9703,     1.2137, 
[114000,  0.0000134]     0.8619,     0.9580,     0.9702,     1.3796, 
[114100,  0.0000131]     0.8534,     0.9525,     0.9652,     1.5184, 
[114200,  0.0000129]     0.8662,     0.9582,     0.9708,     1.2929, 
[114300,  0.0000127]     0.8611,     0.9552,     0.9680,     1.2801, 
[114400,  0.0000125]     0.8517,     0.9550,     0.9679,     1.2916, 
[114500,  0.0000123]     0.8544,     0.9545,     0.9676,     1.2124, 
[114600,  0.0000121]     0.8578,     0.9550,     0.9682,     1.3287, 
[114700,  0.0000118]     0.8520,     0.9528,     0.9671,     1.4112, 
[114800,  0.0000116]     0.8543,     0.9549,     0.9678,     1.4547, 
[114900,  0.0000114]     0.8610,     0.9556,     0.9681,     1.4437, 
[115000,  0.0000112]     0.8591,     0.9554,     0.9680,     1.2398, 
Validation Chairs EPE: 0.871984
[115100,  0.0000110]     0.8568,     0.9576,     0.9692,     1.3722, 
[115200,  0.0000107]     0.8577,     0.9566,     0.9687,     1.4160, 
[115300,  0.0000105]     0.8618,     0.9581,     0.9702,     1.2857, 
[115400,  0.0000103]     0.8676,     0.9572,     0.9690,     1.3017, 
[115500,  0.0000101]     0.8605,     0.9567,     0.9686,     1.3703, 
[115600,  0.0000099]     0.8598,     0.9553,     0.9676,     1.3205, 
[115700,  0.0000096]     0.8568,     0.9581,     0.9708,     1.2268, 
[115800,  0.0000094]     0.8559,     0.9540,     0.9665,     1.3207, 
[115900,  0.0000092]     0.8637,     0.9589,     0.9709,     1.2545, 
[116000,  0.0000090]     0.8534,     0.9529,     0.9658,     1.3911, 
[116100,  0.0000088]     0.8546,     0.9526,     0.9670,     1.3519, 
[116200,  0.0000085]     0.8626,     0.9581,     0.9700,     1.3944, 
[116300,  0.0000083]     0.8553,     0.9534,     0.9668,     1.4306, 
[116400,  0.0000081]     0.8662,     0.9589,     0.9706,     1.1782, 
[116500,  0.0000079]     0.8552,     0.9536,     0.9663,     1.4686, 
[116600,  0.0000077]     0.8616,     0.9571,     0.9686,     1.4138, 
[116700,  0.0000075]     0.8571,     0.9554,     0.9676,     1.4245, 
[116800,  0.0000072]     0.8580,     0.9575,     0.9697,     1.3267, 
[116900,  0.0000070]     0.8542,     0.9557,     0.9684,     1.2483, 
[117000,  0.0000068]     0.8663,     0.9561,     0.9679,     1.2304, 
[117100,  0.0000066]     0.8633,     0.9571,     0.9688,     1.2668, 
[117200,  0.0000064]     0.8593,     0.9558,     0.9678,     1.3795, 
[117300,  0.0000061]     0.8609,     0.9570,     0.9693,     1.3293, 
[117400,  0.0000059]     0.8604,     0.9556,     0.9681,     1.2743, 
[117500,  0.0000057]     0.8572,     0.9578,     0.9695,     1.1685, 
[117600,  0.0000055]     0.8565,     0.9534,     0.9658,     1.4346, 
[117700,  0.0000053]     0.8639,     0.9588,     0.9714,     1.1702, 
[117800,  0.0000050]     0.8535,     0.9541,     0.9667,     1.3711, 
[117900,  0.0000048]     0.8619,     0.9570,     0.9693,     1.3514, 
[118000,  0.0000046]     0.8656,     0.9598,     0.9716,     1.1863, 
[118100,  0.0000044]     0.8492,     0.9547,     0.9676,     1.4171, 
[118200,  0.0000042]     0.8552,     0.9530,     0.9659,     1.4541, 
[118300,  0.0000039]     0.8627,     0.9554,     0.9677,     1.3288, 
[118400,  0.0000037]     0.8661,     0.9580,     0.9705,     1.2688, 
[118500,  0.0000035]     0.8565,     0.9550,     0.9681,     1.4106, 
[118600,  0.0000033]     0.8555,     0.9551,     0.9677,     1.2934, 
[118700,  0.0000031]     0.8670,     0.9588,     0.9706,     1.1919, 
[118800,  0.0000028]     0.8568,     0.9549,     0.9670,     1.4394, 
[118900,  0.0000026]     0.8551,     0.9570,     0.9694,     1.3155, 
[119000,  0.0000024]     0.8544,     0.9544,     0.9673,     1.3594, 
[119100,  0.0000022]     0.8553,     0.9560,     0.9688,     1.2360, 
[119200,  0.0000020]     0.8613,     0.9564,     0.9688,     1.3346, 
[119300,  0.0000018]     0.8533,     0.9561,     0.9685,     1.4575, 
[119400,  0.0000015]     0.8652,     0.9599,     0.9717,     1.1714, 
[119500,  0.0000013]     0.8603,     0.9559,     0.9683,     1.2835, 
[119600,  0.0000011]     0.8603,     0.9569,     0.9697,     1.2205, 
[119700,  0.0000009]     0.8596,     0.9567,     0.9691,     1.2948, 
[119800,  0.0000007]     0.8617,     0.9570,     0.9691,     1.2616, 
[119900,  0.0000004]     0.8613,     0.9567,     0.9690,     1.3486, 
[120000,  0.0000002]     0.8551,     0.9556,     0.9676,     1.4170, 
Validation Chairs EPE: 0.867932
