nohup: ignoring input
Parameter Count: 5276352
Training with 22232 image pairs
/home/zexin/anaconda3/envs/raft/lib/python3.7/site-packages/torch/optim/lr_scheduler.py:123: UserWarning: Detected call of `lr_scheduler.step()` before `optimizer.step()`. In PyTorch 1.1.0 and later, you should call them in the opposite order: `optimizer.step()` before `lr_scheduler.step()`.  Failure to do this will result in PyTorch skipping the first value of the learning rate schedule. See more details at https://pytorch.org/docs/stable/optim.html#how-to-adjust-learning-rate
  "https://pytorch.org/docs/stable/optim.html#how-to-adjust-learning-rate", UserWarning)
[   100,  0.0000140]     0.0396,     0.2276,     0.3734,    16.8342, 
[   200,  0.0000180]     0.0516,     0.2716,     0.4173,    15.9614, 
[   300,  0.0000220]     0.0718,     0.3117,     0.4353,    14.5094, 
[   400,  0.0000259]     0.0634,     0.2684,     0.4015,    16.3365, 
[   500,  0.0000299]     0.0360,     0.2144,     0.3748,    14.2527, 
[   600,  0.0000339]     0.0452,     0.2563,     0.4307,    13.9774, 
[   700,  0.0000379]     0.0638,     0.3221,     0.4902,    12.7753, 
[   800,  0.0000419]     0.0694,     0.3262,     0.4915,    12.3402, 
[   900,  0.0000459]     0.0922,     0.3804,     0.5424,    11.4624, 
[  1000,  0.0000499]     0.1238,     0.4299,     0.5765,    11.3007, 
[  1100,  0.0000539]     0.1270,     0.4411,     0.5893,    11.3051, 
[  1200,  0.0000579]     0.1584,     0.4774,     0.6158,    10.2319, 
[  1300,  0.0000619]     0.1963,     0.5235,     0.6563,     9.1524, 
[  1400,  0.0000659]     0.2326,     0.5677,     0.6930,     8.8133, 
[  1500,  0.0000699]     0.2637,     0.5869,     0.7020,     8.6969, 
[  1600,  0.0000739]     0.2913,     0.6325,     0.7436,     7.6702, 
[  1700,  0.0000779]     0.3181,     0.6365,     0.7361,     8.3183, 
[  1800,  0.0000819]     0.3536,     0.6707,     0.7647,     7.3667, 
[  1900,  0.0000859]     0.3646,     0.6731,     0.7654,     7.6070, 
[  2000,  0.0000899]     0.3945,     0.6910,     0.7770,     7.5063, 
[  2100,  0.0000939]     0.4342,     0.7181,     0.7964,     6.7394, 
[  2200,  0.0000979]     0.4523,     0.7304,     0.8064,     6.3556, 
[  2300,  0.0001019]     0.4566,     0.7237,     0.7988,     7.4921, 
[  2400,  0.0001059]     0.4638,     0.7324,     0.8077,     6.4024, 
[  2500,  0.0001099]     0.4955,     0.7493,     0.8166,     6.8072, 
[  2600,  0.0001139]     0.4998,     0.7444,     0.8115,     6.8932, 
[  2700,  0.0001179]     0.5214,     0.7590,     0.8228,     6.1574, 
[  2800,  0.0001219]     0.5276,     0.7652,     0.8270,     6.2515, 
[  2900,  0.0001259]     0.5511,     0.7776,     0.8369,     6.0302, 
[  3000,  0.0001299]     0.5366,     0.7651,     0.8268,     6.4079, 
[  3100,  0.0001339]     0.5577,     0.7830,     0.8438,     5.5201, 
[  3200,  0.0001379]     0.5532,     0.7723,     0.8319,     6.2150, 
[  3300,  0.0001419]     0.5672,     0.7842,     0.8439,     5.6685, 
[  3400,  0.0001459]     0.5802,     0.7832,     0.8391,     6.1972, 
[  3500,  0.0001499]     0.5984,     0.8047,     0.8576,     5.2626, 
[  3600,  0.0001539]     0.5847,     0.7892,     0.8443,     5.8548, 
[  3700,  0.0001579]     0.5867,     0.7905,     0.8440,     5.8808, 
[  3800,  0.0001619]     0.5999,     0.7957,     0.8473,     5.5474, 
[  3900,  0.0001659]     0.6007,     0.8004,     0.8542,     5.5908, 
[  4000,  0.0001699]     0.6214,     0.8139,     0.8655,     4.9726, 
[  4100,  0.0001739]     0.6256,     0.8140,     0.8629,     5.1610, 
[  4200,  0.0001778]     0.6290,     0.8175,     0.8651,     4.8898, 
[  4300,  0.0001818]     0.6360,     0.8175,     0.8632,     5.3580, 
[  4400,  0.0001858]     0.6269,     0.8185,     0.8664,     5.1607, 
[  4500,  0.0001898]     0.6402,     0.8225,     0.8697,     4.7895, 
[  4600,  0.0001938]     0.6370,     0.8210,     0.8673,     4.9751, 
[  4700,  0.0001978]     0.6461,     0.8278,     0.8742,     4.7470, 
[  4800,  0.0002018]     0.6402,     0.8246,     0.8709,     4.7862, 
[  4900,  0.0002058]     0.6445,     0.8266,     0.8728,     5.0597, 
[  5000,  0.0002098]     0.6512,     0.8277,     0.8722,     4.8354, 
Validation Chairs EPE: 2.881683
[  5100,  0.0002138]     0.6583,     0.8359,     0.8796,     4.3821, 
[  5200,  0.0002178]     0.6495,     0.8277,     0.8739,     4.8407, 
[  5300,  0.0002218]     0.6526,     0.8299,     0.8744,     4.9759, 
[  5400,  0.0002258]     0.6646,     0.8381,     0.8822,     4.1472, 
[  5500,  0.0002298]     0.6648,     0.8345,     0.8771,     4.8558, 
[  5600,  0.0002338]     0.6678,     0.8431,     0.8850,     4.2526, 
[  5700,  0.0002378]     0.6746,     0.8441,     0.8854,     4.7109, 
[  5800,  0.0002418]     0.6662,     0.8361,     0.8804,     4.2161, 
[  5900,  0.0002458]     0.6655,     0.8410,     0.8839,     4.2334, 
[  6000,  0.0002498]     0.6779,     0.8497,     0.8919,     4.3197, 
[  6100,  0.0002498]     0.6801,     0.8496,     0.8902,     4.2740, 
[  6200,  0.0002496]     0.6684,     0.8372,     0.8790,     4.7369, 
[  6300,  0.0002494]     0.6637,     0.8406,     0.8818,     4.6625, 
[  6400,  0.0002491]     0.6764,     0.8458,     0.8865,     4.3868, 
[  6500,  0.0002489]     0.6766,     0.8480,     0.8889,     4.1281, 
[  6600,  0.0002487]     0.6861,     0.8518,     0.8910,     4.0624, 
[  6700,  0.0002485]     0.6824,     0.8507,     0.8903,     4.1226, 
[  6800,  0.0002483]     0.6822,     0.8466,     0.8857,     4.2802, 
[  6900,  0.0002480]     0.6899,     0.8529,     0.8913,     4.3241, 
[  7000,  0.0002478]     0.7071,     0.8574,     0.8942,     4.4574, 
[  7100,  0.0002476]     0.7027,     0.8633,     0.9005,     3.9326, 
[  7200,  0.0002474]     0.6929,     0.8558,     0.8951,     4.2556, 
[  7300,  0.0002472]     0.6982,     0.8589,     0.8963,     3.7328, 
[  7400,  0.0002469]     0.6849,     0.8515,     0.8909,     4.3449, 
[  7500,  0.0002467]     0.7047,     0.8662,     0.9031,     3.8123, 
[  7600,  0.0002465]     0.7096,     0.8644,     0.9009,     3.9398, 
[  7700,  0.0002463]     0.7109,     0.8701,     0.9049,     3.7507, 
[  7800,  0.0002461]     0.7126,     0.8687,     0.9051,     3.5938, 
[  7900,  0.0002458]     0.7029,     0.8662,     0.9026,     3.9169, 
[  8000,  0.0002456]     0.7117,     0.8646,     0.8994,     4.1568, 
[  8100,  0.0002454]     0.7121,     0.8698,     0.9055,     3.5762, 
[  8200,  0.0002452]     0.7146,     0.8691,     0.9042,     3.6991, 
[  8300,  0.0002450]     0.7057,     0.8686,     0.9051,     3.6839, 
[  8400,  0.0002448]     0.7077,     0.8621,     0.8970,     3.9931, 
[  8500,  0.0002445]     0.7228,     0.8755,     0.9092,     3.5986, 
[  8600,  0.0002443]     0.7101,     0.8692,     0.9037,     4.1836, 
[  8700,  0.0002441]     0.7176,     0.8736,     0.9076,     3.4009, 
[  8800,  0.0002439]     0.7234,     0.8762,     0.9096,     3.6256, 
[  8900,  0.0002437]     0.7221,     0.8740,     0.9075,     3.7490, 
[  9000,  0.0002434]     0.7188,     0.8764,     0.9088,     3.8124, 
[  9100,  0.0002432]     0.7200,     0.8766,     0.9109,     3.6169, 
[  9200,  0.0002430]     0.7289,     0.8813,     0.9142,     3.2265, 
[  9300,  0.0002428]     0.7133,     0.8660,     0.9021,     3.6136, 
[  9400,  0.0002426]     0.7335,     0.8861,     0.9171,     3.1945, 
[  9500,  0.0002423]     0.7135,     0.8691,     0.9032,     4.0274, 
[  9600,  0.0002421]     0.7382,     0.8868,     0.9180,     3.0995, 
[  9700,  0.0002419]     0.7138,     0.8676,     0.9027,     3.9753, 
[  9800,  0.0002417]     0.7255,     0.8767,     0.9097,     3.5620, 
[  9900,  0.0002415]     0.7344,     0.8825,     0.9143,     3.6049, 
[ 10000,  0.0002412]     0.7284,     0.8822,     0.9153,     3.3168, 
Validation Chairs EPE: 2.088992
[ 10100,  0.0002410]     0.7266,     0.8825,     0.9144,     3.6871, 
[ 10200,  0.0002408]     0.7240,     0.8758,     0.9084,     3.4973, 
[ 10300,  0.0002406]     0.7285,     0.8787,     0.9118,     3.5254, 
[ 10400,  0.0002404]     0.7333,     0.8818,     0.9125,     3.4579, 
[ 10500,  0.0002402]     0.7329,     0.8840,     0.9153,     3.4076, 
[ 10600,  0.0002399]     0.7387,     0.8840,     0.9152,     3.4106, 
[ 10700,  0.0002397]     0.7373,     0.8828,     0.9137,     3.6192, 
[ 10800,  0.0002395]     0.7399,     0.8879,     0.9183,     3.3392, 
[ 10900,  0.0002393]     0.7310,     0.8843,     0.9166,     3.0878, 
[ 11000,  0.0002391]     0.7395,     0.8889,     0.9197,     3.0456, 
[ 11100,  0.0002388]     0.7375,     0.8903,     0.9217,     3.2607, 
[ 11200,  0.0002386]     0.7486,     0.8922,     0.9224,     2.9931, 
[ 11300,  0.0002384]     0.7445,     0.8912,     0.9216,     2.9888, 
[ 11400,  0.0002382]     0.7384,     0.8859,     0.9177,     3.2237, 
[ 11500,  0.0002380]     0.7380,     0.8880,     0.9193,     3.1477, 
[ 11600,  0.0002377]     0.7392,     0.8880,     0.9185,     3.3162, 
[ 11700,  0.0002375]     0.7485,     0.8947,     0.9243,     2.9735, 
[ 11800,  0.0002373]     0.7427,     0.8908,     0.9210,     3.3892, 
[ 11900,  0.0002371]     0.7464,     0.8910,     0.9213,     3.0859, 
[ 12000,  0.0002369]     0.7431,     0.8905,     0.9201,     3.5225, 
[ 12100,  0.0002366]     0.7462,     0.8962,     0.9262,     2.6945, 
[ 12200,  0.0002364]     0.7345,     0.8857,     0.9160,     3.4145, 
[ 12300,  0.0002362]     0.7576,     0.8990,     0.9263,     3.0093, 
[ 12400,  0.0002360]     0.7469,     0.8932,     0.9224,     2.9747, 
[ 12500,  0.0002358]     0.7305,     0.8857,     0.9168,     3.4707, 
[ 12600,  0.0002355]     0.7414,     0.8903,     0.9206,     3.1736, 
[ 12700,  0.0002353]     0.7512,     0.8938,     0.9233,     3.3113, 
[ 12800,  0.0002351]     0.7544,     0.8971,     0.9255,     3.1175, 
[ 12900,  0.0002349]     0.7524,     0.8982,     0.9273,     2.8700, 
[ 13000,  0.0002347]     0.7418,     0.8917,     0.9211,     3.3599, 
[ 13100,  0.0002345]     0.7624,     0.9030,     0.9310,     2.8388, 
[ 13200,  0.0002342]     0.7462,     0.8941,     0.9232,     3.3353, 
[ 13300,  0.0002340]     0.7422,     0.8933,     0.9230,     3.0139, 
[ 13400,  0.0002338]     0.7470,     0.8949,     0.9245,     3.0226, 
[ 13500,  0.0002336]     0.7513,     0.8962,     0.9254,     2.8749, 
[ 13600,  0.0002334]     0.7525,     0.8982,     0.9265,     3.1540, 
[ 13700,  0.0002331]     0.7533,     0.8952,     0.9240,     3.2082, 
[ 13800,  0.0002329]     0.7508,     0.8940,     0.9215,     3.3389, 
[ 13900,  0.0002327]     0.7512,     0.8915,     0.9208,     3.4748, 
[ 14000,  0.0002325]     0.7509,     0.9002,     0.9273,     3.0618, 
[ 14100,  0.0002323]     0.7562,     0.9010,     0.9299,     2.6287, 
[ 14200,  0.0002320]     0.7481,     0.8953,     0.9239,     3.1659, 
[ 14300,  0.0002318]     0.7519,     0.9035,     0.9307,     2.8330, 
[ 14400,  0.0002316]     0.7504,     0.8931,     0.9216,     3.6628, 
[ 14500,  0.0002314]     0.7534,     0.9001,     0.9279,     2.9230, 
[ 14600,  0.0002312]     0.7649,     0.9028,     0.9308,     2.7328, 
[ 14700,  0.0002309]     0.7536,     0.8993,     0.9273,     2.9374, 
[ 14800,  0.0002307]     0.7659,     0.9025,     0.9289,     2.8680, 
[ 14900,  0.0002305]     0.7661,     0.9052,     0.9323,     2.5492, 
[ 15000,  0.0002303]     0.7611,     0.9032,     0.9299,     3.0083, 
Validation Chairs EPE: 1.822884
[ 15100,  0.0002301]     0.7623,     0.9046,     0.9305,     2.8038, 
[ 15200,  0.0002299]     0.7576,     0.9028,     0.9303,     2.6325, 
[ 15300,  0.0002296]     0.7584,     0.8996,     0.9263,     3.0701, 
[ 15400,  0.0002294]     0.7529,     0.8962,     0.9234,     3.2558, 
[ 15500,  0.0002292]     0.7598,     0.9019,     0.9289,     3.1076, 
[ 15600,  0.0002290]     0.7725,     0.9096,     0.9349,     2.8899, 
[ 15700,  0.0002288]     0.7641,     0.9002,     0.9274,     2.9688, 
[ 15800,  0.0002285]     0.7597,     0.9024,     0.9299,     2.6704, 
[ 15900,  0.0002283]     0.7746,     0.9107,     0.9354,     2.6844, 
[ 16000,  0.0002281]     0.7663,     0.9073,     0.9339,     2.7051, 
[ 16100,  0.0002279]     0.7672,     0.9053,     0.9320,     2.6632, 
[ 16200,  0.0002277]     0.7688,     0.9067,     0.9327,     2.4844, 
[ 16300,  0.0002274]     0.7803,     0.9090,     0.9338,     2.6791, 
[ 16400,  0.0002272]     0.7665,     0.9094,     0.9341,     2.6121, 
[ 16500,  0.0002270]     0.7798,     0.9130,     0.9373,     2.4130, 
[ 16600,  0.0002268]     0.7550,     0.8992,     0.9259,     3.0618, 
[ 16700,  0.0002266]     0.7538,     0.9008,     0.9292,     2.8170, 
[ 16800,  0.0002263]     0.7690,     0.9037,     0.9293,     3.1241, 
[ 16900,  0.0002261]     0.7542,     0.8980,     0.9261,     3.0342, 
[ 17000,  0.0002259]     0.7628,     0.9048,     0.9313,     3.0119, 
[ 17100,  0.0002257]     0.7593,     0.9047,     0.9315,     2.6753, 
[ 17200,  0.0002255]     0.7636,     0.9014,     0.9277,     3.0293, 
[ 17300,  0.0002253]     0.7581,     0.9003,     0.9270,     2.9687, 
[ 17400,  0.0002250]     0.7706,     0.9087,     0.9349,     2.5965, 
[ 17500,  0.0002248]     0.7820,     0.9140,     0.9382,     2.5721, 
[ 17600,  0.0002246]     0.7704,     0.9114,     0.9366,     2.8702, 
[ 17700,  0.0002244]     0.7720,     0.9107,     0.9356,     2.6959, 
[ 17800,  0.0002242]     0.7760,     0.9123,     0.9364,     2.4803, 
[ 17900,  0.0002239]     0.7715,     0.9057,     0.9315,     2.9048, 
[ 18000,  0.0002237]     0.7748,     0.9152,     0.9400,     2.3955, 
[ 18100,  0.0002235]     0.7781,     0.9129,     0.9363,     2.9883, 
[ 18200,  0.0002233]     0.7750,     0.9096,     0.9344,     2.9969, 
[ 18300,  0.0002231]     0.7773,     0.9109,     0.9363,     2.3486, 
[ 18400,  0.0002228]     0.7660,     0.9089,     0.9355,     2.6506, 
[ 18500,  0.0002226]     0.7710,     0.9104,     0.9362,     2.5181, 
[ 18600,  0.0002224]     0.7836,     0.9153,     0.9388,     2.4642, 
[ 18700,  0.0002222]     0.7632,     0.9038,     0.9303,     2.7751, 
[ 18800,  0.0002220]     0.7629,     0.9029,     0.9292,     2.8192, 
[ 18900,  0.0002217]     0.7771,     0.9110,     0.9357,     2.4334, 
[ 19000,  0.0002215]     0.7776,     0.9139,     0.9377,     2.7355, 
[ 19100,  0.0002213]     0.7783,     0.9118,     0.9370,     2.4971, 
[ 19200,  0.0002211]     0.7813,     0.9137,     0.9371,     2.7721, 
[ 19300,  0.0002209]     0.7754,     0.9085,     0.9337,     2.7451, 
[ 19400,  0.0002206]     0.7651,     0.9030,     0.9280,     3.0315, 
[ 19500,  0.0002204]     0.7708,     0.9110,     0.9360,     2.4538, 
[ 19600,  0.0002202]     0.7713,     0.9108,     0.9362,     2.5007, 
[ 19700,  0.0002200]     0.7816,     0.9156,     0.9393,     2.4429, 
[ 19800,  0.0002198]     0.7721,     0.9089,     0.9346,     2.9097, 
[ 19900,  0.0002196]     0.7789,     0.9145,     0.9389,     2.4441, 
[ 20000,  0.0002193]     0.7867,     0.9214,     0.9446,     2.2564, 
Validation Chairs EPE: 1.678583
[ 20100,  0.0002191]     0.7802,     0.9106,     0.9347,     2.7381, 
[ 20200,  0.0002189]     0.7849,     0.9167,     0.9401,     2.4091, 
[ 20300,  0.0002187]     0.7781,     0.9180,     0.9435,     2.1503, 
[ 20400,  0.0002185]     0.7818,     0.9137,     0.9381,     2.5160, 
[ 20500,  0.0002182]     0.7807,     0.9156,     0.9389,     2.6459, 
[ 20600,  0.0002180]     0.7810,     0.9149,     0.9384,     2.5563, 
[ 20700,  0.0002178]     0.7742,     0.9082,     0.9334,     2.5765, 
[ 20800,  0.0002176]     0.7688,     0.9117,     0.9373,     2.6212, 
[ 20900,  0.0002174]     0.7860,     0.9196,     0.9429,     2.3604, 
[ 21000,  0.0002171]     0.7927,     0.9242,     0.9467,     2.2061, 
[ 21100,  0.0002169]     0.7714,     0.9092,     0.9345,     2.5510, 
[ 21200,  0.0002167]     0.7847,     0.9163,     0.9406,     2.2531, 
[ 21300,  0.0002165]     0.7792,     0.9148,     0.9385,     2.4936, 
[ 21400,  0.0002163]     0.7835,     0.9149,     0.9387,     2.5975, 
[ 21500,  0.0002160]     0.7795,     0.9133,     0.9369,     2.6567, 
[ 21600,  0.0002158]     0.7823,     0.9136,     0.9373,     2.7092, 
[ 21700,  0.0002156]     0.7881,     0.9192,     0.9426,     2.2628, 
[ 21800,  0.0002154]     0.7830,     0.9143,     0.9379,     2.6407, 
[ 21900,  0.0002152]     0.7900,     0.9175,     0.9399,     2.7028, 
[ 22000,  0.0002150]     0.7698,     0.9082,     0.9347,     2.8088, 
[ 22100,  0.0002147]     0.7783,     0.9142,     0.9385,     2.5867, 
[ 22200,  0.0002145]     0.7686,     0.9055,     0.9320,     2.8743, 
[ 22300,  0.0002143]     0.7842,     0.9166,     0.9400,     2.3702, 
[ 22400,  0.0002141]     0.7730,     0.9110,     0.9361,     2.5632, 
[ 22500,  0.0002139]     0.7738,     0.9107,     0.9354,     2.7332, 
[ 22600,  0.0002136]     0.7841,     0.9201,     0.9421,     2.5291, 
[ 22700,  0.0002134]     0.7772,     0.9163,     0.9400,     2.6025, 
[ 22800,  0.0002132]     0.7887,     0.9185,     0.9409,     2.3864, 
[ 22900,  0.0002130]     0.7904,     0.9176,     0.9400,     2.4484, 
[ 23000,  0.0002128]     0.7883,     0.9192,     0.9413,     2.7408, 
[ 23100,  0.0002125]     0.7882,     0.9190,     0.9423,     2.5352, 
[ 23200,  0.0002123]     0.7744,     0.9134,     0.9388,     2.5142, 
[ 23300,  0.0002121]     0.7892,     0.9211,     0.9436,     2.1643, 
[ 23400,  0.0002119]     0.7830,     0.9165,     0.9401,     2.4560, 
[ 23500,  0.0002117]     0.7814,     0.9161,     0.9390,     2.4954, 
[ 23600,  0.0002114]     0.7968,     0.9221,     0.9437,     2.5099, 
[ 23700,  0.0002112]     0.7846,     0.9150,     0.9378,     2.4987, 
[ 23800,  0.0002110]     0.7847,     0.9158,     0.9390,     2.9556, 
[ 23900,  0.0002108]     0.7832,     0.9139,     0.9378,     2.5795, 
[ 24000,  0.0002106]     0.7878,     0.9200,     0.9422,     2.3611, 
[ 24100,  0.0002104]     0.7793,     0.9190,     0.9418,     2.5030, 
[ 24200,  0.0002101]     0.7821,     0.9142,     0.9374,     2.5438, 
[ 24300,  0.0002099]     0.7837,     0.9172,     0.9408,     2.4262, 
[ 24400,  0.0002097]     0.7816,     0.9172,     0.9406,     2.5957, 
[ 24500,  0.0002095]     0.7906,     0.9209,     0.9443,     2.1510, 
[ 24600,  0.0002093]     0.7849,     0.9148,     0.9379,     2.7102, 
[ 24700,  0.0002090]     0.7904,     0.9221,     0.9440,     2.1809, 
[ 24800,  0.0002088]     0.7836,     0.9213,     0.9442,     2.2268, 
[ 24900,  0.0002086]     0.7914,     0.9209,     0.9430,     2.5106, 
[ 25000,  0.0002084]     0.7848,     0.9159,     0.9405,     2.4352, 
Validation Chairs EPE: 1.432119
[ 25100,  0.0002082]     0.7927,     0.9224,     0.9446,     2.3286, 
[ 25200,  0.0002079]     0.7877,     0.9202,     0.9430,     2.5179, 
[ 25300,  0.0002077]     0.7859,     0.9161,     0.9395,     2.3347, 
[ 25400,  0.0002075]     0.7856,     0.9201,     0.9430,     2.1805, 
[ 25500,  0.0002073]     0.7894,     0.9193,     0.9423,     2.8890, 
[ 25600,  0.0002071]     0.7951,     0.9216,     0.9439,     2.3164, 
[ 25700,  0.0002068]     0.7951,     0.9241,     0.9463,     2.0783, 
[ 25800,  0.0002066]     0.7990,     0.9217,     0.9428,     2.3042, 
[ 25900,  0.0002064]     0.7840,     0.9190,     0.9426,     2.3091, 
[ 26000,  0.0002062]     0.7936,     0.9209,     0.9430,     2.3851, 
[ 26100,  0.0002060]     0.7822,     0.9191,     0.9425,     2.3331, 
[ 26200,  0.0002057]     0.7888,     0.9218,     0.9451,     2.0878, 
[ 26300,  0.0002055]     0.7971,     0.9264,     0.9481,     1.9952, 
[ 26400,  0.0002053]     0.7926,     0.9233,     0.9444,     2.3395, 
[ 26500,  0.0002051]     0.7906,     0.9201,     0.9415,     2.6256, 
[ 26600,  0.0002049]     0.8035,     0.9290,     0.9502,     1.9760, 
[ 26700,  0.0002047]     0.7928,     0.9230,     0.9451,     2.1510, 
[ 26800,  0.0002044]     0.7850,     0.9137,     0.9372,     2.6094, 
[ 26900,  0.0002042]     0.7947,     0.9209,     0.9434,     2.1803, 
[ 27000,  0.0002040]     0.7914,     0.9211,     0.9429,     2.6533, 
[ 27100,  0.0002038]     0.7988,     0.9267,     0.9479,     2.1077, 
[ 27200,  0.0002036]     0.7915,     0.9204,     0.9429,     2.3503, 
[ 27300,  0.0002033]     0.7974,     0.9271,     0.9482,     2.0944, 
[ 27400,  0.0002031]     0.7927,     0.9228,     0.9444,     2.3920, 
[ 27500,  0.0002029]     0.7943,     0.9201,     0.9420,     2.3781, 
[ 27600,  0.0002027]     0.7832,     0.9167,     0.9394,     2.5819, 
[ 27700,  0.0002025]     0.7923,     0.9251,     0.9465,     2.3632, 
[ 27800,  0.0002022]     0.7875,     0.9211,     0.9439,     2.4377, 
[ 27900,  0.0002020]     0.7905,     0.9246,     0.9458,     2.2221, 
[ 28000,  0.0002018]     0.7981,     0.9243,     0.9464,     2.2238, 
[ 28100,  0.0002016]     0.7968,     0.9236,     0.9454,     2.2324, 
[ 28200,  0.0002014]     0.7953,     0.9243,     0.9458,     2.1718, 
[ 28300,  0.0002011]     0.7954,     0.9253,     0.9459,     2.3229, 
[ 28400,  0.0002009]     0.7926,     0.9226,     0.9450,     2.2156, 
[ 28500,  0.0002007]     0.7937,     0.9224,     0.9437,     2.4682, 
[ 28600,  0.0002005]     0.7934,     0.9230,     0.9457,     2.3243, 
[ 28700,  0.0002003]     0.8015,     0.9287,     0.9498,     2.1037, 
[ 28800,  0.0002001]     0.7895,     0.9205,     0.9421,     2.4107, 
[ 28900,  0.0001998]     0.7970,     0.9214,     0.9417,     2.5507, 
[ 29000,  0.0001996]     0.7923,     0.9221,     0.9436,     2.3023, 
[ 29100,  0.0001994]     0.7979,     0.9262,     0.9474,     2.1416, 
[ 29200,  0.0001992]     0.8009,     0.9254,     0.9470,     2.2074, 
[ 29300,  0.0001990]     0.8083,     0.9291,     0.9492,     2.0317, 
[ 29400,  0.0001987]     0.8102,     0.9330,     0.9528,     1.8250, 
[ 29500,  0.0001985]     0.7980,     0.9277,     0.9492,     2.1042, 
[ 29600,  0.0001983]     0.7827,     0.9190,     0.9421,     2.2954, 
[ 29700,  0.0001981]     0.8028,     0.9303,     0.9503,     1.9650, 
[ 29800,  0.0001979]     0.8011,     0.9263,     0.9465,     2.1898, 
[ 29900,  0.0001976]     0.7999,     0.9271,     0.9473,     2.4219, 
[ 30000,  0.0001974]     0.8000,     0.9268,     0.9480,     2.1347, 
Validation Chairs EPE: 1.353365
[ 30100,  0.0001972]     0.8048,     0.9277,     0.9488,     2.1190, 
[ 30200,  0.0001970]     0.7975,     0.9254,     0.9463,     2.1892, 
[ 30300,  0.0001968]     0.7854,     0.9166,     0.9395,     2.5458, 
[ 30400,  0.0001965]     0.7965,     0.9249,     0.9464,     2.0288, 
[ 30500,  0.0001963]     0.7914,     0.9215,     0.9419,     2.7033, 
[ 30600,  0.0001961]     0.7985,     0.9251,     0.9455,     2.1863, 
[ 30700,  0.0001959]     0.7961,     0.9257,     0.9464,     2.2180, 
[ 30800,  0.0001957]     0.7955,     0.9266,     0.9470,     2.2218, 
[ 30900,  0.0001955]     0.8029,     0.9272,     0.9488,     2.0730, 
[ 31000,  0.0001952]     0.7925,     0.9265,     0.9470,     2.3688, 
[ 31100,  0.0001950]     0.8003,     0.9296,     0.9499,     2.1064, 
[ 31200,  0.0001948]     0.7973,     0.9264,     0.9471,     2.2070, 
[ 31300,  0.0001946]     0.7963,     0.9242,     0.9456,     2.0803, 
[ 31400,  0.0001944]     0.8008,     0.9229,     0.9429,     2.5456, 
[ 31500,  0.0001941]     0.7983,     0.9252,     0.9464,     2.2100, 
[ 31600,  0.0001939]     0.8052,     0.9270,     0.9478,     2.0984, 
[ 31700,  0.0001937]     0.7954,     0.9236,     0.9443,     2.4925, 
[ 31800,  0.0001935]     0.8098,     0.9299,     0.9498,     1.8691, 
[ 31900,  0.0001933]     0.8036,     0.9293,     0.9494,     2.2178, 
[ 32000,  0.0001930]     0.8060,     0.9290,     0.9492,     2.1044, 
[ 32100,  0.0001928]     0.8069,     0.9284,     0.9481,     2.2600, 
[ 32200,  0.0001926]     0.8026,     0.9273,     0.9473,     2.3752, 
[ 32300,  0.0001924]     0.8064,     0.9281,     0.9482,     2.1718, 
[ 32400,  0.0001922]     0.8032,     0.9289,     0.9497,     2.0846, 
[ 32500,  0.0001919]     0.7962,     0.9268,     0.9482,     2.1390, 
[ 32600,  0.0001917]     0.8064,     0.9304,     0.9499,     2.1286, 
[ 32700,  0.0001915]     0.8061,     0.9296,     0.9498,     2.1280, 
[ 32800,  0.0001913]     0.8044,     0.9261,     0.9461,     2.4128, 
[ 32900,  0.0001911]     0.7972,     0.9267,     0.9474,     2.2576, 
[ 33000,  0.0001908]     0.8101,     0.9302,     0.9502,     2.0590, 
[ 33100,  0.0001906]     0.8019,     0.9313,     0.9512,     2.1241, 
[ 33200,  0.0001904]     0.7890,     0.9172,     0.9384,     2.7247, 
[ 33300,  0.0001902]     0.7971,     0.9276,     0.9484,     2.1326, 
[ 33400,  0.0001900]     0.8113,     0.9318,     0.9513,     2.0210, 
[ 33500,  0.0001898]     0.7984,     0.9282,     0.9496,     1.9972, 
[ 33600,  0.0001895]     0.7961,     0.9252,     0.9452,     2.1174, 
[ 33700,  0.0001893]     0.7985,     0.9227,     0.9434,     2.3733, 
[ 33800,  0.0001891]     0.8030,     0.9332,     0.9520,     2.0507, 
[ 33900,  0.0001889]     0.8007,     0.9280,     0.9480,     2.4357, 
[ 34000,  0.0001887]     0.7992,     0.9283,     0.9489,     1.9783, 
[ 34100,  0.0001884]     0.8084,     0.9295,     0.9498,     2.1643, 
[ 34200,  0.0001882]     0.7992,     0.9281,     0.9490,     2.1647, 
[ 34300,  0.0001880]     0.8045,     0.9293,     0.9488,     2.3603, 
[ 34400,  0.0001878]     0.8094,     0.9299,     0.9497,     2.0858, 
[ 34500,  0.0001876]     0.8035,     0.9248,     0.9451,     2.4814, 
[ 34600,  0.0001873]     0.8130,     0.9331,     0.9523,     2.1083, 
[ 34700,  0.0001871]     0.8096,     0.9329,     0.9528,     2.0802, 
[ 34800,  0.0001869]     0.8157,     0.9326,     0.9515,     2.0841, 
[ 34900,  0.0001867]     0.8106,     0.9284,     0.9488,     1.9550, 
[ 35000,  0.0001865]     0.8036,     0.9269,     0.9471,     2.2816, 
Validation Chairs EPE: 1.234342
[ 35100,  0.0001862]     0.7960,     0.9238,     0.9453,     2.3615, 
[ 35200,  0.0001860]     0.8063,     0.9287,     0.9504,     2.1836, 
[ 35300,  0.0001858]     0.8147,     0.9326,     0.9511,     1.9533, 
[ 35400,  0.0001856]     0.8095,     0.9329,     0.9521,     1.9591, 
[ 35500,  0.0001854]     0.8011,     0.9291,     0.9499,     1.9132, 
[ 35600,  0.0001852]     0.8066,     0.9281,     0.9475,     2.1486, 
[ 35700,  0.0001849]     0.8022,     0.9271,     0.9467,     2.1876, 
[ 35800,  0.0001847]     0.8078,     0.9290,     0.9486,     2.1572, 
[ 35900,  0.0001845]     0.8028,     0.9255,     0.9458,     2.2468, 
[ 36000,  0.0001843]     0.8178,     0.9329,     0.9519,     2.0672, 
[ 36100,  0.0001841]     0.8032,     0.9266,     0.9468,     2.1216, 
[ 36200,  0.0001838]     0.8186,     0.9382,     0.9568,     1.8038, 
[ 36300,  0.0001836]     0.8102,     0.9298,     0.9496,     2.1432, 
[ 36400,  0.0001834]     0.8042,     0.9289,     0.9481,     2.2960, 
[ 36500,  0.0001832]     0.8154,     0.9351,     0.9536,     1.7662, 
[ 36600,  0.0001830]     0.8080,     0.9316,     0.9516,     1.9882, 
[ 36700,  0.0001827]     0.8074,     0.9348,     0.9539,     1.9607, 
[ 36800,  0.0001825]     0.7968,     0.9245,     0.9455,     2.3297, 
[ 36900,  0.0001823]     0.8065,     0.9312,     0.9512,     1.9652, 
[ 37000,  0.0001821]     0.8068,     0.9301,     0.9495,     1.9496, 
[ 37100,  0.0001819]     0.8101,     0.9312,     0.9507,     2.3813, 
[ 37200,  0.0001816]     0.8067,     0.9346,     0.9533,     1.9393, 
[ 37300,  0.0001814]     0.8031,     0.9266,     0.9463,     2.4883, 
[ 37400,  0.0001812]     0.8139,     0.9377,     0.9551,     1.9885, 
[ 37500,  0.0001810]     0.8047,     0.9311,     0.9504,     1.9793, 
[ 37600,  0.0001808]     0.8169,     0.9319,     0.9510,     1.8789, 
[ 37700,  0.0001806]     0.8232,     0.9403,     0.9576,     1.7019, 
[ 37800,  0.0001803]     0.8098,     0.9334,     0.9532,     2.0226, 
[ 37900,  0.0001801]     0.8059,     0.9322,     0.9516,     1.9461, 
[ 38000,  0.0001799]     0.8036,     0.9282,     0.9484,     2.0285, 
[ 38100,  0.0001797]     0.8067,     0.9310,     0.9506,     2.1633, 
[ 38200,  0.0001795]     0.8101,     0.9307,     0.9505,     2.2726, 
[ 38300,  0.0001792]     0.8157,     0.9358,     0.9539,     2.0590, 
[ 38400,  0.0001790]     0.8213,     0.9383,     0.9560,     1.8307, 
[ 38500,  0.0001788]     0.8189,     0.9353,     0.9546,     2.0638, 
[ 38600,  0.0001786]     0.8184,     0.9360,     0.9540,     2.0601, 
[ 38700,  0.0001784]     0.8158,     0.9358,     0.9547,     1.8640, 
[ 38800,  0.0001781]     0.8090,     0.9326,     0.9522,     2.0249, 
[ 38900,  0.0001779]     0.8031,     0.9305,     0.9498,     2.0548, 
[ 39000,  0.0001777]     0.8193,     0.9367,     0.9552,     1.7198, 
[ 39100,  0.0001775]     0.8082,     0.9343,     0.9525,     2.0138, 
[ 39200,  0.0001773]     0.8003,     0.9296,     0.9498,     2.1667, 
[ 39300,  0.0001770]     0.8003,     0.9314,     0.9514,     1.9068, 
[ 39400,  0.0001768]     0.8083,     0.9327,     0.9522,     2.0353, 
[ 39500,  0.0001766]     0.8141,     0.9335,     0.9527,     1.9793, 
[ 39600,  0.0001764]     0.8111,     0.9345,     0.9538,     1.9092, 
[ 39700,  0.0001762]     0.8176,     0.9378,     0.9559,     1.7298, 
[ 39800,  0.0001760]     0.8057,     0.9315,     0.9508,     2.0575, 
[ 39900,  0.0001757]     0.8157,     0.9336,     0.9522,     2.2330, 
[ 40000,  0.0001755]     0.8167,     0.9356,     0.9538,     1.9385, 
Validation Chairs EPE: 1.205834
[ 40100,  0.0001753]     0.8164,     0.9324,     0.9506,     2.1408, 
[ 40200,  0.0001751]     0.8055,     0.9302,     0.9505,     2.1342, 
[ 40300,  0.0001749]     0.8164,     0.9336,     0.9525,     2.0501, 
[ 40400,  0.0001746]     0.8102,     0.9310,     0.9507,     2.1667, 
[ 40500,  0.0001744]     0.8238,     0.9386,     0.9554,     2.1165, 
[ 40600,  0.0001742]     0.8201,     0.9374,     0.9557,     1.8995, 
[ 40700,  0.0001740]     0.8179,     0.9358,     0.9536,     2.0435, 
[ 40800,  0.0001738]     0.8181,     0.9372,     0.9552,     1.7846, 
[ 40900,  0.0001735]     0.8122,     0.9346,     0.9521,     2.3852, 
[ 41000,  0.0001733]     0.8191,     0.9363,     0.9540,     1.9657, 
[ 41100,  0.0001731]     0.8131,     0.9334,     0.9525,     1.8414, 
[ 41200,  0.0001729]     0.8265,     0.9403,     0.9580,     1.7050, 
[ 41300,  0.0001727]     0.8086,     0.9308,     0.9506,     2.0351, 
[ 41400,  0.0001724]     0.8007,     0.9307,     0.9511,     2.0722, 
[ 41500,  0.0001722]     0.8090,     0.9327,     0.9528,     1.8787, 
[ 41600,  0.0001720]     0.8139,     0.9336,     0.9519,     2.0558, 
[ 41700,  0.0001718]     0.8120,     0.9331,     0.9517,     1.9655, 
[ 41800,  0.0001716]     0.8236,     0.9401,     0.9573,     1.7257, 
[ 41900,  0.0001713]     0.8209,     0.9366,     0.9546,     1.8906, 
[ 42000,  0.0001711]     0.8189,     0.9382,     0.9557,     1.8456, 
[ 42100,  0.0001709]     0.8204,     0.9356,     0.9536,     2.1030, 
[ 42200,  0.0001707]     0.8121,     0.9357,     0.9548,     1.7857, 
[ 42300,  0.0001705]     0.8138,     0.9348,     0.9525,     2.0320, 
[ 42400,  0.0001703]     0.8247,     0.9391,     0.9562,     1.8000, 
[ 42500,  0.0001700]     0.8168,     0.9378,     0.9560,     2.0805, 
[ 42600,  0.0001698]     0.8164,     0.9348,     0.9534,     1.9860, 
[ 42700,  0.0001696]     0.8181,     0.9323,     0.9502,     2.2612, 
[ 42800,  0.0001694]     0.8064,     0.9340,     0.9531,     1.9833, 
[ 42900,  0.0001692]     0.8159,     0.9360,     0.9540,     1.8316, 
[ 43000,  0.0001689]     0.8156,     0.9386,     0.9563,     1.8207, 
[ 43100,  0.0001687]     0.8258,     0.9392,     0.9558,     1.8239, 
[ 43200,  0.0001685]     0.8125,     0.9352,     0.9536,     1.8469, 
[ 43300,  0.0001683]     0.8080,     0.9295,     0.9489,     2.0666, 
[ 43400,  0.0001681]     0.8151,     0.9366,     0.9550,     1.7230, 
[ 43500,  0.0001678]     0.8197,     0.9375,     0.9551,     1.8816, 
[ 43600,  0.0001676]     0.8129,     0.9334,     0.9514,     2.0856, 
[ 43700,  0.0001674]     0.8245,     0.9388,     0.9567,     1.9071, 
[ 43800,  0.0001672]     0.8197,     0.9366,     0.9545,     1.8175, 
[ 43900,  0.0001670]     0.8208,     0.9380,     0.9563,     1.7575, 
[ 44000,  0.0001667]     0.8094,     0.9348,     0.9525,     2.1489, 
[ 44100,  0.0001665]     0.8161,     0.9344,     0.9536,     1.8550, 
[ 44200,  0.0001663]     0.8165,     0.9372,     0.9542,     1.9306, 
[ 44300,  0.0001661]     0.8238,     0.9393,     0.9561,     2.0152, 
[ 44400,  0.0001659]     0.8116,     0.9337,     0.9524,     1.9406, 
[ 44500,  0.0001657]     0.8179,     0.9384,     0.9566,     1.7293, 
[ 44600,  0.0001654]     0.8168,     0.9363,     0.9540,     1.8428, 
[ 44700,  0.0001652]     0.8197,     0.9381,     0.9548,     2.0130, 
[ 44800,  0.0001650]     0.8178,     0.9366,     0.9544,     1.9678, 
[ 44900,  0.0001648]     0.8182,     0.9363,     0.9548,     1.9228, 
[ 45000,  0.0001646]     0.8235,     0.9379,     0.9553,     1.8390, 
Validation Chairs EPE: 1.173024
[ 45100,  0.0001643]     0.8210,     0.9395,     0.9571,     1.9384, 
[ 45200,  0.0001641]     0.8188,     0.9348,     0.9525,     2.0415, 
[ 45300,  0.0001639]     0.8179,     0.9364,     0.9543,     1.8102, 
[ 45400,  0.0001637]     0.8167,     0.9368,     0.9548,     1.9620, 
[ 45500,  0.0001635]     0.8228,     0.9413,     0.9587,     1.7722, 
[ 45600,  0.0001632]     0.8170,     0.9340,     0.9515,     2.1890, 
[ 45700,  0.0001630]     0.8223,     0.9355,     0.9535,     2.0908, 
[ 45800,  0.0001628]     0.8169,     0.9351,     0.9528,     2.0923, 
[ 45900,  0.0001626]     0.8156,     0.9345,     0.9530,     2.1926, 
[ 46000,  0.0001624]     0.8281,     0.9411,     0.9581,     1.8651, 
[ 46100,  0.0001621]     0.8197,     0.9392,     0.9568,     1.6375, 
[ 46200,  0.0001619]     0.8202,     0.9380,     0.9557,     1.9347, 
[ 46300,  0.0001617]     0.8165,     0.9366,     0.9542,     2.1234, 
[ 46400,  0.0001615]     0.8220,     0.9390,     0.9568,     1.7198, 
[ 46500,  0.0001613]     0.8256,     0.9401,     0.9581,     1.7473, 
[ 46600,  0.0001611]     0.8150,     0.9350,     0.9534,     1.8506, 
[ 46700,  0.0001608]     0.8207,     0.9386,     0.9564,     1.8347, 
[ 46800,  0.0001606]     0.8294,     0.9406,     0.9567,     1.9664, 
[ 46900,  0.0001604]     0.8279,     0.9418,     0.9576,     1.8089, 
[ 47000,  0.0001602]     0.8182,     0.9391,     0.9566,     2.0613, 
[ 47100,  0.0001600]     0.8068,     0.9321,     0.9512,     1.9406, 
[ 47200,  0.0001597]     0.8196,     0.9403,     0.9574,     1.8649, 
[ 47300,  0.0001595]     0.8317,     0.9447,     0.9613,     1.6253, 
[ 47400,  0.0001593]     0.8217,     0.9390,     0.9559,     1.8350, 
[ 47500,  0.0001591]     0.8188,     0.9367,     0.9550,     1.8247, 
[ 47600,  0.0001589]     0.8230,     0.9358,     0.9533,     2.0550, 
[ 47700,  0.0001586]     0.8245,     0.9414,     0.9578,     1.7993, 
[ 47800,  0.0001584]     0.8190,     0.9389,     0.9560,     1.8848, 
[ 47900,  0.0001582]     0.8218,     0.9404,     0.9584,     1.6702, 
[ 48000,  0.0001580]     0.8228,     0.9399,     0.9571,     1.8077, 
[ 48100,  0.0001578]     0.8203,     0.9384,     0.9560,     1.7513, 
[ 48200,  0.0001575]     0.8175,     0.9369,     0.9542,     2.0134, 
[ 48300,  0.0001573]     0.8213,     0.9395,     0.9577,     1.8586, 
[ 48400,  0.0001571]     0.8192,     0.9380,     0.9554,     2.0241, 
[ 48500,  0.0001569]     0.8166,     0.9358,     0.9536,     1.9265, 
[ 48600,  0.0001567]     0.8214,     0.9373,     0.9541,     1.9671, 
[ 48700,  0.0001564]     0.8126,     0.9352,     0.9531,     2.0209, 
[ 48800,  0.0001562]     0.8193,     0.9353,     0.9535,     1.9022, 
[ 48900,  0.0001560]     0.8266,     0.9406,     0.9575,     1.9175, 
[ 49000,  0.0001558]     0.8175,     0.9377,     0.9549,     1.8180, 
[ 49100,  0.0001556]     0.8219,     0.9386,     0.9554,     1.9079, 
[ 49200,  0.0001554]     0.8241,     0.9387,     0.9558,     1.8231, 
[ 49300,  0.0001551]     0.8222,     0.9390,     0.9558,     1.8125, 
[ 49400,  0.0001549]     0.8229,     0.9414,     0.9586,     1.8885, 
[ 49500,  0.0001547]     0.8204,     0.9373,     0.9554,     1.8025, 
[ 49600,  0.0001545]     0.8202,     0.9401,     0.9570,     1.7842, 
[ 49700,  0.0001543]     0.8303,     0.9403,     0.9572,     1.8003, 
[ 49800,  0.0001540]     0.8201,     0.9388,     0.9557,     1.8368, 
[ 49900,  0.0001538]     0.8215,     0.9386,     0.9562,     1.8085, 
[ 50000,  0.0001536]     0.8247,     0.9386,     0.9550,     2.0636, 
Validation Chairs EPE: 1.133741
[ 50100,  0.0001534]     0.8299,     0.9413,     0.9573,     2.0671, 
[ 50200,  0.0001532]     0.8233,     0.9378,     0.9546,     2.0340, 
[ 50300,  0.0001529]     0.8322,     0.9427,     0.9593,     1.6951, 
[ 50400,  0.0001527]     0.8278,     0.9403,     0.9577,     1.8233, 
[ 50500,  0.0001525]     0.8130,     0.9336,     0.9525,     2.3746, 
[ 50600,  0.0001523]     0.8219,     0.9399,     0.9566,     1.7551, 
[ 50700,  0.0001521]     0.8205,     0.9414,     0.9585,     1.8457, 
[ 50800,  0.0001518]     0.8241,     0.9373,     0.9546,     1.9137, 
[ 50900,  0.0001516]     0.8245,     0.9396,     0.9574,     1.7444, 
[ 51000,  0.0001514]     0.8310,     0.9407,     0.9569,     1.7900, 
[ 51100,  0.0001512]     0.8249,     0.9395,     0.9571,     1.7835, 
[ 51200,  0.0001510]     0.8267,     0.9428,     0.9596,     1.6977, 
[ 51300,  0.0001508]     0.8259,     0.9422,     0.9581,     1.8180, 
[ 51400,  0.0001505]     0.8214,     0.9350,     0.9518,     2.3115, 
[ 51500,  0.0001503]     0.8264,     0.9407,     0.9575,     1.7915, 
[ 51600,  0.0001501]     0.8345,     0.9448,     0.9605,     1.6739, 
[ 51700,  0.0001499]     0.8285,     0.9418,     0.9581,     1.8188, 
[ 51800,  0.0001497]     0.8262,     0.9407,     0.9572,     1.8418, 
[ 51900,  0.0001494]     0.8234,     0.9421,     0.9584,     1.6790, 
[ 52000,  0.0001492]     0.8207,     0.9389,     0.9557,     1.8590, 
[ 52100,  0.0001490]     0.8209,     0.9378,     0.9552,     1.9774, 
[ 52200,  0.0001488]     0.8246,     0.9416,     0.9580,     1.7969, 
[ 52300,  0.0001486]     0.8179,     0.9384,     0.9555,     2.0155, 
[ 52400,  0.0001483]     0.8275,     0.9404,     0.9579,     1.6753, 
[ 52500,  0.0001481]     0.8303,     0.9446,     0.9607,     1.6745, 
[ 52600,  0.0001479]     0.8318,     0.9424,     0.9582,     2.2721, 
[ 52700,  0.0001477]     0.8300,     0.9444,     0.9601,     1.7425, 
[ 52800,  0.0001475]     0.8227,     0.9375,     0.9549,     1.8334, 
[ 52900,  0.0001472]     0.8230,     0.9395,     0.9564,     1.9817, 
[ 53000,  0.0001470]     0.8210,     0.9364,     0.9539,     1.9865, 
[ 53100,  0.0001468]     0.8223,     0.9390,     0.9574,     1.7656, 
[ 53200,  0.0001466]     0.8368,     0.9451,     0.9608,     1.6347, 
[ 53300,  0.0001464]     0.8307,     0.9449,     0.9608,     1.7235, 
[ 53400,  0.0001462]     0.8276,     0.9401,     0.9568,     1.8533, 
[ 53500,  0.0001459]     0.8243,     0.9410,     0.9576,     1.7256, 
[ 53600,  0.0001457]     0.8279,     0.9424,     0.9592,     1.6959, 
[ 53700,  0.0001455]     0.8313,     0.9435,     0.9592,     1.8629, 
[ 53800,  0.0001453]     0.8250,     0.9406,     0.9571,     1.7733, 
[ 53900,  0.0001451]     0.8288,     0.9426,     0.9590,     1.8697, 
[ 54000,  0.0001448]     0.8291,     0.9392,     0.9554,     1.9676, 
[ 54100,  0.0001446]     0.8223,     0.9359,     0.9530,     1.9114, 
[ 54200,  0.0001444]     0.8232,     0.9405,     0.9564,     1.7922, 
[ 54300,  0.0001442]     0.8324,     0.9424,     0.9588,     1.6777, 
[ 54400,  0.0001440]     0.8344,     0.9468,     0.9628,     1.4791, 
[ 54500,  0.0001437]     0.8221,     0.9398,     0.9572,     1.6606, 
[ 54600,  0.0001435]     0.8240,     0.9419,     0.9585,     1.7618, 
[ 54700,  0.0001433]     0.8271,     0.9405,     0.9577,     1.7124, 
[ 54800,  0.0001431]     0.8331,     0.9463,     0.9616,     1.6632, 
[ 54900,  0.0001429]     0.8240,     0.9381,     0.9553,     1.8605, 
[ 55000,  0.0001426]     0.8307,     0.9426,     0.9594,     1.6629, 
Validation Chairs EPE: 1.107610
[ 55100,  0.0001424]     0.8293,     0.9442,     0.9601,     1.8744, 
[ 55200,  0.0001422]     0.8304,     0.9416,     0.9574,     1.8299, 
[ 55300,  0.0001420]     0.8281,     0.9412,     0.9587,     1.8579, 
[ 55400,  0.0001418]     0.8275,     0.9414,     0.9579,     1.6268, 
[ 55500,  0.0001415]     0.8236,     0.9411,     0.9579,     1.8076, 
[ 55600,  0.0001413]     0.8350,     0.9458,     0.9612,     1.7509, 
[ 55700,  0.0001411]     0.8170,     0.9355,     0.9524,     2.0185, 
[ 55800,  0.0001409]     0.8237,     0.9421,     0.9590,     1.7103, 
[ 55900,  0.0001407]     0.8271,     0.9404,     0.9565,     1.7987, 
[ 56000,  0.0001405]     0.8291,     0.9444,     0.9607,     1.7002, 
[ 56100,  0.0001402]     0.8325,     0.9448,     0.9607,     1.4951, 
[ 56200,  0.0001400]     0.8337,     0.9424,     0.9581,     1.8414, 
[ 56300,  0.0001398]     0.8327,     0.9430,     0.9586,     1.9910, 
[ 56400,  0.0001396]     0.8205,     0.9399,     0.9568,     1.8939, 
[ 56500,  0.0001394]     0.8238,     0.9407,     0.9565,     2.2297, 
[ 56600,  0.0001391]     0.8274,     0.9415,     0.9578,     1.6466, 
[ 56700,  0.0001389]     0.8303,     0.9432,     0.9593,     1.6945, 
[ 56800,  0.0001387]     0.8375,     0.9453,     0.9609,     1.6474, 
[ 56900,  0.0001385]     0.8347,     0.9431,     0.9591,     1.8054, 
[ 57000,  0.0001383]     0.8405,     0.9450,     0.9601,     1.9272, 
[ 57100,  0.0001380]     0.8302,     0.9450,     0.9608,     1.6152, 
[ 57200,  0.0001378]     0.8280,     0.9388,     0.9558,     1.8808, 
[ 57300,  0.0001376]     0.8358,     0.9447,     0.9602,     1.7146, 
[ 57400,  0.0001374]     0.8262,     0.9398,     0.9558,     1.9244, 
[ 57500,  0.0001372]     0.8283,     0.9427,     0.9587,     1.7557, 
[ 57600,  0.0001369]     0.8301,     0.9422,     0.9588,     1.6962, 
[ 57700,  0.0001367]     0.8279,     0.9460,     0.9617,     1.6973, 
[ 57800,  0.0001365]     0.8227,     0.9386,     0.9553,     1.8027, 
[ 57900,  0.0001363]     0.8265,     0.9433,     0.9596,     1.6358, 
[ 58000,  0.0001361]     0.8369,     0.9444,     0.9599,     1.7689, 
[ 58100,  0.0001359]     0.8268,     0.9434,     0.9588,     1.9156, 
[ 58200,  0.0001356]     0.8253,     0.9388,     0.9551,     2.0918, 
[ 58300,  0.0001354]     0.8248,     0.9432,     0.9599,     1.7097, 
[ 58400,  0.0001352]     0.8266,     0.9399,     0.9566,     1.7363, 
[ 58500,  0.0001350]     0.8371,     0.9473,     0.9627,     1.6893, 
[ 58600,  0.0001348]     0.8344,     0.9438,     0.9596,     1.7393, 
[ 58700,  0.0001345]     0.8369,     0.9458,     0.9617,     1.6063, 
[ 58800,  0.0001343]     0.8279,     0.9416,     0.9578,     1.7279, 
[ 58900,  0.0001341]     0.8260,     0.9418,     0.9582,     1.8362, 
[ 59000,  0.0001339]     0.8276,     0.9425,     0.9583,     1.8579, 
[ 59100,  0.0001337]     0.8309,     0.9450,     0.9608,     1.7508, 
[ 59200,  0.0001334]     0.8358,     0.9445,     0.9601,     1.8190, 
[ 59300,  0.0001332]     0.8267,     0.9421,     0.9583,     1.7584, 
[ 59400,  0.0001330]     0.8411,     0.9467,     0.9613,     1.6151, 
[ 59500,  0.0001328]     0.8326,     0.9399,     0.9556,     1.8190, 
[ 59600,  0.0001326]     0.8334,     0.9473,     0.9632,     1.6484, 
[ 59700,  0.0001323]     0.8280,     0.9445,     0.9605,     1.6362, 
[ 59800,  0.0001321]     0.8311,     0.9410,     0.9576,     1.7256, 
[ 59900,  0.0001319]     0.8296,     0.9427,     0.9592,     1.6281, 
[ 60000,  0.0001317]     0.8383,     0.9480,     0.9634,     1.4717, 
Validation Chairs EPE: 1.043587
[ 60100,  0.0001315]     0.8299,     0.9444,     0.9602,     1.6627, 
[ 60200,  0.0001313]     0.8410,     0.9480,     0.9622,     1.7015, 
[ 60300,  0.0001310]     0.8314,     0.9456,     0.9605,     1.8378, 
[ 60400,  0.0001308]     0.8304,     0.9439,     0.9597,     1.8581, 
[ 60500,  0.0001306]     0.8309,     0.9429,     0.9586,     1.8612, 
[ 60600,  0.0001304]     0.8410,     0.9463,     0.9612,     1.8581, 
[ 60700,  0.0001302]     0.8260,     0.9409,     0.9579,     2.1127, 
[ 60800,  0.0001299]     0.8372,     0.9445,     0.9605,     1.6591, 
[ 60900,  0.0001297]     0.8262,     0.9442,     0.9597,     1.7868, 
[ 61000,  0.0001295]     0.8371,     0.9444,     0.9597,     1.7169, 
[ 61100,  0.0001293]     0.8354,     0.9457,     0.9613,     1.7061, 
[ 61200,  0.0001291]     0.8407,     0.9473,     0.9623,     1.4937, 
[ 61300,  0.0001288]     0.8437,     0.9490,     0.9639,     1.6610, 
[ 61400,  0.0001286]     0.8390,     0.9479,     0.9623,     1.5851, 
[ 61500,  0.0001284]     0.8282,     0.9439,     0.9604,     1.5860, 
[ 61600,  0.0001282]     0.8338,     0.9466,     0.9617,     1.5747, 
[ 61700,  0.0001280]     0.8327,     0.9431,     0.9596,     1.9080, 
[ 61800,  0.0001277]     0.8368,     0.9439,     0.9590,     1.7357, 
[ 61900,  0.0001275]     0.8357,     0.9417,     0.9573,     1.7827, 
[ 62000,  0.0001273]     0.8427,     0.9470,     0.9610,     1.8441, 
[ 62100,  0.0001271]     0.8360,     0.9458,     0.9609,     1.7815, 
[ 62200,  0.0001269]     0.8359,     0.9476,     0.9624,     1.4995, 
[ 62300,  0.0001266]     0.8324,     0.9457,     0.9609,     1.7285, 
[ 62400,  0.0001264]     0.8400,     0.9486,     0.9632,     1.5277, 
[ 62500,  0.0001262]     0.8305,     0.9417,     0.9581,     2.1848, 
[ 62600,  0.0001260]     0.8333,     0.9466,     0.9621,     1.5769, 
[ 62700,  0.0001258]     0.8432,     0.9473,     0.9623,     1.5944, 
[ 62800,  0.0001256]     0.8393,     0.9472,     0.9619,     1.6773, 
[ 62900,  0.0001253]     0.8339,     0.9439,     0.9598,     1.7926, 
[ 63000,  0.0001251]     0.8278,     0.9418,     0.9576,     1.8171, 
[ 63100,  0.0001249]     0.8417,     0.9480,     0.9627,     1.7290, 
[ 63200,  0.0001247]     0.8319,     0.9452,     0.9609,     1.6257, 
[ 63300,  0.0001245]     0.8295,     0.9423,     0.9575,     1.8748, 
[ 63400,  0.0001242]     0.8387,     0.9485,     0.9628,     1.6091, 
[ 63500,  0.0001240]     0.8344,     0.9449,     0.9600,     1.8792, 
[ 63600,  0.0001238]     0.8292,     0.9446,     0.9601,     1.7270, 
[ 63700,  0.0001236]     0.8370,     0.9433,     0.9583,     1.8470, 
[ 63800,  0.0001234]     0.8183,     0.9395,     0.9560,     1.9465, 
[ 63900,  0.0001231]     0.8349,     0.9425,     0.9582,     1.9714, 
[ 64000,  0.0001229]     0.8445,     0.9506,     0.9647,     1.5314, 
[ 64100,  0.0001227]     0.8405,     0.9477,     0.9626,     1.5265, 
[ 64200,  0.0001225]     0.8366,     0.9481,     0.9628,     1.7729, 
[ 64300,  0.0001223]     0.8288,     0.9419,     0.9572,     2.1163, 
[ 64400,  0.0001220]     0.8343,     0.9457,     0.9613,     1.6149, 
[ 64500,  0.0001218]     0.8327,     0.9448,     0.9609,     1.6610, 
[ 64600,  0.0001216]     0.8436,     0.9497,     0.9643,     1.6586, 
[ 64700,  0.0001214]     0.8401,     0.9483,     0.9634,     1.4893, 
[ 64800,  0.0001212]     0.8420,     0.9505,     0.9649,     1.3991, 
[ 64900,  0.0001210]     0.8412,     0.9478,     0.9625,     1.5811, 
[ 65000,  0.0001207]     0.8424,     0.9457,     0.9608,     1.8242, 
Validation Chairs EPE: 1.006372
[ 65100,  0.0001205]     0.8267,     0.9407,     0.9570,     1.8228, 
[ 65200,  0.0001203]     0.8359,     0.9459,     0.9609,     2.0792, 
[ 65300,  0.0001201]     0.8444,     0.9513,     0.9660,     1.4219, 
[ 65400,  0.0001199]     0.8397,     0.9477,     0.9631,     1.5349, 
[ 65500,  0.0001196]     0.8375,     0.9448,     0.9600,     1.6831, 
[ 65600,  0.0001194]     0.8364,     0.9449,     0.9595,     1.6640, 
[ 65700,  0.0001192]     0.8337,     0.9422,     0.9586,     1.6635, 
[ 65800,  0.0001190]     0.8407,     0.9455,     0.9600,     1.6336, 
[ 65900,  0.0001188]     0.8385,     0.9469,     0.9615,     1.9252, 
[ 66000,  0.0001185]     0.8232,     0.9427,     0.9584,     1.7748, 
[ 66100,  0.0001183]     0.8476,     0.9493,     0.9635,     1.4653, 
[ 66200,  0.0001181]     0.8426,     0.9479,     0.9616,     1.6382, 
[ 66300,  0.0001179]     0.8360,     0.9469,     0.9615,     1.6124, 
[ 66400,  0.0001177]     0.8404,     0.9465,     0.9613,     1.6670, 
[ 66500,  0.0001174]     0.8382,     0.9453,     0.9601,     1.8827, 
[ 66600,  0.0001172]     0.8385,     0.9466,     0.9610,     1.6974, 
[ 66700,  0.0001170]     0.8442,     0.9509,     0.9652,     1.7179, 
[ 66800,  0.0001168]     0.8474,     0.9498,     0.9638,     1.5640, 
[ 66900,  0.0001166]     0.8293,     0.9412,     0.9571,     1.8311, 
[ 67000,  0.0001164]     0.8383,     0.9452,     0.9614,     1.6047, 
[ 67100,  0.0001161]     0.8369,     0.9460,     0.9619,     1.6255, 
[ 67200,  0.0001159]     0.8497,     0.9522,     0.9658,     1.4573, 
[ 67300,  0.0001157]     0.8349,     0.9437,     0.9593,     1.7427, 
[ 67400,  0.0001155]     0.8355,     0.9471,     0.9623,     1.4685, 
[ 67500,  0.0001153]     0.8397,     0.9477,     0.9616,     1.7146, 
[ 67600,  0.0001150]     0.8413,     0.9446,     0.9590,     1.6152, 
[ 67700,  0.0001148]     0.8424,     0.9470,     0.9614,     1.8666, 
[ 67800,  0.0001146]     0.8415,     0.9468,     0.9617,     1.5419, 
[ 67900,  0.0001144]     0.8379,     0.9464,     0.9615,     1.5125, 
[ 68000,  0.0001142]     0.8412,     0.9476,     0.9622,     1.4760, 
[ 68100,  0.0001139]     0.8312,     0.9471,     0.9618,     1.5620, 
[ 68200,  0.0001137]     0.8421,     0.9475,     0.9619,     1.7608, 
[ 68300,  0.0001135]     0.8377,     0.9459,     0.9609,     1.6131, 
[ 68400,  0.0001133]     0.8368,     0.9466,     0.9624,     1.5517, 
[ 68500,  0.0001131]     0.8395,     0.9454,     0.9604,     1.8196, 
[ 68600,  0.0001128]     0.8405,     0.9479,     0.9626,     1.7612, 
[ 68700,  0.0001126]     0.8478,     0.9519,     0.9650,     1.7421, 
[ 68800,  0.0001124]     0.8435,     0.9488,     0.9631,     1.5248, 
[ 68900,  0.0001122]     0.8386,     0.9451,     0.9601,     1.5859, 
[ 69000,  0.0001120]     0.8347,     0.9481,     0.9624,     1.6743, 
[ 69100,  0.0001117]     0.8397,     0.9474,     0.9630,     1.5074, 
[ 69200,  0.0001115]     0.8433,     0.9489,     0.9632,     1.6445, 
[ 69300,  0.0001113]     0.8322,     0.9460,     0.9605,     1.8350, 
[ 69400,  0.0001111]     0.8382,     0.9452,     0.9605,     1.6995, 
[ 69500,  0.0001109]     0.8350,     0.9459,     0.9600,     1.7494, 
[ 69600,  0.0001107]     0.8423,     0.9459,     0.9607,     1.7391, 
[ 69700,  0.0001104]     0.8342,     0.9457,     0.9613,     1.6868, 
[ 69800,  0.0001102]     0.8367,     0.9439,     0.9590,     1.8185, 
[ 69900,  0.0001100]     0.8341,     0.9438,     0.9600,     1.6413, 
[ 70000,  0.0001098]     0.8397,     0.9488,     0.9637,     1.4344, 
Validation Chairs EPE: 0.975941
[ 70100,  0.0001096]     0.8397,     0.9487,     0.9625,     1.6501, 
[ 70200,  0.0001093]     0.8315,     0.9432,     0.9591,     1.8922, 
[ 70300,  0.0001091]     0.8428,     0.9475,     0.9618,     1.7080, 
[ 70400,  0.0001089]     0.8438,     0.9518,     0.9657,     1.4503, 
[ 70500,  0.0001087]     0.8492,     0.9492,     0.9639,     1.5665, 
[ 70600,  0.0001085]     0.8405,     0.9502,     0.9645,     1.5289, 
[ 70700,  0.0001082]     0.8505,     0.9516,     0.9657,     1.4670, 
[ 70800,  0.0001080]     0.8479,     0.9496,     0.9638,     1.6146, 
[ 70900,  0.0001078]     0.8474,     0.9520,     0.9667,     1.3400, 
[ 71000,  0.0001076]     0.8389,     0.9467,     0.9622,     1.5569, 
[ 71100,  0.0001074]     0.8488,     0.9484,     0.9621,     1.6600, 
[ 71200,  0.0001071]     0.8416,     0.9495,     0.9637,     1.5768, 
[ 71300,  0.0001069]     0.8410,     0.9476,     0.9624,     1.6745, 
[ 71400,  0.0001067]     0.8430,     0.9487,     0.9626,     1.5629, 
[ 71500,  0.0001065]     0.8344,     0.9466,     0.9615,     1.7059, 
[ 71600,  0.0001063]     0.8447,     0.9490,     0.9631,     1.7462, 
[ 71700,  0.0001061]     0.8406,     0.9473,     0.9618,     1.6929, 
[ 71800,  0.0001058]     0.8400,     0.9474,     0.9630,     1.5128, 
[ 71900,  0.0001056]     0.8421,     0.9477,     0.9617,     1.5948, 
[ 72000,  0.0001054]     0.8416,     0.9486,     0.9634,     1.4855, 
[ 72100,  0.0001052]     0.8431,     0.9494,     0.9634,     1.7397, 
[ 72200,  0.0001050]     0.8378,     0.9465,     0.9614,     1.7044, 
[ 72300,  0.0001047]     0.8402,     0.9477,     0.9614,     1.5992, 
[ 72400,  0.0001045]     0.8469,     0.9510,     0.9654,     1.4320, 
[ 72500,  0.0001043]     0.8423,     0.9480,     0.9625,     1.6923, 
[ 72600,  0.0001041]     0.8424,     0.9495,     0.9639,     1.8375, 
[ 72700,  0.0001039]     0.8376,     0.9486,     0.9632,     1.6562, 
[ 72800,  0.0001036]     0.8488,     0.9505,     0.9639,     1.5417, 
[ 72900,  0.0001034]     0.8376,     0.9458,     0.9601,     1.9656, 
[ 73000,  0.0001032]     0.8408,     0.9486,     0.9636,     1.5825, 
[ 73100,  0.0001030]     0.8433,     0.9501,     0.9640,     1.5675, 
[ 73200,  0.0001028]     0.8505,     0.9527,     0.9660,     1.4050, 
[ 73300,  0.0001025]     0.8386,     0.9438,     0.9588,     1.7824, 
[ 73400,  0.0001023]     0.8380,     0.9488,     0.9630,     1.5731, 
[ 73500,  0.0001021]     0.8476,     0.9520,     0.9657,     1.3944, 
[ 73600,  0.0001019]     0.8361,     0.9438,     0.9588,     1.8172, 
[ 73700,  0.0001017]     0.8396,     0.9464,     0.9614,     1.6066, 
[ 73800,  0.0001015]     0.8514,     0.9531,     0.9664,     1.4999, 
[ 73900,  0.0001012]     0.8493,     0.9498,     0.9638,     1.6360, 
[ 74000,  0.0001010]     0.8408,     0.9481,     0.9635,     1.6572, 
[ 74100,  0.0001008]     0.8403,     0.9488,     0.9633,     1.7173, 
[ 74200,  0.0001006]     0.8445,     0.9486,     0.9627,     1.5439, 
[ 74300,  0.0001004]     0.8398,     0.9483,     0.9630,     1.6819, 
[ 74400,  0.0001001]     0.8504,     0.9536,     0.9664,     1.4391, 
[ 74500,  0.0000999]     0.8473,     0.9502,     0.9650,     1.4494, 
[ 74600,  0.0000997]     0.8395,     0.9453,     0.9607,     1.6321, 
[ 74700,  0.0000995]     0.8403,     0.9469,     0.9614,     1.6612, 
[ 74800,  0.0000993]     0.8404,     0.9516,     0.9650,     1.5347, 
[ 74900,  0.0000990]     0.8490,     0.9538,     0.9671,     1.3617, 
[ 75000,  0.0000988]     0.8463,     0.9517,     0.9654,     1.4608, 
Validation Chairs EPE: 0.953409
[ 75100,  0.0000986]     0.8375,     0.9445,     0.9596,     1.7071, 
[ 75200,  0.0000984]     0.8443,     0.9468,     0.9609,     1.8669, 
[ 75300,  0.0000982]     0.8425,     0.9502,     0.9641,     1.5752, 
[ 75400,  0.0000979]     0.8476,     0.9530,     0.9659,     1.4460, 
[ 75500,  0.0000977]     0.8467,     0.9510,     0.9649,     1.5034, 
[ 75600,  0.0000975]     0.8485,     0.9511,     0.9650,     1.5264, 
[ 75700,  0.0000973]     0.8421,     0.9491,     0.9636,     1.4420, 
[ 75800,  0.0000971]     0.8459,     0.9509,     0.9643,     1.4211, 
[ 75900,  0.0000968]     0.8408,     0.9478,     0.9626,     1.6970, 
[ 76000,  0.0000966]     0.8500,     0.9520,     0.9656,     1.4704, 
[ 76100,  0.0000964]     0.8451,     0.9515,     0.9651,     1.4741, 
[ 76200,  0.0000962]     0.8398,     0.9484,     0.9621,     1.8401, 
[ 76300,  0.0000960]     0.8492,     0.9502,     0.9641,     1.4519, 
[ 76400,  0.0000958]     0.8501,     0.9533,     0.9668,     1.4036, 
[ 76500,  0.0000955]     0.8417,     0.9478,     0.9627,     1.6548, 
[ 76600,  0.0000953]     0.8437,     0.9473,     0.9623,     1.6379, 
[ 76700,  0.0000951]     0.8432,     0.9499,     0.9643,     1.4809, 
[ 76800,  0.0000949]     0.8369,     0.9429,     0.9578,     1.8969, 
[ 76900,  0.0000947]     0.8377,     0.9466,     0.9615,     1.5308, 
[ 77000,  0.0000944]     0.8501,     0.9523,     0.9655,     1.6253, 
[ 77100,  0.0000942]     0.8522,     0.9530,     0.9663,     1.4244, 
[ 77200,  0.0000940]     0.8420,     0.9501,     0.9643,     1.5306, 
[ 77300,  0.0000938]     0.8513,     0.9522,     0.9653,     1.5938, 
[ 77400,  0.0000936]     0.8457,     0.9488,     0.9628,     1.5468, 
[ 77500,  0.0000933]     0.8487,     0.9525,     0.9664,     1.4558, 
[ 77600,  0.0000931]     0.8478,     0.9519,     0.9660,     1.3813, 
[ 77700,  0.0000929]     0.8367,     0.9449,     0.9602,     1.6479, 
[ 77800,  0.0000927]     0.8453,     0.9512,     0.9659,     1.3990, 
[ 77900,  0.0000925]     0.8547,     0.9538,     0.9668,     1.4173, 
[ 78000,  0.0000922]     0.8484,     0.9513,     0.9646,     1.5591, 
[ 78100,  0.0000920]     0.8470,     0.9499,     0.9641,     1.4893, 
[ 78200,  0.0000918]     0.8416,     0.9489,     0.9631,     1.7021, 
[ 78300,  0.0000916]     0.8448,     0.9518,     0.9647,     1.7466, 
[ 78400,  0.0000914]     0.8499,     0.9548,     0.9679,     1.3684, 
[ 78500,  0.0000912]     0.8445,     0.9526,     0.9664,     1.4259, 
[ 78600,  0.0000909]     0.8516,     0.9521,     0.9659,     1.4634, 
[ 78700,  0.0000907]     0.8482,     0.9514,     0.9656,     1.4606, 
[ 78800,  0.0000905]     0.8514,     0.9536,     0.9673,     1.4418, 
[ 78900,  0.0000903]     0.8433,     0.9499,     0.9642,     1.5534, 
[ 79000,  0.0000901]     0.8499,     0.9508,     0.9642,     1.6892, 
[ 79100,  0.0000898]     0.8440,     0.9498,     0.9647,     1.6277, 
[ 79200,  0.0000896]     0.8436,     0.9475,     0.9617,     1.6151, 
[ 79300,  0.0000894]     0.8491,     0.9524,     0.9661,     1.5788, 
[ 79400,  0.0000892]     0.8498,     0.9522,     0.9649,     1.3416, 
[ 79500,  0.0000890]     0.8516,     0.9517,     0.9652,     1.4276, 
[ 79600,  0.0000887]     0.8460,     0.9499,     0.9635,     1.6744, 
[ 79700,  0.0000885]     0.8397,     0.9489,     0.9633,     1.5861, 
[ 79800,  0.0000883]     0.8378,     0.9483,     0.9626,     1.6408, 
[ 79900,  0.0000881]     0.8431,     0.9495,     0.9630,     1.5489, 
[ 80000,  0.0000879]     0.8486,     0.9491,     0.9636,     1.6177, 
Validation Chairs EPE: 0.988357
[ 80100,  0.0000876]     0.8509,     0.9522,     0.9657,     1.3779, 
[ 80200,  0.0000874]     0.8508,     0.9521,     0.9657,     1.5128, 
[ 80300,  0.0000872]     0.8531,     0.9514,     0.9648,     1.7173, 
[ 80400,  0.0000870]     0.8401,     0.9489,     0.9631,     1.5264, 
[ 80500,  0.0000868]     0.8400,     0.9483,     0.9629,     1.5959, 
[ 80600,  0.0000866]     0.8524,     0.9530,     0.9664,     1.5663, 
[ 80700,  0.0000863]     0.8449,     0.9518,     0.9657,     1.4246, 
[ 80800,  0.0000861]     0.8359,     0.9457,     0.9600,     1.6989, 
[ 80900,  0.0000859]     0.8430,     0.9462,     0.9606,     1.5991, 
[ 81000,  0.0000857]     0.8542,     0.9537,     0.9667,     1.4552, 
[ 81100,  0.0000855]     0.8498,     0.9503,     0.9640,     1.5271, 
[ 81200,  0.0000852]     0.8482,     0.9536,     0.9668,     1.3829, 
[ 81300,  0.0000850]     0.8485,     0.9513,     0.9646,     1.5721, 
[ 81400,  0.0000848]     0.8597,     0.9552,     0.9681,     1.2957, 
[ 81500,  0.0000846]     0.8497,     0.9545,     0.9672,     1.4674, 
[ 81600,  0.0000844]     0.8489,     0.9497,     0.9637,     1.5625, 
[ 81700,  0.0000841]     0.8468,     0.9547,     0.9678,     1.3391, 
[ 81800,  0.0000839]     0.8516,     0.9537,     0.9671,     1.3739, 
[ 81900,  0.0000837]     0.8503,     0.9526,     0.9657,     1.4820, 
[ 82000,  0.0000835]     0.8475,     0.9527,     0.9658,     1.5072, 
[ 82100,  0.0000833]     0.8476,     0.9530,     0.9667,     1.4795, 
[ 82200,  0.0000830]     0.8577,     0.9573,     0.9697,     1.2374, 
[ 82300,  0.0000828]     0.8463,     0.9501,     0.9642,     1.4444, 
[ 82400,  0.0000826]     0.8495,     0.9536,     0.9669,     1.4037, 
[ 82500,  0.0000824]     0.8449,     0.9493,     0.9635,     1.5279, 
[ 82600,  0.0000822]     0.8520,     0.9519,     0.9649,     1.5589, 
[ 82700,  0.0000819]     0.8504,     0.9536,     0.9666,     1.4345, 
[ 82800,  0.0000817]     0.8522,     0.9530,     0.9657,     1.5344, 
[ 82900,  0.0000815]     0.8534,     0.9519,     0.9654,     1.4087, 
[ 83000,  0.0000813]     0.8521,     0.9518,     0.9658,     1.4612, 
[ 83100,  0.0000811]     0.8433,     0.9520,     0.9654,     1.4552, 
[ 83200,  0.0000809]     0.8524,     0.9545,     0.9676,     1.5299, 
[ 83300,  0.0000806]     0.8448,     0.9483,     0.9618,     1.5597, 
[ 83400,  0.0000804]     0.8587,     0.9523,     0.9649,     1.4442, 
[ 83500,  0.0000802]     0.8475,     0.9508,     0.9646,     1.4925, 
[ 83600,  0.0000800]     0.8497,     0.9521,     0.9655,     1.4716, 
[ 83700,  0.0000798]     0.8549,     0.9519,     0.9654,     1.5298, 
[ 83800,  0.0000795]     0.8556,     0.9522,     0.9647,     1.4149, 
[ 83900,  0.0000793]     0.8545,     0.9525,     0.9658,     1.3614, 
[ 84000,  0.0000791]     0.8460,     0.9466,     0.9622,     1.5293, 
[ 84100,  0.0000789]     0.8496,     0.9530,     0.9660,     1.4308, 
[ 84200,  0.0000787]     0.8493,     0.9498,     0.9634,     1.5771, 
[ 84300,  0.0000784]     0.8440,     0.9513,     0.9649,     1.5119, 
[ 84400,  0.0000782]     0.8526,     0.9534,     0.9658,     1.4210, 
[ 84500,  0.0000780]     0.8530,     0.9544,     0.9669,     1.3963, 
[ 84600,  0.0000778]     0.8497,     0.9508,     0.9654,     1.4932, 
[ 84700,  0.0000776]     0.8492,     0.9488,     0.9623,     1.8566, 
[ 84800,  0.0000773]     0.8424,     0.9517,     0.9653,     1.6834, 
[ 84900,  0.0000771]     0.8472,     0.9498,     0.9639,     1.6446, 
[ 85000,  0.0000769]     0.8468,     0.9496,     0.9634,     1.5213, 
Validation Chairs EPE: 0.932314
[ 85100,  0.0000767]     0.8553,     0.9522,     0.9651,     1.5622, 
[ 85200,  0.0000765]     0.8507,     0.9535,     0.9665,     1.2957, 
[ 85300,  0.0000763]     0.8381,     0.9474,     0.9612,     1.7110, 
[ 85400,  0.0000760]     0.8559,     0.9559,     0.9686,     1.3204, 
[ 85500,  0.0000758]     0.8518,     0.9527,     0.9651,     1.5041, 
[ 85600,  0.0000756]     0.8517,     0.9536,     0.9669,     1.4606, 
[ 85700,  0.0000754]     0.8442,     0.9503,     0.9639,     1.6061, 
[ 85800,  0.0000752]     0.8528,     0.9524,     0.9665,     1.4229, 
[ 85900,  0.0000749]     0.8486,     0.9524,     0.9663,     1.4492, 
[ 86000,  0.0000747]     0.8500,     0.9512,     0.9649,     1.4622, 
[ 86100,  0.0000745]     0.8460,     0.9504,     0.9642,     1.5735, 
[ 86200,  0.0000743]     0.8579,     0.9537,     0.9659,     1.4406, 
[ 86300,  0.0000741]     0.8488,     0.9498,     0.9638,     1.6029, 
[ 86400,  0.0000738]     0.8567,     0.9553,     0.9681,     1.3905, 
[ 86500,  0.0000736]     0.8459,     0.9508,     0.9651,     1.5022, 
[ 86600,  0.0000734]     0.8455,     0.9490,     0.9623,     1.6481, 
[ 86700,  0.0000732]     0.8507,     0.9533,     0.9664,     1.4569, 
[ 86800,  0.0000730]     0.8508,     0.9527,     0.9658,     1.6577, 
[ 86900,  0.0000727]     0.8540,     0.9534,     0.9668,     1.4005, 
[ 87000,  0.0000725]     0.8500,     0.9535,     0.9668,     1.3813, 
[ 87100,  0.0000723]     0.8518,     0.9529,     0.9653,     1.4804, 
[ 87200,  0.0000721]     0.8555,     0.9538,     0.9668,     1.4326, 
[ 87300,  0.0000719]     0.8562,     0.9553,     0.9676,     1.4134, 
[ 87400,  0.0000717]     0.8506,     0.9553,     0.9676,     1.5354, 
[ 87500,  0.0000714]     0.8602,     0.9546,     0.9666,     1.4522, 
[ 87600,  0.0000712]     0.8495,     0.9526,     0.9654,     1.4900, 
[ 87700,  0.0000710]     0.8566,     0.9544,     0.9668,     1.5407, 
[ 87800,  0.0000708]     0.8478,     0.9487,     0.9632,     1.5620, 
[ 87900,  0.0000706]     0.8568,     0.9562,     0.9681,     1.4681, 
[ 88000,  0.0000703]     0.8462,     0.9514,     0.9645,     1.5975, 
[ 88100,  0.0000701]     0.8502,     0.9529,     0.9652,     1.5713, 
[ 88200,  0.0000699]     0.8520,     0.9518,     0.9653,     1.3578, 
[ 88300,  0.0000697]     0.8537,     0.9547,     0.9671,     1.5589, 
[ 88400,  0.0000695]     0.8511,     0.9534,     0.9664,     1.4264, 
[ 88500,  0.0000692]     0.8493,     0.9553,     0.9675,     1.5289, 
[ 88600,  0.0000690]     0.8594,     0.9565,     0.9691,     1.2178, 
[ 88700,  0.0000688]     0.8443,     0.9510,     0.9643,     1.6742, 
[ 88800,  0.0000686]     0.8512,     0.9527,     0.9656,     1.3777, 
[ 88900,  0.0000684]     0.8526,     0.9544,     0.9670,     1.2797, 
[ 89000,  0.0000681]     0.8531,     0.9532,     0.9663,     1.3775, 
[ 89100,  0.0000679]     0.8463,     0.9526,     0.9656,     1.4279, 
[ 89200,  0.0000677]     0.8490,     0.9528,     0.9664,     1.4602, 
[ 89300,  0.0000675]     0.8586,     0.9563,     0.9691,     1.2689, 
[ 89400,  0.0000673]     0.8500,     0.9518,     0.9650,     1.5035, 
[ 89500,  0.0000671]     0.8433,     0.9468,     0.9610,     1.5767, 
[ 89600,  0.0000668]     0.8555,     0.9546,     0.9676,     1.3259, 
[ 89700,  0.0000666]     0.8496,     0.9545,     0.9674,     1.5286, 
[ 89800,  0.0000664]     0.8573,     0.9530,     0.9663,     1.3948, 
[ 89900,  0.0000662]     0.8512,     0.9534,     0.9663,     1.5172, 
[ 90000,  0.0000660]     0.8495,     0.9515,     0.9645,     1.5037, 
Validation Chairs EPE: 0.920767
[ 90100,  0.0000657]     0.8554,     0.9518,     0.9655,     1.4671, 
[ 90200,  0.0000655]     0.8575,     0.9549,     0.9671,     1.4476, 
[ 90300,  0.0000653]     0.8549,     0.9532,     0.9657,     1.4233, 
[ 90400,  0.0000651]     0.8556,     0.9546,     0.9669,     1.4984, 
[ 90500,  0.0000649]     0.8583,     0.9556,     0.9682,     1.3423, 
[ 90600,  0.0000646]     0.8504,     0.9523,     0.9658,     1.4767, 
[ 90700,  0.0000644]     0.8454,     0.9514,     0.9648,     1.4582, 
[ 90800,  0.0000642]     0.8541,     0.9540,     0.9668,     1.4197, 
[ 90900,  0.0000640]     0.8547,     0.9545,     0.9671,     1.4199, 
[ 91000,  0.0000638]     0.8607,     0.9554,     0.9681,     1.4841, 
[ 91100,  0.0000635]     0.8551,     0.9496,     0.9625,     1.5493, 
[ 91200,  0.0000633]     0.8549,     0.9534,     0.9661,     1.4412, 
[ 91300,  0.0000631]     0.8499,     0.9528,     0.9660,     1.6235, 
[ 91400,  0.0000629]     0.8596,     0.9546,     0.9667,     1.5358, 
[ 91500,  0.0000627]     0.8582,     0.9558,     0.9684,     1.3280, 
[ 91600,  0.0000624]     0.8544,     0.9539,     0.9668,     1.4298, 
[ 91700,  0.0000622]     0.8567,     0.9527,     0.9660,     1.5544, 
[ 91800,  0.0000620]     0.8554,     0.9552,     0.9677,     1.3265, 
[ 91900,  0.0000618]     0.8519,     0.9527,     0.9656,     1.4474, 
[ 92000,  0.0000616]     0.8522,     0.9550,     0.9681,     1.2842, 
[ 92100,  0.0000614]     0.8554,     0.9506,     0.9637,     1.5437, 
[ 92200,  0.0000611]     0.8553,     0.9559,     0.9686,     1.3023, 
[ 92300,  0.0000609]     0.8553,     0.9531,     0.9665,     1.4513, 
[ 92400,  0.0000607]     0.8504,     0.9500,     0.9641,     1.5515, 
[ 92500,  0.0000605]     0.8536,     0.9526,     0.9662,     1.5100, 
[ 92600,  0.0000603]     0.8546,     0.9497,     0.9634,     1.5204, 
[ 92700,  0.0000600]     0.8513,     0.9546,     0.9678,     1.4115, 
[ 92800,  0.0000598]     0.8531,     0.9531,     0.9665,     1.3676, 
[ 92900,  0.0000596]     0.8571,     0.9521,     0.9646,     1.4890, 
[ 93000,  0.0000594]     0.8498,     0.9563,     0.9689,     1.3103, 
[ 93100,  0.0000592]     0.8511,     0.9498,     0.9636,     1.6472, 
[ 93200,  0.0000589]     0.8453,     0.9491,     0.9630,     1.6559, 
[ 93300,  0.0000587]     0.8587,     0.9561,     0.9686,     1.3674, 
[ 93400,  0.0000585]     0.8632,     0.9567,     0.9682,     1.3550, 
[ 93500,  0.0000583]     0.8555,     0.9550,     0.9667,     1.4421, 
[ 93600,  0.0000581]     0.8541,     0.9547,     0.9673,     1.4078, 
[ 93700,  0.0000578]     0.8592,     0.9577,     0.9698,     1.3404, 
[ 93800,  0.0000576]     0.8535,     0.9532,     0.9665,     1.5733, 
[ 93900,  0.0000574]     0.8563,     0.9562,     0.9686,     1.4459, 
[ 94000,  0.0000572]     0.8479,     0.9514,     0.9639,     1.6517, 
[ 94100,  0.0000570]     0.8529,     0.9520,     0.9649,     1.5332, 
[ 94200,  0.0000568]     0.8550,     0.9541,     0.9675,     1.3331, 
[ 94300,  0.0000565]     0.8535,     0.9556,     0.9680,     1.4053, 
[ 94400,  0.0000563]     0.8511,     0.9547,     0.9673,     1.4161, 
[ 94500,  0.0000561]     0.8539,     0.9540,     0.9669,     1.3803, 
[ 94600,  0.0000559]     0.8498,     0.9510,     0.9641,     1.6106, 
[ 94700,  0.0000557]     0.8502,     0.9514,     0.9646,     1.4309, 
[ 94800,  0.0000554]     0.8468,     0.9521,     0.9654,     1.4085, 
[ 94900,  0.0000552]     0.8457,     0.9492,     0.9643,     1.5409, 
[ 95000,  0.0000550]     0.8516,     0.9527,     0.9653,     1.6478, 
Validation Chairs EPE: 0.900046
[ 95100,  0.0000548]     0.8563,     0.9536,     0.9666,     1.4214, 
[ 95200,  0.0000546]     0.8538,     0.9553,     0.9677,     1.2500, 
[ 95300,  0.0000543]     0.8674,     0.9587,     0.9711,     1.2840, 
[ 95400,  0.0000541]     0.8509,     0.9515,     0.9645,     1.4930, 
[ 95500,  0.0000539]     0.8507,     0.9514,     0.9641,     1.4800, 
[ 95600,  0.0000537]     0.8545,     0.9556,     0.9681,     1.4670, 
[ 95700,  0.0000535]     0.8580,     0.9549,     0.9672,     1.4479, 
[ 95800,  0.0000532]     0.8529,     0.9528,     0.9657,     1.4027, 
[ 95900,  0.0000530]     0.8640,     0.9584,     0.9705,     1.1926, 
[ 96000,  0.0000528]     0.8554,     0.9547,     0.9673,     1.4711, 
[ 96100,  0.0000526]     0.8525,     0.9547,     0.9674,     1.4131, 
[ 96200,  0.0000524]     0.8534,     0.9533,     0.9665,     1.4024, 
[ 96300,  0.0000522]     0.8525,     0.9513,     0.9642,     1.5562, 
[ 96400,  0.0000519]     0.8450,     0.9531,     0.9659,     1.3880, 
[ 96500,  0.0000517]     0.8625,     0.9580,     0.9696,     1.2808, 
[ 96600,  0.0000515]     0.8547,     0.9528,     0.9656,     1.4015, 
[ 96700,  0.0000513]     0.8599,     0.9569,     0.9695,     1.2785, 
[ 96800,  0.0000511]     0.8589,     0.9544,     0.9671,     1.3888, 
[ 96900,  0.0000508]     0.8611,     0.9560,     0.9681,     1.3781, 
[ 97000,  0.0000506]     0.8538,     0.9548,     0.9669,     1.4373, 
[ 97100,  0.0000504]     0.8570,     0.9523,     0.9645,     1.6855, 
[ 97200,  0.0000502]     0.8577,     0.9537,     0.9670,     1.4131, 
[ 97300,  0.0000500]     0.8554,     0.9543,     0.9670,     1.6397, 
[ 97400,  0.0000497]     0.8599,     0.9536,     0.9662,     1.4178, 
[ 97500,  0.0000495]     0.8577,     0.9547,     0.9677,     1.2890, 
[ 97600,  0.0000493]     0.8519,     0.9544,     0.9670,     1.4275, 
[ 97700,  0.0000491]     0.8501,     0.9532,     0.9660,     1.5382, 
[ 97800,  0.0000489]     0.8561,     0.9563,     0.9680,     1.3544, 
[ 97900,  0.0000486]     0.8593,     0.9547,     0.9682,     1.4536, 
[ 98000,  0.0000484]     0.8624,     0.9556,     0.9678,     1.4979, 
[ 98100,  0.0000482]     0.8629,     0.9575,     0.9695,     1.3314, 
[ 98200,  0.0000480]     0.8549,     0.9526,     0.9661,     1.3196, 
[ 98300,  0.0000478]     0.8628,     0.9548,     0.9670,     1.3107, 
[ 98400,  0.0000475]     0.8567,     0.9559,     0.9685,     1.2501, 
[ 98500,  0.0000473]     0.8600,     0.9541,     0.9669,     1.2676, 
[ 98600,  0.0000471]     0.8580,     0.9552,     0.9678,     1.5791, 
[ 98700,  0.0000469]     0.8648,     0.9580,     0.9696,     1.2749, 
[ 98800,  0.0000467]     0.8650,     0.9570,     0.9692,     1.2756, 
[ 98900,  0.0000465]     0.8578,     0.9529,     0.9653,     1.7619, 
[ 99000,  0.0000462]     0.8602,     0.9540,     0.9675,     1.3011, 
[ 99100,  0.0000460]     0.8643,     0.9576,     0.9693,     1.3989, 
[ 99200,  0.0000458]     0.8498,     0.9524,     0.9648,     1.4827, 
[ 99300,  0.0000456]     0.8548,     0.9538,     0.9670,     1.2958, 
[ 99400,  0.0000454]     0.8537,     0.9561,     0.9688,     1.3896, 
[ 99500,  0.0000451]     0.8588,     0.9549,     0.9677,     1.4066, 
[ 99600,  0.0000449]     0.8493,     0.9504,     0.9645,     1.5111, 
[ 99700,  0.0000447]     0.8585,     0.9555,     0.9678,     1.4572, 
[ 99800,  0.0000445]     0.8547,     0.9544,     0.9673,     1.3527, 
[ 99900,  0.0000443]     0.8568,     0.9566,     0.9688,     1.4479, 
[100000,  0.0000440]     0.8558,     0.9534,     0.9663,     1.5620, 
Validation Chairs EPE: 0.905074
[100100,  0.0000438]     0.8579,     0.9553,     0.9680,     1.2495, 
[100200,  0.0000436]     0.8622,     0.9563,     0.9686,     1.3446, 
[100300,  0.0000434]     0.8629,     0.9559,     0.9671,     1.4951, 
[100400,  0.0000432]     0.8563,     0.9548,     0.9675,     1.3929, 
[100500,  0.0000429]     0.8612,     0.9552,     0.9674,     1.3291, 
[100600,  0.0000427]     0.8634,     0.9585,     0.9701,     1.2653, 
[100700,  0.0000425]     0.8519,     0.9507,     0.9632,     1.5134, 
[100800,  0.0000423]     0.8611,     0.9558,     0.9680,     1.4209, 
[100900,  0.0000421]     0.8644,     0.9577,     0.9688,     1.5253, 
[101000,  0.0000419]     0.8647,     0.9584,     0.9701,     1.2027, 
[101100,  0.0000416]     0.8598,     0.9560,     0.9687,     1.2357, 
[101200,  0.0000414]     0.8579,     0.9571,     0.9692,     1.3065, 
[101300,  0.0000412]     0.8611,     0.9550,     0.9672,     1.5040, 
[101400,  0.0000410]     0.8536,     0.9533,     0.9659,     1.4541, 
[101500,  0.0000408]     0.8559,     0.9552,     0.9673,     1.3708, 
[101600,  0.0000405]     0.8603,     0.9550,     0.9669,     1.4715, 
[101700,  0.0000403]     0.8577,     0.9548,     0.9675,     1.3030, 
[101800,  0.0000401]     0.8586,     0.9572,     0.9693,     1.3441, 
[101900,  0.0000399]     0.8598,     0.9550,     0.9678,     1.3640, 
[102000,  0.0000397]     0.8603,     0.9568,     0.9690,     1.2869, 
[102100,  0.0000394]     0.8587,     0.9580,     0.9700,     1.2072, 
[102200,  0.0000392]     0.8605,     0.9556,     0.9678,     1.3968, 
[102300,  0.0000390]     0.8548,     0.9521,     0.9652,     1.4296, 
[102400,  0.0000388]     0.8600,     0.9547,     0.9678,     1.3216, 
[102500,  0.0000386]     0.8658,     0.9573,     0.9697,     1.3439, 
[102600,  0.0000383]     0.8542,     0.9536,     0.9669,     1.3143, 
[102700,  0.0000381]     0.8530,     0.9513,     0.9643,     1.4661, 
[102800,  0.0000379]     0.8534,     0.9544,     0.9666,     1.4978, 
[102900,  0.0000377]     0.8617,     0.9568,     0.9684,     1.3513, 
[103000,  0.0000375]     0.8555,     0.9558,     0.9685,     1.2111, 
[103100,  0.0000373]     0.8594,     0.9542,     0.9661,     1.4203, 
[103200,  0.0000370]     0.8585,     0.9538,     0.9660,     1.5154, 
[103300,  0.0000368]     0.8625,     0.9569,     0.9686,     1.2921, 
[103400,  0.0000366]     0.8577,     0.9556,     0.9675,     1.3515, 
[103500,  0.0000364]     0.8617,     0.9563,     0.9679,     1.4183, 
[103600,  0.0000362]     0.8609,     0.9563,     0.9681,     1.3399, 
[103700,  0.0000359]     0.8565,     0.9558,     0.9678,     1.3474, 
[103800,  0.0000357]     0.8622,     0.9576,     0.9695,     1.2753, 
[103900,  0.0000355]     0.8580,     0.9542,     0.9671,     1.3897, 
[104000,  0.0000353]     0.8612,     0.9556,     0.9678,     1.3272, 
[104100,  0.0000351]     0.8597,     0.9560,     0.9676,     1.3691, 
[104200,  0.0000348]     0.8586,     0.9563,     0.9690,     1.3142, 
[104300,  0.0000346]     0.8645,     0.9572,     0.9687,     1.3188, 
[104400,  0.0000344]     0.8590,     0.9554,     0.9673,     1.3601, 
[104500,  0.0000342]     0.8650,     0.9566,     0.9684,     1.4434, 
[104600,  0.0000340]     0.8616,     0.9573,     0.9691,     1.3906, 
[104700,  0.0000337]     0.8541,     0.9560,     0.9684,     1.3417, 
[104800,  0.0000335]     0.8608,     0.9553,     0.9674,     1.3860, 
[104900,  0.0000333]     0.8557,     0.9560,     0.9686,     1.4596, 
[105000,  0.0000331]     0.8596,     0.9562,     0.9687,     1.3372, 
Validation Chairs EPE: 0.891117
[105100,  0.0000329]     0.8654,     0.9579,     0.9695,     1.3534, 
[105200,  0.0000326]     0.8583,     0.9559,     0.9686,     1.3450, 
[105300,  0.0000324]     0.8589,     0.9574,     0.9697,     1.3627, 
[105400,  0.0000322]     0.8569,     0.9564,     0.9689,     1.3942, 
[105500,  0.0000320]     0.8538,     0.9549,     0.9670,     1.3567, 
[105600,  0.0000318]     0.8535,     0.9539,     0.9665,     1.4319, 
[105700,  0.0000316]     0.8613,     0.9539,     0.9665,     1.4618, 
[105800,  0.0000313]     0.8536,     0.9561,     0.9685,     1.3378, 
[105900,  0.0000311]     0.8648,     0.9580,     0.9702,     1.2798, 
[106000,  0.0000309]     0.8634,     0.9545,     0.9669,     1.4074, 
[106100,  0.0000307]     0.8647,     0.9574,     0.9686,     1.3216, 
[106200,  0.0000305]     0.8582,     0.9555,     0.9678,     1.4057, 
[106300,  0.0000302]     0.8619,     0.9582,     0.9703,     1.2992, 
[106400,  0.0000300]     0.8617,     0.9563,     0.9679,     1.5041, 
[106500,  0.0000298]     0.8623,     0.9573,     0.9691,     1.3958, 
[106600,  0.0000296]     0.8596,     0.9555,     0.9668,     1.4390, 
[106700,  0.0000294]     0.8681,     0.9596,     0.9709,     1.2356, 
[106800,  0.0000291]     0.8614,     0.9556,     0.9672,     1.3434, 
[106900,  0.0000289]     0.8576,     0.9559,     0.9686,     1.3143, 
[107000,  0.0000287]     0.8689,     0.9579,     0.9693,     1.2437, 
[107100,  0.0000285]     0.8617,     0.9562,     0.9682,     1.3376, 
[107200,  0.0000283]     0.8663,     0.9587,     0.9696,     1.2605, 
[107300,  0.0000280]     0.8624,     0.9577,     0.9693,     1.2941, 
[107400,  0.0000278]     0.8618,     0.9538,     0.9670,     1.3537, 
[107500,  0.0000276]     0.8659,     0.9594,     0.9707,     1.3182, 
[107600,  0.0000274]     0.8633,     0.9560,     0.9687,     1.1965, 
[107700,  0.0000272]     0.8614,     0.9553,     0.9672,     1.4896, 
[107800,  0.0000270]     0.8581,     0.9548,     0.9680,     1.3446, 
[107900,  0.0000267]     0.8588,     0.9580,     0.9697,     1.2137, 
[108000,  0.0000265]     0.8634,     0.9553,     0.9679,     1.2969, 
[108100,  0.0000263]     0.8568,     0.9537,     0.9664,     1.4462, 
[108200,  0.0000261]     0.8652,     0.9576,     0.9686,     1.5872, 
[108300,  0.0000259]     0.8596,     0.9542,     0.9665,     1.4096, 
[108400,  0.0000256]     0.8602,     0.9550,     0.9668,     1.3879, 
[108500,  0.0000254]     0.8627,     0.9588,     0.9700,     1.2430, 
[108600,  0.0000252]     0.8529,     0.9543,     0.9670,     1.5085, 
[108700,  0.0000250]     0.8655,     0.9587,     0.9700,     1.2083, 
[108800,  0.0000248]     0.8586,     0.9558,     0.9684,     1.3351, 
[108900,  0.0000245]     0.8631,     0.9563,     0.9692,     1.2295, 
[109000,  0.0000243]     0.8570,     0.9578,     0.9698,     1.2372, 
[109100,  0.0000241]     0.8623,     0.9576,     0.9693,     1.3068, 
[109200,  0.0000239]     0.8678,     0.9594,     0.9706,     1.3146, 
[109300,  0.0000237]     0.8560,     0.9545,     0.9665,     1.5891, 
[109400,  0.0000234]     0.8646,     0.9578,     0.9696,     1.3602, 
[109500,  0.0000232]     0.8687,     0.9590,     0.9708,     1.2866, 
[109600,  0.0000230]     0.8605,     0.9544,     0.9661,     1.4703, 
[109700,  0.0000228]     0.8654,     0.9561,     0.9680,     1.4187, 
[109800,  0.0000226]     0.8615,     0.9567,     0.9681,     1.5149, 
[109900,  0.0000224]     0.8614,     0.9574,     0.9685,     1.5811, 
[110000,  0.0000221]     0.8678,     0.9580,     0.9692,     1.2734, 
Validation Chairs EPE: 0.866512
[110100,  0.0000219]     0.8649,     0.9563,     0.9684,     1.2912, 
[110200,  0.0000217]     0.8624,     0.9564,     0.9683,     1.3052, 
[110300,  0.0000215]     0.8630,     0.9590,     0.9703,     1.2009, 
[110400,  0.0000213]     0.8693,     0.9602,     0.9715,     1.1630, 
[110500,  0.0000210]     0.8589,     0.9549,     0.9671,     1.3664, 
[110600,  0.0000208]     0.8644,     0.9555,     0.9677,     1.4103, 
[110700,  0.0000206]     0.8657,     0.9565,     0.9692,     1.3312, 
[110800,  0.0000204]     0.8595,     0.9548,     0.9673,     1.3727, 
[110900,  0.0000202]     0.8558,     0.9544,     0.9671,     1.4219, 
[111000,  0.0000199]     0.8682,     0.9592,     0.9701,     1.2704, 
[111100,  0.0000197]     0.8627,     0.9571,     0.9689,     1.4861, 
[111200,  0.0000195]     0.8652,     0.9585,     0.9705,     1.2047, 
[111300,  0.0000193]     0.8621,     0.9540,     0.9666,     1.3999, 
[111400,  0.0000191]     0.8712,     0.9618,     0.9726,     1.0849, 
[111500,  0.0000188]     0.8593,     0.9556,     0.9677,     1.3556, 
[111600,  0.0000186]     0.8620,     0.9569,     0.9692,     1.4173, 
[111700,  0.0000184]     0.8677,     0.9569,     0.9689,     1.2711, 
[111800,  0.0000182]     0.8656,     0.9588,     0.9701,     1.2039, 
[111900,  0.0000180]     0.8594,     0.9559,     0.9685,     1.3779, 
[112000,  0.0000177]     0.8630,     0.9573,     0.9688,     1.3472, 
[112100,  0.0000175]     0.8636,     0.9562,     0.9685,     1.2784, 
[112200,  0.0000173]     0.8574,     0.9530,     0.9659,     1.3432, 
[112300,  0.0000171]     0.8545,     0.9567,     0.9685,     1.3131, 
[112400,  0.0000169]     0.8693,     0.9594,     0.9703,     1.2607, 
[112500,  0.0000167]     0.8684,     0.9578,     0.9693,     1.3491, 
[112600,  0.0000164]     0.8663,     0.9566,     0.9692,     1.3588, 
[112700,  0.0000162]     0.8609,     0.9595,     0.9712,     1.1758, 
[112800,  0.0000160]     0.8627,     0.9547,     0.9674,     1.4066, 
[112900,  0.0000158]     0.8667,     0.9590,     0.9704,     1.2742, 
[113000,  0.0000156]     0.8559,     0.9554,     0.9687,     1.3134, 
[113100,  0.0000153]     0.8693,     0.9598,     0.9711,     1.2724, 
[113200,  0.0000151]     0.8675,     0.9599,     0.9714,     1.1243, 
[113300,  0.0000149]     0.8637,     0.9569,     0.9690,     1.2954, 
[113400,  0.0000147]     0.8618,     0.9565,     0.9688,     1.2362, 
[113500,  0.0000145]     0.8575,     0.9577,     0.9696,     1.3336, 
[113600,  0.0000142]     0.8676,     0.9586,     0.9701,     1.2271, 
[113700,  0.0000140]     0.8546,     0.9561,     0.9684,     1.3270, 
[113800,  0.0000138]     0.8672,     0.9582,     0.9701,     1.3264, 
[113900,  0.0000136]     0.8607,     0.9552,     0.9665,     1.5220, 
[114000,  0.0000134]     0.8715,     0.9601,     0.9710,     1.1831, 
[114100,  0.0000131]     0.8588,     0.9567,     0.9686,     1.3390, 
[114200,  0.0000129]     0.8531,     0.9547,     0.9675,     1.4416, 
[114300,  0.0000127]     0.8622,     0.9565,     0.9689,     1.3554, 
[114400,  0.0000125]     0.8634,     0.9574,     0.9687,     1.3512, 
[114500,  0.0000123]     0.8677,     0.9579,     0.9695,     1.2237, 
[114600,  0.0000121]     0.8641,     0.9574,     0.9697,     1.2929, 
[114700,  0.0000118]     0.8564,     0.9565,     0.9682,     1.2505, 
[114800,  0.0000116]     0.8665,     0.9580,     0.9701,     1.2497, 
[114900,  0.0000114]     0.8673,     0.9584,     0.9694,     1.2624, 
[115000,  0.0000112]     0.8629,     0.9566,     0.9690,     1.3134, 
Validation Chairs EPE: 0.852850
[115100,  0.0000110]     0.8572,     0.9531,     0.9652,     1.5167, 
[115200,  0.0000107]     0.8629,     0.9575,     0.9694,     1.3301, 
[115300,  0.0000105]     0.8619,     0.9587,     0.9699,     1.3194, 
[115400,  0.0000103]     0.8680,     0.9576,     0.9700,     1.2907, 
[115500,  0.0000101]     0.8679,     0.9604,     0.9717,     1.1760, 
[115600,  0.0000099]     0.8724,     0.9606,     0.9716,     1.1865, 
[115700,  0.0000096]     0.8656,     0.9573,     0.9694,     1.2516, 
[115800,  0.0000094]     0.8605,     0.9577,     0.9692,     1.2301, 
[115900,  0.0000092]     0.8662,     0.9600,     0.9710,     1.3047, 
[116000,  0.0000090]     0.8627,     0.9553,     0.9672,     1.3802, 
[116100,  0.0000088]     0.8698,     0.9576,     0.9693,     1.2869, 
[116200,  0.0000085]     0.8654,     0.9579,     0.9695,     1.2429, 
[116300,  0.0000083]     0.8636,     0.9570,     0.9686,     1.2465, 
[116400,  0.0000081]     0.8725,     0.9598,     0.9711,     1.2642, 
[116500,  0.0000079]     0.8623,     0.9567,     0.9685,     1.3256, 
[116600,  0.0000077]     0.8667,     0.9588,     0.9705,     1.1539, 
[116700,  0.0000075]     0.8656,     0.9566,     0.9679,     1.2886, 
[116800,  0.0000072]     0.8698,     0.9596,     0.9708,     1.2470, 
[116900,  0.0000070]     0.8584,     0.9553,     0.9675,     1.3161, 
[117000,  0.0000068]     0.8590,     0.9559,     0.9682,     1.2649, 
[117100,  0.0000066]     0.8650,     0.9563,     0.9685,     1.4524, 
[117200,  0.0000064]     0.8637,     0.9568,     0.9686,     1.3600, 
[117300,  0.0000061]     0.8643,     0.9583,     0.9696,     1.3173, 
[117400,  0.0000059]     0.8651,     0.9558,     0.9672,     1.5263, 
[117500,  0.0000057]     0.8653,     0.9571,     0.9694,     1.3285, 
[117600,  0.0000055]     0.8637,     0.9585,     0.9695,     1.3168, 
[117700,  0.0000053]     0.8700,     0.9595,     0.9709,     1.2257, 
[117800,  0.0000050]     0.8653,     0.9578,     0.9689,     1.2904, 
[117900,  0.0000048]     0.8647,     0.9573,     0.9692,     1.3238, 
[118000,  0.0000046]     0.8607,     0.9552,     0.9667,     1.4978, 
[118100,  0.0000044]     0.8660,     0.9567,     0.9680,     1.4660, 
[118200,  0.0000042]     0.8679,     0.9593,     0.9707,     1.2427, 
[118300,  0.0000039]     0.8677,     0.9593,     0.9704,     1.2462, 
[118400,  0.0000037]     0.8578,     0.9567,     0.9686,     1.4399, 
[118500,  0.0000035]     0.8627,     0.9558,     0.9676,     1.3378, 
[118600,  0.0000033]     0.8667,     0.9551,     0.9668,     1.3874, 
[118700,  0.0000031]     0.8644,     0.9581,     0.9697,     1.3369, 
[118800,  0.0000028]     0.8614,     0.9558,     0.9674,     1.3471, 
[118900,  0.0000026]     0.8662,     0.9596,     0.9707,     1.2353, 
[119000,  0.0000024]     0.8713,     0.9601,     0.9710,     1.1482, 
[119100,  0.0000022]     0.8668,     0.9583,     0.9704,     1.1986, 
[119200,  0.0000020]     0.8693,     0.9606,     0.9719,     1.2325, 
[119300,  0.0000018]     0.8572,     0.9578,     0.9697,     1.3690, 
[119400,  0.0000015]     0.8629,     0.9543,     0.9662,     1.4444, 
[119500,  0.0000013]     0.8621,     0.9552,     0.9675,     1.3676, 
[119600,  0.0000011]     0.8732,     0.9597,     0.9709,     1.2209, 
[119700,  0.0000009]     0.8667,     0.9572,     0.9686,     1.3380, 
[119800,  0.0000007]     0.8690,     0.9602,     0.9719,     1.1944, 
[119900,  0.0000004]     0.8679,     0.9595,     0.9708,     1.2120, 
[120000,  0.0000002]     0.8680,     0.9566,     0.9693,     1.2505, 
Validation Chairs EPE: 0.854339
