nohup: ignoring input
Parameter Count: 5257536
Training with 22232 image pairs
/home/zexin/anaconda3/envs/raft/lib/python3.7/site-packages/torch/optim/lr_scheduler.py:123: UserWarning: Detected call of `lr_scheduler.step()` before `optimizer.step()`. In PyTorch 1.1.0 and later, you should call them in the opposite order: `optimizer.step()` before `lr_scheduler.step()`.  Failure to do this will result in PyTorch skipping the first value of the learning rate schedule. See more details at https://pytorch.org/docs/stable/optim.html#how-to-adjust-learning-rate
  "https://pytorch.org/docs/stable/optim.html#how-to-adjust-learning-rate", UserWarning)
[   100,  0.0000140]     0.0276,     0.1815,     0.3312,    16.7358, 
[   200,  0.0000180]     0.0386,     0.2387,     0.3979,    16.5252, 
[   300,  0.0000220]     0.0420,     0.2364,     0.3898,    16.5083, 
[   400,  0.0000259]     0.0317,     0.2030,     0.3642,    15.7890, 
[   500,  0.0000299]     0.0279,     0.1809,     0.3380,    15.3247, 
[   600,  0.0000339]     0.0334,     0.2097,     0.3778,    14.1234, 
[   700,  0.0000379]     0.0440,     0.2462,     0.4206,    13.1871, 
[   800,  0.0000419]     0.0431,     0.2517,     0.4285,    12.9566, 
[   900,  0.0000459]     0.0650,     0.3226,     0.4998,    11.8173, 
[  1000,  0.0000499]     0.0655,     0.3400,     0.5185,    12.0455, 
[  1100,  0.0000539]     0.0855,     0.3817,     0.5527,    11.3133, 
[  1200,  0.0000579]     0.1021,     0.4232,     0.5825,    10.9163, 
[  1300,  0.0000619]     0.1175,     0.4410,     0.5981,    10.6649, 
[  1400,  0.0000659]     0.1610,     0.5076,     0.6511,     9.1757, 
[  1500,  0.0000699]     0.1770,     0.5368,     0.6754,     9.0958, 
[  1600,  0.0000739]     0.1992,     0.5811,     0.7156,     8.0031, 
[  1700,  0.0000779]     0.2153,     0.5915,     0.7164,     8.4418, 
[  1800,  0.0000819]     0.2602,     0.6359,     0.7488,     7.7601, 
[  1900,  0.0000859]     0.2698,     0.6534,     0.7613,     7.2135, 
[  2000,  0.0000899]     0.3113,     0.6737,     0.7729,     7.2115, 
[  2100,  0.0000939]     0.3467,     0.6951,     0.7865,     7.3964, 
[  2200,  0.0000979]     0.3864,     0.7182,     0.7981,     7.3273, 
[  2300,  0.0001019]     0.4004,     0.7153,     0.7972,     6.9952, 
[  2400,  0.0001059]     0.4187,     0.7322,     0.8105,     6.7590, 
[  2500,  0.0001099]     0.4442,     0.7333,     0.8067,     6.5282, 
[  2600,  0.0001139]     0.4549,     0.7468,     0.8182,     6.5830, 
[  2700,  0.0001179]     0.4936,     0.7609,     0.8265,     6.2043, 
[  2800,  0.0001219]     0.5053,     0.7656,     0.8304,     5.7091, 
[  2900,  0.0001259]     0.5264,     0.7724,     0.8343,     5.7322, 
[  3000,  0.0001299]     0.5479,     0.7870,     0.8469,     5.4195, 
[  3100,  0.0001339]     0.5422,     0.7800,     0.8394,     5.8974, 
[  3200,  0.0001379]     0.5476,     0.7743,     0.8334,     6.1320, 
[  3300,  0.0001419]     0.5536,     0.7831,     0.8438,     5.2512, 
[  3400,  0.0001459]     0.5801,     0.7951,     0.8497,     5.3870, 
[  3500,  0.0001499]     0.5785,     0.7973,     0.8543,     5.2136, 
[  3600,  0.0001539]     0.5922,     0.8058,     0.8598,     5.3488, 
[  3700,  0.0001579]     0.5982,     0.8038,     0.8568,     5.6176, 
[  3800,  0.0001619]     0.5827,     0.8011,     0.8566,     5.0841, 
[  3900,  0.0001659]     0.6018,     0.8045,     0.8576,     5.2478, 
[  4000,  0.0001699]     0.6016,     0.8048,     0.8568,     5.3016, 
[  4100,  0.0001739]     0.6230,     0.8177,     0.8672,     5.1350, 
[  4200,  0.0001778]     0.6183,     0.8139,     0.8636,     5.0214, 
[  4300,  0.0001818]     0.6279,     0.8230,     0.8706,     5.2734, 
[  4400,  0.0001858]     0.6271,     0.8169,     0.8641,     5.2355, 
[  4500,  0.0001898]     0.6303,     0.8194,     0.8678,     5.0654, 
[  4600,  0.0001938]     0.6341,     0.8242,     0.8725,     4.6382, 
[  4700,  0.0001978]     0.6599,     0.8431,     0.8873,     4.2172, 
[  4800,  0.0002018]     0.6384,     0.8329,     0.8775,     4.8399, 
[  4900,  0.0002058]     0.6337,     0.8271,     0.8746,     4.9115, 
[  5000,  0.0002098]     0.6548,     0.8333,     0.8779,     4.6211, 
Validation Chairs EPE: 4.098254
[  5100,  0.0002138]     0.6390,     0.8312,     0.8796,     4.4218, 
[  5200,  0.0002178]     0.6489,     0.8284,     0.8722,     5.0343, 
[  5300,  0.0002218]     0.6430,     0.8330,     0.8789,     4.6734, 
[  5400,  0.0002258]     0.6693,     0.8443,     0.8861,     4.5625, 
[  5500,  0.0002298]     0.6618,     0.8421,     0.8846,     4.6106, 
[  5600,  0.0002338]     0.6767,     0.8479,     0.8891,     4.4564, 
[  5700,  0.0002378]     0.6756,     0.8477,     0.8891,     4.2120, 
[  5800,  0.0002418]     0.6681,     0.8440,     0.8867,     4.4429, 
[  5900,  0.0002458]     0.6790,     0.8539,     0.8951,     3.9661, 
[  6000,  0.0002498]     0.6773,     0.8488,     0.8893,     4.3062, 
[  6100,  0.0002498]     0.6803,     0.8548,     0.8965,     3.9413, 
[  6200,  0.0002496]     0.6832,     0.8540,     0.8930,     4.2310, 
[  6300,  0.0002494]     0.6848,     0.8550,     0.8953,     4.1532, 
[  6400,  0.0002491]     0.6815,     0.8492,     0.8886,     4.8418, 
[  6500,  0.0002489]     0.6872,     0.8559,     0.8945,     4.1213, 
[  6600,  0.0002487]     0.6885,     0.8586,     0.8972,     4.1457, 
[  6700,  0.0002485]     0.6861,     0.8549,     0.8928,     4.4462, 
[  6800,  0.0002483]     0.6944,     0.8566,     0.8945,     4.2179, 
[  6900,  0.0002480]     0.6875,     0.8556,     0.8955,     4.2295, 
[  7000,  0.0002478]     0.6872,     0.8552,     0.8946,     4.1444, 
[  7100,  0.0002476]     0.7080,     0.8695,     0.9050,     3.8055, 
[  7200,  0.0002474]     0.7075,     0.8687,     0.9059,     3.4943, 
[  7300,  0.0002472]     0.6931,     0.8573,     0.8948,     4.3031, 
[  7400,  0.0002469]     0.7010,     0.8608,     0.8975,     3.9765, 
[  7500,  0.0002467]     0.6977,     0.8644,     0.9012,     3.8577, 
[  7600,  0.0002465]     0.6900,     0.8555,     0.8936,     4.5759, 
[  7700,  0.0002463]     0.6954,     0.8616,     0.8993,     4.0818, 
[  7800,  0.0002461]     0.7096,     0.8701,     0.9042,     3.8991, 
[  7900,  0.0002458]     0.6994,     0.8626,     0.8991,     3.9290, 
[  8000,  0.0002456]     0.7105,     0.8695,     0.9053,     3.8908, 
[  8100,  0.0002454]     0.7120,     0.8705,     0.9055,     3.9655, 
[  8200,  0.0002452]     0.7057,     0.8679,     0.9034,     3.8781, 
[  8300,  0.0002450]     0.7171,     0.8753,     0.9102,     3.5615, 
[  8400,  0.0002448]     0.7031,     0.8643,     0.9012,     4.0141, 
[  8500,  0.0002445]     0.7127,     0.8714,     0.9054,     4.1258, 
[  8600,  0.0002443]     0.7216,     0.8763,     0.9103,     3.4481, 
[  8700,  0.0002441]     0.7229,     0.8782,     0.9110,     3.3995, 
[  8800,  0.0002439]     0.7224,     0.8810,     0.9142,     3.6087, 
[  8900,  0.0002437]     0.7237,     0.8790,     0.9136,     3.3915, 
[  9000,  0.0002434]     0.7131,     0.8736,     0.9087,     3.5675, 
[  9100,  0.0002432]     0.7258,     0.8831,     0.9161,     3.2074, 
[  9200,  0.0002430]     0.7286,     0.8834,     0.9171,     3.2153, 
[  9300,  0.0002428]     0.7283,     0.8820,     0.9136,     3.4585, 
[  9400,  0.0002426]     0.7251,     0.8804,     0.9131,     3.6808, 
[  9500,  0.0002423]     0.7211,     0.8773,     0.9100,     3.8417, 
[  9600,  0.0002421]     0.7195,     0.8794,     0.9125,     3.6922, 
[  9700,  0.0002419]     0.7240,     0.8819,     0.9154,     3.3022, 
[  9800,  0.0002417]     0.7291,     0.8838,     0.9158,     3.2919, 
[  9900,  0.0002415]     0.7396,     0.8915,     0.9218,     3.1641, 
[ 10000,  0.0002412]     0.7295,     0.8821,     0.9149,     3.0990, 
Validation Chairs EPE: 2.649003
[ 10100,  0.0002410]     0.7397,     0.8909,     0.9214,     3.2310, 
[ 10200,  0.0002408]     0.7408,     0.8925,     0.9226,     2.9714, 
[ 10300,  0.0002406]     0.7407,     0.8940,     0.9239,     3.1612, 
[ 10400,  0.0002404]     0.7361,     0.8851,     0.9167,     3.3557, 
[ 10500,  0.0002402]     0.7286,     0.8803,     0.9129,     3.8518, 
[ 10600,  0.0002399]     0.7270,     0.8796,     0.9124,     3.6695, 
[ 10700,  0.0002397]     0.7408,     0.8908,     0.9210,     3.2240, 
[ 10800,  0.0002395]     0.7433,     0.8926,     0.9218,     3.1820, 
[ 10900,  0.0002393]     0.7292,     0.8837,     0.9155,     3.3453, 
[ 11000,  0.0002391]     0.7480,     0.8911,     0.9203,     3.0370, 
[ 11100,  0.0002388]     0.7391,     0.8860,     0.9163,     3.4450, 
[ 11200,  0.0002386]     0.7385,     0.8900,     0.9211,     3.1068, 
[ 11300,  0.0002384]     0.7498,     0.8979,     0.9277,     2.7647, 
[ 11400,  0.0002382]     0.7435,     0.8957,     0.9243,     3.1947, 
[ 11500,  0.0002380]     0.7328,     0.8828,     0.9141,     3.5990, 
[ 11600,  0.0002377]     0.7486,     0.8942,     0.9228,     3.1370, 
[ 11700,  0.0002375]     0.7551,     0.8959,     0.9247,     2.9723, 
[ 11800,  0.0002373]     0.7467,     0.8943,     0.9232,     2.8407, 
[ 11900,  0.0002371]     0.7433,     0.8881,     0.9180,     3.3482, 
[ 12000,  0.0002369]     0.7445,     0.8926,     0.9231,     3.1444, 
[ 12100,  0.0002366]     0.7394,     0.8905,     0.9190,     3.4908, 
[ 12200,  0.0002364]     0.7460,     0.8939,     0.9238,     2.9080, 
[ 12300,  0.0002362]     0.7523,     0.9011,     0.9292,     2.8266, 
[ 12400,  0.0002360]     0.7472,     0.8967,     0.9261,     2.9843, 
[ 12500,  0.0002358]     0.7610,     0.9021,     0.9304,     2.7460, 
[ 12600,  0.0002355]     0.7621,     0.9015,     0.9293,     2.9165, 
[ 12700,  0.0002353]     0.7458,     0.8910,     0.9204,     3.4854, 
[ 12800,  0.0002351]     0.7430,     0.8952,     0.9249,     2.9720, 
[ 12900,  0.0002349]     0.7609,     0.9010,     0.9284,     2.8104, 
[ 13000,  0.0002347]     0.7551,     0.8959,     0.9237,     2.8896, 
[ 13100,  0.0002345]     0.7556,     0.8986,     0.9276,     3.1319, 
[ 13200,  0.0002342]     0.7514,     0.9006,     0.9286,     2.9578, 
[ 13300,  0.0002340]     0.7577,     0.9032,     0.9313,     2.7657, 
[ 13400,  0.0002338]     0.7553,     0.9022,     0.9295,     2.6834, 
[ 13500,  0.0002336]     0.7553,     0.8982,     0.9264,     2.9274, 
[ 13600,  0.0002334]     0.7530,     0.8967,     0.9250,     3.0895, 
[ 13700,  0.0002331]     0.7624,     0.9056,     0.9329,     2.6923, 
[ 13800,  0.0002329]     0.7561,     0.9029,     0.9317,     2.6337, 
[ 13900,  0.0002327]     0.7530,     0.8967,     0.9241,     3.3292, 
[ 14000,  0.0002325]     0.7602,     0.9016,     0.9286,     2.9585, 
[ 14100,  0.0002323]     0.7572,     0.9046,     0.9316,     2.9250, 
[ 14200,  0.0002320]     0.7605,     0.9010,     0.9285,     2.7372, 
[ 14300,  0.0002318]     0.7582,     0.8996,     0.9266,     2.8665, 
[ 14400,  0.0002316]     0.7562,     0.8971,     0.9234,     3.3853, 
[ 14500,  0.0002314]     0.7637,     0.9048,     0.9316,     2.8252, 
[ 14600,  0.0002312]     0.7674,     0.9050,     0.9321,     2.8730, 
[ 14700,  0.0002309]     0.7706,     0.9078,     0.9334,     2.6440, 
[ 14800,  0.0002307]     0.7539,     0.9036,     0.9325,     2.5727, 
[ 14900,  0.0002305]     0.7554,     0.8975,     0.9247,     3.2866, 
[ 15000,  0.0002303]     0.7544,     0.9012,     0.9289,     3.0851, 
Validation Chairs EPE: 2.262021
[ 15100,  0.0002301]     0.7578,     0.9035,     0.9303,     2.7925, 
[ 15200,  0.0002299]     0.7668,     0.9080,     0.9339,     2.8038, 
[ 15300,  0.0002296]     0.7690,     0.9068,     0.9320,     2.7040, 
[ 15400,  0.0002294]     0.7678,     0.9069,     0.9336,     2.5323, 
[ 15500,  0.0002292]     0.7729,     0.9086,     0.9346,     2.7024, 
[ 15600,  0.0002290]     0.7675,     0.9082,     0.9343,     2.9085, 
[ 15700,  0.0002288]     0.7700,     0.9095,     0.9349,     2.6946, 
[ 15800,  0.0002285]     0.7628,     0.9065,     0.9332,     3.0525, 
[ 15900,  0.0002283]     0.7711,     0.9073,     0.9334,     2.8715, 
[ 16000,  0.0002281]     0.7640,     0.9051,     0.9309,     2.6932, 
[ 16100,  0.0002279]     0.7738,     0.9103,     0.9353,     2.7544, 
[ 16200,  0.0002277]     0.7629,     0.9056,     0.9318,     2.7073, 
[ 16300,  0.0002274]     0.7738,     0.9118,     0.9373,     2.4252, 
[ 16400,  0.0002272]     0.7766,     0.9094,     0.9355,     2.4789, 
[ 16500,  0.0002270]     0.7758,     0.9146,     0.9396,     2.4271, 
[ 16600,  0.0002268]     0.7579,     0.9054,     0.9323,     2.8827, 
[ 16700,  0.0002266]     0.7658,     0.9046,     0.9313,     2.9443, 
[ 16800,  0.0002263]     0.7678,     0.9083,     0.9346,     2.7229, 
[ 16900,  0.0002261]     0.7702,     0.9103,     0.9365,     2.5750, 
[ 17000,  0.0002259]     0.7741,     0.9105,     0.9349,     2.7887, 
[ 17100,  0.0002257]     0.7573,     0.9016,     0.9276,     2.8728, 
[ 17200,  0.0002255]     0.7753,     0.9092,     0.9350,     2.8108, 
[ 17300,  0.0002253]     0.7758,     0.9143,     0.9397,     2.4904, 
[ 17400,  0.0002250]     0.7745,     0.9110,     0.9356,     2.7110, 
[ 17500,  0.0002248]     0.7695,     0.9104,     0.9363,     2.6223, 
[ 17600,  0.0002246]     0.7741,     0.9095,     0.9351,     2.7554, 
[ 17700,  0.0002244]     0.7771,     0.9116,     0.9354,     2.8442, 
[ 17800,  0.0002242]     0.7650,     0.9040,     0.9309,     3.0209, 
[ 17900,  0.0002239]     0.7781,     0.9137,     0.9386,     2.4067, 
[ 18000,  0.0002237]     0.7699,     0.9080,     0.9326,     2.7578, 
[ 18100,  0.0002235]     0.7705,     0.9066,     0.9318,     2.7265, 
[ 18200,  0.0002233]     0.7762,     0.9100,     0.9351,     2.7720, 
[ 18300,  0.0002231]     0.7870,     0.9160,     0.9400,     2.3797, 
[ 18400,  0.0002228]     0.7737,     0.9107,     0.9352,     2.7380, 
[ 18500,  0.0002226]     0.7767,     0.9136,     0.9374,     2.9956, 
[ 18600,  0.0002224]     0.7779,     0.9143,     0.9384,     2.4841, 
[ 18700,  0.0002222]     0.7839,     0.9165,     0.9407,     2.5424, 
[ 18800,  0.0002220]     0.7724,     0.9107,     0.9352,     2.7834, 
[ 18900,  0.0002217]     0.7785,     0.9155,     0.9396,     2.4504, 
[ 19000,  0.0002215]     0.7644,     0.9096,     0.9350,     2.6408, 
[ 19100,  0.0002213]     0.7848,     0.9131,     0.9374,     2.7970, 
[ 19200,  0.0002211]     0.7758,     0.9100,     0.9345,     3.0823, 
[ 19300,  0.0002209]     0.7844,     0.9159,     0.9402,     2.4664, 
[ 19400,  0.0002206]     0.7750,     0.9146,     0.9389,     2.5583, 
[ 19500,  0.0002204]     0.7747,     0.9099,     0.9349,     2.9928, 
[ 19600,  0.0002202]     0.7732,     0.9133,     0.9383,     2.7613, 
[ 19700,  0.0002200]     0.7916,     0.9204,     0.9428,     2.2352, 
[ 19800,  0.0002198]     0.7760,     0.9147,     0.9398,     2.4269, 
[ 19900,  0.0002196]     0.7692,     0.9088,     0.9329,     3.0078, 
[ 20000,  0.0002193]     0.7811,     0.9166,     0.9395,     2.5218, 
Validation Chairs EPE: 2.191850
[ 20100,  0.0002191]     0.7763,     0.9146,     0.9388,     2.4284, 
[ 20200,  0.0002189]     0.7796,     0.9123,     0.9367,     2.7467, 
[ 20300,  0.0002187]     0.7821,     0.9139,     0.9379,     2.3555, 
[ 20400,  0.0002185]     0.7954,     0.9234,     0.9462,     2.2552, 
[ 20500,  0.0002182]     0.7897,     0.9215,     0.9450,     2.1258, 
[ 20600,  0.0002180]     0.7860,     0.9202,     0.9430,     2.4426, 
[ 20700,  0.0002178]     0.7850,     0.9181,     0.9420,     2.3379, 
[ 20800,  0.0002176]     0.7874,     0.9129,     0.9360,     3.0074, 
[ 20900,  0.0002174]     0.7885,     0.9214,     0.9437,     2.2619, 
[ 21000,  0.0002171]     0.7936,     0.9237,     0.9462,     2.1048, 
[ 21100,  0.0002169]     0.7883,     0.9192,     0.9417,     2.5276, 
[ 21200,  0.0002167]     0.7932,     0.9228,     0.9443,     2.3292, 
[ 21300,  0.0002165]     0.7846,     0.9144,     0.9373,     2.7915, 
[ 21400,  0.0002163]     0.7835,     0.9164,     0.9402,     2.2917, 
[ 21500,  0.0002160]     0.7661,     0.9100,     0.9365,     2.4762, 
[ 21600,  0.0002158]     0.7780,     0.9166,     0.9405,     2.3581, 
[ 21700,  0.0002156]     0.7882,     0.9175,     0.9402,     2.4443, 
[ 21800,  0.0002154]     0.7848,     0.9182,     0.9415,     2.4488, 
[ 21900,  0.0002152]     0.7906,     0.9180,     0.9403,     2.5610, 
[ 22000,  0.0002150]     0.7790,     0.9139,     0.9365,     3.2042, 
[ 22100,  0.0002147]     0.7770,     0.9142,     0.9388,     2.6056, 
[ 22200,  0.0002145]     0.7854,     0.9184,     0.9408,     2.3348, 
[ 22300,  0.0002143]     0.7869,     0.9167,     0.9399,     2.5246, 
[ 22400,  0.0002141]     0.7840,     0.9175,     0.9407,     2.6545, 
[ 22500,  0.0002139]     0.7805,     0.9139,     0.9371,     3.0627, 
[ 22600,  0.0002136]     0.7746,     0.9117,     0.9357,     2.8894, 
[ 22700,  0.0002134]     0.7823,     0.9153,     0.9399,     2.3894, 
[ 22800,  0.0002132]     0.7829,     0.9171,     0.9398,     2.5965, 
[ 22900,  0.0002130]     0.7866,     0.9160,     0.9382,     2.3608, 
[ 23000,  0.0002128]     0.7905,     0.9173,     0.9405,     2.5728, 
[ 23100,  0.0002125]     0.7942,     0.9227,     0.9448,     2.4447, 
[ 23200,  0.0002123]     0.7903,     0.9214,     0.9434,     2.3116, 
[ 23300,  0.0002121]     0.7853,     0.9214,     0.9430,     2.3462, 
[ 23400,  0.0002119]     0.7959,     0.9221,     0.9436,     2.5379, 
[ 23500,  0.0002117]     0.7948,     0.9237,     0.9456,     2.3337, 
[ 23600,  0.0002114]     0.7868,     0.9170,     0.9393,     2.8067, 
[ 23700,  0.0002112]     0.7937,     0.9237,     0.9451,     2.3828, 
[ 23800,  0.0002110]     0.7958,     0.9236,     0.9457,     2.3062, 
[ 23900,  0.0002108]     0.7985,     0.9263,     0.9481,     2.1685, 
[ 24000,  0.0002106]     0.7840,     0.9199,     0.9424,     2.2835, 
[ 24100,  0.0002104]     0.7887,     0.9198,     0.9423,     2.4569, 
[ 24200,  0.0002101]     0.7911,     0.9201,     0.9428,     2.2851, 
[ 24300,  0.0002099]     0.8032,     0.9301,     0.9504,     2.0664, 
[ 24400,  0.0002097]     0.7839,     0.9187,     0.9414,     2.6291, 
[ 24500,  0.0002095]     0.7959,     0.9212,     0.9438,     2.4082, 
[ 24600,  0.0002093]     0.7937,     0.9255,     0.9480,     2.2540, 
[ 24700,  0.0002090]     0.7960,     0.9268,     0.9479,     2.1981, 
[ 24800,  0.0002088]     0.7838,     0.9168,     0.9394,     2.7339, 
[ 24900,  0.0002086]     0.7935,     0.9242,     0.9455,     2.3911, 
[ 25000,  0.0002084]     0.7882,     0.9209,     0.9441,     2.3091, 
Validation Chairs EPE: 2.339462
[ 25100,  0.0002082]     0.7930,     0.9251,     0.9458,     2.3672, 
[ 25200,  0.0002079]     0.7945,     0.9236,     0.9444,     2.3988, 
[ 25300,  0.0002077]     0.7821,     0.9163,     0.9400,     2.5896, 
[ 25400,  0.0002075]     0.7942,     0.9240,     0.9464,     2.0812, 
[ 25500,  0.0002073]     0.7949,     0.9234,     0.9448,     2.6989, 
[ 25600,  0.0002071]     0.7923,     0.9227,     0.9447,     2.4304, 
[ 25700,  0.0002068]     0.7929,     0.9256,     0.9467,     2.1405, 
[ 25800,  0.0002066]     0.7980,     0.9217,     0.9429,     2.3401, 
[ 25900,  0.0002064]     0.7898,     0.9239,     0.9448,     2.4006, 
[ 26000,  0.0002062]     0.8010,     0.9282,     0.9489,     1.9804, 
[ 26100,  0.0002060]     0.7812,     0.9171,     0.9397,     2.4527, 
[ 26200,  0.0002057]     0.8020,     0.9235,     0.9442,     2.1979, 
[ 26300,  0.0002055]     0.7976,     0.9275,     0.9490,     2.0806, 
[ 26400,  0.0002053]     0.7984,     0.9260,     0.9480,     2.1336, 
[ 26500,  0.0002051]     0.7912,     0.9214,     0.9438,     2.3873, 
[ 26600,  0.0002049]     0.8002,     0.9277,     0.9486,     2.1525, 
[ 26700,  0.0002047]     0.7947,     0.9240,     0.9440,     2.5475, 
[ 26800,  0.0002044]     0.7947,     0.9249,     0.9466,     2.2953, 
[ 26900,  0.0002042]     0.7828,     0.9169,     0.9394,     2.5560, 
[ 27000,  0.0002040]     0.8020,     0.9291,     0.9489,     2.0358, 
[ 27100,  0.0002038]     0.7951,     0.9231,     0.9439,     2.2751, 
[ 27200,  0.0002036]     0.8035,     0.9284,     0.9487,     2.0813, 
[ 27300,  0.0002033]     0.7923,     0.9205,     0.9422,     2.7201, 
[ 27400,  0.0002031]     0.8084,     0.9319,     0.9514,     2.0442, 
[ 27500,  0.0002029]     0.7963,     0.9254,     0.9474,     2.1100, 
[ 27600,  0.0002027]     0.7935,     0.9232,     0.9453,     2.2141, 
[ 27700,  0.0002025]     0.8010,     0.9282,     0.9487,     2.1301, 
[ 27800,  0.0002022]     0.8008,     0.9297,     0.9506,     1.9426, 
[ 27900,  0.0002020]     0.7932,     0.9220,     0.9438,     2.3758, 
[ 28000,  0.0002018]     0.7970,     0.9244,     0.9451,     2.3120, 
[ 28100,  0.0002016]     0.7971,     0.9290,     0.9500,     2.0494, 
[ 28200,  0.0002014]     0.7953,     0.9257,     0.9472,     2.1486, 
[ 28300,  0.0002011]     0.7985,     0.9237,     0.9445,     2.1966, 
[ 28400,  0.0002009]     0.8053,     0.9295,     0.9499,     2.1381, 
[ 28500,  0.0002007]     0.7905,     0.9207,     0.9426,     2.5777, 
[ 28600,  0.0002005]     0.7968,     0.9234,     0.9448,     2.5547, 
[ 28700,  0.0002003]     0.8001,     0.9305,     0.9514,     1.9480, 
[ 28800,  0.0002001]     0.8044,     0.9313,     0.9513,     2.2086, 
[ 28900,  0.0001998]     0.7943,     0.9253,     0.9460,     2.2759, 
[ 29000,  0.0001996]     0.8074,     0.9337,     0.9534,     1.9536, 
[ 29100,  0.0001994]     0.7967,     0.9259,     0.9478,     2.1145, 
[ 29200,  0.0001992]     0.8069,     0.9312,     0.9517,     1.7973, 
[ 29300,  0.0001990]     0.8073,     0.9289,     0.9488,     2.0172, 
[ 29400,  0.0001987]     0.8163,     0.9352,     0.9530,     2.0812, 
[ 29500,  0.0001985]     0.8013,     0.9279,     0.9478,     2.1927, 
[ 29600,  0.0001983]     0.7998,     0.9269,     0.9473,     2.2921, 
[ 29700,  0.0001981]     0.8054,     0.9295,     0.9493,     2.4217, 
[ 29800,  0.0001979]     0.7989,     0.9297,     0.9499,     2.0094, 
[ 29900,  0.0001976]     0.8025,     0.9311,     0.9507,     2.0680, 
[ 30000,  0.0001974]     0.7942,     0.9244,     0.9456,     2.2696, 
Validation Chairs EPE: 2.041499
[ 30100,  0.0001972]     0.7972,     0.9279,     0.9486,     2.2520, 
[ 30200,  0.0001970]     0.8072,     0.9287,     0.9489,     1.9966, 
[ 30300,  0.0001968]     0.8013,     0.9303,     0.9508,     2.1350, 
[ 30400,  0.0001965]     0.8012,     0.9268,     0.9467,     2.4281, 
[ 30500,  0.0001963]     0.8035,     0.9302,     0.9498,     2.0298, 
[ 30600,  0.0001961]     0.8043,     0.9302,     0.9507,     1.9081, 
[ 30700,  0.0001959]     0.8014,     0.9282,     0.9483,     2.0241, 
[ 30800,  0.0001957]     0.7978,     0.9254,     0.9452,     2.6407, 
[ 30900,  0.0001955]     0.7942,     0.9237,     0.9449,     2.3070, 
[ 31000,  0.0001952]     0.7997,     0.9277,     0.9480,     2.2394, 
[ 31100,  0.0001950]     0.8101,     0.9304,     0.9497,     2.2644, 
[ 31200,  0.0001948]     0.8080,     0.9309,     0.9504,     2.1023, 
[ 31300,  0.0001946]     0.7981,     0.9236,     0.9444,     2.6401, 
[ 31400,  0.0001944]     0.8082,     0.9286,     0.9480,     2.2771, 
[ 31500,  0.0001941]     0.8120,     0.9310,     0.9499,     2.1276, 
[ 31600,  0.0001939]     0.8051,     0.9318,     0.9516,     1.9405, 
[ 31700,  0.0001937]     0.7936,     0.9247,     0.9454,     2.1277, 
[ 31800,  0.0001935]     0.8037,     0.9266,     0.9469,     2.3275, 
[ 31900,  0.0001933]     0.8090,     0.9322,     0.9510,     2.3421, 
[ 32000,  0.0001930]     0.8024,     0.9272,     0.9479,     2.2254, 
[ 32100,  0.0001928]     0.8083,     0.9298,     0.9493,     2.2424, 
[ 32200,  0.0001926]     0.8108,     0.9349,     0.9536,     1.8936, 
[ 32300,  0.0001924]     0.7998,     0.9299,     0.9489,     2.0280, 
[ 32400,  0.0001922]     0.8058,     0.9299,     0.9494,     2.1911, 
[ 32500,  0.0001919]     0.8106,     0.9330,     0.9526,     2.0282, 
[ 32600,  0.0001917]     0.8163,     0.9353,     0.9541,     1.8787, 
[ 32700,  0.0001915]     0.8050,     0.9272,     0.9473,     2.2772, 
[ 32800,  0.0001913]     0.8179,     0.9372,     0.9553,     1.7815, 
[ 32900,  0.0001911]     0.8183,     0.9363,     0.9541,     2.0825, 
[ 33000,  0.0001908]     0.8165,     0.9321,     0.9512,     1.9442, 
[ 33100,  0.0001906]     0.7897,     0.9236,     0.9443,     2.5622, 
[ 33200,  0.0001904]     0.8049,     0.9298,     0.9496,     2.2123, 
[ 33300,  0.0001902]     0.8091,     0.9332,     0.9533,     1.9673, 
[ 33400,  0.0001900]     0.8149,     0.9331,     0.9519,     2.0365, 
[ 33500,  0.0001898]     0.8030,     0.9276,     0.9489,     1.9691, 
[ 33600,  0.0001895]     0.8110,     0.9345,     0.9535,     2.1052, 
[ 33700,  0.0001893]     0.8132,     0.9334,     0.9514,     2.1221, 
[ 33800,  0.0001891]     0.8132,     0.9333,     0.9526,     1.9600, 
[ 33900,  0.0001889]     0.8104,     0.9348,     0.9528,     2.2788, 
[ 34000,  0.0001887]     0.8024,     0.9275,     0.9475,     2.1889, 
[ 34100,  0.0001884]     0.8109,     0.9335,     0.9529,     1.9766, 
[ 34200,  0.0001882]     0.8189,     0.9384,     0.9561,     1.6841, 
[ 34300,  0.0001880]     0.8182,     0.9339,     0.9530,     1.9358, 
[ 34400,  0.0001878]     0.8143,     0.9339,     0.9526,     1.9198, 
[ 34500,  0.0001876]     0.8041,     0.9306,     0.9498,     2.1467, 
[ 34600,  0.0001873]     0.8096,     0.9328,     0.9524,     1.8729, 
[ 34700,  0.0001871]     0.8160,     0.9335,     0.9520,     2.1129, 
[ 34800,  0.0001869]     0.8158,     0.9377,     0.9555,     1.8861, 
[ 34900,  0.0001867]     0.8141,     0.9345,     0.9534,     2.1153, 
[ 35000,  0.0001865]     0.8153,     0.9345,     0.9533,     1.8923, 
Validation Chairs EPE: 2.531137
[ 35100,  0.0001862]     0.8070,     0.9294,     0.9487,     2.7544, 
[ 35200,  0.0001860]     0.8039,     0.9306,     0.9496,     2.1622, 
[ 35300,  0.0001858]     0.8130,     0.9342,     0.9521,     2.1158, 
[ 35400,  0.0001856]     0.8037,     0.9291,     0.9488,     2.2904, 
[ 35500,  0.0001854]     0.8099,     0.9311,     0.9521,     2.1337, 
[ 35600,  0.0001852]     0.8150,     0.9350,     0.9532,     1.9467, 
[ 35700,  0.0001849]     0.8132,     0.9331,     0.9511,     2.1348, 
[ 35800,  0.0001847]     0.8184,     0.9363,     0.9539,     1.8904, 
[ 35900,  0.0001845]     0.8127,     0.9326,     0.9509,     2.1431, 
[ 36000,  0.0001843]     0.8104,     0.9349,     0.9531,     1.9755, 
[ 36100,  0.0001841]     0.8099,     0.9341,     0.9525,     1.9750, 
[ 36200,  0.0001838]     0.8151,     0.9332,     0.9518,     1.8833, 
[ 36300,  0.0001836]     0.8068,     0.9316,     0.9513,     1.9986, 
[ 36400,  0.0001834]     0.8071,     0.9309,     0.9499,     2.1998, 
[ 36500,  0.0001832]     0.8180,     0.9385,     0.9568,     1.7321, 
[ 36600,  0.0001830]     0.8163,     0.9339,     0.9514,     2.2687, 
[ 36700,  0.0001827]     0.8090,     0.9303,     0.9484,     2.5346, 
[ 36800,  0.0001825]     0.8141,     0.9363,     0.9541,     1.9858, 
[ 36900,  0.0001823]     0.8198,     0.9359,     0.9532,     1.9327, 
[ 37000,  0.0001821]     0.8132,     0.9323,     0.9509,     2.1387, 
[ 37100,  0.0001819]     0.7984,     0.9266,     0.9467,     2.4147, 
[ 37200,  0.0001816]     0.8133,     0.9329,     0.9518,     1.9629, 
[ 37300,  0.0001814]     0.8130,     0.9350,     0.9532,     1.9610, 
[ 37400,  0.0001812]     0.8212,     0.9380,     0.9553,     1.9374, 
[ 37500,  0.0001810]     0.8193,     0.9396,     0.9572,     1.8102, 
[ 37600,  0.0001808]     0.7990,     0.9290,     0.9483,     2.4280, 
[ 37700,  0.0001806]     0.8171,     0.9363,     0.9551,     2.0300, 
[ 37800,  0.0001803]     0.8299,     0.9414,     0.9580,     1.8371, 
[ 37900,  0.0001801]     0.8148,     0.9333,     0.9528,     2.0527, 
[ 38000,  0.0001799]     0.8264,     0.9415,     0.9580,     2.0144, 
[ 38100,  0.0001797]     0.8078,     0.9300,     0.9483,     2.6435, 
[ 38200,  0.0001795]     0.8199,     0.9380,     0.9554,     1.9434, 
[ 38300,  0.0001792]     0.8050,     0.9311,     0.9499,     2.5999, 
[ 38400,  0.0001790]     0.8159,     0.9335,     0.9522,     2.0563, 
[ 38500,  0.0001788]     0.8095,     0.9327,     0.9519,     1.9592, 
[ 38600,  0.0001786]     0.8181,     0.9337,     0.9514,     1.9789, 
[ 38700,  0.0001784]     0.8164,     0.9357,     0.9538,     2.0462, 
[ 38800,  0.0001781]     0.8057,     0.9317,     0.9504,     2.0835, 
[ 38900,  0.0001779]     0.8227,     0.9400,     0.9581,     1.9596, 
[ 39000,  0.0001777]     0.8163,     0.9367,     0.9544,     1.9542, 
[ 39100,  0.0001775]     0.8239,     0.9390,     0.9560,     1.8340, 
[ 39200,  0.0001773]     0.8174,     0.9383,     0.9557,     1.9817, 
[ 39300,  0.0001770]     0.8117,     0.9365,     0.9552,     2.1809, 
[ 39400,  0.0001768]     0.8309,     0.9422,     0.9586,     1.7450, 
[ 39500,  0.0001766]     0.8211,     0.9387,     0.9565,     1.7136, 
[ 39600,  0.0001764]     0.8176,     0.9336,     0.9513,     2.0190, 
[ 39700,  0.0001762]     0.8220,     0.9386,     0.9556,     2.0225, 
[ 39800,  0.0001760]     0.8075,     0.9342,     0.9528,     1.9142, 
[ 39900,  0.0001757]     0.8179,     0.9332,     0.9515,     1.9005, 
[ 40000,  0.0001755]     0.8177,     0.9377,     0.9548,     1.9314, 
Validation Chairs EPE: 3.049674
[ 40100,  0.0001753]     0.8111,     0.9311,     0.9499,     2.1435, 
[ 40200,  0.0001751]     0.8182,     0.9377,     0.9550,     1.9536, 
[ 40300,  0.0001749]     0.8256,     0.9388,     0.9555,     1.9060, 
[ 40400,  0.0001746]     0.8088,     0.9300,     0.9491,     2.4124, 
[ 40500,  0.0001744]     0.8161,     0.9381,     0.9570,     1.7266, 
[ 40600,  0.0001742]     0.8161,     0.9359,     0.9537,     1.8752, 
[ 40700,  0.0001740]     0.8151,     0.9354,     0.9537,     1.8428, 
[ 40800,  0.0001738]     0.8249,     0.9410,     0.9578,     2.0570, 
[ 40900,  0.0001735]     0.8136,     0.9357,     0.9535,     2.1878, 
[ 41000,  0.0001733]     0.8142,     0.9362,     0.9543,     1.8763, 
[ 41100,  0.0001731]     0.8198,     0.9377,     0.9550,     1.9640, 
[ 41200,  0.0001729]     0.8204,     0.9373,     0.9546,     1.8900, 
[ 41300,  0.0001727]     0.8268,     0.9393,     0.9566,     1.6993, 
[ 41400,  0.0001724]     0.8249,     0.9421,     0.9586,     1.5987, 
[ 41500,  0.0001722]     0.8193,     0.9348,     0.9517,     2.3053, 
[ 41600,  0.0001720]     0.8184,     0.9372,     0.9546,     1.8638, 
[ 41700,  0.0001718]     0.8228,     0.9402,     0.9575,     1.8479, 
[ 41800,  0.0001716]     0.8217,     0.9364,     0.9538,     1.9733, 
[ 41900,  0.0001713]     0.8239,     0.9405,     0.9571,     1.9678, 
[ 42000,  0.0001711]     0.8178,     0.9364,     0.9543,     1.9055, 
[ 42100,  0.0001709]     0.8188,     0.9371,     0.9540,     1.9055, 
[ 42200,  0.0001707]     0.8244,     0.9377,     0.9550,     2.0898, 
[ 42300,  0.0001705]     0.8255,     0.9391,     0.9559,     1.8239, 
[ 42400,  0.0001703]     0.8222,     0.9396,     0.9572,     1.7388, 
[ 42500,  0.0001700]     0.8283,     0.9430,     0.9592,     1.7189, 
[ 42600,  0.0001698]     0.8169,     0.9328,     0.9511,     2.0240, 
[ 42700,  0.0001696]     0.8152,     0.9345,     0.9522,     1.9808, 
[ 42800,  0.0001694]     0.8056,     0.9322,     0.9507,     2.1285, 
[ 42900,  0.0001692]     0.8320,     0.9404,     0.9568,     1.8215, 
[ 43000,  0.0001689]     0.8161,     0.9377,     0.9557,     1.9172, 
[ 43100,  0.0001687]     0.8248,     0.9396,     0.9576,     1.8308, 
[ 43200,  0.0001685]     0.8205,     0.9396,     0.9561,     1.9795, 
[ 43300,  0.0001683]     0.8272,     0.9399,     0.9567,     1.8196, 
[ 43400,  0.0001681]     0.8214,     0.9368,     0.9550,     1.8035, 
[ 43500,  0.0001678]     0.8143,     0.9356,     0.9535,     2.1077, 
[ 43600,  0.0001676]     0.8252,     0.9387,     0.9560,     1.9000, 
[ 43700,  0.0001674]     0.8259,     0.9432,     0.9597,     1.6944, 
[ 43800,  0.0001672]     0.8146,     0.9391,     0.9568,     1.8714, 
[ 43900,  0.0001670]     0.8266,     0.9419,     0.9596,     1.6260, 
[ 44000,  0.0001667]     0.8229,     0.9411,     0.9572,     1.7962, 
[ 44100,  0.0001665]     0.8246,     0.9409,     0.9574,     1.8095, 
[ 44200,  0.0001663]     0.8237,     0.9385,     0.9557,     1.9273, 
[ 44300,  0.0001661]     0.8312,     0.9435,     0.9588,     1.9260, 
[ 44400,  0.0001659]     0.8226,     0.9391,     0.9560,     2.0708, 
[ 44500,  0.0001657]     0.8234,     0.9385,     0.9545,     2.0209, 
[ 44600,  0.0001654]     0.8216,     0.9394,     0.9567,     1.8300, 
[ 44700,  0.0001652]     0.8254,     0.9403,     0.9569,     1.7305, 
[ 44800,  0.0001650]     0.8187,     0.9393,     0.9562,     1.8909, 
[ 44900,  0.0001648]     0.8188,     0.9354,     0.9526,     2.1268, 
[ 45000,  0.0001646]     0.8190,     0.9401,     0.9572,     1.7362, 
Validation Chairs EPE: 2.091414
[ 45100,  0.0001643]     0.8289,     0.9429,     0.9590,     1.8960, 
[ 45200,  0.0001641]     0.8239,     0.9411,     0.9579,     1.8919, 
[ 45300,  0.0001639]     0.8328,     0.9426,     0.9591,     1.8985, 
[ 45400,  0.0001637]     0.8297,     0.9429,     0.9596,     1.6639, 
[ 45500,  0.0001635]     0.8356,     0.9425,     0.9596,     1.6729, 
[ 45600,  0.0001632]     0.8275,     0.9414,     0.9581,     1.7776, 
[ 45700,  0.0001630]     0.8317,     0.9426,     0.9582,     1.7314, 
[ 45800,  0.0001628]     0.8194,     0.9349,     0.9521,     2.0199, 
[ 45900,  0.0001626]     0.8258,     0.9402,     0.9575,     1.6744, 
[ 46000,  0.0001624]     0.8237,     0.9412,     0.9582,     1.6840, 
[ 46100,  0.0001621]     0.8181,     0.9376,     0.9552,     1.9336, 
[ 46200,  0.0001619]     0.8212,     0.9376,     0.9549,     1.8918, 
[ 46300,  0.0001617]     0.8271,     0.9419,     0.9579,     1.9756, 
[ 46400,  0.0001615]     0.8275,     0.9374,     0.9550,     1.9496, 
[ 46500,  0.0001613]     0.8241,     0.9408,     0.9577,     1.8402, 
[ 46600,  0.0001611]     0.8234,     0.9400,     0.9567,     1.8297, 
[ 46700,  0.0001608]     0.8363,     0.9444,     0.9604,     1.6185, 
[ 46800,  0.0001606]     0.8277,     0.9400,     0.9565,     1.9772, 
[ 46900,  0.0001604]     0.8298,     0.9427,     0.9580,     1.7992, 
[ 47000,  0.0001602]     0.8214,     0.9401,     0.9563,     1.8696, 
[ 47100,  0.0001600]     0.8260,     0.9434,     0.9593,     1.7020, 
[ 47200,  0.0001597]     0.8218,     0.9400,     0.9575,     1.7332, 
[ 47300,  0.0001595]     0.8181,     0.9392,     0.9565,     2.0206, 
[ 47400,  0.0001593]     0.8351,     0.9451,     0.9605,     1.8012, 
[ 47500,  0.0001591]     0.8243,     0.9394,     0.9555,     1.9838, 
[ 47600,  0.0001589]     0.8233,     0.9410,     0.9579,     1.7211, 
[ 47700,  0.0001586]     0.8248,     0.9404,     0.9574,     1.7581, 
[ 47800,  0.0001584]     0.8319,     0.9402,     0.9558,     2.0659, 
[ 47900,  0.0001582]     0.8273,     0.9396,     0.9565,     1.9401, 
[ 48000,  0.0001580]     0.8294,     0.9415,     0.9575,     1.7417, 
[ 48100,  0.0001578]     0.8241,     0.9402,     0.9572,     1.8047, 
[ 48200,  0.0001575]     0.8174,     0.9379,     0.9552,     1.8093, 
[ 48300,  0.0001573]     0.8282,     0.9412,     0.9575,     1.7402, 
[ 48400,  0.0001571]     0.8217,     0.9378,     0.9558,     1.9472, 
[ 48500,  0.0001569]     0.8203,     0.9407,     0.9571,     1.9536, 
[ 48600,  0.0001567]     0.8277,     0.9393,     0.9556,     2.0615, 
[ 48700,  0.0001564]     0.8248,     0.9405,     0.9568,     1.9283, 
[ 48800,  0.0001562]     0.8245,     0.9399,     0.9565,     1.8903, 
[ 48900,  0.0001560]     0.8261,     0.9385,     0.9553,     1.8263, 
[ 49000,  0.0001558]     0.8304,     0.9428,     0.9588,     1.7610, 
[ 49100,  0.0001556]     0.8235,     0.9435,     0.9595,     1.8257, 
[ 49200,  0.0001554]     0.8261,     0.9408,     0.9570,     1.8616, 
[ 49300,  0.0001551]     0.8267,     0.9415,     0.9581,     1.8708, 
[ 49400,  0.0001549]     0.8297,     0.9427,     0.9588,     1.8155, 
[ 49500,  0.0001547]     0.8294,     0.9430,     0.9592,     1.8765, 
[ 49600,  0.0001545]     0.8312,     0.9411,     0.9571,     1.8048, 
[ 49700,  0.0001543]     0.8382,     0.9444,     0.9592,     2.0018, 
[ 49800,  0.0001540]     0.8238,     0.9389,     0.9552,     1.8981, 
[ 49900,  0.0001538]     0.8314,     0.9434,     0.9595,     1.7648, 
[ 50000,  0.0001536]     0.8345,     0.9451,     0.9607,     1.6628, 
Validation Chairs EPE: 2.429393
[ 50100,  0.0001534]     0.8325,     0.9436,     0.9594,     1.7537, 
[ 50200,  0.0001532]     0.8214,     0.9401,     0.9567,     2.0281, 
[ 50300,  0.0001529]     0.8285,     0.9416,     0.9577,     1.7700, 
[ 50400,  0.0001527]     0.8265,     0.9385,     0.9545,     1.9091, 
[ 50500,  0.0001525]     0.8335,     0.9421,     0.9576,     1.8261, 
[ 50600,  0.0001523]     0.8183,     0.9379,     0.9556,     1.9875, 
[ 50700,  0.0001521]     0.8316,     0.9426,     0.9582,     1.8659, 
[ 50800,  0.0001518]     0.8351,     0.9430,     0.9584,     1.8654, 
[ 50900,  0.0001516]     0.8315,     0.9453,     0.9612,     1.5966, 
[ 51000,  0.0001514]     0.8360,     0.9424,     0.9578,     1.9410, 
[ 51100,  0.0001512]     0.8319,     0.9401,     0.9574,     1.7296, 
[ 51200,  0.0001510]     0.8289,     0.9416,     0.9580,     1.6984, 
[ 51300,  0.0001508]     0.8322,     0.9427,     0.9590,     1.8828, 
[ 51400,  0.0001505]     0.8337,     0.9444,     0.9601,     1.7809, 
[ 51500,  0.0001503]     0.8255,     0.9405,     0.9571,     1.8510, 
[ 51600,  0.0001501]     0.8363,     0.9476,     0.9634,     1.4947, 
[ 51700,  0.0001499]     0.8427,     0.9485,     0.9631,     1.6911, 
[ 51800,  0.0001497]     0.8234,     0.9377,     0.9538,     2.0939, 
[ 51900,  0.0001494]     0.8325,     0.9424,     0.9583,     1.8508, 
[ 52000,  0.0001492]     0.8247,     0.9405,     0.9563,     1.8351, 
[ 52100,  0.0001490]     0.8266,     0.9423,     0.9582,     1.7912, 
[ 52200,  0.0001488]     0.8326,     0.9424,     0.9578,     1.8328, 
[ 52300,  0.0001486]     0.8279,     0.9425,     0.9579,     1.7658, 
[ 52400,  0.0001483]     0.8355,     0.9449,     0.9601,     2.0866, 
[ 52500,  0.0001481]     0.8390,     0.9464,     0.9618,     1.4856, 
[ 52600,  0.0001479]     0.8243,     0.9409,     0.9577,     1.6760, 
[ 52700,  0.0001477]     0.8301,     0.9395,     0.9557,     1.8402, 
[ 52800,  0.0001475]     0.8276,     0.9409,     0.9576,     1.7996, 
[ 52900,  0.0001472]     0.8312,     0.9434,     0.9594,     1.9037, 
[ 53000,  0.0001470]     0.8316,     0.9443,     0.9597,     1.7133, 
[ 53100,  0.0001468]     0.8369,     0.9477,     0.9623,     1.6654, 
[ 53200,  0.0001466]     0.8313,     0.9453,     0.9610,     1.6941, 
[ 53300,  0.0001464]     0.8304,     0.9412,     0.9583,     1.6930, 
[ 53400,  0.0001462]     0.8308,     0.9420,     0.9580,     1.8276, 
[ 53500,  0.0001459]     0.8296,     0.9437,     0.9592,     1.7808, 
[ 53600,  0.0001457]     0.8388,     0.9447,     0.9603,     1.7053, 
[ 53700,  0.0001455]     0.8336,     0.9424,     0.9577,     1.7644, 
[ 53800,  0.0001453]     0.8243,     0.9406,     0.9567,     1.8824, 
[ 53900,  0.0001451]     0.8249,     0.9398,     0.9563,     1.8576, 
[ 54000,  0.0001448]     0.8359,     0.9457,     0.9611,     1.6597, 
[ 54100,  0.0001446]     0.8273,     0.9412,     0.9574,     1.8418, 
[ 54200,  0.0001444]     0.8263,     0.9399,     0.9565,     1.8145, 
[ 54300,  0.0001442]     0.8254,     0.9403,     0.9569,     1.8389, 
[ 54400,  0.0001440]     0.8343,     0.9433,     0.9597,     1.7643, 
[ 54500,  0.0001437]     0.8342,     0.9462,     0.9612,     1.6191, 
[ 54600,  0.0001435]     0.8414,     0.9482,     0.9627,     1.8072, 
[ 54700,  0.0001433]     0.8359,     0.9443,     0.9597,     1.7360, 
[ 54800,  0.0001431]     0.8371,     0.9457,     0.9610,     1.7276, 
[ 54900,  0.0001429]     0.8395,     0.9466,     0.9614,     1.5813, 
[ 55000,  0.0001426]     0.8461,     0.9493,     0.9631,     1.6767, 
Validation Chairs EPE: 2.246910
[ 55100,  0.0001424]     0.8356,     0.9465,     0.9622,     1.6086, 
[ 55200,  0.0001422]     0.8376,     0.9460,     0.9618,     1.5229, 
[ 55300,  0.0001420]     0.8306,     0.9417,     0.9579,     1.6750, 
[ 55400,  0.0001418]     0.8333,     0.9435,     0.9596,     1.8176, 
[ 55500,  0.0001415]     0.8346,     0.9431,     0.9586,     1.7273, 
[ 55600,  0.0001413]     0.8307,     0.9423,     0.9582,     1.8218, 
[ 55700,  0.0001411]     0.8331,     0.9457,     0.9611,     1.7794, 
[ 55800,  0.0001409]     0.8297,     0.9450,     0.9609,     1.6626, 
[ 55900,  0.0001407]     0.8329,     0.9451,     0.9603,     1.6339, 
[ 56000,  0.0001405]     0.8311,     0.9435,     0.9588,     1.8300, 
[ 56100,  0.0001402]     0.8330,     0.9455,     0.9609,     1.6983, 
[ 56200,  0.0001400]     0.8287,     0.9436,     0.9597,     1.7617, 
[ 56300,  0.0001398]     0.8333,     0.9452,     0.9602,     1.7089, 
[ 56400,  0.0001396]     0.8327,     0.9468,     0.9624,     1.6193, 
[ 56500,  0.0001394]     0.8367,     0.9461,     0.9607,     1.5623, 
[ 56600,  0.0001391]     0.8379,     0.9437,     0.9584,     1.8920, 
[ 56700,  0.0001389]     0.8286,     0.9408,     0.9571,     1.7904, 
[ 56800,  0.0001387]     0.8370,     0.9450,     0.9609,     1.6820, 
[ 56900,  0.0001385]     0.8313,     0.9416,     0.9573,     1.8993, 
[ 57000,  0.0001383]     0.8247,     0.9421,     0.9579,     1.9734, 
[ 57100,  0.0001380]     0.8342,     0.9463,     0.9621,     1.5780, 
[ 57200,  0.0001378]     0.8310,     0.9457,     0.9615,     1.6364, 
[ 57300,  0.0001376]     0.8338,     0.9455,     0.9613,     1.5923, 
[ 57400,  0.0001374]     0.8373,     0.9474,     0.9627,     1.8639, 
[ 57500,  0.0001372]     0.8402,     0.9452,     0.9598,     1.8663, 
[ 57600,  0.0001369]     0.8343,     0.9424,     0.9581,     1.7098, 
[ 57700,  0.0001367]     0.8285,     0.9420,     0.9578,     1.9035, 
[ 57800,  0.0001365]     0.8317,     0.9418,     0.9579,     1.7076, 
[ 57900,  0.0001363]     0.8326,     0.9444,     0.9607,     1.7158, 
[ 58000,  0.0001361]     0.8402,     0.9467,     0.9621,     1.5113, 
[ 58100,  0.0001359]     0.8390,     0.9450,     0.9598,     1.7671, 
[ 58200,  0.0001356]     0.8433,     0.9485,     0.9633,     1.5280, 
[ 58300,  0.0001354]     0.8364,     0.9471,     0.9621,     1.5968, 
[ 58400,  0.0001352]     0.8321,     0.9411,     0.9558,     2.1011, 
[ 58500,  0.0001350]     0.8366,     0.9466,     0.9619,     1.5724, 
[ 58600,  0.0001348]     0.8384,     0.9471,     0.9629,     1.5223, 
[ 58700,  0.0001345]     0.8366,     0.9457,     0.9611,     1.5798, 
[ 58800,  0.0001343]     0.8348,     0.9445,     0.9603,     1.6670, 
[ 58900,  0.0001341]     0.8379,     0.9465,     0.9606,     1.8650, 
[ 59000,  0.0001339]     0.8359,     0.9443,     0.9596,     1.6491, 
[ 59100,  0.0001337]     0.8386,     0.9435,     0.9587,     1.6782, 
[ 59200,  0.0001334]     0.8354,     0.9440,     0.9592,     1.7010, 
[ 59300,  0.0001332]     0.8328,     0.9431,     0.9587,     1.9415, 
[ 59400,  0.0001330]     0.8401,     0.9472,     0.9624,     1.6726, 
[ 59500,  0.0001328]     0.8357,     0.9459,     0.9609,     1.8278, 
[ 59600,  0.0001326]     0.8311,     0.9428,     0.9596,     1.8121, 
[ 59700,  0.0001323]     0.8399,     0.9481,     0.9622,     1.8266, 
[ 59800,  0.0001321]     0.8311,     0.9478,     0.9626,     1.5811, 
[ 59900,  0.0001319]     0.8319,     0.9449,     0.9605,     1.7002, 
[ 60000,  0.0001317]     0.8385,     0.9450,     0.9607,     1.5854, 
Validation Chairs EPE: 2.428397
[ 60100,  0.0001315]     0.8402,     0.9482,     0.9628,     1.4694, 
[ 60200,  0.0001313]     0.8403,     0.9474,     0.9618,     1.7860, 
[ 60300,  0.0001310]     0.8365,     0.9423,     0.9569,     1.8564, 
[ 60400,  0.0001308]     0.8442,     0.9503,     0.9648,     1.5220, 
[ 60500,  0.0001306]     0.8413,     0.9457,     0.9599,     2.0029, 
[ 60600,  0.0001304]     0.8374,     0.9454,     0.9604,     1.7780, 
[ 60700,  0.0001302]     0.8394,     0.9440,     0.9604,     1.7072, 
[ 60800,  0.0001299]     0.8375,     0.9456,     0.9614,     1.6198, 
[ 60900,  0.0001297]     0.8319,     0.9430,     0.9587,     1.8401, 
[ 61000,  0.0001295]     0.8454,     0.9484,     0.9624,     1.7111, 
[ 61100,  0.0001293]     0.8371,     0.9477,     0.9627,     1.7999, 
[ 61200,  0.0001291]     0.8356,     0.9452,     0.9605,     1.7523, 
[ 61300,  0.0001288]     0.8356,     0.9483,     0.9630,     1.5996, 
[ 61400,  0.0001286]     0.8438,     0.9450,     0.9599,     1.6305, 
[ 61500,  0.0001284]     0.8342,     0.9439,     0.9590,     1.7433, 
[ 61600,  0.0001282]     0.8433,     0.9486,     0.9627,     1.7643, 
[ 61700,  0.0001280]     0.8410,     0.9489,     0.9633,     1.5117, 
[ 61800,  0.0001277]     0.8383,     0.9487,     0.9628,     1.5446, 
[ 61900,  0.0001275]     0.8336,     0.9443,     0.9591,     1.6485, 
[ 62000,  0.0001273]     0.8397,     0.9486,     0.9633,     1.5893, 
[ 62100,  0.0001271]     0.8401,     0.9464,     0.9605,     1.7999, 
[ 62200,  0.0001269]     0.8305,     0.9439,     0.9593,     1.7512, 
[ 62300,  0.0001266]     0.8343,     0.9449,     0.9594,     1.9190, 
[ 62400,  0.0001264]     0.8441,     0.9495,     0.9640,     1.6408, 
[ 62500,  0.0001262]     0.8424,     0.9494,     0.9642,     1.7524, 
[ 62600,  0.0001260]     0.8376,     0.9486,     0.9633,     1.5640, 
[ 62700,  0.0001258]     0.8409,     0.9477,     0.9625,     1.6275, 
[ 62800,  0.0001256]     0.8471,     0.9476,     0.9625,     1.5218, 
[ 62900,  0.0001253]     0.8374,     0.9449,     0.9594,     2.0237, 
[ 63000,  0.0001251]     0.8344,     0.9474,     0.9620,     1.7153, 
[ 63100,  0.0001249]     0.8371,     0.9452,     0.9604,     1.8900, 
[ 63200,  0.0001247]     0.8425,     0.9447,     0.9606,     1.6749, 
[ 63300,  0.0001245]     0.8423,     0.9483,     0.9628,     1.6459, 
[ 63400,  0.0001242]     0.8322,     0.9435,     0.9591,     1.6403, 
[ 63500,  0.0001240]     0.8437,     0.9491,     0.9636,     1.5257, 
[ 63600,  0.0001238]     0.8369,     0.9476,     0.9616,     1.7047, 
[ 63700,  0.0001236]     0.8405,     0.9455,     0.9599,     1.6839, 
[ 63800,  0.0001234]     0.8364,     0.9475,     0.9624,     1.6023, 
[ 63900,  0.0001231]     0.8387,     0.9448,     0.9603,     1.6203, 
[ 64000,  0.0001229]     0.8412,     0.9471,     0.9616,     1.9238, 
[ 64100,  0.0001227]     0.8308,     0.9431,     0.9588,     1.8874, 
[ 64200,  0.0001225]     0.8520,     0.9525,     0.9659,     1.3573, 
[ 64300,  0.0001223]     0.8367,     0.9451,     0.9603,     1.6399, 
[ 64400,  0.0001220]     0.8450,     0.9461,     0.9600,     1.8248, 
[ 64500,  0.0001218]     0.8445,     0.9498,     0.9637,     1.6259, 
[ 64600,  0.0001216]     0.8489,     0.9492,     0.9634,     1.5019, 
[ 64700,  0.0001214]     0.8439,     0.9467,     0.9613,     1.6320, 
[ 64800,  0.0001212]     0.8361,     0.9460,     0.9610,     1.5487, 
[ 64900,  0.0001210]     0.8449,     0.9510,     0.9651,     1.5817, 
[ 65000,  0.0001207]     0.8468,     0.9479,     0.9629,     1.7784, 
Validation Chairs EPE: 4.693339
[ 65100,  0.0001205]     0.8485,     0.9483,     0.9623,     1.5647, 
[ 65200,  0.0001203]     0.8417,     0.9471,     0.9616,     1.6512, 
[ 65300,  0.0001201]     0.8447,     0.9481,     0.9629,     1.6644, 
[ 65400,  0.0001199]     0.8447,     0.9489,     0.9638,     1.5105, 
[ 65500,  0.0001196]     0.8481,     0.9516,     0.9657,     1.6732, 
[ 65600,  0.0001194]     0.8477,     0.9504,     0.9639,     1.5274, 
[ 65700,  0.0001192]     0.8370,     0.9456,     0.9608,     1.7391, 
[ 65800,  0.0001190]     0.8329,     0.9458,     0.9604,     1.8366, 
[ 65900,  0.0001188]     0.8408,     0.9466,     0.9618,     1.8492, 
[ 66000,  0.0001185]     0.8462,     0.9493,     0.9624,     1.5844, 
[ 66100,  0.0001183]     0.8467,     0.9516,     0.9654,     1.6073, 
[ 66200,  0.0001181]     0.8357,     0.9467,     0.9610,     1.6518, 
[ 66300,  0.0001179]     0.8390,     0.9457,     0.9608,     1.5628, 
[ 66400,  0.0001177]     0.8445,     0.9497,     0.9638,     1.6459, 
[ 66500,  0.0001174]     0.8372,     0.9476,     0.9622,     1.7058, 
[ 66600,  0.0001172]     0.8334,     0.9452,     0.9599,     1.7587, 
[ 66700,  0.0001170]     0.8391,     0.9457,     0.9602,     1.8748, 
[ 66800,  0.0001168]     0.8461,     0.9500,     0.9638,     1.5765, 
[ 66900,  0.0001166]     0.8395,     0.9481,     0.9631,     1.6996, 
[ 67000,  0.0001164]     0.8422,     0.9473,     0.9626,     1.6375, 
[ 67100,  0.0001161]     0.8344,     0.9440,     0.9592,     1.7256, 
[ 67200,  0.0001159]     0.8523,     0.9512,     0.9651,     1.4609, 
[ 67300,  0.0001157]     0.8308,     0.9445,     0.9599,     1.7469, 
[ 67400,  0.0001155]     0.8471,     0.9529,     0.9669,     1.3742, 
[ 67500,  0.0001153]     0.8421,     0.9489,     0.9635,     1.5246, 
[ 67600,  0.0001150]     0.8457,     0.9502,     0.9643,     1.7865, 
[ 67700,  0.0001148]     0.8418,     0.9477,     0.9618,     1.6093, 
[ 67800,  0.0001146]     0.8415,     0.9509,     0.9654,     1.3643, 
[ 67900,  0.0001144]     0.8455,     0.9507,     0.9645,     1.7056, 
[ 68000,  0.0001142]     0.8416,     0.9493,     0.9635,     1.5665, 
[ 68100,  0.0001139]     0.8484,     0.9517,     0.9655,     1.3990, 
[ 68200,  0.0001137]     0.8424,     0.9483,     0.9632,     1.5272, 
[ 68300,  0.0001135]     0.8494,     0.9507,     0.9648,     1.4268, 
[ 68400,  0.0001133]     0.8444,     0.9495,     0.9641,     1.5179, 
[ 68500,  0.0001131]     0.8468,     0.9503,     0.9640,     1.6517, 
[ 68600,  0.0001128]     0.8393,     0.9472,     0.9613,     1.8674, 
[ 68700,  0.0001126]     0.8500,     0.9484,     0.9618,     1.6064, 
[ 68800,  0.0001124]     0.8500,     0.9502,     0.9633,     1.5215, 
[ 68900,  0.0001122]     0.8495,     0.9516,     0.9652,     1.4888, 
[ 69000,  0.0001120]     0.8458,     0.9503,     0.9641,     1.4833, 
[ 69100,  0.0001117]     0.8439,     0.9495,     0.9642,     1.4694, 
[ 69200,  0.0001115]     0.8421,     0.9484,     0.9629,     1.7121, 
[ 69300,  0.0001113]     0.8444,     0.9513,     0.9654,     1.3272, 
[ 69400,  0.0001111]     0.8334,     0.9447,     0.9602,     1.5698, 
[ 69500,  0.0001109]     0.8484,     0.9505,     0.9641,     1.5360, 
[ 69600,  0.0001107]     0.8417,     0.9465,     0.9618,     1.5386, 
[ 69700,  0.0001104]     0.8503,     0.9535,     0.9668,     1.5645, 
[ 69800,  0.0001102]     0.8449,     0.9500,     0.9640,     1.6270, 
[ 69900,  0.0001100]     0.8432,     0.9497,     0.9640,     1.6433, 
[ 70000,  0.0001098]     0.8469,     0.9492,     0.9629,     1.4850, 
Validation Chairs EPE: 3.081268
[ 70100,  0.0001096]     0.8430,     0.9484,     0.9629,     1.5409, 
[ 70200,  0.0001093]     0.8454,     0.9523,     0.9670,     1.4614, 
[ 70300,  0.0001091]     0.8414,     0.9466,     0.9605,     1.6847, 
[ 70400,  0.0001089]     0.8396,     0.9474,     0.9615,     1.7241, 
[ 70500,  0.0001087]     0.8536,     0.9499,     0.9640,     1.5722, 
[ 70600,  0.0001085]     0.8500,     0.9540,     0.9668,     1.3544, 
[ 70700,  0.0001082]     0.8429,     0.9468,     0.9615,     1.6793, 
[ 70800,  0.0001080]     0.8483,     0.9508,     0.9653,     1.3169, 
[ 70900,  0.0001078]     0.8475,     0.9494,     0.9631,     1.6717, 
[ 71000,  0.0001076]     0.8460,     0.9509,     0.9646,     1.4821, 
[ 71100,  0.0001074]     0.8440,     0.9499,     0.9642,     1.5530, 
[ 71200,  0.0001071]     0.8434,     0.9492,     0.9635,     1.6598, 
[ 71300,  0.0001069]     0.8443,     0.9476,     0.9621,     1.8625, 
[ 71400,  0.0001067]     0.8465,     0.9483,     0.9630,     1.8326, 
[ 71500,  0.0001065]     0.8437,     0.9488,     0.9623,     1.6432, 
[ 71600,  0.0001063]     0.8366,     0.9474,     0.9620,     1.9849, 
[ 71700,  0.0001061]     0.8483,     0.9497,     0.9629,     1.6876, 
[ 71800,  0.0001058]     0.8412,     0.9466,     0.9615,     1.7178, 
[ 71900,  0.0001056]     0.8545,     0.9533,     0.9661,     1.4259, 
[ 72000,  0.0001054]     0.8488,     0.9503,     0.9642,     1.6386, 
[ 72100,  0.0001052]     0.8473,     0.9502,     0.9640,     1.5705, 
[ 72200,  0.0001050]     0.8392,     0.9478,     0.9622,     1.6347, 
[ 72300,  0.0001047]     0.8558,     0.9553,     0.9675,     1.3382, 
[ 72400,  0.0001045]     0.8483,     0.9527,     0.9670,     1.4660, 
[ 72500,  0.0001043]     0.8448,     0.9485,     0.9630,     1.5356, 
[ 72600,  0.0001041]     0.8436,     0.9504,     0.9646,     1.4980, 
[ 72700,  0.0001039]     0.8383,     0.9490,     0.9629,     1.6332, 
[ 72800,  0.0001036]     0.8495,     0.9506,     0.9641,     1.4932, 
[ 72900,  0.0001034]     0.8474,     0.9520,     0.9656,     1.3958, 
[ 73000,  0.0001032]     0.8524,     0.9517,     0.9649,     1.4481, 
[ 73100,  0.0001030]     0.8426,     0.9485,     0.9632,     1.5288, 
[ 73200,  0.0001028]     0.8439,     0.9485,     0.9620,     1.6009, 
[ 73300,  0.0001025]     0.8514,     0.9503,     0.9635,     1.6070, 
[ 73400,  0.0001023]     0.8511,     0.9530,     0.9668,     1.4229, 
[ 73500,  0.0001021]     0.8414,     0.9477,     0.9620,     1.7089, 
[ 73600,  0.0001019]     0.8535,     0.9528,     0.9664,     1.4874, 
[ 73700,  0.0001017]     0.8433,     0.9499,     0.9640,     1.5011, 
[ 73800,  0.0001015]     0.8562,     0.9520,     0.9652,     1.5895, 
[ 73900,  0.0001012]     0.8501,     0.9544,     0.9681,     1.2664, 
[ 74000,  0.0001010]     0.8408,     0.9483,     0.9623,     1.7550, 
[ 74100,  0.0001008]     0.8477,     0.9497,     0.9640,     1.5993, 
[ 74200,  0.0001006]     0.8495,     0.9526,     0.9657,     1.4852, 
[ 74300,  0.0001004]     0.8530,     0.9527,     0.9655,     1.3764, 
[ 74400,  0.0001001]     0.8438,     0.9505,     0.9649,     1.5845, 
[ 74500,  0.0000999]     0.8567,     0.9526,     0.9658,     1.5425, 
[ 74600,  0.0000997]     0.8403,     0.9438,     0.9582,     1.6810, 
[ 74700,  0.0000995]     0.8550,     0.9527,     0.9655,     1.4905, 
[ 74800,  0.0000993]     0.8437,     0.9482,     0.9616,     1.8657, 
[ 74900,  0.0000990]     0.8495,     0.9524,     0.9656,     1.5717, 
[ 75000,  0.0000988]     0.8409,     0.9496,     0.9639,     1.6283, 
Validation Chairs EPE: 2.773814
[ 75100,  0.0000986]     0.8568,     0.9520,     0.9648,     1.6314, 
[ 75200,  0.0000984]     0.8403,     0.9485,     0.9622,     1.6718, 
[ 75300,  0.0000982]     0.8448,     0.9464,     0.9607,     1.7508, 
[ 75400,  0.0000979]     0.8465,     0.9494,     0.9634,     1.7544, 
[ 75500,  0.0000977]     0.8427,     0.9471,     0.9611,     1.6263, 
[ 75600,  0.0000975]     0.8499,     0.9521,     0.9659,     1.4631, 
[ 75700,  0.0000973]     0.8488,     0.9503,     0.9635,     1.5710, 
[ 75800,  0.0000971]     0.8509,     0.9540,     0.9669,     1.3361, 
[ 75900,  0.0000968]     0.8499,     0.9475,     0.9617,     1.7963, 
[ 76000,  0.0000966]     0.8487,     0.9509,     0.9647,     1.4809, 
[ 76100,  0.0000964]     0.8499,     0.9519,     0.9646,     1.5223, 
[ 76200,  0.0000962]     0.8549,     0.9554,     0.9680,     1.3406, 
[ 76300,  0.0000960]     0.8566,     0.9540,     0.9668,     1.4354, 
[ 76400,  0.0000958]     0.8487,     0.9490,     0.9625,     1.5620, 
[ 76500,  0.0000955]     0.8400,     0.9486,     0.9629,     1.5439, 
[ 76600,  0.0000953]     0.8418,     0.9491,     0.9632,     1.6219, 
[ 76700,  0.0000951]     0.8517,     0.9525,     0.9648,     1.5252, 
[ 76800,  0.0000949]     0.8501,     0.9514,     0.9649,     1.4960, 
[ 76900,  0.0000947]     0.8523,     0.9518,     0.9647,     1.5521, 
[ 77000,  0.0000944]     0.8558,     0.9543,     0.9670,     1.4733, 
[ 77100,  0.0000942]     0.8534,     0.9529,     0.9660,     1.4140, 
[ 77200,  0.0000940]     0.8495,     0.9526,     0.9658,     1.4756, 
[ 77300,  0.0000938]     0.8535,     0.9540,     0.9668,     1.4361, 
[ 77400,  0.0000936]     0.8584,     0.9548,     0.9681,     1.3147, 
[ 77500,  0.0000933]     0.8542,     0.9545,     0.9677,     1.4258, 
[ 77600,  0.0000931]     0.8366,     0.9462,     0.9615,     1.8460, 
[ 77700,  0.0000929]     0.8470,     0.9509,     0.9647,     1.4894, 
[ 77800,  0.0000927]     0.8480,     0.9515,     0.9655,     1.5425, 
[ 77900,  0.0000925]     0.8469,     0.9510,     0.9649,     1.3868, 
[ 78000,  0.0000922]     0.8440,     0.9485,     0.9625,     1.7586, 
[ 78100,  0.0000920]     0.8488,     0.9518,     0.9654,     1.5161, 
[ 78200,  0.0000918]     0.8473,     0.9531,     0.9665,     1.4899, 
[ 78300,  0.0000916]     0.8539,     0.9529,     0.9658,     1.5804, 
[ 78400,  0.0000914]     0.8530,     0.9533,     0.9661,     1.5033, 
[ 78500,  0.0000912]     0.8411,     0.9495,     0.9641,     1.3938, 
[ 78600,  0.0000909]     0.8608,     0.9566,     0.9690,     1.2940, 
[ 78700,  0.0000907]     0.8483,     0.9517,     0.9650,     1.6080, 
[ 78800,  0.0000905]     0.8542,     0.9536,     0.9665,     1.3111, 
[ 78900,  0.0000903]     0.8388,     0.9481,     0.9618,     1.6467, 
[ 79000,  0.0000901]     0.8478,     0.9514,     0.9649,     1.5437, 
[ 79100,  0.0000898]     0.8495,     0.9517,     0.9649,     1.5829, 
[ 79200,  0.0000896]     0.8512,     0.9547,     0.9684,     1.3109, 
[ 79300,  0.0000894]     0.8600,     0.9533,     0.9654,     1.5532, 
[ 79400,  0.0000892]     0.8525,     0.9506,     0.9644,     1.4479, 
[ 79500,  0.0000890]     0.8497,     0.9506,     0.9645,     1.6358, 
[ 79600,  0.0000887]     0.8515,     0.9511,     0.9639,     1.5744, 
[ 79700,  0.0000885]     0.8486,     0.9477,     0.9621,     1.8323, 
[ 79800,  0.0000883]     0.8577,     0.9532,     0.9660,     1.3942, 
[ 79900,  0.0000881]     0.8591,     0.9535,     0.9665,     1.4569, 
[ 80000,  0.0000879]     0.8503,     0.9511,     0.9644,     1.5395, 
Validation Chairs EPE: 2.811173
[ 80100,  0.0000876]     0.8542,     0.9547,     0.9672,     1.4807, 
[ 80200,  0.0000874]     0.8588,     0.9545,     0.9674,     1.4408, 
[ 80300,  0.0000872]     0.8461,     0.9505,     0.9639,     1.5652, 
[ 80400,  0.0000870]     0.8547,     0.9548,     0.9675,     1.4745, 
[ 80500,  0.0000868]     0.8415,     0.9482,     0.9623,     1.7059, 
[ 80600,  0.0000866]     0.8535,     0.9515,     0.9641,     1.6208, 
[ 80700,  0.0000863]     0.8508,     0.9513,     0.9650,     1.5871, 
[ 80800,  0.0000861]     0.8496,     0.9529,     0.9655,     1.5337, 
[ 80900,  0.0000859]     0.8549,     0.9510,     0.9642,     1.6842, 
[ 81000,  0.0000857]     0.8524,     0.9527,     0.9656,     1.4443, 
[ 81100,  0.0000855]     0.8596,     0.9583,     0.9705,     1.2164, 
[ 81200,  0.0000852]     0.8515,     0.9534,     0.9662,     1.4830, 
[ 81300,  0.0000850]     0.8423,     0.9491,     0.9630,     1.7345, 
[ 81400,  0.0000848]     0.8544,     0.9519,     0.9650,     1.4233, 
[ 81500,  0.0000846]     0.8470,     0.9517,     0.9652,     1.5367, 
[ 81600,  0.0000844]     0.8531,     0.9494,     0.9629,     1.5946, 
[ 81700,  0.0000841]     0.8535,     0.9495,     0.9628,     1.5810, 
[ 81800,  0.0000839]     0.8522,     0.9501,     0.9632,     1.4719, 
[ 81900,  0.0000837]     0.8489,     0.9507,     0.9644,     1.5257, 
[ 82000,  0.0000835]     0.8475,     0.9519,     0.9647,     1.6892, 
[ 82100,  0.0000833]     0.8451,     0.9504,     0.9635,     1.5554, 
[ 82200,  0.0000830]     0.8578,     0.9536,     0.9667,     1.3474, 
[ 82300,  0.0000828]     0.8571,     0.9541,     0.9662,     1.5084, 
[ 82400,  0.0000826]     0.8517,     0.9531,     0.9668,     1.3901, 
[ 82500,  0.0000824]     0.8444,     0.9491,     0.9620,     1.7790, 
[ 82600,  0.0000822]     0.8516,     0.9524,     0.9659,     1.6309, 
[ 82700,  0.0000819]     0.8511,     0.9539,     0.9664,     1.5235, 
[ 82800,  0.0000817]     0.8579,     0.9563,     0.9689,     1.2671, 
[ 82900,  0.0000815]     0.8583,     0.9558,     0.9676,     1.3834, 
[ 83000,  0.0000813]     0.8478,     0.9514,     0.9649,     1.6175, 
[ 83100,  0.0000811]     0.8491,     0.9527,     0.9659,     1.3859, 
[ 83200,  0.0000809]     0.8449,     0.9492,     0.9631,     1.5613, 
[ 83300,  0.0000806]     0.8488,     0.9531,     0.9661,     1.4428, 
[ 83400,  0.0000804]     0.8556,     0.9539,     0.9669,     1.4516, 
[ 83500,  0.0000802]     0.8464,     0.9513,     0.9653,     1.3784, 
[ 83600,  0.0000800]     0.8474,     0.9540,     0.9666,     1.6247, 
[ 83700,  0.0000798]     0.8612,     0.9600,     0.9716,     1.2668, 
[ 83800,  0.0000795]     0.8599,     0.9551,     0.9678,     1.2403, 
[ 83900,  0.0000793]     0.8537,     0.9560,     0.9686,     1.3895, 
[ 84000,  0.0000791]     0.8494,     0.9518,     0.9652,     1.5380, 
[ 84100,  0.0000789]     0.8601,     0.9552,     0.9675,     1.9350, 
[ 84200,  0.0000787]     0.8506,     0.9527,     0.9659,     1.4402, 
[ 84300,  0.0000784]     0.8612,     0.9557,     0.9676,     1.4316, 
[ 84400,  0.0000782]     0.8591,     0.9548,     0.9674,     1.4570, 
[ 84500,  0.0000780]     0.8447,     0.9478,     0.9617,     1.9060, 
[ 84600,  0.0000778]     0.8551,     0.9532,     0.9663,     1.4820, 
[ 84700,  0.0000776]     0.8564,     0.9504,     0.9638,     1.5803, 
[ 84800,  0.0000773]     0.8615,     0.9561,     0.9686,     1.2664, 
[ 84900,  0.0000771]     0.8520,     0.9527,     0.9657,     1.4322, 
[ 85000,  0.0000769]     0.8498,     0.9525,     0.9654,     1.5424, 
Validation Chairs EPE: 2.780806
[ 85100,  0.0000767]     0.8565,     0.9544,     0.9675,     1.3311, 
[ 85200,  0.0000765]     0.8513,     0.9532,     0.9659,     1.5779, 
[ 85300,  0.0000763]     0.8458,     0.9525,     0.9659,     1.3713, 
[ 85400,  0.0000760]     0.8565,     0.9545,     0.9678,     1.2984, 
[ 85500,  0.0000758]     0.8502,     0.9511,     0.9648,     1.5413, 
[ 85600,  0.0000756]     0.8584,     0.9561,     0.9687,     1.2972, 
[ 85700,  0.0000754]     0.8489,     0.9542,     0.9670,     1.4200, 
[ 85800,  0.0000752]     0.8556,     0.9537,     0.9675,     1.3492, 
[ 85900,  0.0000749]     0.8509,     0.9506,     0.9643,     1.5095, 
[ 86000,  0.0000747]     0.8472,     0.9500,     0.9627,     1.7082, 
[ 86100,  0.0000745]     0.8571,     0.9553,     0.9678,     1.4598, 
[ 86200,  0.0000743]     0.8540,     0.9542,     0.9666,     1.4882, 
[ 86300,  0.0000741]     0.8436,     0.9501,     0.9640,     1.5513, 
[ 86400,  0.0000738]     0.8515,     0.9522,     0.9654,     1.3977, 
[ 86500,  0.0000736]     0.8572,     0.9541,     0.9668,     1.4208, 
[ 86600,  0.0000734]     0.8520,     0.9553,     0.9680,     1.4816, 
[ 86700,  0.0000732]     0.8558,     0.9549,     0.9674,     1.3655, 
[ 86800,  0.0000730]     0.8473,     0.9519,     0.9657,     1.5215, 
[ 86900,  0.0000727]     0.8592,     0.9557,     0.9681,     1.3484, 
[ 87000,  0.0000725]     0.8563,     0.9577,     0.9693,     1.2686, 
[ 87100,  0.0000723]     0.8573,     0.9526,     0.9657,     1.5948, 
[ 87200,  0.0000721]     0.8443,     0.9495,     0.9638,     1.5839, 
[ 87300,  0.0000719]     0.8505,     0.9515,     0.9649,     1.5233, 
[ 87400,  0.0000717]     0.8450,     0.9485,     0.9616,     1.6572, 
[ 87500,  0.0000714]     0.8552,     0.9535,     0.9660,     1.5229, 
[ 87600,  0.0000712]     0.8478,     0.9490,     0.9626,     1.5298, 
[ 87700,  0.0000710]     0.8565,     0.9523,     0.9649,     1.5360, 
[ 87800,  0.0000708]     0.8569,     0.9514,     0.9647,     1.4623, 
[ 87900,  0.0000706]     0.8557,     0.9552,     0.9675,     1.3492, 
[ 88000,  0.0000703]     0.8455,     0.9517,     0.9661,     1.3760, 
[ 88100,  0.0000701]     0.8510,     0.9525,     0.9659,     1.4205, 
[ 88200,  0.0000699]     0.8605,     0.9556,     0.9681,     1.3330, 
[ 88300,  0.0000697]     0.8567,     0.9541,     0.9665,     1.4350, 
[ 88400,  0.0000695]     0.8538,     0.9529,     0.9662,     1.4374, 
[ 88500,  0.0000692]     0.8514,     0.9510,     0.9635,     1.6676, 
[ 88600,  0.0000690]     0.8567,     0.9542,     0.9676,     1.4333, 
[ 88700,  0.0000688]     0.8563,     0.9579,     0.9702,     1.3021, 
[ 88800,  0.0000686]     0.8517,     0.9523,     0.9658,     1.4383, 
[ 88900,  0.0000684]     0.8571,     0.9539,     0.9662,     1.5111, 
[ 89000,  0.0000681]     0.8617,     0.9555,     0.9677,     1.4040, 
[ 89100,  0.0000679]     0.8561,     0.9526,     0.9644,     1.7155, 
[ 89200,  0.0000677]     0.8506,     0.9537,     0.9667,     1.3464, 
[ 89300,  0.0000675]     0.8577,     0.9550,     0.9675,     1.3564, 
[ 89400,  0.0000673]     0.8426,     0.9517,     0.9657,     1.5370, 
[ 89500,  0.0000671]     0.8475,     0.9492,     0.9621,     2.0129, 
[ 89600,  0.0000668]     0.8546,     0.9535,     0.9658,     1.4459, 
[ 89700,  0.0000666]     0.8604,     0.9542,     0.9676,     1.4133, 
[ 89800,  0.0000664]     0.8566,     0.9557,     0.9684,     1.3114, 
[ 89900,  0.0000662]     0.8517,     0.9535,     0.9669,     1.4106, 
[ 90000,  0.0000660]     0.8626,     0.9566,     0.9689,     1.2406, 
Validation Chairs EPE: 3.179801
[ 90100,  0.0000657]     0.8526,     0.9526,     0.9663,     1.4907, 
[ 90200,  0.0000655]     0.8611,     0.9561,     0.9686,     1.2798, 
[ 90300,  0.0000653]     0.8486,     0.9515,     0.9645,     1.6808, 
[ 90400,  0.0000651]     0.8588,     0.9537,     0.9660,     1.5167, 
[ 90500,  0.0000649]     0.8600,     0.9553,     0.9673,     1.3743, 
[ 90600,  0.0000646]     0.8609,     0.9559,     0.9680,     1.4091, 
[ 90700,  0.0000644]     0.8596,     0.9565,     0.9687,     1.3350, 
[ 90800,  0.0000642]     0.8579,     0.9534,     0.9666,     1.4417, 
[ 90900,  0.0000640]     0.8603,     0.9558,     0.9677,     1.3982, 
[ 91000,  0.0000638]     0.8500,     0.9521,     0.9655,     1.6324, 
[ 91100,  0.0000635]     0.8519,     0.9503,     0.9636,     1.5318, 
[ 91200,  0.0000633]     0.8588,     0.9549,     0.9670,     1.6036, 
[ 91300,  0.0000631]     0.8620,     0.9585,     0.9705,     1.2740, 
[ 91400,  0.0000629]     0.8534,     0.9531,     0.9666,     1.5168, 
[ 91500,  0.0000627]     0.8563,     0.9558,     0.9681,     1.2937, 
[ 91600,  0.0000624]     0.8542,     0.9543,     0.9668,     1.3650, 
[ 91700,  0.0000622]     0.8542,     0.9529,     0.9663,     1.5591, 
[ 91800,  0.0000620]     0.8545,     0.9541,     0.9671,     1.4026, 
[ 91900,  0.0000618]     0.8482,     0.9544,     0.9684,     1.2407, 
[ 92000,  0.0000616]     0.8583,     0.9548,     0.9675,     1.3439, 
[ 92100,  0.0000614]     0.8549,     0.9539,     0.9663,     1.5337, 
[ 92200,  0.0000611]     0.8629,     0.9569,     0.9689,     1.4303, 
[ 92300,  0.0000609]     0.8569,     0.9539,     0.9660,     1.6341, 
[ 92400,  0.0000607]     0.8590,     0.9548,     0.9672,     1.3723, 
[ 92500,  0.0000605]     0.8608,     0.9517,     0.9646,     1.9938, 
[ 92600,  0.0000603]     0.8541,     0.9544,     0.9678,     1.2878, 
[ 92700,  0.0000600]     0.8546,     0.9535,     0.9656,     1.7727, 
[ 92800,  0.0000598]     0.8557,     0.9538,     0.9660,     1.6178, 
[ 92900,  0.0000596]     0.8495,     0.9519,     0.9657,     1.4584, 
[ 93000,  0.0000594]     0.8638,     0.9583,     0.9702,     1.2798, 
[ 93100,  0.0000592]     0.8647,     0.9576,     0.9694,     1.2673, 
[ 93200,  0.0000589]     0.8613,     0.9564,     0.9683,     1.3941, 
[ 93300,  0.0000587]     0.8502,     0.9522,     0.9656,     1.4429, 
[ 93400,  0.0000585]     0.8601,     0.9550,     0.9679,     1.3241, 
[ 93500,  0.0000583]     0.8614,     0.9557,     0.9678,     1.4701, 
[ 93600,  0.0000581]     0.8576,     0.9575,     0.9700,     1.2961, 
[ 93700,  0.0000578]     0.8635,     0.9547,     0.9675,     1.3960, 
[ 93800,  0.0000576]     0.8601,     0.9562,     0.9684,     1.3414, 
[ 93900,  0.0000574]     0.8606,     0.9572,     0.9694,     1.3052, 
[ 94000,  0.0000572]     0.8557,     0.9566,     0.9687,     1.4615, 
[ 94100,  0.0000570]     0.8590,     0.9546,     0.9671,     1.3513, 
[ 94200,  0.0000568]     0.8592,     0.9548,     0.9672,     1.3700, 
[ 94300,  0.0000565]     0.8603,     0.9548,     0.9668,     1.4562, 
[ 94400,  0.0000563]     0.8483,     0.9514,     0.9648,     1.4722, 
[ 94500,  0.0000561]     0.8555,     0.9549,     0.9678,     1.4956, 
[ 94600,  0.0000559]     0.8614,     0.9550,     0.9671,     1.5853, 
[ 94700,  0.0000557]     0.8586,     0.9558,     0.9682,     1.2908, 
[ 94800,  0.0000554]     0.8607,     0.9573,     0.9693,     1.2529, 
[ 94900,  0.0000552]     0.8602,     0.9584,     0.9703,     1.3305, 
[ 95000,  0.0000550]     0.8626,     0.9550,     0.9674,     1.4926, 
Validation Chairs EPE: 5.111812
[ 95100,  0.0000548]     0.8578,     0.9552,     0.9677,     1.4855, 
[ 95200,  0.0000546]     0.8545,     0.9534,     0.9659,     1.4613, 
[ 95300,  0.0000543]     0.8620,     0.9563,     0.9689,     1.3625, 
[ 95400,  0.0000541]     0.8550,     0.9562,     0.9682,     1.3692, 
[ 95500,  0.0000539]     0.8548,     0.9530,     0.9667,     1.3985, 
[ 95600,  0.0000537]     0.8714,     0.9598,     0.9707,     1.2361, 
[ 95700,  0.0000535]     0.8521,     0.9516,     0.9648,     1.5257, 
[ 95800,  0.0000532]     0.8615,     0.9593,     0.9706,     1.3180, 
[ 95900,  0.0000530]     0.8558,     0.9563,     0.9681,     1.3442, 
[ 96000,  0.0000528]     0.8485,     0.9522,     0.9646,     1.4993, 
[ 96100,  0.0000526]     0.8674,     0.9592,     0.9705,     1.2467, 
[ 96200,  0.0000524]     0.8580,     0.9565,     0.9684,     1.4108, 
[ 96300,  0.0000522]     0.8541,     0.9535,     0.9661,     1.6139, 
[ 96400,  0.0000519]     0.8582,     0.9557,     0.9680,     1.3429, 
[ 96500,  0.0000517]     0.8669,     0.9571,     0.9686,     1.4015, 
[ 96600,  0.0000515]     0.8565,     0.9527,     0.9669,     1.3452, 
[ 96700,  0.0000513]     0.8574,     0.9546,     0.9669,     1.3992, 
[ 96800,  0.0000511]     0.8530,     0.9518,     0.9642,     1.5598, 
[ 96900,  0.0000508]     0.8591,     0.9551,     0.9676,     1.4185, 
[ 97000,  0.0000506]     0.8561,     0.9560,     0.9689,     1.3375, 
[ 97100,  0.0000504]     0.8542,     0.9562,     0.9690,     1.4207, 
[ 97200,  0.0000502]     0.8584,     0.9561,     0.9687,     1.2954, 
[ 97300,  0.0000500]     0.8612,     0.9552,     0.9668,     1.4894, 
[ 97400,  0.0000497]     0.8613,     0.9568,     0.9685,     1.2924, 
[ 97500,  0.0000495]     0.8601,     0.9552,     0.9680,     1.3004, 
[ 97600,  0.0000493]     0.8569,     0.9524,     0.9645,     1.7749, 
[ 97700,  0.0000491]     0.8570,     0.9571,     0.9688,     1.5310, 
[ 97800,  0.0000489]     0.8626,     0.9541,     0.9662,     1.4442, 
[ 97900,  0.0000486]     0.8570,     0.9539,     0.9666,     1.4815, 
[ 98000,  0.0000484]     0.8604,     0.9549,     0.9669,     1.4704, 
[ 98100,  0.0000482]     0.8562,     0.9543,     0.9670,     1.4165, 
[ 98200,  0.0000480]     0.8513,     0.9522,     0.9659,     1.4730, 
[ 98300,  0.0000478]     0.8681,     0.9588,     0.9715,     1.1355, 
[ 98400,  0.0000475]     0.8549,     0.9547,     0.9674,     1.3500, 
[ 98500,  0.0000473]     0.8595,     0.9542,     0.9672,     1.4261, 
[ 98600,  0.0000471]     0.8644,     0.9588,     0.9700,     1.3218, 
[ 98700,  0.0000469]     0.8640,     0.9569,     0.9690,     1.4075, 
[ 98800,  0.0000467]     0.8582,     0.9547,     0.9671,     1.4106, 
[ 98900,  0.0000465]     0.8629,     0.9567,     0.9688,     1.3825, 
[ 99000,  0.0000462]     0.8587,     0.9573,     0.9692,     1.2525, 
[ 99100,  0.0000460]     0.8528,     0.9506,     0.9635,     1.4708, 
[ 99200,  0.0000458]     0.8567,     0.9559,     0.9679,     1.3270, 
[ 99300,  0.0000456]     0.8589,     0.9512,     0.9638,     1.6414, 
[ 99400,  0.0000454]     0.8643,     0.9576,     0.9696,     1.2588, 
[ 99500,  0.0000451]     0.8654,     0.9573,     0.9694,     1.3325, 
[ 99600,  0.0000449]     0.8588,     0.9564,     0.9688,     1.3164, 
[ 99700,  0.0000447]     0.8618,     0.9588,     0.9701,     1.2079, 
[ 99800,  0.0000445]     0.8606,     0.9549,     0.9672,     1.4910, 
[ 99900,  0.0000443]     0.8579,     0.9555,     0.9675,     1.3950, 
[100000,  0.0000440]     0.8482,     0.9518,     0.9655,     1.6132, 
Validation Chairs EPE: 4.038789
[100100,  0.0000438]     0.8563,     0.9548,     0.9672,     1.3053, 
[100200,  0.0000436]     0.8559,     0.9559,     0.9688,     1.4211, 
[100300,  0.0000434]     0.8599,     0.9556,     0.9679,     1.3833, 
[100400,  0.0000432]     0.8550,     0.9559,     0.9689,     1.2629, 
[100500,  0.0000429]     0.8618,     0.9576,     0.9685,     1.4487, 
[100600,  0.0000427]     0.8666,     0.9574,     0.9694,     1.2177, 
[100700,  0.0000425]     0.8579,     0.9562,     0.9682,     1.5415, 
[100800,  0.0000423]     0.8690,     0.9587,     0.9705,     1.3987, 
[100900,  0.0000421]     0.8555,     0.9543,     0.9668,     1.4423, 
[101000,  0.0000419]     0.8567,     0.9541,     0.9662,     1.3986, 
[101100,  0.0000416]     0.8659,     0.9577,     0.9698,     1.2453, 
[101200,  0.0000414]     0.8550,     0.9529,     0.9647,     1.4914, 
[101300,  0.0000412]     0.8575,     0.9556,     0.9683,     1.3302, 
[101400,  0.0000410]     0.8626,     0.9572,     0.9696,     1.3102, 
[101500,  0.0000408]     0.8650,     0.9584,     0.9696,     1.3786, 
[101600,  0.0000405]     0.8716,     0.9598,     0.9711,     1.2143, 
[101700,  0.0000403]     0.8620,     0.9578,     0.9697,     1.3980, 
[101800,  0.0000401]     0.8608,     0.9567,     0.9685,     1.3560, 
[101900,  0.0000399]     0.8596,     0.9549,     0.9667,     1.3640, 
[102000,  0.0000397]     0.8607,     0.9550,     0.9673,     1.5368, 
[102100,  0.0000394]     0.8656,     0.9594,     0.9708,     1.2503, 
[102200,  0.0000392]     0.8523,     0.9541,     0.9670,     1.3785, 
[102300,  0.0000390]     0.8625,     0.9565,     0.9688,     1.1944, 
[102400,  0.0000388]     0.8677,     0.9590,     0.9712,     1.1878, 
[102500,  0.0000386]     0.8629,     0.9591,     0.9705,     1.3225, 
[102600,  0.0000383]     0.8569,     0.9559,     0.9678,     1.5171, 
[102700,  0.0000381]     0.8581,     0.9549,     0.9667,     1.3964, 
[102800,  0.0000379]     0.8602,     0.9557,     0.9691,     1.3110, 
[102900,  0.0000377]     0.8664,     0.9577,     0.9698,     1.2427, 
[103000,  0.0000375]     0.8563,     0.9559,     0.9682,     1.3348, 
[103100,  0.0000373]     0.8650,     0.9603,     0.9718,     1.1803, 
[103200,  0.0000370]     0.8659,     0.9585,     0.9696,     1.3107, 
[103300,  0.0000368]     0.8602,     0.9573,     0.9692,     1.3366, 
[103400,  0.0000366]     0.8612,     0.9568,     0.9689,     1.5179, 
[103500,  0.0000364]     0.8560,     0.9544,     0.9668,     1.3929, 
[103600,  0.0000362]     0.8649,     0.9565,     0.9685,     1.3561, 
[103700,  0.0000359]     0.8676,     0.9603,     0.9714,     1.2446, 
[103800,  0.0000357]     0.8586,     0.9545,     0.9667,     1.4416, 
[103900,  0.0000355]     0.8647,     0.9571,     0.9685,     1.3786, 
[104000,  0.0000353]     0.8614,     0.9562,     0.9684,     1.4005, 
[104100,  0.0000351]     0.8667,     0.9582,     0.9693,     1.4335, 
[104200,  0.0000348]     0.8638,     0.9577,     0.9688,     1.3327, 
[104300,  0.0000346]     0.8565,     0.9548,     0.9670,     1.7098, 
[104400,  0.0000344]     0.8632,     0.9572,     0.9688,     1.3867, 
[104500,  0.0000342]     0.8631,     0.9590,     0.9710,     1.1787, 
[104600,  0.0000340]     0.8639,     0.9564,     0.9680,     1.4356, 
[104700,  0.0000337]     0.8593,     0.9566,     0.9689,     1.3829, 
[104800,  0.0000335]     0.8635,     0.9574,     0.9689,     1.2654, 
[104900,  0.0000333]     0.8580,     0.9551,     0.9672,     1.3499, 
[105000,  0.0000331]     0.8613,     0.9546,     0.9669,     1.4352, 
Validation Chairs EPE: 4.057481
[105100,  0.0000329]     0.8592,     0.9567,     0.9690,     1.2952, 
[105200,  0.0000326]     0.8607,     0.9558,     0.9681,     1.3023, 
[105300,  0.0000324]     0.8661,     0.9595,     0.9719,     1.1405, 
[105400,  0.0000322]     0.8539,     0.9547,     0.9675,     1.3215, 
[105500,  0.0000320]     0.8657,     0.9597,     0.9714,     1.1793, 
[105600,  0.0000318]     0.8575,     0.9568,     0.9691,     1.3855, 
[105700,  0.0000316]     0.8611,     0.9583,     0.9698,     1.2245, 
[105800,  0.0000313]     0.8574,     0.9551,     0.9675,     1.3784, 
[105900,  0.0000311]     0.8642,     0.9594,     0.9707,     1.2500, 
[106000,  0.0000309]     0.8611,     0.9561,     0.9676,     1.3412, 
[106100,  0.0000307]     0.8709,     0.9583,     0.9693,     1.2715, 
[106200,  0.0000305]     0.8621,     0.9568,     0.9683,     1.4484, 
[106300,  0.0000302]     0.8627,     0.9564,     0.9682,     1.3784, 
[106400,  0.0000300]     0.8649,     0.9556,     0.9677,     1.4098, 
[106500,  0.0000298]     0.8635,     0.9580,     0.9697,     1.2407, 
[106600,  0.0000296]     0.8622,     0.9587,     0.9704,     1.2612, 
[106700,  0.0000294]     0.8616,     0.9576,     0.9691,     1.2745, 
[106800,  0.0000291]     0.8662,     0.9581,     0.9701,     1.2860, 
[106900,  0.0000289]     0.8622,     0.9559,     0.9678,     1.4296, 
[107000,  0.0000287]     0.8602,     0.9547,     0.9678,     1.4815, 
[107100,  0.0000285]     0.8617,     0.9574,     0.9693,     1.2823, 
[107200,  0.0000283]     0.8628,     0.9525,     0.9641,     1.5609, 
[107300,  0.0000280]     0.8613,     0.9570,     0.9690,     1.2910, 
[107400,  0.0000278]     0.8622,     0.9580,     0.9692,     1.2511, 
[107500,  0.0000276]     0.8681,     0.9588,     0.9702,     1.2460, 
[107600,  0.0000274]     0.8595,     0.9566,     0.9693,     1.2101, 
[107700,  0.0000272]     0.8615,     0.9574,     0.9690,     1.2503, 
[107800,  0.0000270]     0.8656,     0.9581,     0.9697,     1.3229, 
[107900,  0.0000267]     0.8651,     0.9583,     0.9705,     1.2632, 
[108000,  0.0000265]     0.8601,     0.9566,     0.9689,     1.2425, 
[108100,  0.0000263]     0.8616,     0.9562,     0.9675,     1.3977, 
[108200,  0.0000261]     0.8639,     0.9564,     0.9688,     1.3570, 
[108300,  0.0000259]     0.8634,     0.9580,     0.9693,     1.3878, 
[108400,  0.0000256]     0.8675,     0.9598,     0.9714,     1.1719, 
[108500,  0.0000254]     0.8679,     0.9601,     0.9715,     1.2457, 
[108600,  0.0000252]     0.8604,     0.9561,     0.9679,     1.4385, 
[108700,  0.0000250]     0.8617,     0.9549,     0.9671,     1.3818, 
[108800,  0.0000248]     0.8591,     0.9562,     0.9682,     1.3408, 
[108900,  0.0000245]     0.8610,     0.9574,     0.9690,     1.2862, 
[109000,  0.0000243]     0.8534,     0.9560,     0.9679,     1.2978, 
[109100,  0.0000241]     0.8707,     0.9595,     0.9713,     1.2209, 
[109200,  0.0000239]     0.8652,     0.9588,     0.9703,     1.1916, 
[109300,  0.0000237]     0.8682,     0.9577,     0.9692,     1.3107, 
[109400,  0.0000234]     0.8662,     0.9558,     0.9677,     1.2542, 
[109500,  0.0000232]     0.8643,     0.9577,     0.9695,     1.2036, 
[109600,  0.0000230]     0.8634,     0.9561,     0.9681,     1.3925, 
[109700,  0.0000228]     0.8598,     0.9560,     0.9681,     1.3249, 
[109800,  0.0000226]     0.8624,     0.9560,     0.9683,     1.3767, 
[109900,  0.0000224]     0.8587,     0.9571,     0.9687,     1.3671, 
[110000,  0.0000221]     0.8659,     0.9547,     0.9674,     1.4696, 
Validation Chairs EPE: 4.308680
[110100,  0.0000219]     0.8666,     0.9589,     0.9699,     1.1805, 
[110200,  0.0000217]     0.8685,     0.9588,     0.9700,     1.2359, 
[110300,  0.0000215]     0.8674,     0.9561,     0.9677,     1.4222, 
[110400,  0.0000213]     0.8634,     0.9561,     0.9695,     1.3104, 
[110500,  0.0000210]     0.8579,     0.9545,     0.9668,     1.3625, 
[110600,  0.0000208]     0.8724,     0.9585,     0.9701,     1.4264, 
[110700,  0.0000206]     0.8620,     0.9572,     0.9687,     1.3796, 
[110800,  0.0000204]     0.8652,     0.9585,     0.9699,     1.2992, 
[110900,  0.0000202]     0.8636,     0.9576,     0.9687,     1.4829, 
[111000,  0.0000199]     0.8594,     0.9550,     0.9671,     1.7031, 
[111100,  0.0000197]     0.8600,     0.9570,     0.9693,     1.2305, 
[111200,  0.0000195]     0.8605,     0.9559,     0.9683,     1.3963, 
[111300,  0.0000193]     0.8623,     0.9575,     0.9691,     1.2440, 
[111400,  0.0000191]     0.8577,     0.9554,     0.9674,     1.3385, 
[111500,  0.0000188]     0.8664,     0.9568,     0.9690,     1.2861, 
[111600,  0.0000186]     0.8682,     0.9573,     0.9690,     1.2519, 
[111700,  0.0000184]     0.8628,     0.9560,     0.9683,     1.3675, 
[111800,  0.0000182]     0.8652,     0.9570,     0.9687,     1.3496, 
[111900,  0.0000180]     0.8658,     0.9600,     0.9715,     1.1580, 
[112000,  0.0000177]     0.8649,     0.9578,     0.9701,     1.2016, 
[112100,  0.0000175]     0.8655,     0.9581,     0.9696,     1.2519, 
[112200,  0.0000173]     0.8619,     0.9563,     0.9685,     1.4088, 
[112300,  0.0000171]     0.8663,     0.9569,     0.9681,     1.3057, 
[112400,  0.0000169]     0.8680,     0.9595,     0.9702,     1.3362, 
[112500,  0.0000167]     0.8590,     0.9555,     0.9674,     1.3408, 
[112600,  0.0000164]     0.8657,     0.9573,     0.9688,     1.3016, 
[112700,  0.0000162]     0.8594,     0.9567,     0.9689,     1.5088, 
[112800,  0.0000160]     0.8690,     0.9581,     0.9697,     1.4496, 
[112900,  0.0000158]     0.8662,     0.9587,     0.9698,     1.4053, 
[113000,  0.0000156]     0.8562,     0.9567,     0.9692,     1.2575, 
[113100,  0.0000153]     0.8593,     0.9555,     0.9667,     1.6804, 
[113200,  0.0000151]     0.8673,     0.9583,     0.9699,     1.3104, 
[113300,  0.0000149]     0.8587,     0.9567,     0.9689,     1.2670, 
[113400,  0.0000147]     0.8699,     0.9595,     0.9711,     1.1788, 
[113500,  0.0000145]     0.8613,     0.9579,     0.9689,     1.3946, 
[113600,  0.0000142]     0.8715,     0.9584,     0.9691,     1.3311, 
[113700,  0.0000140]     0.8616,     0.9569,     0.9692,     1.3037, 
[113800,  0.0000138]     0.8623,     0.9581,     0.9699,     1.3212, 
[113900,  0.0000136]     0.8641,     0.9555,     0.9673,     1.4175, 
[114000,  0.0000134]     0.8692,     0.9574,     0.9690,     1.1436, 
[114100,  0.0000131]     0.8613,     0.9547,     0.9673,     1.3292, 
[114200,  0.0000129]     0.8602,     0.9571,     0.9689,     1.3549, 
[114300,  0.0000127]     0.8706,     0.9617,     0.9729,     1.1454, 
[114400,  0.0000125]     0.8614,     0.9573,     0.9689,     1.3957, 
[114500,  0.0000123]     0.8654,     0.9589,     0.9707,     1.2882, 
[114600,  0.0000121]     0.8664,     0.9596,     0.9709,     1.2589, 
[114700,  0.0000118]     0.8719,     0.9603,     0.9711,     1.2574, 
[114800,  0.0000116]     0.8661,     0.9591,     0.9707,     1.3711, 
[114900,  0.0000114]     0.8635,     0.9592,     0.9710,     1.3451, 
[115000,  0.0000112]     0.8675,     0.9574,     0.9688,     1.4283, 
Validation Chairs EPE: 3.889737
[115100,  0.0000110]     0.8653,     0.9553,     0.9678,     1.3919, 
[115200,  0.0000107]     0.8651,     0.9580,     0.9693,     1.3767, 
[115300,  0.0000105]     0.8649,     0.9582,     0.9694,     1.3357, 
[115400,  0.0000103]     0.8666,     0.9588,     0.9697,     1.2144, 
[115500,  0.0000101]     0.8682,     0.9588,     0.9703,     1.3595, 
[115600,  0.0000099]     0.8680,     0.9581,     0.9699,     1.3220, 
[115700,  0.0000096]     0.8675,     0.9579,     0.9697,     1.2968, 
[115800,  0.0000094]     0.8591,     0.9571,     0.9684,     1.3500, 
[115900,  0.0000092]     0.8652,     0.9595,     0.9709,     1.2563, 
[116000,  0.0000090]     0.8687,     0.9584,     0.9700,     1.2004, 
[116100,  0.0000088]     0.8602,     0.9559,     0.9677,     1.4187, 
[116200,  0.0000085]     0.8650,     0.9589,     0.9703,     1.2083, 
[116300,  0.0000083]     0.8712,     0.9586,     0.9699,     1.3361, 
[116400,  0.0000081]     0.8719,     0.9603,     0.9720,     1.1225, 
[116500,  0.0000079]     0.8701,     0.9582,     0.9697,     1.3261, 
[116600,  0.0000077]     0.8666,     0.9603,     0.9713,     1.2842, 
[116700,  0.0000075]     0.8608,     0.9577,     0.9696,     1.3177, 
[116800,  0.0000072]     0.8665,     0.9579,     0.9698,     1.2691, 
[116900,  0.0000070]     0.8671,     0.9583,     0.9700,     1.3134, 
[117000,  0.0000068]     0.8671,     0.9583,     0.9704,     1.2081, 
[117100,  0.0000066]     0.8725,     0.9601,     0.9714,     1.1784, 
[117200,  0.0000064]     0.8664,     0.9565,     0.9681,     1.3329, 
[117300,  0.0000061]     0.8639,     0.9579,     0.9697,     1.2272, 
[117400,  0.0000059]     0.8654,     0.9565,     0.9676,     1.2684, 
[117500,  0.0000057]     0.8667,     0.9587,     0.9700,     1.1902, 
[117600,  0.0000055]     0.8632,     0.9591,     0.9710,     1.2207, 
[117700,  0.0000053]     0.8665,     0.9585,     0.9703,     1.2947, 
[117800,  0.0000050]     0.8616,     0.9574,     0.9693,     1.4341, 
[117900,  0.0000048]     0.8668,     0.9572,     0.9691,     1.3026, 
[118000,  0.0000046]     0.8676,     0.9602,     0.9713,     1.1263, 
[118100,  0.0000044]     0.8642,     0.9564,     0.9681,     1.5704, 
[118200,  0.0000042]     0.8655,     0.9590,     0.9705,     1.2987, 
[118300,  0.0000039]     0.8733,     0.9620,     0.9727,     1.1474, 
[118400,  0.0000037]     0.8640,     0.9567,     0.9679,     1.3386, 
[118500,  0.0000035]     0.8685,     0.9601,     0.9715,     1.3744, 
[118600,  0.0000033]     0.8593,     0.9560,     0.9673,     1.5108, 
[118700,  0.0000031]     0.8622,     0.9549,     0.9669,     1.4127, 
[118800,  0.0000028]     0.8662,     0.9589,     0.9697,     1.2330, 
[118900,  0.0000026]     0.8682,     0.9581,     0.9693,     1.3153, 
[119000,  0.0000024]     0.8737,     0.9622,     0.9728,     1.1917, 
[119100,  0.0000022]     0.8601,     0.9560,     0.9680,     1.3581, 
[119200,  0.0000020]     0.8682,     0.9598,     0.9709,     1.2308, 
[119300,  0.0000018]     0.8628,     0.9584,     0.9696,     1.3200, 
[119400,  0.0000015]     0.8609,     0.9579,     0.9705,     1.2384, 
[119500,  0.0000013]     0.8665,     0.9583,     0.9701,     1.3076, 
[119600,  0.0000011]     0.8738,     0.9601,     0.9709,     1.2489, 
[119700,  0.0000009]     0.8624,     0.9570,     0.9696,     1.3422, 
[119800,  0.0000007]     0.8703,     0.9600,     0.9718,     1.2068, 
[119900,  0.0000004]     0.8737,     0.9634,     0.9740,     1.1229, 
[120000,  0.0000002]     0.8665,     0.9600,     0.9710,     1.1626, 
Validation Chairs EPE: 4.265284
