nohup: ignoring input
Parameter Count: 42600909
Training with 200 image pairs
[   100,  0.0000078]     0.7750,     0.9207,     0.9489,     1.3100, 
[   200,  0.0000116]     0.7843,     0.9280,     0.9573,     1.3220, 
[   300,  0.0000155]     0.7863,     0.9311,     0.9587,     1.2940, 
[   400,  0.0000193]     0.7866,     0.9311,     0.9594,     1.2718, 
[   500,  0.0000231]     0.7970,     0.9357,     0.9617,     1.2241, 
[   600,  0.0000270]     0.7928,     0.9312,     0.9590,     1.2858, 
[   700,  0.0000308]     0.7917,     0.9339,     0.9613,     1.2221, 
[   800,  0.0000346]     0.7953,     0.9354,     0.9619,     1.2238, 
[   900,  0.0000385]     0.7951,     0.9342,     0.9611,     1.2455, 
[  1000,  0.0000423]     0.7988,     0.9371,     0.9629,     1.1826, 
[  1100,  0.0000461]     0.7983,     0.9357,     0.9620,     1.1873, 
[  1200,  0.0000500]     0.8039,     0.9360,     0.9612,     1.2031, 
[  1300,  0.0000538]     0.8022,     0.9368,     0.9628,     1.1835, 
[  1400,  0.0000576]     0.8028,     0.9390,     0.9648,     1.1185, 
[  1500,  0.0000615]     0.8035,     0.9374,     0.9633,     1.1527, 
[  1600,  0.0000653]     0.8028,     0.9377,     0.9638,     1.1454, 
[  1700,  0.0000691]     0.8110,     0.9421,     0.9673,     1.0710, 
[  1800,  0.0000730]     0.7963,     0.9350,     0.9629,     1.1412, 
[  1900,  0.0000768]     0.8030,     0.9369,     0.9639,     1.1239, 
[  2000,  0.0000806]     0.8105,     0.9412,     0.9654,     1.1408, 
[  2100,  0.0000845]     0.8160,     0.9431,     0.9666,     1.1044, 
[  2200,  0.0000883]     0.8068,     0.9398,     0.9654,     1.1056, 
[  2300,  0.0000921]     0.8088,     0.9410,     0.9662,     1.0747, 
[  2400,  0.0000960]     0.8110,     0.9415,     0.9672,     1.0553, 
[  2500,  0.0000998]     0.8060,     0.9412,     0.9665,     1.0925, 
[  2600,  0.0000998]     0.8157,     0.9419,     0.9670,     1.0522, 
[  2700,  0.0000996]     0.8110,     0.9413,     0.9672,     1.0694, 
[  2800,  0.0000994]     0.8126,     0.9426,     0.9673,     1.0607, 
[  2900,  0.0000992]     0.8116,     0.9415,     0.9663,     1.1043, 
[  3000,  0.0000990]     0.8160,     0.9443,     0.9688,     1.0271, 
[  3100,  0.0000987]     0.8201,     0.9452,     0.9690,     1.0229, 
[  3200,  0.0000985]     0.8136,     0.9416,     0.9668,     1.0281, 
[  3300,  0.0000983]     0.8128,     0.9406,     0.9656,     1.0801, 
[  3400,  0.0000981]     0.8225,     0.9451,     0.9691,     0.9950, 
[  3500,  0.0000979]     0.8185,     0.9454,     0.9692,     1.0008, 
[  3600,  0.0000977]     0.8226,     0.9461,     0.9695,     0.9914, 
[  3700,  0.0000975]     0.8167,     0.9451,     0.9693,     1.0060, 
[  3800,  0.0000973]     0.8240,     0.9490,     0.9717,     0.9445, 
[  3900,  0.0000971]     0.8187,     0.9450,     0.9691,     1.0060, 
[  4000,  0.0000969]     0.8198,     0.9462,     0.9701,     0.9923, 
[  4100,  0.0000966]     0.8244,     0.9489,     0.9719,     0.9447, 
[  4200,  0.0000964]     0.8333,     0.9522,     0.9738,     0.9080, 
[  4300,  0.0000962]     0.8234,     0.9476,     0.9712,     0.9531, 
[  4400,  0.0000960]     0.8279,     0.9486,     0.9714,     0.9454, 
[  4500,  0.0000958]     0.8255,     0.9477,     0.9715,     0.9432, 
[  4600,  0.0000956]     0.8279,     0.9501,     0.9728,     0.9264, 
[  4700,  0.0000954]     0.8268,     0.9477,     0.9709,     0.9456, 
[  4800,  0.0000952]     0.8327,     0.9503,     0.9724,     0.9188, 
[  4900,  0.0000950]     0.8366,     0.9506,     0.9725,     0.9112, 
[  5000,  0.0000948]     0.8371,     0.9515,     0.9732,     0.8894, 
Validation KITTI: 1.072712, 3.622830
[  5100,  0.0000945]     0.8341,     0.9525,     0.9742,     0.8929, 
[  5200,  0.0000943]     0.8363,     0.9529,     0.9746,     0.8783, 
[  5300,  0.0000941]     0.8352,     0.9551,     0.9762,     0.8563, 
[  5400,  0.0000939]     0.8344,     0.9509,     0.9727,     0.9162, 
[  5500,  0.0000937]     0.8380,     0.9523,     0.9732,     0.9007, 
[  5600,  0.0000935]     0.8365,     0.9529,     0.9746,     0.8605, 
[  5700,  0.0000933]     0.8393,     0.9529,     0.9742,     0.8755, 
[  5800,  0.0000931]     0.8360,     0.9533,     0.9745,     0.8661, 
[  5900,  0.0000929]     0.8417,     0.9541,     0.9747,     0.8626, 
[  6000,  0.0000927]     0.8356,     0.9525,     0.9747,     0.8656, 
[  6100,  0.0000924]     0.8405,     0.9547,     0.9756,     0.8601, 
[  6200,  0.0000922]     0.8449,     0.9556,     0.9758,     0.8360, 
[  6300,  0.0000920]     0.8410,     0.9534,     0.9751,     0.8406, 
[  6400,  0.0000918]     0.8438,     0.9551,     0.9755,     0.8384, 
[  6500,  0.0000916]     0.8390,     0.9536,     0.9753,     0.8424, 
[  6600,  0.0000914]     0.8436,     0.9566,     0.9770,     0.8169, 
[  6700,  0.0000912]     0.8437,     0.9567,     0.9770,     0.8230, 
[  6800,  0.0000910]     0.8446,     0.9553,     0.9759,     0.8272, 
[  6900,  0.0000908]     0.8444,     0.9569,     0.9773,     0.8102, 
[  7000,  0.0000906]     0.8443,     0.9577,     0.9777,     0.8036, 
[  7100,  0.0000903]     0.8441,     0.9547,     0.9755,     0.8272, 
[  7200,  0.0000901]     0.8469,     0.9566,     0.9768,     0.8094, 
[  7300,  0.0000899]     0.8435,     0.9557,     0.9763,     0.8254, 
[  7400,  0.0000897]     0.8504,     0.9592,     0.9789,     0.7748, 
[  7500,  0.0000895]     0.8512,     0.9577,     0.9773,     0.7992, 
[  7600,  0.0000893]     0.8471,     0.9566,     0.9762,     0.8247, 
[  7700,  0.0000891]     0.8414,     0.9560,     0.9768,     0.8211, 
[  7800,  0.0000889]     0.8498,     0.9574,     0.9772,     0.8051, 
[  7900,  0.0000887]     0.8444,     0.9573,     0.9773,     0.8004, 
[  8000,  0.0000885]     0.8558,     0.9616,     0.9798,     0.7680, 
[  8100,  0.0000882]     0.8445,     0.9580,     0.9786,     0.7862, 
[  8200,  0.0000880]     0.8508,     0.9581,     0.9774,     0.7891, 
[  8300,  0.0000878]     0.8487,     0.9569,     0.9766,     0.8065, 
[  8400,  0.0000876]     0.8517,     0.9589,     0.9781,     0.7881, 
[  8500,  0.0000874]     0.8469,     0.9586,     0.9785,     0.7858, 
[  8600,  0.0000872]     0.8523,     0.9592,     0.9785,     0.7758, 
[  8700,  0.0000870]     0.8482,     0.9571,     0.9762,     0.8133, 
[  8800,  0.0000868]     0.8562,     0.9603,     0.9784,     0.7694, 
[  8900,  0.0000866]     0.8500,     0.9587,     0.9785,     0.7681, 
[  9000,  0.0000864]     0.8513,     0.9594,     0.9783,     0.7744, 
[  9100,  0.0000861]     0.8534,     0.9599,     0.9794,     0.7576, 
[  9200,  0.0000859]     0.8582,     0.9616,     0.9799,     0.7407, 
[  9300,  0.0000857]     0.8527,     0.9591,     0.9788,     0.7594, 
[  9400,  0.0000855]     0.8549,     0.9610,     0.9798,     0.7406, 
[  9500,  0.0000853]     0.8541,     0.9592,     0.9787,     0.7640, 
[  9600,  0.0000851]     0.8519,     0.9599,     0.9788,     0.7670, 
[  9700,  0.0000849]     0.8577,     0.9600,     0.9783,     0.7585, 
[  9800,  0.0000847]     0.8626,     0.9635,     0.9811,     0.7185, 
[  9900,  0.0000845]     0.8542,     0.9599,     0.9791,     0.7671, 
[ 10000,  0.0000843]     0.8553,     0.9604,     0.9794,     0.7413, 
Validation KITTI: 0.945365, 2.967929
[ 10100,  0.0000840]     0.8584,     0.9613,     0.9800,     0.7349, 
[ 10200,  0.0000838]     0.8537,     0.9583,     0.9780,     0.7865, 
[ 10300,  0.0000836]     0.8596,     0.9626,     0.9813,     0.7146, 
[ 10400,  0.0000834]     0.8562,     0.9610,     0.9793,     0.7550, 
[ 10500,  0.0000832]     0.8606,     0.9626,     0.9806,     0.7262, 
[ 10600,  0.0000830]     0.8560,     0.9604,     0.9790,     0.7632, 
[ 10700,  0.0000828]     0.8622,     0.9627,     0.9806,     0.7234, 
[ 10800,  0.0000826]     0.8545,     0.9603,     0.9796,     0.7453, 
[ 10900,  0.0000824]     0.8577,     0.9621,     0.9807,     0.7267, 
[ 11000,  0.0000822]     0.8610,     0.9623,     0.9805,     0.7163, 
[ 11100,  0.0000819]     0.8603,     0.9613,     0.9796,     0.7428, 
[ 11200,  0.0000817]     0.8610,     0.9629,     0.9808,     0.7210, 
[ 11300,  0.0000815]     0.8636,     0.9642,     0.9813,     0.7107, 
[ 11400,  0.0000813]     0.8551,     0.9611,     0.9802,     0.7315, 
[ 11500,  0.0000811]     0.8566,     0.9612,     0.9803,     0.7390, 
[ 11600,  0.0000809]     0.8586,     0.9617,     0.9802,     0.7334, 
[ 11700,  0.0000807]     0.8656,     0.9657,     0.9830,     0.6841, 
[ 11800,  0.0000805]     0.8637,     0.9634,     0.9809,     0.7145, 
[ 11900,  0.0000803]     0.8602,     0.9621,     0.9803,     0.7144, 
[ 12000,  0.0000801]     0.8626,     0.9631,     0.9807,     0.7095, 
[ 12100,  0.0000798]     0.8604,     0.9643,     0.9818,     0.7088, 
[ 12200,  0.0000796]     0.8585,     0.9610,     0.9797,     0.7353, 
[ 12300,  0.0000794]     0.8598,     0.9630,     0.9809,     0.7191, 
[ 12400,  0.0000792]     0.8643,     0.9647,     0.9822,     0.6868, 
[ 12500,  0.0000790]     0.8642,     0.9633,     0.9812,     0.7081, 
[ 12600,  0.0000788]     0.8659,     0.9644,     0.9819,     0.6844, 
[ 12700,  0.0000786]     0.8615,     0.9628,     0.9807,     0.7135, 
[ 12800,  0.0000784]     0.8613,     0.9641,     0.9816,     0.7061, 
[ 12900,  0.0000782]     0.8629,     0.9633,     0.9813,     0.7024, 
[ 13000,  0.0000779]     0.8598,     0.9625,     0.9808,     0.7228, 
[ 13100,  0.0000777]     0.8660,     0.9655,     0.9827,     0.6719, 
[ 13200,  0.0000775]     0.8613,     0.9637,     0.9815,     0.7033, 
[ 13300,  0.0000773]     0.8647,     0.9651,     0.9823,     0.6968, 
[ 13400,  0.0000771]     0.8634,     0.9629,     0.9810,     0.7045, 
[ 13500,  0.0000769]     0.8682,     0.9652,     0.9822,     0.6827, 
[ 13600,  0.0000767]     0.8647,     0.9648,     0.9823,     0.6909, 
[ 13700,  0.0000765]     0.8648,     0.9643,     0.9817,     0.6921, 
[ 13800,  0.0000763]     0.8674,     0.9655,     0.9824,     0.6805, 
[ 13900,  0.0000761]     0.8651,     0.9663,     0.9833,     0.6773, 
[ 14000,  0.0000758]     0.8699,     0.9658,     0.9825,     0.6748, 
[ 14100,  0.0000756]     0.8668,     0.9640,     0.9814,     0.6871, 
[ 14200,  0.0000754]     0.8680,     0.9666,     0.9829,     0.6836, 
[ 14300,  0.0000752]     0.8676,     0.9652,     0.9824,     0.6727, 
[ 14400,  0.0000750]     0.8685,     0.9661,     0.9829,     0.6651, 
[ 14500,  0.0000748]     0.8665,     0.9658,     0.9828,     0.6735, 
[ 14600,  0.0000746]     0.8726,     0.9680,     0.9837,     0.6620, 
[ 14700,  0.0000744]     0.8691,     0.9670,     0.9834,     0.6580, 
[ 14800,  0.0000742]     0.8689,     0.9660,     0.9829,     0.6741, 
[ 14900,  0.0000740]     0.8650,     0.9641,     0.9815,     0.6927, 
[ 15000,  0.0000737]     0.8713,     0.9672,     0.9837,     0.6452, 
Validation KITTI: 0.829940, 2.377310
[ 15100,  0.0000735]     0.8655,     0.9649,     0.9821,     0.6961, 
[ 15200,  0.0000733]     0.8679,     0.9661,     0.9829,     0.6775, 
[ 15300,  0.0000731]     0.8681,     0.9657,     0.9827,     0.6667, 
[ 15400,  0.0000729]     0.8681,     0.9665,     0.9833,     0.6627, 
[ 15500,  0.0000727]     0.8719,     0.9665,     0.9828,     0.6651, 
[ 15600,  0.0000725]     0.8757,     0.9685,     0.9841,     0.6398, 
[ 15700,  0.0000723]     0.8673,     0.9655,     0.9822,     0.6779, 
[ 15800,  0.0000721]     0.8728,     0.9678,     0.9840,     0.6483, 
[ 15900,  0.0000719]     0.8750,     0.9691,     0.9845,     0.6369, 
[ 16000,  0.0000716]     0.8663,     0.9659,     0.9833,     0.6619, 
[ 16100,  0.0000714]     0.8690,     0.9661,     0.9828,     0.6664, 
[ 16200,  0.0000712]     0.8755,     0.9700,     0.9852,     0.6270, 
[ 16300,  0.0000710]     0.8683,     0.9667,     0.9830,     0.6678, 
[ 16400,  0.0000708]     0.8714,     0.9678,     0.9839,     0.6468, 
[ 16500,  0.0000706]     0.8692,     0.9660,     0.9834,     0.6552, 
[ 16600,  0.0000704]     0.8711,     0.9665,     0.9829,     0.6602, 
[ 16700,  0.0000702]     0.8735,     0.9683,     0.9847,     0.6328, 
[ 16800,  0.0000700]     0.8711,     0.9663,     0.9826,     0.6646, 
[ 16900,  0.0000698]     0.8734,     0.9681,     0.9845,     0.6389, 
[ 17000,  0.0000695]     0.8742,     0.9684,     0.9843,     0.6444, 
[ 17100,  0.0000693]     0.8728,     0.9680,     0.9843,     0.6426, 
[ 17200,  0.0000691]     0.8741,     0.9683,     0.9842,     0.6400, 
[ 17300,  0.0000689]     0.8710,     0.9664,     0.9834,     0.6537, 
[ 17400,  0.0000687]     0.8763,     0.9685,     0.9841,     0.6331, 
[ 17500,  0.0000685]     0.8750,     0.9687,     0.9842,     0.6430, 
[ 17600,  0.0000683]     0.8720,     0.9681,     0.9843,     0.6463, 
[ 17700,  0.0000681]     0.8729,     0.9679,     0.9842,     0.6476, 
[ 17800,  0.0000679]     0.8733,     0.9677,     0.9838,     0.6382, 
[ 17900,  0.0000677]     0.8774,     0.9697,     0.9851,     0.6229, 
[ 18000,  0.0000674]     0.8730,     0.9676,     0.9843,     0.6433, 
[ 18100,  0.0000672]     0.8751,     0.9688,     0.9843,     0.6400, 
[ 18200,  0.0000670]     0.8731,     0.9675,     0.9840,     0.6427, 
[ 18300,  0.0000668]     0.8737,     0.9674,     0.9836,     0.6434, 
[ 18400,  0.0000666]     0.8729,     0.9677,     0.9841,     0.6391, 
[ 18500,  0.0000664]     0.8742,     0.9683,     0.9844,     0.6338, 
[ 18600,  0.0000662]     0.8774,     0.9677,     0.9838,     0.6350, 
[ 18700,  0.0000660]     0.8770,     0.9690,     0.9849,     0.6273, 
[ 18800,  0.0000658]     0.8738,     0.9687,     0.9846,     0.6375, 
[ 18900,  0.0000656]     0.8781,     0.9694,     0.9846,     0.6326, 
[ 19000,  0.0000653]     0.8784,     0.9690,     0.9846,     0.6209, 
[ 19100,  0.0000651]     0.8813,     0.9708,     0.9860,     0.5975, 
[ 19200,  0.0000649]     0.8794,     0.9700,     0.9850,     0.6181, 
[ 19300,  0.0000647]     0.8782,     0.9689,     0.9850,     0.6210, 
[ 19400,  0.0000645]     0.8737,     0.9684,     0.9840,     0.6396, 
[ 19500,  0.0000643]     0.8752,     0.9680,     0.9834,     0.6451, 
[ 19600,  0.0000641]     0.8798,     0.9700,     0.9851,     0.6101, 
[ 19700,  0.0000639]     0.8787,     0.9701,     0.9851,     0.6196, 
[ 19800,  0.0000637]     0.8786,     0.9700,     0.9853,     0.6153, 
[ 19900,  0.0000635]     0.8789,     0.9689,     0.9846,     0.6210, 
[ 20000,  0.0000632]     0.8764,     0.9688,     0.9845,     0.6304, 
Validation KITTI: 0.768772, 2.066085
[ 20100,  0.0000630]     0.8741,     0.9693,     0.9852,     0.6271, 
[ 20200,  0.0000628]     0.8836,     0.9715,     0.9860,     0.5959, 
[ 20300,  0.0000626]     0.8795,     0.9698,     0.9848,     0.6252, 
[ 20400,  0.0000624]     0.8766,     0.9691,     0.9850,     0.6154, 
[ 20500,  0.0000622]     0.8772,     0.9700,     0.9859,     0.6085, 
[ 20600,  0.0000620]     0.8803,     0.9714,     0.9864,     0.5994, 
[ 20700,  0.0000618]     0.8819,     0.9708,     0.9857,     0.6027, 
[ 20800,  0.0000616]     0.8795,     0.9712,     0.9860,     0.6026, 
[ 20900,  0.0000614]     0.8774,     0.9691,     0.9851,     0.6150, 
[ 21000,  0.0000611]     0.8781,     0.9699,     0.9852,     0.6120, 
[ 21100,  0.0000609]     0.8785,     0.9704,     0.9857,     0.6038, 
[ 21200,  0.0000607]     0.8843,     0.9714,     0.9862,     0.5925, 
[ 21300,  0.0000605]     0.8778,     0.9699,     0.9852,     0.6182, 
[ 21400,  0.0000603]     0.8790,     0.9703,     0.9857,     0.6020, 
[ 21500,  0.0000601]     0.8826,     0.9713,     0.9860,     0.6039, 
[ 21600,  0.0000599]     0.8788,     0.9704,     0.9858,     0.6041, 
[ 21700,  0.0000597]     0.8807,     0.9712,     0.9861,     0.5945, 
[ 21800,  0.0000595]     0.8798,     0.9713,     0.9859,     0.6042, 
[ 21900,  0.0000593]     0.8787,     0.9709,     0.9858,     0.6063, 
[ 22000,  0.0000590]     0.8828,     0.9714,     0.9860,     0.5997, 
[ 22100,  0.0000588]     0.8789,     0.9704,     0.9857,     0.6053, 
[ 22200,  0.0000586]     0.8833,     0.9711,     0.9857,     0.5987, 
[ 22300,  0.0000584]     0.8801,     0.9712,     0.9862,     0.6064, 
[ 22400,  0.0000582]     0.8827,     0.9716,     0.9867,     0.5811, 
[ 22500,  0.0000580]     0.8832,     0.9729,     0.9869,     0.5849, 
[ 22600,  0.0000578]     0.8785,     0.9712,     0.9861,     0.6121, 
[ 22700,  0.0000576]     0.8801,     0.9705,     0.9854,     0.6058, 
[ 22800,  0.0000574]     0.8849,     0.9718,     0.9861,     0.5864, 
[ 22900,  0.0000571]     0.8811,     0.9709,     0.9858,     0.6004, 
[ 23000,  0.0000569]     0.8769,     0.9701,     0.9856,     0.6019, 
[ 23100,  0.0000567]     0.8828,     0.9721,     0.9863,     0.5916, 
[ 23200,  0.0000565]     0.8801,     0.9706,     0.9861,     0.5971, 
[ 23300,  0.0000563]     0.8787,     0.9699,     0.9848,     0.6226, 
[ 23400,  0.0000561]     0.8838,     0.9724,     0.9870,     0.5825, 
[ 23500,  0.0000559]     0.8871,     0.9725,     0.9863,     0.5874, 
[ 23600,  0.0000557]     0.8797,     0.9711,     0.9862,     0.6010, 
[ 23700,  0.0000555]     0.8792,     0.9707,     0.9854,     0.6122, 
[ 23800,  0.0000553]     0.8853,     0.9722,     0.9864,     0.5844, 
[ 23900,  0.0000550]     0.8819,     0.9720,     0.9866,     0.5921, 
[ 24000,  0.0000548]     0.8826,     0.9718,     0.9866,     0.5851, 
[ 24100,  0.0000546]     0.8816,     0.9712,     0.9858,     0.6054, 
[ 24200,  0.0000544]     0.8866,     0.9732,     0.9873,     0.5747, 
[ 24300,  0.0000542]     0.8861,     0.9727,     0.9865,     0.5847, 
[ 24400,  0.0000540]     0.8828,     0.9720,     0.9863,     0.5972, 
[ 24500,  0.0000538]     0.8854,     0.9720,     0.9861,     0.5916, 
[ 24600,  0.0000536]     0.8832,     0.9720,     0.9864,     0.5925, 
[ 24700,  0.0000534]     0.8839,     0.9715,     0.9862,     0.5868, 
[ 24800,  0.0000532]     0.8837,     0.9720,     0.9866,     0.5856, 
[ 24900,  0.0000529]     0.8885,     0.9734,     0.9870,     0.5718, 
[ 25000,  0.0000527]     0.8826,     0.9724,     0.9870,     0.5870, 
Validation KITTI: 0.730892, 1.871943
[ 25100,  0.0000525]     0.8855,     0.9723,     0.9864,     0.5826, 
[ 25200,  0.0000523]     0.8851,     0.9726,     0.9868,     0.5766, 
[ 25300,  0.0000521]     0.8834,     0.9720,     0.9866,     0.5851, 
[ 25400,  0.0000519]     0.8848,     0.9722,     0.9864,     0.5823, 
[ 25500,  0.0000517]     0.8868,     0.9730,     0.9866,     0.5765, 
[ 25600,  0.0000515]     0.8817,     0.9718,     0.9863,     0.5945, 
[ 25700,  0.0000513]     0.8853,     0.9721,     0.9865,     0.5767, 
[ 25800,  0.0000511]     0.8859,     0.9729,     0.9870,     0.5750, 
[ 25900,  0.0000508]     0.8870,     0.9740,     0.9874,     0.5629, 
[ 26000,  0.0000506]     0.8854,     0.9726,     0.9867,     0.5826, 
[ 26100,  0.0000504]     0.8848,     0.9725,     0.9867,     0.5846, 
[ 26200,  0.0000502]     0.8876,     0.9729,     0.9869,     0.5679, 
[ 26300,  0.0000500]     0.8852,     0.9733,     0.9872,     0.5698, 
[ 26400,  0.0000498]     0.8901,     0.9746,     0.9880,     0.5525, 
[ 26500,  0.0000496]     0.8859,     0.9723,     0.9867,     0.5762, 
[ 26600,  0.0000494]     0.8865,     0.9734,     0.9873,     0.5699, 
[ 26700,  0.0000492]     0.8857,     0.9733,     0.9874,     0.5709, 
[ 26800,  0.0000490]     0.8915,     0.9745,     0.9879,     0.5534, 
[ 26900,  0.0000487]     0.8877,     0.9730,     0.9868,     0.5758, 
[ 27000,  0.0000485]     0.8839,     0.9723,     0.9866,     0.5803, 
[ 27100,  0.0000483]     0.8852,     0.9723,     0.9865,     0.5811, 
[ 27200,  0.0000481]     0.8880,     0.9743,     0.9877,     0.5627, 
[ 27300,  0.0000479]     0.8856,     0.9729,     0.9868,     0.5822, 
[ 27400,  0.0000477]     0.8895,     0.9743,     0.9879,     0.5561, 
[ 27500,  0.0000475]     0.8864,     0.9730,     0.9869,     0.5803, 
[ 27600,  0.0000473]     0.8901,     0.9742,     0.9876,     0.5602, 
[ 27700,  0.0000471]     0.8875,     0.9737,     0.9874,     0.5669, 
[ 27800,  0.0000469]     0.8879,     0.9732,     0.9869,     0.5747, 
[ 27900,  0.0000466]     0.8853,     0.9725,     0.9868,     0.5774, 
[ 28000,  0.0000464]     0.8874,     0.9738,     0.9874,     0.5624, 
[ 28100,  0.0000462]     0.8869,     0.9737,     0.9875,     0.5671, 
[ 28200,  0.0000460]     0.8887,     0.9747,     0.9882,     0.5572, 
[ 28300,  0.0000458]     0.8887,     0.9738,     0.9877,     0.5614, 
[ 28400,  0.0000456]     0.8851,     0.9731,     0.9872,     0.5692, 
[ 28500,  0.0000454]     0.8900,     0.9745,     0.9877,     0.5599, 
[ 28600,  0.0000452]     0.8877,     0.9733,     0.9872,     0.5691, 
[ 28700,  0.0000450]     0.8907,     0.9743,     0.9875,     0.5601, 
[ 28800,  0.0000448]     0.8878,     0.9749,     0.9884,     0.5595, 
[ 28900,  0.0000445]     0.8871,     0.9739,     0.9876,     0.5649, 
[ 29000,  0.0000443]     0.8921,     0.9755,     0.9887,     0.5390, 
[ 29100,  0.0000441]     0.8894,     0.9745,     0.9877,     0.5540, 
[ 29200,  0.0000439]     0.8882,     0.9742,     0.9879,     0.5586, 
[ 29300,  0.0000437]     0.8868,     0.9727,     0.9870,     0.5704, 
[ 29400,  0.0000435]     0.8900,     0.9743,     0.9875,     0.5618, 
[ 29500,  0.0000433]     0.8908,     0.9750,     0.9882,     0.5504, 
[ 29600,  0.0000431]     0.8873,     0.9738,     0.9876,     0.5647, 
[ 29700,  0.0000429]     0.8899,     0.9738,     0.9871,     0.5719, 
[ 29800,  0.0000427]     0.8915,     0.9750,     0.9883,     0.5401, 
[ 29900,  0.0000424]     0.8915,     0.9752,     0.9881,     0.5472, 
[ 30000,  0.0000422]     0.8886,     0.9749,     0.9882,     0.5543, 
Validation KITTI: 0.693307, 1.717598
[ 30100,  0.0000420]     0.8918,     0.9750,     0.9882,     0.5515, 
[ 30200,  0.0000418]     0.8898,     0.9735,     0.9870,     0.5581, 
[ 30300,  0.0000416]     0.8882,     0.9734,     0.9872,     0.5651, 
[ 30400,  0.0000414]     0.8906,     0.9747,     0.9882,     0.5472, 
[ 30500,  0.0000412]     0.8915,     0.9738,     0.9873,     0.5491, 
[ 30600,  0.0000410]     0.8879,     0.9740,     0.9876,     0.5580, 
[ 30700,  0.0000408]     0.8907,     0.9741,     0.9877,     0.5524, 
[ 30800,  0.0000406]     0.8900,     0.9742,     0.9878,     0.5524, 
[ 30900,  0.0000403]     0.8924,     0.9742,     0.9874,     0.5525, 
[ 31000,  0.0000401]     0.8886,     0.9733,     0.9875,     0.5573, 
[ 31100,  0.0000399]     0.8935,     0.9752,     0.9880,     0.5431, 
[ 31200,  0.0000397]     0.8917,     0.9751,     0.9880,     0.5423, 
[ 31300,  0.0000395]     0.8933,     0.9762,     0.9890,     0.5345, 
[ 31400,  0.0000393]     0.8900,     0.9752,     0.9881,     0.5496, 
[ 31500,  0.0000391]     0.8919,     0.9756,     0.9882,     0.5434, 
[ 31600,  0.0000389]     0.8953,     0.9755,     0.9881,     0.5440, 
[ 31700,  0.0000387]     0.8907,     0.9746,     0.9879,     0.5527, 
[ 31800,  0.0000384]     0.8936,     0.9756,     0.9883,     0.5455, 
[ 31900,  0.0000382]     0.8946,     0.9771,     0.9896,     0.5244, 
[ 32000,  0.0000380]     0.8899,     0.9748,     0.9880,     0.5533, 
[ 32100,  0.0000378]     0.8909,     0.9756,     0.9886,     0.5446, 
[ 32200,  0.0000376]     0.8966,     0.9763,     0.9887,     0.5334, 
[ 32300,  0.0000374]     0.8943,     0.9765,     0.9891,     0.5283, 
[ 32400,  0.0000372]     0.8935,     0.9764,     0.9889,     0.5350, 
[ 32500,  0.0000370]     0.8950,     0.9764,     0.9887,     0.5329, 
[ 32600,  0.0000368]     0.8906,     0.9751,     0.9882,     0.5471, 
[ 32700,  0.0000366]     0.8970,     0.9763,     0.9888,     0.5224, 
[ 32800,  0.0000363]     0.8935,     0.9759,     0.9884,     0.5395, 
[ 32900,  0.0000361]     0.8927,     0.9759,     0.9887,     0.5375, 
[ 33000,  0.0000359]     0.8924,     0.9747,     0.9879,     0.5462, 
[ 33100,  0.0000357]     0.8916,     0.9746,     0.9878,     0.5531, 
[ 33200,  0.0000355]     0.8949,     0.9772,     0.9895,     0.5221, 
[ 33300,  0.0000353]     0.8903,     0.9736,     0.9873,     0.5574, 
[ 33400,  0.0000351]     0.8960,     0.9764,     0.9889,     0.5267, 
[ 33500,  0.0000349]     0.8912,     0.9749,     0.9881,     0.5408, 
[ 33600,  0.0000347]     0.8949,     0.9762,     0.9884,     0.5367, 
[ 33700,  0.0000345]     0.8959,     0.9758,     0.9885,     0.5331, 
[ 33800,  0.0000342]     0.8905,     0.9754,     0.9885,     0.5459, 
[ 33900,  0.0000340]     0.8959,     0.9760,     0.9887,     0.5280, 
[ 34000,  0.0000338]     0.8946,     0.9768,     0.9891,     0.5318, 
[ 34100,  0.0000336]     0.8961,     0.9766,     0.9888,     0.5330, 
[ 34200,  0.0000334]     0.8933,     0.9757,     0.9883,     0.5415, 
[ 34300,  0.0000332]     0.8918,     0.9757,     0.9886,     0.5444, 
[ 34400,  0.0000330]     0.8952,     0.9765,     0.9891,     0.5251, 
[ 34500,  0.0000328]     0.8939,     0.9754,     0.9881,     0.5457, 
[ 34600,  0.0000326]     0.8967,     0.9772,     0.9894,     0.5217, 
[ 34700,  0.0000324]     0.8918,     0.9749,     0.9881,     0.5465, 
[ 34800,  0.0000321]     0.8966,     0.9766,     0.9890,     0.5212, 
[ 34900,  0.0000319]     0.8940,     0.9765,     0.9888,     0.5325, 
[ 35000,  0.0000317]     0.8908,     0.9750,     0.9884,     0.5373, 
Validation KITTI: 0.678433, 1.680200
[ 35100,  0.0000315]     0.8914,     0.9747,     0.9880,     0.5482, 
[ 35200,  0.0000313]     0.8993,     0.9773,     0.9891,     0.5185, 
[ 35300,  0.0000311]     0.8975,     0.9768,     0.9888,     0.5267, 
[ 35400,  0.0000309]     0.8948,     0.9768,     0.9894,     0.5231, 
[ 35500,  0.0000307]     0.8950,     0.9764,     0.9888,     0.5266, 
[ 35600,  0.0000305]     0.8958,     0.9773,     0.9891,     0.5239, 
[ 35700,  0.0000303]     0.8962,     0.9770,     0.9890,     0.5196, 
[ 35800,  0.0000300]     0.8955,     0.9767,     0.9891,     0.5234, 
[ 35900,  0.0000298]     0.8955,     0.9758,     0.9885,     0.5341, 
[ 36000,  0.0000296]     0.8942,     0.9761,     0.9889,     0.5282, 
[ 36100,  0.0000294]     0.8947,     0.9764,     0.9890,     0.5233, 
[ 36200,  0.0000292]     0.8944,     0.9762,     0.9887,     0.5335, 
[ 36300,  0.0000290]     0.8999,     0.9775,     0.9894,     0.5138, 
[ 36400,  0.0000288]     0.8901,     0.9750,     0.9881,     0.5468, 
[ 36500,  0.0000286]     0.8987,     0.9769,     0.9893,     0.5163, 
[ 36600,  0.0000284]     0.8927,     0.9758,     0.9886,     0.5337, 
[ 36700,  0.0000282]     0.8981,     0.9762,     0.9884,     0.5350, 
[ 36800,  0.0000279]     0.8933,     0.9757,     0.9887,     0.5321, 
[ 36900,  0.0000277]     0.8946,     0.9760,     0.9886,     0.5279, 
[ 37000,  0.0000275]     0.8957,     0.9770,     0.9892,     0.5233, 
[ 37100,  0.0000273]     0.8988,     0.9779,     0.9897,     0.5088, 
[ 37200,  0.0000271]     0.8954,     0.9765,     0.9889,     0.5297, 
[ 37300,  0.0000269]     0.8974,     0.9775,     0.9895,     0.5187, 
[ 37400,  0.0000267]     0.8957,     0.9771,     0.9891,     0.5291, 
[ 37500,  0.0000265]     0.8997,     0.9770,     0.9890,     0.5154, 
[ 37600,  0.0000263]     0.8932,     0.9760,     0.9887,     0.5337, 
[ 37700,  0.0000261]     0.8989,     0.9779,     0.9897,     0.5097, 
[ 37800,  0.0000258]     0.8941,     0.9763,     0.9888,     0.5334, 
[ 37900,  0.0000256]     0.8952,     0.9762,     0.9889,     0.5325, 
[ 38000,  0.0000254]     0.8959,     0.9771,     0.9891,     0.5255, 
[ 38100,  0.0000252]     0.8957,     0.9767,     0.9892,     0.5251, 
[ 38200,  0.0000250]     0.8991,     0.9775,     0.9894,     0.5102, 
[ 38300,  0.0000248]     0.8941,     0.9762,     0.9888,     0.5335, 
[ 38400,  0.0000246]     0.8986,     0.9778,     0.9897,     0.5064, 
[ 38500,  0.0000244]     0.8972,     0.9773,     0.9893,     0.5166, 
[ 38600,  0.0000242]     0.8971,     0.9767,     0.9891,     0.5171, 
[ 38700,  0.0000240]     0.8968,     0.9769,     0.9893,     0.5231, 
[ 38800,  0.0000237]     0.8981,     0.9768,     0.9889,     0.5157, 
[ 38900,  0.0000235]     0.8930,     0.9754,     0.9883,     0.5417, 
[ 39000,  0.0000233]     0.9004,     0.9775,     0.9892,     0.5104, 
[ 39100,  0.0000231]     0.8981,     0.9777,     0.9896,     0.5129, 
[ 39200,  0.0000229]     0.8971,     0.9775,     0.9897,     0.5158, 
[ 39300,  0.0000227]     0.8973,     0.9770,     0.9891,     0.5165, 
[ 39400,  0.0000225]     0.9034,     0.9793,     0.9903,     0.4966, 
[ 39500,  0.0000223]     0.8969,     0.9762,     0.9885,     0.5285, 
[ 39600,  0.0000221]     0.9016,     0.9791,     0.9904,     0.4972, 
[ 39700,  0.0000219]     0.8972,     0.9771,     0.9894,     0.5141, 
[ 39800,  0.0000216]     0.9004,     0.9779,     0.9897,     0.5044, 
[ 39900,  0.0000214]     0.8981,     0.9778,     0.9897,     0.5178, 
[ 40000,  0.0000212]     0.8992,     0.9778,     0.9896,     0.5097, 
Validation KITTI: 0.655807, 1.606247
[ 40100,  0.0000210]     0.8958,     0.9768,     0.9888,     0.5274, 
[ 40200,  0.0000208]     0.9031,     0.9785,     0.9898,     0.4991, 
[ 40300,  0.0000206]     0.8987,     0.9783,     0.9899,     0.5123, 
[ 40400,  0.0000204]     0.8976,     0.9771,     0.9892,     0.5141, 
[ 40500,  0.0000202]     0.9004,     0.9783,     0.9896,     0.5089, 
[ 40600,  0.0000200]     0.8998,     0.9772,     0.9891,     0.5152, 
[ 40700,  0.0000198]     0.8974,     0.9768,     0.9890,     0.5160, 
[ 40800,  0.0000195]     0.9001,     0.9782,     0.9900,     0.5087, 
[ 40900,  0.0000193]     0.9001,     0.9780,     0.9895,     0.5119, 
[ 41000,  0.0000191]     0.9011,     0.9778,     0.9896,     0.5081, 
[ 41100,  0.0000189]     0.8969,     0.9775,     0.9896,     0.5153, 
[ 41200,  0.0000187]     0.9004,     0.9779,     0.9896,     0.5038, 
[ 41300,  0.0000185]     0.9033,     0.9784,     0.9898,     0.5015, 
[ 41400,  0.0000183]     0.9009,     0.9778,     0.9896,     0.5052, 
[ 41500,  0.0000181]     0.9022,     0.9789,     0.9903,     0.4950, 
[ 41600,  0.0000179]     0.8997,     0.9778,     0.9896,     0.5087, 
[ 41700,  0.0000176]     0.8994,     0.9775,     0.9893,     0.5135, 
[ 41800,  0.0000174]     0.8994,     0.9776,     0.9896,     0.5027, 
[ 41900,  0.0000172]     0.8979,     0.9771,     0.9894,     0.5148, 
[ 42000,  0.0000170]     0.8974,     0.9773,     0.9894,     0.5156, 
[ 42100,  0.0000168]     0.8990,     0.9782,     0.9898,     0.5125, 
[ 42200,  0.0000166]     0.9015,     0.9779,     0.9895,     0.5077, 
[ 42300,  0.0000164]     0.9003,     0.9779,     0.9897,     0.5115, 
[ 42400,  0.0000162]     0.8989,     0.9779,     0.9899,     0.5040, 
[ 42500,  0.0000160]     0.8995,     0.9782,     0.9896,     0.5089, 
[ 42600,  0.0000158]     0.9025,     0.9791,     0.9903,     0.4936, 
[ 42700,  0.0000155]     0.8991,     0.9782,     0.9897,     0.5041, 
[ 42800,  0.0000153]     0.9018,     0.9788,     0.9901,     0.4999, 
[ 42900,  0.0000151]     0.8997,     0.9779,     0.9896,     0.5057, 
[ 43000,  0.0000149]     0.8979,     0.9777,     0.9895,     0.5130, 
[ 43100,  0.0000147]     0.9024,     0.9781,     0.9896,     0.5040, 
[ 43200,  0.0000145]     0.8977,     0.9788,     0.9904,     0.5004, 
[ 43300,  0.0000143]     0.8992,     0.9776,     0.9893,     0.5123, 
[ 43400,  0.0000141]     0.9035,     0.9792,     0.9903,     0.4888, 
[ 43500,  0.0000139]     0.9016,     0.9783,     0.9899,     0.4990, 
[ 43600,  0.0000137]     0.9008,     0.9793,     0.9907,     0.4952, 
[ 43700,  0.0000134]     0.9008,     0.9783,     0.9898,     0.5034, 
[ 43800,  0.0000132]     0.9002,     0.9784,     0.9899,     0.5000, 
[ 43900,  0.0000130]     0.9000,     0.9788,     0.9902,     0.4978, 
[ 44000,  0.0000128]     0.9004,     0.9781,     0.9899,     0.5043, 
[ 44100,  0.0000126]     0.9004,     0.9778,     0.9894,     0.5090, 
[ 44200,  0.0000124]     0.9009,     0.9787,     0.9903,     0.4955, 
[ 44300,  0.0000122]     0.9030,     0.9791,     0.9904,     0.4911, 
[ 44400,  0.0000120]     0.9018,     0.9787,     0.9901,     0.5031, 
[ 44500,  0.0000118]     0.9014,     0.9788,     0.9900,     0.4993, 
[ 44600,  0.0000116]     0.9025,     0.9791,     0.9903,     0.4949, 
[ 44700,  0.0000113]     0.8987,     0.9775,     0.9894,     0.5119, 
[ 44800,  0.0000111]     0.9024,     0.9792,     0.9904,     0.4886, 
[ 44900,  0.0000109]     0.9026,     0.9792,     0.9906,     0.4891, 
[ 45000,  0.0000107]     0.9027,     0.9792,     0.9901,     0.5015, 
Validation KITTI: 0.639661, 1.549191
[ 45100,  0.0000105]     0.9026,     0.9801,     0.9910,     0.4850, 
[ 45200,  0.0000103]     0.9029,     0.9788,     0.9900,     0.4974, 
[ 45300,  0.0000101]     0.9034,     0.9792,     0.9905,     0.4938, 
[ 45400,  0.0000099]     0.8992,     0.9778,     0.9896,     0.5082, 
[ 45500,  0.0000097]     0.9015,     0.9789,     0.9902,     0.4939, 
[ 45600,  0.0000095]     0.9032,     0.9795,     0.9906,     0.4886, 
[ 45700,  0.0000092]     0.8996,     0.9779,     0.9898,     0.5066, 
[ 45800,  0.0000090]     0.9042,     0.9799,     0.9909,     0.4799, 
[ 45900,  0.0000088]     0.9018,     0.9782,     0.9896,     0.5049, 
[ 46000,  0.0000086]     0.9028,     0.9797,     0.9906,     0.4960, 
[ 46100,  0.0000084]     0.9024,     0.9791,     0.9905,     0.4889, 
[ 46200,  0.0000082]     0.9025,     0.9789,     0.9902,     0.4964, 
[ 46300,  0.0000080]     0.9016,     0.9786,     0.9898,     0.5094, 
[ 46400,  0.0000078]     0.9047,     0.9795,     0.9903,     0.4857, 
[ 46500,  0.0000076]     0.8989,     0.9791,     0.9907,     0.4935, 
[ 46600,  0.0000074]     0.9051,     0.9797,     0.9905,     0.4836, 
[ 46700,  0.0000071]     0.9035,     0.9789,     0.9899,     0.5009, 
[ 46800,  0.0000069]     0.9030,     0.9791,     0.9905,     0.4898, 
[ 46900,  0.0000067]     0.9042,     0.9795,     0.9904,     0.4911, 
[ 47000,  0.0000065]     0.9018,     0.9796,     0.9904,     0.4961, 
[ 47100,  0.0000063]     0.9016,     0.9781,     0.9896,     0.5014, 
[ 47200,  0.0000061]     0.9026,     0.9794,     0.9905,     0.4933, 
[ 47300,  0.0000059]     0.9029,     0.9794,     0.9904,     0.4954, 
[ 47400,  0.0000057]     0.9055,     0.9798,     0.9906,     0.4841, 
[ 47500,  0.0000055]     0.9048,     0.9794,     0.9904,     0.4865, 
[ 47600,  0.0000053]     0.9013,     0.9780,     0.9896,     0.5100, 
[ 47700,  0.0000050]     0.9015,     0.9783,     0.9900,     0.4992, 
[ 47800,  0.0000048]     0.9034,     0.9793,     0.9905,     0.4894, 
[ 47900,  0.0000046]     0.9039,     0.9788,     0.9902,     0.4897, 
[ 48000,  0.0000044]     0.9023,     0.9793,     0.9905,     0.4928, 
[ 48100,  0.0000042]     0.9035,     0.9787,     0.9900,     0.4921, 
[ 48200,  0.0000040]     0.9061,     0.9807,     0.9913,     0.4768, 
[ 48300,  0.0000038]     0.9041,     0.9793,     0.9902,     0.4893, 
[ 48400,  0.0000036]     0.9046,     0.9800,     0.9908,     0.4847, 
[ 48500,  0.0000034]     0.9056,     0.9799,     0.9907,     0.4795, 
[ 48600,  0.0000032]     0.9027,     0.9790,     0.9903,     0.4938, 
[ 48700,  0.0000029]     0.9019,     0.9786,     0.9899,     0.4991, 
[ 48800,  0.0000027]     0.9032,     0.9792,     0.9904,     0.4926, 
[ 48900,  0.0000025]     0.9058,     0.9801,     0.9908,     0.4812, 
[ 49000,  0.0000023]     0.9048,     0.9794,     0.9903,     0.4936, 
[ 49100,  0.0000021]     0.9051,     0.9799,     0.9906,     0.4846, 
[ 49200,  0.0000019]     0.9035,     0.9796,     0.9905,     0.4867, 
[ 49300,  0.0000017]     0.9054,     0.9791,     0.9902,     0.4886, 
[ 49400,  0.0000015]     0.9032,     0.9795,     0.9904,     0.4931, 
[ 49500,  0.0000013]     0.9029,     0.9797,     0.9907,     0.4857, 
[ 49600,  0.0000011]     0.9050,     0.9798,     0.9905,     0.4900, 
[ 49700,  0.0000008]     0.9017,     0.9787,     0.9901,     0.4959, 
[ 49800,  0.0000006]     0.9066,     0.9801,     0.9908,     0.4787, 
[ 49900,  0.0000004]     0.9058,     0.9797,     0.9904,     0.4839, 
[ 50000,  0.0000002]     0.9073,     0.9804,     0.9908,     0.4790, 
Validation KITTI: 0.630405, 1.526819
