nohup: ignoring input
Parameter Count: 40483149
Training with 22232 image pairs
/home/zexin/anaconda3/envs/raft/lib/python3.7/site-packages/torch/optim/lr_scheduler.py:123: UserWarning: Detected call of `lr_scheduler.step()` before `optimizer.step()`. In PyTorch 1.1.0 and later, you should call them in the opposite order: `optimizer.step()` before `lr_scheduler.step()`.  Failure to do this will result in PyTorch skipping the first value of the learning rate schedule. See more details at https://pytorch.org/docs/stable/optim.html#how-to-adjust-learning-rate
  "https://pytorch.org/docs/stable/optim.html#how-to-adjust-learning-rate", UserWarning)
[   100,  0.0000140]     0.0586,     0.2642,     0.3882,    16.1331, 
[   200,  0.0000180]     0.0730,     0.2973,     0.4249,    15.5339, 
[   300,  0.0000220]     0.0443,     0.2305,     0.3798,    14.8135, 
[   400,  0.0000259]     0.0458,     0.2479,     0.4164,    14.0591, 
[   500,  0.0000299]     0.0471,     0.2591,     0.4349,    13.4827, 
[   600,  0.0000339]     0.0764,     0.3468,     0.5203,    11.9022, 
[   700,  0.0000379]     0.0871,     0.3740,     0.5363,    11.8366, 
[   800,  0.0000419]     0.0973,     0.4029,     0.5702,    11.0078, 
[   900,  0.0000459]     0.1335,     0.4585,     0.6069,    10.4230, 
[  1000,  0.0000499]     0.1526,     0.4972,     0.6455,     9.6258, 
[  1100,  0.0000539]     0.1690,     0.5033,     0.6387,    10.3531, 
[  1200,  0.0000579]     0.1951,     0.5314,     0.6604,     9.8210, 
[  1300,  0.0000619]     0.2086,     0.5554,     0.6825,     9.3772, 
[  1400,  0.0000659]     0.2577,     0.6014,     0.7153,     8.4239, 
[  1500,  0.0000699]     0.2716,     0.6235,     0.7337,     8.4069, 
[  1600,  0.0000739]     0.3277,     0.6657,     0.7661,     7.3489, 
[  1700,  0.0000779]     0.3373,     0.6671,     0.7625,     7.4535, 
[  1800,  0.0000819]     0.3815,     0.7012,     0.7891,     7.0563, 
[  1900,  0.0000859]     0.3949,     0.7129,     0.7987,     6.5729, 
[  2000,  0.0000899]     0.4136,     0.7196,     0.7992,     7.3842, 
[  2100,  0.0000939]     0.4101,     0.7120,     0.7927,     7.3483, 
[  2200,  0.0000979]     0.4371,     0.7268,     0.8048,     6.7815, 
[  2300,  0.0001019]     0.4578,     0.7361,     0.8105,     6.4833, 
[  2400,  0.0001059]     0.4781,     0.7491,     0.8200,     6.3386, 
[  2500,  0.0001099]     0.4601,     0.7394,     0.8120,     6.4100, 
[  2600,  0.0001139]     0.4961,     0.7618,     0.8294,     6.0375, 
[  2700,  0.0001179]     0.5100,     0.7697,     0.8351,     5.8053, 
[  2800,  0.0001219]     0.5208,     0.7739,     0.8369,     5.6448, 
[  2900,  0.0001259]     0.5425,     0.7831,     0.8428,     5.7352, 
[  3000,  0.0001299]     0.5494,     0.7850,     0.8422,     5.8363, 
[  3100,  0.0001339]     0.5320,     0.7852,     0.8468,     5.8446, 
[  3200,  0.0001379]     0.5612,     0.8061,     0.8614,     5.1199, 
[  3300,  0.0001419]     0.5484,     0.7899,     0.8483,     5.6428, 
[  3400,  0.0001459]     0.5538,     0.7907,     0.8488,     5.4666, 
[  3500,  0.0001499]     0.5710,     0.7984,     0.8540,     5.3782, 
[  3600,  0.0001539]     0.5620,     0.7902,     0.8467,     6.1718, 
[  3700,  0.0001579]     0.5637,     0.8033,     0.8593,     5.3540, 
[  3800,  0.0001619]     0.5919,     0.8107,     0.8628,     5.3413, 
[  3900,  0.0001659]     0.5889,     0.8039,     0.8557,     5.7286, 
[  4000,  0.0001699]     0.5881,     0.8082,     0.8582,     5.5912, 
[  4100,  0.0001739]     0.5968,     0.8125,     0.8669,     4.6596, 
[  4200,  0.0001778]     0.5902,     0.8147,     0.8666,     4.9479, 
[  4300,  0.0001818]     0.5944,     0.8133,     0.8638,     5.2246, 
[  4400,  0.0001858]     0.6081,     0.8209,     0.8705,     4.9470, 
[  4500,  0.0001898]     0.5865,     0.8086,     0.8611,     5.3072, 
[  4600,  0.0001938]     0.6182,     0.8272,     0.8749,     4.7940, 
[  4700,  0.0001978]     0.6083,     0.8194,     0.8680,     4.9119, 
[  4800,  0.0002018]     0.6215,     0.8270,     0.8747,     4.9870, 
[  4900,  0.0002058]     0.6092,     0.8209,     0.8722,     4.7964, 
[  5000,  0.0002098]     0.6205,     0.8234,     0.8700,     5.1633, 
Traceback (most recent call last):
  File "train.py", line 249, in <module>
    train(args)
  File "train.py", line 194, in train
    results.update(evaluate.validate_chairs(model.module))
  File "/home/zexin/anaconda3/envs/raft/lib/python3.7/site-packages/torch/autograd/grad_mode.py", line 15, in decorate_context
    return func(*args, **kwargs)
  File "/home/zexin/Documents/raft/evaluate.py", line 86, in validate_chairs
    _, flow_pr = model(image1, image2, iters=iters, test_mode=True)
  File "/home/zexin/anaconda3/envs/raft/lib/python3.7/site-packages/torch/nn/modules/module.py", line 722, in _call_impl
    result = self.forward(*input, **kwargs)
  File "core/raft.py", line 110, in forward
    em1 = em1.permute(1, 0, 2, 3)
RuntimeError: number of dims don't match in permute
