nohup: ignoring input
Parameter Count: 40483149
Training with 80604 image pairs
/home/zexin/anaconda3/envs/raft/lib/python3.7/site-packages/torch/optim/lr_scheduler.py:123: UserWarning: Detected call of `lr_scheduler.step()` before `optimizer.step()`. In PyTorch 1.1.0 and later, you should call them in the opposite order: `optimizer.step()` before `lr_scheduler.step()`.  Failure to do this will result in PyTorch skipping the first value of the learning rate schedule. See more details at https://pytorch.org/docs/stable/optim.html#how-to-adjust-learning-rate
  "https://pytorch.org/docs/stable/optim.html#how-to-adjust-learning-rate", UserWarning)
[   100,  0.0000056]     0.6264,     0.7745,     0.8135,    11.4255, 
[   200,  0.0000072]     0.6707,     0.7986,     0.8339,    10.7604, 
[   300,  0.0000088]     0.6629,     0.7914,     0.8281,    11.3775, 
[   400,  0.0000104]     0.6665,     0.7950,     0.8313,    11.6937, 
[   500,  0.0000120]     0.6834,     0.8055,     0.8404,    10.0482, 
[   600,  0.0000136]     0.6818,     0.8022,     0.8370,    10.0332, 
[   700,  0.0000152]     0.6934,     0.8119,     0.8466,     9.0765, 
[   800,  0.0000168]     0.6694,     0.7940,     0.8300,    11.6978, 
[   900,  0.0000184]     0.6863,     0.8069,     0.8412,    10.0084, 
[  1000,  0.0000200]     0.6748,     0.7983,     0.8334,    11.4366, 
[  1100,  0.0000216]     0.6717,     0.7977,     0.8341,    10.2288, 
[  1200,  0.0000232]     0.6772,     0.8009,     0.8358,     9.7066, 
[  1300,  0.0000248]     0.6892,     0.8049,     0.8380,    10.7001, 
[  1400,  0.0000264]     0.6803,     0.7967,     0.8304,    11.3770, 
[  1500,  0.0000280]     0.6819,     0.7990,     0.8322,    11.0405, 
[  1600,  0.0000296]     0.7017,     0.8164,     0.8505,     9.2111, 
[  1700,  0.0000312]     0.7138,     0.8304,     0.8620,     9.2489, 
[  1800,  0.0000328]     0.6978,     0.8113,     0.8430,    10.1477, 
[  1900,  0.0000344]     0.7046,     0.8217,     0.8544,     9.0945, 
[  2000,  0.0000360]     0.6909,     0.8082,     0.8406,    10.9082, 
[  2100,  0.0000376]     0.7084,     0.8215,     0.8534,     8.9132, 
[  2200,  0.0000392]     0.6842,     0.8037,     0.8382,    11.0610, 
[  2300,  0.0000408]     0.6985,     0.8196,     0.8536,     9.7265, 
[  2400,  0.0000424]     0.6990,     0.8172,     0.8497,     9.0602, 
[  2500,  0.0000440]     0.6921,     0.8091,     0.8412,    10.3999, 
[  2600,  0.0000456]     0.6957,     0.8125,     0.8447,    10.1395, 
[  2700,  0.0000472]     0.6947,     0.8116,     0.8447,    10.0014, 
[  2800,  0.0000488]     0.7006,     0.8147,     0.8466,    10.9538, 
[  2900,  0.0000504]     0.7164,     0.8327,     0.8641,     7.4935, 
[  3000,  0.0000520]     0.7052,     0.8198,     0.8521,     9.3094, 
[  3100,  0.0000536]     0.6840,     0.8007,     0.8352,    12.0558, 
[  3200,  0.0000551]     0.6935,     0.8121,     0.8465,     9.1589, 
[  3300,  0.0000567]     0.7067,     0.8253,     0.8577,     8.3990, 
[  3400,  0.0000583]     0.7041,     0.8196,     0.8531,     8.7425, 
[  3500,  0.0000599]     0.7045,     0.8185,     0.8493,    10.2924, 
[  3600,  0.0000615]     0.7050,     0.8220,     0.8539,     9.2736, 
[  3700,  0.0000631]     0.7005,     0.8167,     0.8487,    11.8653, 
[  3800,  0.0000647]     0.6890,     0.8075,     0.8418,     9.9091, 
[  3900,  0.0000663]     0.7070,     0.8194,     0.8499,    11.0013, 
[  4000,  0.0000679]     0.6972,     0.8138,     0.8457,     9.2869, 
[  4100,  0.0000695]     0.6972,     0.8136,     0.8471,    10.1592, 
[  4200,  0.0000711]     0.6864,     0.8097,     0.8451,     9.1201, 
[  4300,  0.0000727]     0.7068,     0.8198,     0.8519,     9.4360, 
[  4400,  0.0000743]     0.6953,     0.8173,     0.8519,     8.5586, 
[  4500,  0.0000759]     0.6962,     0.8133,     0.8468,    10.4478, 
[  4600,  0.0000775]     0.6919,     0.8103,     0.8443,    10.1413, 
[  4700,  0.0000791]     0.6961,     0.8091,     0.8411,    11.7393, 
[  4800,  0.0000807]     0.6963,     0.8170,     0.8503,     8.3465, 
[  4900,  0.0000823]     0.6965,     0.8120,     0.8450,    10.0313, 
[  5000,  0.0000839]     0.6968,     0.8159,     0.8492,     8.8797, 
Validation (clean) EPE: 1.845360, 1px: 0.875804, 3px: 0.944116, 5px: 0.959401
Validation (final) EPE: 3.370906, 1px: 0.826397, 3px: 0.904799, 5px: 0.926153
[  5100,  0.0000855]     0.6865,     0.8073,     0.8423,     9.9998, 
[  5200,  0.0000871]     0.6967,     0.8117,     0.8444,    10.7849, 
[  5300,  0.0000887]     0.6819,     0.8010,     0.8349,    12.0894, 
[  5400,  0.0000903]     0.6981,     0.8151,     0.8470,     9.5079, 
[  5500,  0.0000919]     0.7158,     0.8288,     0.8608,     8.3157, 
[  5600,  0.0000935]     0.7004,     0.8202,     0.8532,     8.8760, 
[  5700,  0.0000951]     0.6780,     0.8023,     0.8375,    10.8160, 
[  5800,  0.0000967]     0.6991,     0.8141,     0.8455,    10.3854, 
[  5900,  0.0000983]     0.6844,     0.8013,     0.8342,    12.1189, 
[  6000,  0.0000999]     0.6939,     0.8108,     0.8428,    11.0497, 
[  6100,  0.0000999]     0.6842,     0.7985,     0.8310,    11.6390, 
[  6200,  0.0000998]     0.6997,     0.8150,     0.8478,     9.2086, 
[  6300,  0.0000997]     0.6999,     0.8149,     0.8486,     8.9835, 
[  6400,  0.0000997]     0.6908,     0.8134,     0.8477,     8.6820, 
[  6500,  0.0000996]     0.7170,     0.8313,     0.8623,     8.8258, 
[  6600,  0.0000995]     0.7015,     0.8191,     0.8519,    10.4206, 
[  6700,  0.0000994]     0.6929,     0.8122,     0.8461,     9.5958, 
[  6800,  0.0000993]     0.6984,     0.8183,     0.8517,     9.8340, 
[  6900,  0.0000992]     0.6793,     0.8003,     0.8351,    11.1129, 
[  7000,  0.0000991]     0.7094,     0.8270,     0.8599,     8.8156, 
[  7100,  0.0000990]     0.7019,     0.8170,     0.8501,     9.5961, 
[  7200,  0.0000990]     0.6980,     0.8172,     0.8501,     9.6373, 
[  7300,  0.0000989]     0.6987,     0.8154,     0.8481,     9.5520, 
[  7400,  0.0000988]     0.7034,     0.8186,     0.8517,     8.9295, 
[  7500,  0.0000987]     0.7094,     0.8243,     0.8565,     9.7849, 
[  7600,  0.0000986]     0.7082,     0.8225,     0.8545,     9.0531, 
[  7700,  0.0000985]     0.6942,     0.8134,     0.8469,    10.0094, 
[  7800,  0.0000984]     0.6940,     0.8092,     0.8419,    11.7050, 
[  7900,  0.0000983]     0.7056,     0.8202,     0.8520,    10.0474, 
[  8000,  0.0000983]     0.6931,     0.8134,     0.8485,     9.4554, 
[  8100,  0.0000982]     0.7069,     0.8244,     0.8576,     7.8438, 
[  8200,  0.0000981]     0.7072,     0.8257,     0.8584,     9.4322, 
[  8300,  0.0000980]     0.6934,     0.8104,     0.8448,    11.0380, 
[  8400,  0.0000979]     0.6948,     0.8096,     0.8433,    11.0153, 
[  8500,  0.0000978]     0.6876,     0.8092,     0.8430,    10.5495, 
[  8600,  0.0000977]     0.6874,     0.8037,     0.8378,    10.9672, 
[  8700,  0.0000976]     0.6842,     0.8082,     0.8425,     9.6002, 
[  8800,  0.0000976]     0.6989,     0.8181,     0.8499,     9.7103, 
[  8900,  0.0000975]     0.7041,     0.8241,     0.8578,     7.9499, 
[  9000,  0.0000974]     0.7087,     0.8243,     0.8581,     8.1439, 
[  9100,  0.0000973]     0.7051,     0.8204,     0.8519,    10.0010, 
[  9200,  0.0000972]     0.7036,     0.8185,     0.8508,    10.3099, 
[  9300,  0.0000971]     0.6921,     0.8113,     0.8450,     9.1118, 
[  9400,  0.0000970]     0.7022,     0.8176,     0.8501,     9.7065, 
[  9500,  0.0000969]     0.7097,     0.8263,     0.8590,     8.4849, 
[  9600,  0.0000968]     0.7094,     0.8219,     0.8540,    10.2220, 
[  9700,  0.0000968]     0.6893,     0.8041,     0.8383,    10.1877, 
[  9800,  0.0000967]     0.6962,     0.8161,     0.8494,     9.0197, 
[  9900,  0.0000966]     0.7066,     0.8201,     0.8524,     9.6286, 
[ 10000,  0.0000965]     0.7075,     0.8261,     0.8587,     8.2116, 
Validation (clean) EPE: 1.786415, 1px: 0.879537, 3px: 0.946411, 5px: 0.961222
Validation (final) EPE: 3.297615, 1px: 0.832007, 3px: 0.906906, 5px: 0.927916
[ 10100,  0.0000964]     0.7058,     0.8187,     0.8512,     9.6491, 
[ 10200,  0.0000963]     0.7099,     0.8252,     0.8573,     7.6029, 
[ 10300,  0.0000962]     0.6868,     0.8060,     0.8397,    10.1896, 
[ 10400,  0.0000961]     0.6962,     0.8149,     0.8472,    10.9755, 
[ 10500,  0.0000961]     0.7055,     0.8249,     0.8579,     8.4538, 
[ 10600,  0.0000960]     0.7065,     0.8222,     0.8554,     8.9795, 
[ 10700,  0.0000959]     0.6883,     0.8095,     0.8450,     9.5628, 
[ 10800,  0.0000958]     0.7205,     0.8333,     0.8647,     7.8777, 
[ 10900,  0.0000957]     0.7104,     0.8220,     0.8541,     9.8846, 
[ 11000,  0.0000956]     0.6799,     0.8028,     0.8383,    10.8388, 
[ 11100,  0.0000955]     0.7152,     0.8282,     0.8589,     9.3362, 
[ 11200,  0.0000954]     0.7046,     0.8196,     0.8519,     9.6906, 
[ 11300,  0.0000954]     0.7180,     0.8324,     0.8644,     7.9159, 
[ 11400,  0.0000953]     0.7127,     0.8246,     0.8561,    10.6376, 
[ 11500,  0.0000952]     0.7071,     0.8174,     0.8494,    10.7781, 
[ 11600,  0.0000951]     0.7107,     0.8248,     0.8565,     9.1852, 
[ 11700,  0.0000950]     0.6891,     0.8036,     0.8369,    10.8670, 
[ 11800,  0.0000949]     0.6965,     0.8070,     0.8393,    12.0417, 
[ 11900,  0.0000948]     0.7110,     0.8261,     0.8573,     9.3218, 
[ 12000,  0.0000947]     0.6950,     0.8092,     0.8421,    11.4761, 
[ 12100,  0.0000947]     0.7244,     0.8383,     0.8698,     7.1870, 
[ 12200,  0.0000946]     0.6914,     0.8091,     0.8429,    10.3773, 
[ 12300,  0.0000945]     0.7149,     0.8291,     0.8603,     8.8223, 
[ 12400,  0.0000944]     0.6959,     0.8133,     0.8458,     9.7779, 
[ 12500,  0.0000943]     0.7067,     0.8229,     0.8551,    10.1473, 
[ 12600,  0.0000942]     0.7090,     0.8255,     0.8584,     7.9484, 
[ 12700,  0.0000941]     0.7043,     0.8191,     0.8506,     9.2029, 
[ 12800,  0.0000940]     0.7157,     0.8284,     0.8602,     8.7271, 
[ 12900,  0.0000940]     0.7117,     0.8247,     0.8570,     8.7757, 
[ 13000,  0.0000939]     0.6971,     0.8147,     0.8481,     9.7093, 
[ 13100,  0.0000938]     0.7154,     0.8295,     0.8610,     8.1990, 
[ 13200,  0.0000937]     0.7074,     0.8185,     0.8496,    10.8012, 
[ 13300,  0.0000936]     0.6980,     0.8196,     0.8532,     8.9258, 
[ 13400,  0.0000935]     0.6787,     0.8006,     0.8351,    11.6540, 
[ 13500,  0.0000934]     0.6888,     0.8069,     0.8400,    11.1578, 
[ 13600,  0.0000933]     0.7203,     0.8324,     0.8647,     8.4207, 
[ 13700,  0.0000933]     0.6993,     0.8125,     0.8451,    10.9807, 
[ 13800,  0.0000932]     0.6972,     0.8149,     0.8477,    10.2872, 
[ 13900,  0.0000931]     0.7166,     0.8296,     0.8611,     7.7983, 
[ 14000,  0.0000930]     0.7015,     0.8200,     0.8541,     8.5724, 
[ 14100,  0.0000929]     0.7068,     0.8257,     0.8582,    10.2870, 
[ 14200,  0.0000928]     0.7099,     0.8230,     0.8555,     8.8985, 
[ 14300,  0.0000927]     0.7105,     0.8225,     0.8543,     8.7546, 
[ 14400,  0.0000926]     0.6928,     0.8094,     0.8427,    11.4496, 
[ 14500,  0.0000926]     0.7185,     0.8308,     0.8626,     8.1118, 
[ 14600,  0.0000925]     0.6993,     0.8161,     0.8497,    10.0614, 
[ 14700,  0.0000924]     0.7099,     0.8253,     0.8577,     8.5586, 
[ 14800,  0.0000923]     0.6941,     0.8139,     0.8484,     9.1513, 
[ 14900,  0.0000922]     0.7067,     0.8253,     0.8589,     8.0631, 
[ 15000,  0.0000921]     0.7358,     0.8485,     0.8803,     6.0546, 
Validation (clean) EPE: 1.846808, 1px: 0.884541, 3px: 0.948511, 5px: 0.962651
Validation (final) EPE: 3.116191, 1px: 0.836603, 3px: 0.911777, 5px: 0.932535
[ 15100,  0.0000920]     0.7145,     0.8246,     0.8567,     8.1380, 
[ 15200,  0.0000919]     0.7052,     0.8209,     0.8545,     8.4461, 
[ 15300,  0.0000919]     0.7149,     0.8306,     0.8633,     8.7668, 
[ 15400,  0.0000918]     0.7120,     0.8241,     0.8566,     9.7537, 
[ 15500,  0.0000917]     0.7075,     0.8231,     0.8562,     9.6911, 
[ 15600,  0.0000916]     0.6995,     0.8148,     0.8470,    11.3840, 
[ 15700,  0.0000915]     0.7038,     0.8170,     0.8484,    10.3088, 
[ 15800,  0.0000914]     0.7090,     0.8223,     0.8545,    10.0437, 
[ 15900,  0.0000913]     0.7079,     0.8197,     0.8517,     9.8955, 
[ 16000,  0.0000912]     0.7183,     0.8307,     0.8630,     8.2879, 
[ 16100,  0.0000912]     0.7000,     0.8148,     0.8485,     9.4529, 
[ 16200,  0.0000911]     0.6909,     0.8140,     0.8486,    10.0489, 
[ 16300,  0.0000910]     0.7203,     0.8342,     0.8667,     7.5144, 
[ 16400,  0.0000909]     0.7150,     0.8302,     0.8628,     8.2986, 
[ 16500,  0.0000908]     0.7112,     0.8250,     0.8571,     7.8366, 
[ 16600,  0.0000907]     0.6992,     0.8144,     0.8475,    10.5725, 
[ 16700,  0.0000906]     0.7151,     0.8261,     0.8587,     8.2847, 
[ 16800,  0.0000905]     0.7163,     0.8291,     0.8611,     7.9485, 
[ 16900,  0.0000905]     0.7156,     0.8258,     0.8569,     9.8424, 
[ 17000,  0.0000904]     0.7129,     0.8253,     0.8577,     8.9718, 
[ 17100,  0.0000903]     0.6986,     0.8136,     0.8465,     9.0812, 
[ 17200,  0.0000902]     0.6944,     0.8125,     0.8469,    10.0778, 
[ 17300,  0.0000901]     0.7139,     0.8255,     0.8570,     8.4288, 
[ 17400,  0.0000900]     0.7009,     0.8187,     0.8515,     9.2797, 
[ 17500,  0.0000899]     0.7031,     0.8150,     0.8481,     9.9400, 
[ 17600,  0.0000898]     0.7082,     0.8243,     0.8573,     9.1957, 
[ 17700,  0.0000897]     0.7132,     0.8286,     0.8615,     7.8472, 
[ 17800,  0.0000897]     0.7006,     0.8155,     0.8498,     8.6407, 
[ 17900,  0.0000896]     0.7121,     0.8256,     0.8578,     7.8717, 
[ 18000,  0.0000895]     0.7150,     0.8295,     0.8617,     8.5749, 
[ 18100,  0.0000894]     0.7204,     0.8341,     0.8662,     6.8320, 
[ 18200,  0.0000893]     0.7140,     0.8283,     0.8601,     8.6785, 
[ 18300,  0.0000892]     0.7220,     0.8349,     0.8667,     8.0127, 
[ 18400,  0.0000891]     0.7230,     0.8335,     0.8647,     8.3944, 
[ 18500,  0.0000890]     0.7125,     0.8273,     0.8602,     7.8585, 
[ 18600,  0.0000890]     0.7036,     0.8190,     0.8516,    10.3565, 
[ 18700,  0.0000889]     0.7072,     0.8221,     0.8546,     8.9287, 
[ 18800,  0.0000888]     0.7129,     0.8275,     0.8592,     9.3860, 
[ 18900,  0.0000887]     0.7186,     0.8337,     0.8661,     7.7067, 
[ 19000,  0.0000886]     0.6996,     0.8123,     0.8451,    11.2085, 
[ 19100,  0.0000885]     0.7254,     0.8372,     0.8672,     8.7502, 
[ 19200,  0.0000884]     0.7130,     0.8295,     0.8633,     7.4278, 
[ 19300,  0.0000883]     0.7216,     0.8354,     0.8674,     7.5253, 
[ 19400,  0.0000883]     0.7235,     0.8318,     0.8633,     7.9780, 
[ 19500,  0.0000882]     0.7083,     0.8242,     0.8559,     9.1194, 
[ 19600,  0.0000881]     0.7130,     0.8263,     0.8585,     8.8959, 
[ 19700,  0.0000880]     0.7301,     0.8424,     0.8732,     7.4832, 
[ 19800,  0.0000879]     0.7134,     0.8252,     0.8573,     9.1914, 
[ 19900,  0.0000878]     0.7047,     0.8216,     0.8543,     8.6104, 
[ 20000,  0.0000877]     0.7310,     0.8407,     0.8715,     6.2466, 
Validation (clean) EPE: 1.706668, 1px: 0.885126, 3px: 0.949075, 5px: 0.963294
Validation (final) EPE: 3.137248, 1px: 0.837401, 3px: 0.910204, 5px: 0.930762
[ 20100,  0.0000876]     0.7106,     0.8236,     0.8563,     8.6839, 
[ 20200,  0.0000876]     0.6995,     0.8160,     0.8501,     9.9397, 
[ 20300,  0.0000875]     0.7199,     0.8332,     0.8648,     9.1606, 
[ 20400,  0.0000874]     0.7310,     0.8398,     0.8707,     7.3966, 
[ 20500,  0.0000873]     0.6953,     0.8085,     0.8423,    11.0026, 
[ 20600,  0.0000872]     0.7162,     0.8284,     0.8604,     8.1464, 
[ 20700,  0.0000871]     0.7145,     0.8265,     0.8590,     8.4787, 
[ 20800,  0.0000870]     0.7235,     0.8350,     0.8672,     7.4949, 
[ 20900,  0.0000869]     0.7295,     0.8414,     0.8726,     6.7782, 
[ 21000,  0.0000869]     0.7056,     0.8195,     0.8529,     8.6839, 
[ 21100,  0.0000868]     0.6997,     0.8158,     0.8493,     9.8108, 
[ 21200,  0.0000867]     0.7092,     0.8272,     0.8601,     8.3196, 
[ 21300,  0.0000866]     0.7143,     0.8268,     0.8602,     8.2438, 
[ 21400,  0.0000865]     0.7279,     0.8411,     0.8719,     7.5020, 
[ 21500,  0.0000864]     0.7145,     0.8276,     0.8593,     9.3914, 
[ 21600,  0.0000863]     0.7067,     0.8233,     0.8563,     8.8411, 
[ 21700,  0.0000862]     0.7155,     0.8314,     0.8643,     8.5693, 
[ 21800,  0.0000862]     0.7034,     0.8142,     0.8466,    10.3490, 
[ 21900,  0.0000861]     0.7151,     0.8271,     0.8591,     8.0405, 
[ 22000,  0.0000860]     0.7247,     0.8361,     0.8678,     7.0148, 
[ 22100,  0.0000859]     0.7255,     0.8340,     0.8651,     8.3984, 
[ 22200,  0.0000858]     0.7046,     0.8236,     0.8585,     8.0783, 
[ 22300,  0.0000857]     0.7106,     0.8249,     0.8578,     8.5141, 
[ 22400,  0.0000856]     0.7076,     0.8214,     0.8547,     8.1249, 
[ 22500,  0.0000855]     0.7129,     0.8293,     0.8635,     7.7663, 
[ 22600,  0.0000855]     0.6978,     0.8105,     0.8431,    11.2501, 
[ 22700,  0.0000854]     0.7125,     0.8270,     0.8606,     8.0987, 
[ 22800,  0.0000853]     0.7096,     0.8244,     0.8572,     8.6470, 
[ 22900,  0.0000852]     0.7227,     0.8356,     0.8679,     7.5920, 
[ 23000,  0.0000851]     0.7210,     0.8333,     0.8650,     7.7629, 
[ 23100,  0.0000850]     0.7133,     0.8260,     0.8589,     7.5800, 
[ 23200,  0.0000849]     0.7111,     0.8268,     0.8604,     9.0895, 
[ 23300,  0.0000848]     0.7262,     0.8383,     0.8689,     8.0272, 
[ 23400,  0.0000848]     0.6949,     0.8144,     0.8483,    10.3470, 
[ 23500,  0.0000847]     0.7268,     0.8402,     0.8718,     7.0543, 
[ 23600,  0.0000846]     0.6969,     0.8159,     0.8501,     9.4453, 
[ 23700,  0.0000845]     0.7120,     0.8236,     0.8552,     9.4814, 
[ 23800,  0.0000844]     0.7059,     0.8186,     0.8515,     8.8367, 
[ 23900,  0.0000843]     0.7190,     0.8310,     0.8627,     8.5326, 
[ 24000,  0.0000842]     0.7095,     0.8226,     0.8552,     8.9888, 
[ 24100,  0.0000841]     0.7144,     0.8272,     0.8589,     9.6113, 
[ 24200,  0.0000841]     0.7134,     0.8331,     0.8675,     6.6869, 
[ 24300,  0.0000840]     0.7207,     0.8331,     0.8645,     7.6634, 
[ 24400,  0.0000839]     0.7119,     0.8261,     0.8595,     7.6372, 
[ 24500,  0.0000838]     0.7214,     0.8350,     0.8668,     8.1713, 
[ 24600,  0.0000837]     0.7096,     0.8219,     0.8546,     8.9620, 
[ 24700,  0.0000836]     0.7047,     0.8199,     0.8522,     9.2494, 
[ 24800,  0.0000835]     0.7161,     0.8330,     0.8662,     8.0975, 
[ 24900,  0.0000834]     0.6918,     0.8068,     0.8404,    10.3986, 
[ 25000,  0.0000834]     0.7003,     0.8135,     0.8459,    11.0338, 
Validation (clean) EPE: 1.749003, 1px: 0.885843, 3px: 0.949528, 5px: 0.963527
Validation (final) EPE: 3.066465, 1px: 0.837693, 3px: 0.911288, 5px: 0.931715
[ 25100,  0.0000833]     0.7322,     0.8416,     0.8718,     8.7409, 
[ 25200,  0.0000832]     0.6988,     0.8149,     0.8491,     9.3042, 
[ 25300,  0.0000831]     0.7013,     0.8149,     0.8482,    10.5403, 
[ 25400,  0.0000830]     0.7231,     0.8375,     0.8686,     7.3734, 
[ 25500,  0.0000829]     0.7216,     0.8323,     0.8634,     7.1863, 
[ 25600,  0.0000828]     0.7270,     0.8365,     0.8677,     8.1837, 
[ 25700,  0.0000827]     0.7176,     0.8350,     0.8684,     7.4012, 
[ 25800,  0.0000827]     0.7160,     0.8294,     0.8617,     7.9589, 
[ 25900,  0.0000826]     0.7187,     0.8293,     0.8606,     9.2300, 
[ 26000,  0.0000825]     0.7173,     0.8301,     0.8623,     8.6252, 
[ 26100,  0.0000824]     0.7163,     0.8311,     0.8642,     7.7112, 
[ 26200,  0.0000823]     0.7199,     0.8334,     0.8663,     7.1870, 
[ 26300,  0.0000822]     0.7038,     0.8179,     0.8519,     8.9611, 
[ 26400,  0.0000821]     0.7099,     0.8247,     0.8583,     8.8095, 
[ 26500,  0.0000820]     0.7150,     0.8283,     0.8606,     7.7567, 
[ 26600,  0.0000819]     0.7010,     0.8191,     0.8539,     8.6771, 
[ 26700,  0.0000819]     0.7125,     0.8275,     0.8614,     6.9327, 
[ 26800,  0.0000818]     0.7186,     0.8327,     0.8655,     7.8482, 
[ 26900,  0.0000817]     0.7107,     0.8259,     0.8583,     8.0543, 
[ 27000,  0.0000816]     0.7309,     0.8418,     0.8731,     6.9841, 
[ 27100,  0.0000815]     0.7164,     0.8293,     0.8617,     8.0580, 
[ 27200,  0.0000814]     0.7215,     0.8309,     0.8614,     9.5394, 
[ 27300,  0.0000813]     0.7235,     0.8355,     0.8675,     7.4815, 
[ 27400,  0.0000812]     0.7321,     0.8423,     0.8734,     7.3230, 
[ 27500,  0.0000812]     0.7137,     0.8267,     0.8585,     9.4357, 
[ 27600,  0.0000811]     0.7131,     0.8264,     0.8592,     8.6098, 
[ 27700,  0.0000810]     0.7229,     0.8363,     0.8673,     7.8756, 
[ 27800,  0.0000809]     0.7137,     0.8264,     0.8592,     7.5906, 
[ 27900,  0.0000808]     0.7261,     0.8383,     0.8706,     7.3717, 
[ 28000,  0.0000807]     0.7209,     0.8295,     0.8603,     8.9246, 
[ 28100,  0.0000806]     0.7097,     0.8209,     0.8536,    10.2713, 
[ 28200,  0.0000805]     0.7286,     0.8364,     0.8670,     9.1772, 
[ 28300,  0.0000805]     0.7167,     0.8271,     0.8602,     8.4360, 
[ 28400,  0.0000804]     0.7113,     0.8253,     0.8581,     8.6015, 
[ 28500,  0.0000803]     0.7378,     0.8434,     0.8732,     8.2092, 
[ 28600,  0.0000802]     0.7062,     0.8194,     0.8527,     9.2627, 
[ 28700,  0.0000801]     0.7284,     0.8379,     0.8689,     7.8939, 
[ 28800,  0.0000800]     0.7017,     0.8196,     0.8542,     8.9126, 
[ 28900,  0.0000799]     0.7093,     0.8204,     0.8528,     9.8251, 
[ 29000,  0.0000798]     0.7146,     0.8228,     0.8537,     8.5152, 
[ 29100,  0.0000798]     0.7314,     0.8430,     0.8741,     6.4231, 
[ 29200,  0.0000797]     0.7333,     0.8416,     0.8716,     6.5106, 
[ 29300,  0.0000796]     0.7181,     0.8326,     0.8660,     8.2265, 
[ 29400,  0.0000795]     0.7343,     0.8402,     0.8709,     7.8547, 
[ 29500,  0.0000794]     0.7389,     0.8480,     0.8789,     6.1840, 
[ 29600,  0.0000793]     0.7139,     0.8236,     0.8552,     9.3955, 
[ 29700,  0.0000792]     0.7261,     0.8355,     0.8667,     8.9166, 
[ 29800,  0.0000791]     0.7044,     0.8211,     0.8541,     8.1278, 
[ 29900,  0.0000791]     0.7182,     0.8305,     0.8623,     8.8722, 
[ 30000,  0.0000790]     0.7130,     0.8273,     0.8608,     7.3399, 
Validation (clean) EPE: 1.769263, 1px: 0.887924, 3px: 0.949805, 5px: 0.963759
Validation (final) EPE: 3.085114, 1px: 0.837501, 3px: 0.909882, 5px: 0.930496
[ 30100,  0.0000789]     0.7127,     0.8245,     0.8567,     7.9226, 
[ 30200,  0.0000788]     0.7411,     0.8476,     0.8768,     6.6991, 
[ 30300,  0.0000787]     0.7091,     0.8195,     0.8518,    10.6465, 
[ 30400,  0.0000786]     0.7187,     0.8288,     0.8613,     8.7760, 
[ 30500,  0.0000785]     0.7159,     0.8262,     0.8577,     9.9691, 
[ 30600,  0.0000784]     0.7283,     0.8364,     0.8676,     8.4461, 
[ 30700,  0.0000784]     0.7061,     0.8196,     0.8526,     9.8414, 
[ 30800,  0.0000783]     0.7038,     0.8203,     0.8536,     8.5970, 
[ 30900,  0.0000782]     0.7070,     0.8237,     0.8586,     8.2224, 
[ 31000,  0.0000781]     0.7215,     0.8357,     0.8680,     7.2305, 
[ 31100,  0.0000780]     0.7218,     0.8293,     0.8596,     9.4900, 
[ 31200,  0.0000779]     0.7190,     0.8331,     0.8644,     9.7719, 
[ 31300,  0.0000778]     0.7245,     0.8312,     0.8612,     8.6606, 
[ 31400,  0.0000777]     0.7077,     0.8209,     0.8557,     9.1130, 
[ 31500,  0.0000777]     0.7153,     0.8266,     0.8592,     7.8726, 
[ 31600,  0.0000776]     0.7065,     0.8197,     0.8531,    10.0054, 
[ 31700,  0.0000775]     0.7188,     0.8312,     0.8630,     8.9508, 
[ 31800,  0.0000774]     0.7125,     0.8282,     0.8609,     8.1781, 
[ 31900,  0.0000773]     0.7318,     0.8379,     0.8675,     9.0332, 
[ 32000,  0.0000772]     0.7145,     0.8278,     0.8593,     8.8488, 
[ 32100,  0.0000771]     0.7080,     0.8189,     0.8509,    10.2583, 
[ 32200,  0.0000770]     0.7168,     0.8274,     0.8611,     8.4256, 
[ 32300,  0.0000770]     0.7158,     0.8277,     0.8597,     8.8146, 
[ 32400,  0.0000769]     0.7143,     0.8296,     0.8627,     8.6055, 
[ 32500,  0.0000768]     0.7340,     0.8435,     0.8736,     7.3836, 
[ 32600,  0.0000767]     0.7340,     0.8416,     0.8731,     6.5109, 
[ 32700,  0.0000766]     0.7220,     0.8338,     0.8654,     6.9514, 
[ 32800,  0.0000765]     0.7338,     0.8400,     0.8709,     6.5301, 
[ 32900,  0.0000764]     0.7141,     0.8281,     0.8610,     7.3551, 
[ 33000,  0.0000763]     0.7229,     0.8370,     0.8688,     7.9035, 
[ 33100,  0.0000763]     0.7260,     0.8362,     0.8674,     8.3644, 
[ 33200,  0.0000762]     0.7331,     0.8410,     0.8726,     7.4705, 
[ 33300,  0.0000761]     0.7261,     0.8340,     0.8654,     7.8266, 
[ 33400,  0.0000760]     0.7174,     0.8327,     0.8654,     7.9433, 
[ 33500,  0.0000759]     0.7225,     0.8299,     0.8613,     8.5939, 
[ 33600,  0.0000758]     0.7161,     0.8266,     0.8597,     8.3506, 
[ 33700,  0.0000757]     0.7203,     0.8327,     0.8649,     8.2508, 
[ 33800,  0.0000756]     0.7357,     0.8408,     0.8713,     8.4483, 
[ 33900,  0.0000756]     0.7245,     0.8348,     0.8667,     9.9182, 
[ 34000,  0.0000755]     0.7239,     0.8362,     0.8670,     8.5669, 
[ 34100,  0.0000754]     0.7310,     0.8421,     0.8734,     7.6398, 
[ 34200,  0.0000753]     0.6903,     0.8058,     0.8403,     9.8200, 
[ 34300,  0.0000752]     0.7021,     0.8194,     0.8540,     9.2084, 
[ 34400,  0.0000751]     0.7239,     0.8353,     0.8672,     8.2545, 
[ 34500,  0.0000750]     0.7177,     0.8288,     0.8609,     7.8961, 
[ 34600,  0.0000749]     0.7183,     0.8319,     0.8642,     8.2866, 
[ 34700,  0.0000749]     0.7138,     0.8293,     0.8622,     7.5348, 
[ 34800,  0.0000748]     0.7216,     0.8295,     0.8602,     7.5418, 
[ 34900,  0.0000747]     0.7198,     0.8313,     0.8628,     7.8599, 
[ 35000,  0.0000746]     0.7319,     0.8378,     0.8678,     7.8061, 
Validation (clean) EPE: 1.607332, 1px: 0.889664, 3px: 0.951080, 5px: 0.964690
Validation (final) EPE: 3.117183, 1px: 0.838490, 3px: 0.909597, 5px: 0.930485
[ 35100,  0.0000745]     0.7152,     0.8302,     0.8639,     8.5178, 
[ 35200,  0.0000744]     0.7333,     0.8420,     0.8733,     7.2674, 
[ 35300,  0.0000743]     0.7324,     0.8396,     0.8702,     7.8867, 
[ 35400,  0.0000742]     0.7266,     0.8366,     0.8686,     7.6953, 
[ 35500,  0.0000741]     0.7105,     0.8240,     0.8557,     8.8335, 
[ 35600,  0.0000741]     0.7253,     0.8379,     0.8702,     6.9404, 
[ 35700,  0.0000740]     0.7053,     0.8186,     0.8522,     9.7347, 
[ 35800,  0.0000739]     0.7375,     0.8465,     0.8768,     7.0021, 
[ 35900,  0.0000738]     0.7147,     0.8296,     0.8638,     8.4670, 
[ 36000,  0.0000737]     0.7303,     0.8356,     0.8654,     8.4490, 
[ 36100,  0.0000736]     0.7280,     0.8369,     0.8685,     8.9710, 
[ 36200,  0.0000735]     0.7248,     0.8355,     0.8679,     7.8054, 
[ 36300,  0.0000734]     0.7205,     0.8275,     0.8592,     8.4351, 
[ 36400,  0.0000734]     0.7417,     0.8491,     0.8801,     6.6580, 
[ 36500,  0.0000733]     0.7355,     0.8414,     0.8707,     8.4231, 
[ 36600,  0.0000732]     0.7293,     0.8403,     0.8726,     6.8263, 
[ 36700,  0.0000731]     0.7016,     0.8218,     0.8563,     8.0356, 
[ 36800,  0.0000730]     0.7336,     0.8433,     0.8743,     7.0692, 
[ 36900,  0.0000729]     0.7185,     0.8369,     0.8704,     7.8317, 
[ 37000,  0.0000728]     0.7412,     0.8504,     0.8809,     6.5353, 
[ 37100,  0.0000727]     0.7198,     0.8315,     0.8640,     9.4917, 
[ 37200,  0.0000727]     0.7110,     0.8277,     0.8591,     8.2704, 
[ 37300,  0.0000726]     0.7231,     0.8371,     0.8679,     7.9849, 
[ 37400,  0.0000725]     0.7162,     0.8298,     0.8616,     8.0186, 
[ 37500,  0.0000724]     0.7089,     0.8231,     0.8563,     7.6844, 
[ 37600,  0.0000723]     0.7229,     0.8298,     0.8613,     9.3181, 
[ 37700,  0.0000722]     0.7030,     0.8200,     0.8530,    10.5995, 
[ 37800,  0.0000721]     0.7274,     0.8395,     0.8713,     7.5506, 
[ 37900,  0.0000720]     0.7255,     0.8379,     0.8699,     7.8288, 
[ 38000,  0.0000720]     0.7192,     0.8314,     0.8631,     8.2948, 
[ 38100,  0.0000719]     0.7243,     0.8297,     0.8616,     9.4456, 
[ 38200,  0.0000718]     0.7134,     0.8272,     0.8588,     8.2324, 
[ 38300,  0.0000717]     0.7330,     0.8435,     0.8752,     7.0058, 
[ 38400,  0.0000716]     0.7199,     0.8335,     0.8668,     7.6199, 
[ 38500,  0.0000715]     0.7248,     0.8330,     0.8646,     8.0887, 
[ 38600,  0.0000714]     0.7240,     0.8324,     0.8643,     9.2504, 
[ 38700,  0.0000713]     0.7199,     0.8351,     0.8674,     8.2132, 
[ 38800,  0.0000713]     0.7170,     0.8249,     0.8563,     9.3486, 
[ 38900,  0.0000712]     0.7278,     0.8354,     0.8669,     7.8456, 
[ 39000,  0.0000711]     0.7180,     0.8287,     0.8608,     8.3061, 
[ 39100,  0.0000710]     0.7261,     0.8340,     0.8655,     8.1447, 
[ 39200,  0.0000709]     0.7376,     0.8469,     0.8764,     7.0384, 
[ 39300,  0.0000708]     0.7274,     0.8404,     0.8726,     6.3754, 
[ 39400,  0.0000707]     0.7337,     0.8428,     0.8731,     7.1611, 
[ 39500,  0.0000706]     0.7195,     0.8294,     0.8610,     9.1879, 
[ 39600,  0.0000706]     0.7345,     0.8416,     0.8718,     8.4824, 
[ 39700,  0.0000705]     0.7221,     0.8303,     0.8619,    10.4850, 
[ 39800,  0.0000704]     0.7299,     0.8368,     0.8669,     7.6744, 
[ 39900,  0.0000703]     0.7227,     0.8326,     0.8635,     8.3043, 
[ 40000,  0.0000702]     0.7268,     0.8351,     0.8665,     7.4215, 
Validation (clean) EPE: 1.661358, 1px: 0.891048, 3px: 0.951664, 5px: 0.965225
Validation (final) EPE: 2.997547, 1px: 0.841275, 3px: 0.912743, 5px: 0.932962
[ 40100,  0.0000701]     0.7310,     0.8439,     0.8750,     6.4864, 
[ 40200,  0.0000700]     0.7353,     0.8453,     0.8767,     6.6917, 
[ 40300,  0.0000699]     0.7201,     0.8280,     0.8595,     8.7170, 
[ 40400,  0.0000699]     0.7256,     0.8357,     0.8667,     7.9352, 
[ 40500,  0.0000698]     0.7247,     0.8335,     0.8659,     7.6812, 
[ 40600,  0.0000697]     0.7240,     0.8332,     0.8645,     8.4114, 
[ 40700,  0.0000696]     0.7323,     0.8395,     0.8702,     7.0265, 
[ 40800,  0.0000695]     0.7368,     0.8408,     0.8702,     8.6498, 
[ 40900,  0.0000694]     0.7314,     0.8414,     0.8723,     7.3134, 
[ 41000,  0.0000693]     0.7198,     0.8287,     0.8604,     7.9029, 
[ 41100,  0.0000692]     0.7210,     0.8338,     0.8672,     7.4613, 
[ 41200,  0.0000692]     0.7305,     0.8387,     0.8697,     6.3981, 
[ 41300,  0.0000691]     0.7199,     0.8344,     0.8668,     7.4705, 
[ 41400,  0.0000690]     0.7372,     0.8413,     0.8714,     7.9216, 
[ 41500,  0.0000689]     0.7118,     0.8197,     0.8519,     8.9706, 
[ 41600,  0.0000688]     0.7268,     0.8340,     0.8657,     7.0628, 
[ 41700,  0.0000687]     0.7301,     0.8388,     0.8692,     9.0575, 
[ 41800,  0.0000686]     0.7172,     0.8272,     0.8590,     8.6152, 
[ 41900,  0.0000685]     0.7430,     0.8471,     0.8758,     8.2480, 
[ 42000,  0.0000685]     0.7300,     0.8420,     0.8735,     6.1375, 
[ 42100,  0.0000684]     0.7252,     0.8359,     0.8680,     7.9112, 
[ 42200,  0.0000683]     0.7228,     0.8329,     0.8645,     8.6008, 
[ 42300,  0.0000682]     0.7210,     0.8344,     0.8665,     8.2589, 
[ 42400,  0.0000681]     0.7261,     0.8362,     0.8685,     7.7077, 
[ 42500,  0.0000680]     0.7279,     0.8396,     0.8708,     7.0346, 
[ 42600,  0.0000679]     0.7272,     0.8325,     0.8623,     9.2304, 
[ 42700,  0.0000678]     0.7102,     0.8260,     0.8593,     8.9955, 
[ 42800,  0.0000678]     0.7265,     0.8376,     0.8690,     9.3095, 
[ 42900,  0.0000677]     0.7198,     0.8315,     0.8638,     8.0928, 
[ 43000,  0.0000676]     0.7314,     0.8385,     0.8692,     6.5707, 
[ 43100,  0.0000675]     0.7317,     0.8376,     0.8686,     7.7754, 
[ 43200,  0.0000674]     0.7283,     0.8393,     0.8709,     7.7788, 
[ 43300,  0.0000673]     0.7419,     0.8496,     0.8800,     6.4839, 
[ 43400,  0.0000672]     0.7279,     0.8394,     0.8710,     7.1595, 
[ 43500,  0.0000671]     0.7298,     0.8379,     0.8688,     6.8564, 
[ 43600,  0.0000670]     0.7336,     0.8395,     0.8705,     7.3030, 
[ 43700,  0.0000670]     0.7288,     0.8364,     0.8676,     8.5921, 
[ 43800,  0.0000669]     0.7349,     0.8408,     0.8710,     7.5418, 
[ 43900,  0.0000668]     0.7330,     0.8377,     0.8678,     7.4493, 
[ 44000,  0.0000667]     0.7268,     0.8345,     0.8658,     7.2866, 
[ 44100,  0.0000666]     0.7296,     0.8404,     0.8721,     7.5050, 
[ 44200,  0.0000665]     0.7197,     0.8307,     0.8620,     8.6361, 
[ 44300,  0.0000664]     0.7231,     0.8332,     0.8649,     8.7217, 
[ 44400,  0.0000663]     0.7102,     0.8252,     0.8593,     7.9279, 
[ 44500,  0.0000663]     0.7191,     0.8306,     0.8627,     8.5543, 
[ 44600,  0.0000662]     0.7175,     0.8245,     0.8559,     8.9195, 
[ 44700,  0.0000661]     0.7142,     0.8259,     0.8575,     9.6730, 
[ 44800,  0.0000660]     0.7396,     0.8464,     0.8766,     6.2449, 
[ 44900,  0.0000659]     0.7271,     0.8361,     0.8676,     7.4664, 
[ 45000,  0.0000658]     0.7399,     0.8451,     0.8755,     6.5425, 
Validation (clean) EPE: 1.663164, 1px: 0.891533, 3px: 0.951323, 5px: 0.964930
Validation (final) EPE: 3.329933, 1px: 0.841984, 3px: 0.911433, 5px: 0.930997
[ 45100,  0.0000657]     0.7313,     0.8442,     0.8770,     6.4500, 
[ 45200,  0.0000656]     0.7215,     0.8326,     0.8647,     7.9707, 
[ 45300,  0.0000656]     0.7225,     0.8331,     0.8656,     8.1037, 
[ 45400,  0.0000655]     0.7449,     0.8489,     0.8774,     7.2132, 
[ 45500,  0.0000654]     0.7507,     0.8524,     0.8816,     7.6568, 
[ 45600,  0.0000653]     0.7269,     0.8369,     0.8694,     6.6638, 
[ 45700,  0.0000652]     0.7256,     0.8346,     0.8652,    10.2023, 
[ 45800,  0.0000651]     0.7410,     0.8444,     0.8744,     7.5039, 
[ 45900,  0.0000650]     0.7309,     0.8345,     0.8645,     8.7834, 
[ 46000,  0.0000649]     0.7113,     0.8252,     0.8587,     8.8539, 
[ 46100,  0.0000649]     0.7170,     0.8301,     0.8629,     8.0738, 
[ 46200,  0.0000648]     0.7215,     0.8337,     0.8651,     7.2623, 
[ 46300,  0.0000647]     0.7226,     0.8288,     0.8589,     9.5118, 
[ 46400,  0.0000646]     0.7135,     0.8271,     0.8605,     8.0729, 
[ 46500,  0.0000645]     0.7343,     0.8463,     0.8786,     6.0948, 
[ 46600,  0.0000644]     0.7349,     0.8430,     0.8741,     7.0327, 
[ 46700,  0.0000643]     0.7245,     0.8368,     0.8700,     7.0248, 
[ 46800,  0.0000642]     0.7222,     0.8302,     0.8594,     9.7639, 
[ 46900,  0.0000642]     0.7269,     0.8377,     0.8689,     7.7591, 
[ 47000,  0.0000641]     0.7188,     0.8267,     0.8583,     8.8903, 
[ 47100,  0.0000640]     0.7373,     0.8446,     0.8747,     6.3203, 
[ 47200,  0.0000639]     0.7286,     0.8385,     0.8699,     7.7894, 
[ 47300,  0.0000638]     0.7139,     0.8238,     0.8555,     9.0426, 
[ 47400,  0.0000637]     0.7285,     0.8347,     0.8660,     8.6794, 
[ 47500,  0.0000636]     0.7468,     0.8532,     0.8841,     6.2179, 
[ 47600,  0.0000635]     0.7178,     0.8294,     0.8624,     7.6728, 
[ 47700,  0.0000635]     0.7234,     0.8309,     0.8615,     9.8163, 
[ 47800,  0.0000634]     0.7251,     0.8329,     0.8636,     9.1095, 
[ 47900,  0.0000633]     0.7362,     0.8419,     0.8715,     7.7480, 
[ 48000,  0.0000632]     0.7156,     0.8305,     0.8650,     6.4428, 
[ 48100,  0.0000631]     0.7171,     0.8258,     0.8574,     9.9941, 
[ 48200,  0.0000630]     0.7317,     0.8351,     0.8641,     9.9667, 
[ 48300,  0.0000629]     0.7147,     0.8263,     0.8587,     9.9538, 
[ 48400,  0.0000628]     0.7292,     0.8385,     0.8688,     8.5533, 
[ 48500,  0.0000628]     0.7268,     0.8352,     0.8667,     8.1859, 
[ 48600,  0.0000627]     0.7250,     0.8348,     0.8662,     8.0347, 
[ 48700,  0.0000626]     0.7289,     0.8348,     0.8652,     8.3476, 
[ 48800,  0.0000625]     0.7226,     0.8311,     0.8627,     8.7880, 
[ 48900,  0.0000624]     0.7379,     0.8437,     0.8733,     7.4079, 
[ 49000,  0.0000623]     0.7314,     0.8383,     0.8697,     7.4955, 
[ 49100,  0.0000622]     0.7171,     0.8303,     0.8634,     8.0400, 
[ 49200,  0.0000621]     0.7255,     0.8338,     0.8648,     7.8381, 
[ 49300,  0.0000621]     0.7322,     0.8413,     0.8733,     8.6242, 
[ 49400,  0.0000620]     0.7229,     0.8287,     0.8594,     8.7479, 
[ 49500,  0.0000619]     0.7347,     0.8428,     0.8743,     6.4924, 
[ 49600,  0.0000618]     0.7295,     0.8388,     0.8701,     7.2788, 
[ 49700,  0.0000617]     0.7351,     0.8414,     0.8722,     7.9563, 
[ 49800,  0.0000616]     0.7366,     0.8465,     0.8783,     5.7548, 
[ 49900,  0.0000615]     0.7270,     0.8359,     0.8664,     7.8879, 
[ 50000,  0.0000614]     0.7419,     0.8435,     0.8729,     7.7192, 
Validation (clean) EPE: 1.705030, 1px: 0.893333, 3px: 0.952573, 5px: 0.965714
Validation (final) EPE: 3.047957, 1px: 0.841381, 3px: 0.912341, 5px: 0.932573
[ 50100,  0.0000614]     0.7321,     0.8389,     0.8697,     7.5724, 
[ 50200,  0.0000613]     0.6996,     0.8109,     0.8458,     8.6459, 
[ 50300,  0.0000612]     0.7344,     0.8421,     0.8743,     7.3260, 
[ 50400,  0.0000611]     0.7397,     0.8471,     0.8775,     6.4698, 
[ 50500,  0.0000610]     0.7349,     0.8391,     0.8683,     8.0176, 
[ 50600,  0.0000609]     0.7250,     0.8311,     0.8628,     8.2927, 
[ 50700,  0.0000608]     0.7372,     0.8471,     0.8782,     6.9219, 
[ 50800,  0.0000607]     0.7343,     0.8450,     0.8765,     6.5331, 
[ 50900,  0.0000607]     0.7263,     0.8379,     0.8692,     8.5573, 
[ 51000,  0.0000606]     0.7369,     0.8445,     0.8767,     7.2419, 
[ 51100,  0.0000605]     0.7287,     0.8342,     0.8651,     8.2586, 
[ 51200,  0.0000604]     0.7500,     0.8555,     0.8848,     7.3005, 
[ 51300,  0.0000603]     0.7480,     0.8526,     0.8827,     5.8348, 
[ 51400,  0.0000602]     0.7442,     0.8510,     0.8821,     6.3773, 
[ 51500,  0.0000601]     0.7368,     0.8409,     0.8716,     7.3166, 
[ 51600,  0.0000600]     0.7377,     0.8410,     0.8722,     6.9993, 
[ 51700,  0.0000600]     0.7404,     0.8451,     0.8744,     7.0803, 
[ 51800,  0.0000599]     0.7372,     0.8439,     0.8744,     7.1331, 
[ 51900,  0.0000598]     0.7445,     0.8522,     0.8823,     5.6090, 
[ 52000,  0.0000597]     0.7338,     0.8430,     0.8744,     6.4215, 
[ 52100,  0.0000596]     0.7236,     0.8316,     0.8630,     7.8713, 
[ 52200,  0.0000595]     0.7369,     0.8420,     0.8723,     7.9265, 
[ 52300,  0.0000594]     0.7352,     0.8410,     0.8727,     7.3077, 
[ 52400,  0.0000593]     0.7317,     0.8366,     0.8672,     7.7915, 
[ 52500,  0.0000592]     0.7269,     0.8396,     0.8712,     7.9732, 
[ 52600,  0.0000592]     0.7245,     0.8326,     0.8642,     7.9641, 
[ 52700,  0.0000591]     0.7358,     0.8439,     0.8742,     7.6495, 
[ 52800,  0.0000590]     0.7140,     0.8279,     0.8612,     8.9812, 
[ 52900,  0.0000589]     0.7192,     0.8288,     0.8619,     7.6324, 
[ 53000,  0.0000588]     0.7334,     0.8394,     0.8706,     8.2582, 
[ 53100,  0.0000587]     0.7173,     0.8257,     0.8584,     8.6535, 
[ 53200,  0.0000586]     0.7124,     0.8252,     0.8578,     8.6806, 
[ 53300,  0.0000585]     0.7238,     0.8322,     0.8644,     7.7507, 
[ 53400,  0.0000585]     0.7115,     0.8217,     0.8543,     8.5989, 
[ 53500,  0.0000584]     0.7332,     0.8387,     0.8698,     7.7957, 
[ 53600,  0.0000583]     0.7315,     0.8384,     0.8695,     8.2040, 
[ 53700,  0.0000582]     0.7348,     0.8434,     0.8748,     7.0212, 
[ 53800,  0.0000581]     0.7554,     0.8571,     0.8853,     6.1465, 
[ 53900,  0.0000580]     0.7380,     0.8449,     0.8761,     6.4826, 
[ 54000,  0.0000579]     0.7387,     0.8491,     0.8793,     7.5370, 
[ 54100,  0.0000578]     0.7164,     0.8270,     0.8590,     8.4413, 
[ 54200,  0.0000578]     0.7327,     0.8428,     0.8740,     6.7882, 
[ 54300,  0.0000577]     0.7299,     0.8394,     0.8698,     8.0060, 
[ 54400,  0.0000576]     0.7482,     0.8549,     0.8858,     5.1281, 
[ 54500,  0.0000575]     0.7415,     0.8497,     0.8805,     5.9709, 
[ 54600,  0.0000574]     0.7266,     0.8338,     0.8658,     8.4395, 
[ 54700,  0.0000573]     0.7336,     0.8424,     0.8740,     7.5167, 
[ 54800,  0.0000572]     0.7423,     0.8486,     0.8788,     7.5470, 
[ 54900,  0.0000571]     0.7091,     0.8216,     0.8543,     9.7675, 
[ 55000,  0.0000571]     0.7381,     0.8435,     0.8744,     6.8615, 
Validation (clean) EPE: 1.514040, 1px: 0.894033, 3px: 0.953085, 5px: 0.966107
Validation (final) EPE: 2.993061, 1px: 0.842797, 3px: 0.913262, 5px: 0.933411
[ 55100,  0.0000570]     0.7231,     0.8368,     0.8696,     7.9583, 
[ 55200,  0.0000569]     0.7195,     0.8237,     0.8542,     9.0115, 
[ 55300,  0.0000568]     0.7289,     0.8355,     0.8668,     7.4411, 
[ 55400,  0.0000567]     0.7269,     0.8345,     0.8666,     7.7192, 
[ 55500,  0.0000566]     0.7406,     0.8476,     0.8782,     6.3923, 
[ 55600,  0.0000565]     0.7162,     0.8288,     0.8635,     7.8355, 
[ 55700,  0.0000564]     0.7305,     0.8406,     0.8716,     7.2350, 
[ 55800,  0.0000564]     0.7151,     0.8261,     0.8585,     9.3073, 
[ 55900,  0.0000563]     0.7255,     0.8371,     0.8701,     7.6066, 
[ 56000,  0.0000562]     0.7176,     0.8274,     0.8574,     9.9878, 
[ 56100,  0.0000561]     0.7319,     0.8432,     0.8741,     6.8863, 
[ 56200,  0.0000560]     0.7340,     0.8407,     0.8714,     7.3527, 
[ 56300,  0.0000559]     0.7316,     0.8422,     0.8743,     6.4030, 
[ 56400,  0.0000558]     0.7362,     0.8480,     0.8800,     5.7489, 
[ 56500,  0.0000557]     0.7279,     0.8339,     0.8652,     8.1517, 
[ 56600,  0.0000557]     0.7442,     0.8525,     0.8831,     6.2918, 
[ 56700,  0.0000556]     0.7473,     0.8507,     0.8807,     6.4193, 
[ 56800,  0.0000555]     0.7346,     0.8422,     0.8736,     6.4195, 
[ 56900,  0.0000554]     0.7225,     0.8312,     0.8625,     9.0923, 
[ 57000,  0.0000553]     0.7259,     0.8353,     0.8671,     8.6290, 
[ 57100,  0.0000552]     0.7375,     0.8453,     0.8754,     7.0355, 
[ 57200,  0.0000551]     0.7290,     0.8355,     0.8660,     7.9276, 
[ 57300,  0.0000550]     0.7284,     0.8341,     0.8651,     7.6284, 
[ 57400,  0.0000550]     0.7383,     0.8409,     0.8710,     7.6740, 
[ 57500,  0.0000549]     0.7288,     0.8352,     0.8657,     8.2797, 
[ 57600,  0.0000548]     0.7297,     0.8396,     0.8707,     6.5747, 
[ 57700,  0.0000547]     0.7269,     0.8408,     0.8731,     7.5240, 
[ 57800,  0.0000546]     0.7332,     0.8374,     0.8681,     7.1945, 
[ 57900,  0.0000545]     0.7493,     0.8563,     0.8860,     6.7857, 
[ 58000,  0.0000544]     0.7189,     0.8273,     0.8596,     9.8387, 
[ 58100,  0.0000543]     0.7347,     0.8442,     0.8750,     6.2379, 
[ 58200,  0.0000543]     0.7462,     0.8526,     0.8817,     6.6336, 
[ 58300,  0.0000542]     0.7354,     0.8414,     0.8712,     8.8000, 
[ 58400,  0.0000541]     0.7207,     0.8299,     0.8632,     7.5882, 
[ 58500,  0.0000540]     0.7263,     0.8332,     0.8638,     8.3181, 
[ 58600,  0.0000539]     0.7362,     0.8447,     0.8749,     7.1080, 
[ 58700,  0.0000538]     0.7448,     0.8473,     0.8776,     7.0310, 
[ 58800,  0.0000537]     0.7232,     0.8287,     0.8593,     9.0869, 
[ 58900,  0.0000536]     0.7358,     0.8408,     0.8715,     7.2567, 
[ 59000,  0.0000536]     0.7363,     0.8458,     0.8781,     5.9608, 
[ 59100,  0.0000535]     0.7447,     0.8453,     0.8743,     7.0515, 
[ 59200,  0.0000534]     0.7303,     0.8361,     0.8660,     8.9651, 
[ 59300,  0.0000533]     0.7226,     0.8301,     0.8611,     8.2817, 
[ 59400,  0.0000532]     0.7275,     0.8368,     0.8690,     7.7911, 
[ 59500,  0.0000531]     0.7226,     0.8349,     0.8670,     7.5083, 
[ 59600,  0.0000530]     0.7413,     0.8474,     0.8783,     6.2637, 
[ 59700,  0.0000529]     0.7425,     0.8495,     0.8797,     8.1045, 
[ 59800,  0.0000529]     0.7218,     0.8333,     0.8655,     8.0862, 
[ 59900,  0.0000528]     0.7501,     0.8519,     0.8818,     6.4165, 
[ 60000,  0.0000527]     0.7214,     0.8323,     0.8647,     8.5700, 
Validation (clean) EPE: 1.578715, 1px: 0.894050, 3px: 0.953297, 5px: 0.966672
Validation (final) EPE: 2.889894, 1px: 0.844509, 3px: 0.913632, 5px: 0.934256
[ 60100,  0.0000526]     0.7251,     0.8361,     0.8693,     7.7133, 
[ 60200,  0.0000525]     0.7378,     0.8429,     0.8730,     8.1118, 
[ 60300,  0.0000524]     0.7342,     0.8429,     0.8739,     7.4733, 
[ 60400,  0.0000523]     0.7425,     0.8440,     0.8738,     7.8225, 
[ 60500,  0.0000522]     0.7322,     0.8390,     0.8691,     8.4271, 
[ 60600,  0.0000521]     0.7296,     0.8373,     0.8694,     7.5020, 
[ 60700,  0.0000521]     0.7294,     0.8334,     0.8632,     8.9373, 
[ 60800,  0.0000520]     0.7255,     0.8324,     0.8641,     7.8235, 
[ 60900,  0.0000519]     0.7377,     0.8449,     0.8752,     7.4891, 
[ 61000,  0.0000518]     0.7200,     0.8241,     0.8545,    10.3491, 
[ 61100,  0.0000517]     0.7351,     0.8411,     0.8707,     8.0453, 
[ 61200,  0.0000516]     0.7283,     0.8411,     0.8735,     6.7444, 
[ 61300,  0.0000515]     0.7329,     0.8376,     0.8670,     7.9540, 
[ 61400,  0.0000514]     0.7403,     0.8482,     0.8787,     7.0604, 
[ 61500,  0.0000514]     0.7361,     0.8410,     0.8711,     7.9709, 
[ 61600,  0.0000513]     0.7253,     0.8322,     0.8632,     8.1327, 
[ 61700,  0.0000512]     0.7214,     0.8336,     0.8658,     7.6093, 
[ 61800,  0.0000511]     0.7385,     0.8419,     0.8720,     8.0286, 
[ 61900,  0.0000510]     0.7453,     0.8523,     0.8825,     6.9742, 
[ 62000,  0.0000509]     0.7411,     0.8463,     0.8762,     7.6246, 
[ 62100,  0.0000508]     0.7350,     0.8430,     0.8748,     6.7738, 
[ 62200,  0.0000507]     0.7289,     0.8402,     0.8717,     7.3512, 
[ 62300,  0.0000507]     0.7375,     0.8458,     0.8762,     6.9184, 
[ 62400,  0.0000506]     0.7396,     0.8458,     0.8773,     6.9061, 
[ 62500,  0.0000505]     0.7232,     0.8324,     0.8647,     7.4123, 
[ 62600,  0.0000504]     0.7498,     0.8512,     0.8791,     6.9578, 
[ 62700,  0.0000503]     0.7309,     0.8384,     0.8697,     8.0824, 
[ 62800,  0.0000502]     0.7273,     0.8356,     0.8675,     7.0370, 
[ 62900,  0.0000501]     0.7347,     0.8398,     0.8705,     7.3492, 
[ 63000,  0.0000500]     0.7275,     0.8344,     0.8670,     7.7836, 
[ 63100,  0.0000500]     0.7437,     0.8440,     0.8733,     9.1398, 
[ 63200,  0.0000499]     0.7337,     0.8390,     0.8700,     7.2164, 
[ 63300,  0.0000498]     0.7413,     0.8465,     0.8768,     6.7351, 
[ 63400,  0.0000497]     0.7373,     0.8433,     0.8733,     7.3043, 
[ 63500,  0.0000496]     0.7376,     0.8464,     0.8769,     6.6229, 
[ 63600,  0.0000495]     0.7385,     0.8446,     0.8749,     6.6628, 
[ 63700,  0.0000494]     0.7400,     0.8431,     0.8731,     7.8180, 
[ 63800,  0.0000493]     0.7410,     0.8457,     0.8759,     6.3572, 
[ 63900,  0.0000493]     0.7331,     0.8404,     0.8710,     8.2639, 
[ 64000,  0.0000492]     0.7199,     0.8298,     0.8629,     7.7975, 
[ 64100,  0.0000491]     0.7391,     0.8459,     0.8763,     6.7692, 
[ 64200,  0.0000490]     0.7356,     0.8397,     0.8700,     7.3250, 
[ 64300,  0.0000489]     0.7269,     0.8370,     0.8678,     8.2152, 
[ 64400,  0.0000488]     0.7309,     0.8417,     0.8732,     6.7969, 
[ 64500,  0.0000487]     0.7356,     0.8426,     0.8743,     7.4384, 
[ 64600,  0.0000486]     0.7333,     0.8424,     0.8731,     7.2151, 
[ 64700,  0.0000486]     0.7336,     0.8383,     0.8686,     8.2972, 
[ 64800,  0.0000485]     0.7357,     0.8447,     0.8753,     7.0715, 
[ 64900,  0.0000484]     0.7242,     0.8313,     0.8621,     8.5505, 
[ 65000,  0.0000483]     0.7390,     0.8470,     0.8780,     6.2729, 
Validation (clean) EPE: 1.488784, 1px: 0.894643, 3px: 0.953192, 5px: 0.966588
Validation (final) EPE: 2.920325, 1px: 0.844544, 3px: 0.914175, 5px: 0.934143
[ 65100,  0.0000482]     0.7384,     0.8438,     0.8744,     7.4481, 
[ 65200,  0.0000481]     0.7202,     0.8258,     0.8561,     8.7706, 
[ 65300,  0.0000480]     0.7308,     0.8394,     0.8702,     7.1475, 
[ 65400,  0.0000479]     0.7157,     0.8272,     0.8594,     8.0883, 
[ 65500,  0.0000479]     0.7443,     0.8484,     0.8784,     6.3776, 
[ 65600,  0.0000478]     0.7376,     0.8470,     0.8778,     6.3077, 
[ 65700,  0.0000477]     0.7218,     0.8304,     0.8637,     7.8728, 
[ 65800,  0.0000476]     0.7391,     0.8429,     0.8739,     6.8601, 
[ 65900,  0.0000475]     0.7280,     0.8355,     0.8671,    10.1764, 
[ 66000,  0.0000474]     0.7482,     0.8488,     0.8780,     6.8507, 
[ 66100,  0.0000473]     0.7342,     0.8342,     0.8640,     8.8767, 
[ 66200,  0.0000472]     0.7321,     0.8411,     0.8719,     8.6642, 
[ 66300,  0.0000472]     0.7295,     0.8357,     0.8662,     7.8075, 
[ 66400,  0.0000471]     0.7473,     0.8519,     0.8818,     6.9238, 
[ 66500,  0.0000470]     0.7423,     0.8463,     0.8759,     6.9504, 
[ 66600,  0.0000469]     0.7304,     0.8371,     0.8686,     7.8924, 
[ 66700,  0.0000468]     0.7311,     0.8402,     0.8712,     7.0401, 
[ 66800,  0.0000467]     0.7379,     0.8423,     0.8721,     6.8898, 
[ 66900,  0.0000466]     0.7421,     0.8459,     0.8759,     6.2356, 
[ 67000,  0.0000465]     0.7372,     0.8451,     0.8757,     6.7349, 
[ 67100,  0.0000465]     0.7331,     0.8414,     0.8726,     6.4286, 
[ 67200,  0.0000464]     0.7370,     0.8423,     0.8725,     7.4381, 
[ 67300,  0.0000463]     0.7447,     0.8500,     0.8810,     6.1749, 
[ 67400,  0.0000462]     0.7366,     0.8421,     0.8726,     7.6236, 
[ 67500,  0.0000461]     0.7383,     0.8424,     0.8733,     7.2142, 
[ 67600,  0.0000460]     0.7497,     0.8516,     0.8802,     6.9706, 
[ 67700,  0.0000459]     0.7275,     0.8352,     0.8666,     7.6680, 
[ 67800,  0.0000458]     0.7347,     0.8421,     0.8739,     7.4112, 
[ 67900,  0.0000458]     0.7306,     0.8381,     0.8698,     7.0180, 
[ 68000,  0.0000457]     0.7208,     0.8283,     0.8599,     8.8342, 
[ 68100,  0.0000456]     0.7322,     0.8382,     0.8697,     8.0386, 
[ 68200,  0.0000455]     0.7501,     0.8553,     0.8854,     5.8597, 
[ 68300,  0.0000454]     0.7481,     0.8523,     0.8830,     6.2948, 
[ 68400,  0.0000453]     0.7350,     0.8389,     0.8703,     7.1485, 
[ 68500,  0.0000452]     0.7420,     0.8501,     0.8812,     6.2439, 
[ 68600,  0.0000451]     0.7230,     0.8330,     0.8642,     7.5957, 
[ 68700,  0.0000451]     0.7378,     0.8406,     0.8705,     8.1863, 
[ 68800,  0.0000450]     0.7393,     0.8458,     0.8774,     5.7928, 
[ 68900,  0.0000449]     0.7388,     0.8450,     0.8758,     6.0210, 
[ 69000,  0.0000448]     0.7350,     0.8418,     0.8731,     6.8669, 
[ 69100,  0.0000447]     0.7419,     0.8467,     0.8761,     6.2451, 
[ 69200,  0.0000446]     0.7531,     0.8554,     0.8842,     6.9691, 
[ 69300,  0.0000445]     0.7318,     0.8370,     0.8673,     7.3699, 
[ 69400,  0.0000444]     0.7358,     0.8402,     0.8706,     7.4463, 
[ 69500,  0.0000443]     0.7265,     0.8339,     0.8654,     8.0273, 
[ 69600,  0.0000443]     0.7495,     0.8515,     0.8815,     6.6843, 
[ 69700,  0.0000442]     0.7414,     0.8485,     0.8786,     6.7411, 
[ 69800,  0.0000441]     0.7367,     0.8440,     0.8747,     8.0088, 
[ 69900,  0.0000440]     0.7362,     0.8408,     0.8707,     7.6752, 
[ 70000,  0.0000439]     0.7374,     0.8436,     0.8744,     6.6437, 
Validation (clean) EPE: 1.557946, 1px: 0.895415, 3px: 0.954007, 5px: 0.967033
Validation (final) EPE: 2.908825, 1px: 0.844694, 3px: 0.915457, 5px: 0.935397
[ 70100,  0.0000438]     0.7367,     0.8390,     0.8688,     8.7265, 
[ 70200,  0.0000437]     0.7322,     0.8405,     0.8724,     7.7086, 
[ 70300,  0.0000436]     0.7365,     0.8423,     0.8732,     6.7113, 
[ 70400,  0.0000436]     0.7490,     0.8554,     0.8851,     6.4994, 
[ 70500,  0.0000435]     0.7385,     0.8436,     0.8736,     7.9627, 
[ 70600,  0.0000434]     0.7268,     0.8317,     0.8632,     7.5789, 
[ 70700,  0.0000433]     0.7359,     0.8447,     0.8760,     6.9248, 
[ 70800,  0.0000432]     0.7380,     0.8437,     0.8749,     7.3138, 
[ 70900,  0.0000431]     0.7378,     0.8446,     0.8749,     6.5051, 
[ 71000,  0.0000430]     0.7220,     0.8298,     0.8608,     8.7376, 
[ 71100,  0.0000429]     0.7360,     0.8394,     0.8695,     8.7864, 
[ 71200,  0.0000429]     0.7446,     0.8501,     0.8799,     6.2572, 
[ 71300,  0.0000428]     0.7388,     0.8449,     0.8748,     6.8182, 
[ 71400,  0.0000427]     0.7446,     0.8466,     0.8767,     6.9793, 
[ 71500,  0.0000426]     0.7286,     0.8385,     0.8706,     7.1508, 
[ 71600,  0.0000425]     0.7354,     0.8432,     0.8738,     7.0411, 
[ 71700,  0.0000424]     0.7348,     0.8389,     0.8693,     7.7443, 
[ 71800,  0.0000423]     0.7284,     0.8322,     0.8637,     7.5468, 
[ 71900,  0.0000422]     0.7323,     0.8378,     0.8684,     8.3986, 
[ 72000,  0.0000422]     0.7278,     0.8334,     0.8639,     8.4469, 
[ 72100,  0.0000421]     0.7386,     0.8436,     0.8735,     7.6295, 
[ 72200,  0.0000420]     0.7384,     0.8428,     0.8744,     7.5611, 
[ 72300,  0.0000419]     0.7378,     0.8452,     0.8766,     6.9723, 
[ 72400,  0.0000418]     0.7441,     0.8503,     0.8818,     6.7661, 
[ 72500,  0.0000417]     0.7291,     0.8331,     0.8631,     9.1127, 
[ 72600,  0.0000416]     0.7485,     0.8489,     0.8784,     7.0013, 
[ 72700,  0.0000415]     0.7372,     0.8431,     0.8730,     7.1994, 
[ 72800,  0.0000415]     0.7234,     0.8308,     0.8623,     9.5177, 
[ 72900,  0.0000414]     0.7420,     0.8429,     0.8731,     7.3058, 
[ 73000,  0.0000413]     0.7401,     0.8464,     0.8768,     6.4383, 
[ 73100,  0.0000412]     0.7268,     0.8339,     0.8658,     7.6537, 
[ 73200,  0.0000411]     0.7377,     0.8446,     0.8748,     8.5720, 
[ 73300,  0.0000410]     0.7433,     0.8479,     0.8789,     5.9322, 
[ 73400,  0.0000409]     0.7299,     0.8404,     0.8734,     6.2298, 
[ 73500,  0.0000408]     0.7395,     0.8448,     0.8750,     6.6509, 
[ 73600,  0.0000408]     0.7407,     0.8495,     0.8815,     6.2640, 
[ 73700,  0.0000407]     0.7369,     0.8447,     0.8758,     7.4049, 
[ 73800,  0.0000406]     0.7409,     0.8489,     0.8789,     6.0288, 
[ 73900,  0.0000405]     0.7443,     0.8512,     0.8811,     6.5038, 
[ 74000,  0.0000404]     0.7458,     0.8491,     0.8782,     6.6369, 
[ 74100,  0.0000403]     0.7403,     0.8453,     0.8762,     6.1831, 
[ 74200,  0.0000402]     0.7321,     0.8338,     0.8639,     7.8245, 
[ 74300,  0.0000401]     0.7442,     0.8517,     0.8821,     7.2794, 
[ 74400,  0.0000401]     0.7386,     0.8427,     0.8731,     7.2578, 
[ 74500,  0.0000400]     0.7496,     0.8550,     0.8845,     6.6321, 
[ 74600,  0.0000399]     0.7535,     0.8559,     0.8855,     5.8243, 
[ 74700,  0.0000398]     0.7352,     0.8424,     0.8719,     7.8134, 
[ 74800,  0.0000397]     0.7359,     0.8434,     0.8749,     7.0911, 
[ 74900,  0.0000396]     0.7467,     0.8492,     0.8783,     8.3192, 
[ 75000,  0.0000395]     0.7500,     0.8516,     0.8807,     6.9911, 
Validation (clean) EPE: 1.472777, 1px: 0.896382, 3px: 0.954633, 5px: 0.967609
Validation (final) EPE: 2.801912, 1px: 0.845975, 3px: 0.915923, 5px: 0.935696
[ 75100,  0.0000394]     0.7343,     0.8416,     0.8731,     6.7905, 
[ 75200,  0.0000394]     0.7470,     0.8465,     0.8760,     7.3345, 
[ 75300,  0.0000393]     0.7350,     0.8422,     0.8737,     6.9199, 
[ 75400,  0.0000392]     0.7324,     0.8387,     0.8700,     6.8825, 
[ 75500,  0.0000391]     0.7361,     0.8398,     0.8701,     8.3573, 
[ 75600,  0.0000390]     0.7416,     0.8475,     0.8780,     6.4940, 
[ 75700,  0.0000389]     0.7346,     0.8365,     0.8669,     8.5718, 
[ 75800,  0.0000388]     0.7301,     0.8363,     0.8668,     7.8204, 
[ 75900,  0.0000387]     0.7445,     0.8480,     0.8774,     7.4295, 
[ 76000,  0.0000387]     0.7363,     0.8425,     0.8725,     9.2926, 
[ 76100,  0.0000386]     0.7339,     0.8398,     0.8701,     7.6173, 
[ 76200,  0.0000385]     0.7363,     0.8468,     0.8789,     5.8431, 
[ 76300,  0.0000384]     0.7382,     0.8422,     0.8723,     6.9071, 
[ 76400,  0.0000383]     0.7383,     0.8391,     0.8686,     7.9343, 
[ 76500,  0.0000382]     0.7440,     0.8470,     0.8763,     6.5577, 
[ 76600,  0.0000381]     0.7493,     0.8512,     0.8811,     6.2881, 
[ 76700,  0.0000380]     0.7363,     0.8440,     0.8756,     5.7980, 
[ 76800,  0.0000380]     0.7337,     0.8403,     0.8717,     6.3963, 
[ 76900,  0.0000379]     0.7369,     0.8458,     0.8772,     7.2885, 
[ 77000,  0.0000378]     0.7557,     0.8600,     0.8893,     6.0395, 
[ 77100,  0.0000377]     0.7375,     0.8428,     0.8737,     6.9863, 
[ 77200,  0.0000376]     0.7327,     0.8372,     0.8677,     7.9219, 
[ 77300,  0.0000375]     0.7513,     0.8566,     0.8865,     6.1869, 
[ 77400,  0.0000374]     0.7399,     0.8460,     0.8762,     7.3617, 
[ 77500,  0.0000373]     0.7384,     0.8445,     0.8750,     6.7448, 
[ 77600,  0.0000372]     0.7411,     0.8455,     0.8762,     7.3571, 
[ 77700,  0.0000372]     0.7417,     0.8464,     0.8771,     6.8400, 
[ 77800,  0.0000371]     0.7409,     0.8437,     0.8732,     8.0144, 
[ 77900,  0.0000370]     0.7452,     0.8487,     0.8797,     7.6528, 
[ 78000,  0.0000369]     0.7324,     0.8385,     0.8697,     7.5004, 
[ 78100,  0.0000368]     0.7473,     0.8520,     0.8828,     5.9140, 
[ 78200,  0.0000367]     0.7430,     0.8441,     0.8728,     8.2526, 
[ 78300,  0.0000366]     0.7477,     0.8490,     0.8778,     6.5080, 
[ 78400,  0.0000365]     0.7377,     0.8426,     0.8728,     6.8049, 
[ 78500,  0.0000365]     0.7530,     0.8554,     0.8846,     6.3197, 
[ 78600,  0.0000364]     0.7541,     0.8613,     0.8913,     5.6388, 
[ 78700,  0.0000363]     0.7382,     0.8459,     0.8774,     5.9759, 
[ 78800,  0.0000362]     0.7563,     0.8578,     0.8866,     5.8761, 
[ 78900,  0.0000361]     0.7397,     0.8433,     0.8724,     8.3612, 
[ 79000,  0.0000360]     0.7449,     0.8484,     0.8776,     6.2222, 
[ 79100,  0.0000359]     0.7368,     0.8439,     0.8754,     6.8944, 
[ 79200,  0.0000358]     0.7357,     0.8405,     0.8716,     6.7756, 
[ 79300,  0.0000358]     0.7330,     0.8431,     0.8741,     6.8855, 
[ 79400,  0.0000357]     0.7440,     0.8493,     0.8804,     6.1420, 
[ 79500,  0.0000356]     0.7469,     0.8482,     0.8781,     7.4744, 
[ 79600,  0.0000355]     0.7598,     0.8643,     0.8927,     5.6245, 
[ 79700,  0.0000354]     0.7477,     0.8527,     0.8837,     6.2937, 
[ 79800,  0.0000353]     0.7290,     0.8362,     0.8685,     7.0210, 
[ 79900,  0.0000352]     0.7470,     0.8482,     0.8771,     6.5798, 
[ 80000,  0.0000351]     0.7408,     0.8440,     0.8731,     7.6619, 
Validation (clean) EPE: 1.393818, 1px: 0.896595, 3px: 0.954742, 5px: 0.967832
Validation (final) EPE: 2.784571, 1px: 0.846748, 3px: 0.916865, 5px: 0.936247
[ 80100,  0.0000351]     0.7482,     0.8555,     0.8854,     5.8867, 
[ 80200,  0.0000350]     0.7384,     0.8430,     0.8729,     7.3948, 
[ 80300,  0.0000349]     0.7443,     0.8467,     0.8761,     7.0385, 
[ 80400,  0.0000348]     0.7413,     0.8432,     0.8731,     7.5799, 
[ 80500,  0.0000347]     0.7434,     0.8457,     0.8747,     7.4542, 
[ 80600,  0.0000346]     0.7470,     0.8479,     0.8782,     6.7616, 
[ 80700,  0.0000345]     0.7468,     0.8531,     0.8840,     5.4818, 
[ 80800,  0.0000344]     0.7220,     0.8321,     0.8641,     8.5848, 
[ 80900,  0.0000344]     0.7461,     0.8508,     0.8802,     6.1473, 
[ 81000,  0.0000343]     0.7262,     0.8331,     0.8646,     8.0484, 
[ 81100,  0.0000342]     0.7446,     0.8493,     0.8786,     6.4519, 
[ 81200,  0.0000341]     0.7388,     0.8407,     0.8716,     7.6018, 
[ 81300,  0.0000340]     0.7417,     0.8447,     0.8748,     7.9363, 
[ 81400,  0.0000339]     0.7340,     0.8420,     0.8737,     6.2253, 
[ 81500,  0.0000338]     0.7445,     0.8462,     0.8751,     6.6364, 
[ 81600,  0.0000337]     0.7406,     0.8482,     0.8791,     5.9841, 
[ 81700,  0.0000337]     0.7327,     0.8391,     0.8697,     7.5640, 
[ 81800,  0.0000336]     0.7492,     0.8507,     0.8798,     6.7732, 
[ 81900,  0.0000335]     0.7510,     0.8557,     0.8864,     5.7619, 
[ 82000,  0.0000334]     0.7483,     0.8509,     0.8816,     5.7490, 
[ 82100,  0.0000333]     0.7366,     0.8433,     0.8737,     6.7726, 
[ 82200,  0.0000332]     0.7394,     0.8455,     0.8758,     8.2770, 
[ 82300,  0.0000331]     0.7407,     0.8455,     0.8760,     7.4081, 
[ 82400,  0.0000330]     0.7413,     0.8435,     0.8735,     7.4653, 
[ 82500,  0.0000330]     0.7478,     0.8505,     0.8811,     6.8089, 
[ 82600,  0.0000329]     0.7336,     0.8356,     0.8657,     9.0994, 
[ 82700,  0.0000328]     0.7411,     0.8442,     0.8740,     7.1565, 
[ 82800,  0.0000327]     0.7473,     0.8480,     0.8773,     6.9705, 
[ 82900,  0.0000326]     0.7445,     0.8455,     0.8746,     7.3528, 
[ 83000,  0.0000325]     0.7195,     0.8253,     0.8571,     9.1094, 
[ 83100,  0.0000324]     0.7504,     0.8486,     0.8785,     5.4303, 
[ 83200,  0.0000323]     0.7396,     0.8465,     0.8767,     7.8907, 
[ 83300,  0.0000323]     0.7311,     0.8385,     0.8703,     8.0741, 
[ 83400,  0.0000322]     0.7454,     0.8495,     0.8795,     6.7159, 
[ 83500,  0.0000321]     0.7379,     0.8437,     0.8752,     6.3771, 
[ 83600,  0.0000320]     0.7465,     0.8494,     0.8797,     7.3039, 
[ 83700,  0.0000319]     0.7478,     0.8480,     0.8782,     6.2694, 
[ 83800,  0.0000318]     0.7468,     0.8489,     0.8788,     6.6151, 
[ 83900,  0.0000317]     0.7474,     0.8481,     0.8785,     7.4396, 
[ 84000,  0.0000316]     0.7497,     0.8515,     0.8806,     7.8277, 
[ 84100,  0.0000316]     0.7353,     0.8418,     0.8724,     7.5211, 
[ 84200,  0.0000315]     0.7417,     0.8482,     0.8791,     6.5686, 
[ 84300,  0.0000314]     0.7422,     0.8449,     0.8747,     7.0162, 
[ 84400,  0.0000313]     0.7345,     0.8393,     0.8707,     7.1794, 
[ 84500,  0.0000312]     0.7467,     0.8457,     0.8742,     8.5422, 
[ 84600,  0.0000311]     0.7354,     0.8414,     0.8732,     7.4929, 
[ 84700,  0.0000310]     0.7409,     0.8458,     0.8753,     8.0106, 
[ 84800,  0.0000309]     0.7369,     0.8397,     0.8697,     8.4152, 
[ 84900,  0.0000309]     0.7379,     0.8427,     0.8742,     6.5596, 
[ 85000,  0.0000308]     0.7329,     0.8423,     0.8733,     8.2099, 
Validation (clean) EPE: 1.464409, 1px: 0.898025, 3px: 0.955106, 5px: 0.967827
Validation (final) EPE: 2.788342, 1px: 0.847572, 3px: 0.917010, 5px: 0.936789
[ 85100,  0.0000307]     0.7489,     0.8496,     0.8792,     6.8086, 
[ 85200,  0.0000306]     0.7364,     0.8377,     0.8677,     8.1828, 
[ 85300,  0.0000305]     0.7260,     0.8338,     0.8670,     8.6948, 
[ 85400,  0.0000304]     0.7441,     0.8459,     0.8753,     7.6915, 
[ 85500,  0.0000303]     0.7336,     0.8421,     0.8733,     7.4185, 
[ 85600,  0.0000302]     0.7277,     0.8346,     0.8668,     7.5245, 
[ 85700,  0.0000302]     0.7509,     0.8528,     0.8818,     5.9491, 
[ 85800,  0.0000301]     0.7387,     0.8439,     0.8737,     7.2794, 
[ 85900,  0.0000300]     0.7256,     0.8353,     0.8671,     8.9055, 
[ 86000,  0.0000299]     0.7654,     0.8647,     0.8922,     5.2592, 
[ 86100,  0.0000298]     0.7414,     0.8458,     0.8764,     7.5264, 
[ 86200,  0.0000297]     0.7420,     0.8455,     0.8756,     7.7803, 
[ 86300,  0.0000296]     0.7352,     0.8405,     0.8710,     6.3827, 
[ 86400,  0.0000295]     0.7429,     0.8478,     0.8773,     7.2942, 
[ 86500,  0.0000294]     0.7426,     0.8491,     0.8818,     5.7977, 
[ 86600,  0.0000294]     0.7377,     0.8440,     0.8752,     6.8157, 
[ 86700,  0.0000293]     0.7569,     0.8566,     0.8855,     6.1631, 
[ 86800,  0.0000292]     0.7370,     0.8461,     0.8772,     7.0761, 
[ 86900,  0.0000291]     0.7425,     0.8445,     0.8749,     6.1444, 
[ 87000,  0.0000290]     0.7474,     0.8471,     0.8761,     7.2293, 
[ 87100,  0.0000289]     0.7452,     0.8474,     0.8781,     6.2612, 
[ 87200,  0.0000288]     0.7522,     0.8541,     0.8837,     6.9982, 
[ 87300,  0.0000287]     0.7376,     0.8428,     0.8742,     6.7232, 
[ 87400,  0.0000287]     0.7284,     0.8369,     0.8695,     7.0480, 
[ 87500,  0.0000286]     0.7287,     0.8340,     0.8648,     7.7244, 
[ 87600,  0.0000285]     0.7411,     0.8450,     0.8748,     7.4213, 
[ 87700,  0.0000284]     0.7635,     0.8656,     0.8954,     5.4857, 
[ 87800,  0.0000283]     0.7430,     0.8511,     0.8829,     5.6397, 
[ 87900,  0.0000282]     0.7547,     0.8571,     0.8876,     4.9437, 
[ 88000,  0.0000281]     0.7266,     0.8339,     0.8647,     8.1605, 
[ 88100,  0.0000280]     0.7489,     0.8535,     0.8830,     6.6039, 
[ 88200,  0.0000280]     0.7260,     0.8320,     0.8636,     7.9628, 
[ 88300,  0.0000279]     0.7450,     0.8533,     0.8832,     5.7036, 
[ 88400,  0.0000278]     0.7355,     0.8440,     0.8749,     6.3712, 
[ 88500,  0.0000277]     0.7469,     0.8513,     0.8812,     6.8446, 
[ 88600,  0.0000276]     0.7417,     0.8429,     0.8733,     6.7687, 
[ 88700,  0.0000275]     0.7455,     0.8515,     0.8826,     6.1436, 
[ 88800,  0.0000274]     0.7557,     0.8570,     0.8858,     6.5875, 
[ 88900,  0.0000273]     0.7253,     0.8320,     0.8643,     8.2512, 
[ 89000,  0.0000273]     0.7423,     0.8457,     0.8758,     6.3875, 
[ 89100,  0.0000272]     0.7307,     0.8405,     0.8735,     6.5127, 
[ 89200,  0.0000271]     0.7586,     0.8615,     0.8903,     6.7898, 
[ 89300,  0.0000270]     0.7400,     0.8421,     0.8722,     7.7890, 
[ 89400,  0.0000269]     0.7398,     0.8397,     0.8692,     8.2553, 
[ 89500,  0.0000268]     0.7364,     0.8420,     0.8721,     6.6938, 
[ 89600,  0.0000267]     0.7560,     0.8589,     0.8883,     5.9847, 
[ 89700,  0.0000266]     0.7467,     0.8523,     0.8823,     6.7972, 
[ 89800,  0.0000266]     0.7448,     0.8476,     0.8771,     6.9108, 
[ 89900,  0.0000265]     0.7400,     0.8446,     0.8743,     8.1821, 
[ 90000,  0.0000264]     0.7519,     0.8535,     0.8831,     5.9171, 
Validation (clean) EPE: 1.454668, 1px: 0.897930, 3px: 0.955213, 5px: 0.968002
Validation (final) EPE: 2.743369, 1px: 0.847948, 3px: 0.916917, 5px: 0.936839
[ 90100,  0.0000263]     0.7457,     0.8509,     0.8812,     6.1410, 
[ 90200,  0.0000262]     0.7422,     0.8478,     0.8791,     6.5979, 
[ 90300,  0.0000261]     0.7400,     0.8425,     0.8734,     8.1495, 
[ 90400,  0.0000260]     0.7333,     0.8397,     0.8708,     7.1494, 
[ 90500,  0.0000259]     0.7352,     0.8396,     0.8700,     7.9035, 
[ 90600,  0.0000259]     0.7493,     0.8549,     0.8850,     6.4047, 
[ 90700,  0.0000258]     0.7497,     0.8509,     0.8819,     5.8312, 
[ 90800,  0.0000257]     0.7286,     0.8373,     0.8690,     7.0725, 
[ 90900,  0.0000256]     0.7464,     0.8492,     0.8793,     6.4545, 
[ 91000,  0.0000255]     0.7345,     0.8390,     0.8690,     7.9791, 
[ 91100,  0.0000254]     0.7438,     0.8490,     0.8794,     6.5477, 
[ 91200,  0.0000253]     0.7541,     0.8542,     0.8829,     6.0736, 
[ 91300,  0.0000252]     0.7498,     0.8506,     0.8795,     7.0296, 
[ 91400,  0.0000252]     0.7609,     0.8587,     0.8859,     6.1963, 
[ 91500,  0.0000251]     0.7557,     0.8548,     0.8833,     6.5761, 
[ 91600,  0.0000250]     0.7337,     0.8430,     0.8752,     7.2059, 
[ 91700,  0.0000249]     0.7344,     0.8407,     0.8735,     6.6625, 
[ 91800,  0.0000248]     0.7501,     0.8515,     0.8815,     6.5033, 
[ 91900,  0.0000247]     0.7430,     0.8485,     0.8791,     6.5226, 
[ 92000,  0.0000246]     0.7486,     0.8529,     0.8823,     7.1922, 
[ 92100,  0.0000245]     0.7535,     0.8542,     0.8828,     6.6888, 
[ 92200,  0.0000245]     0.7523,     0.8540,     0.8842,     6.5221, 
[ 92300,  0.0000244]     0.7384,     0.8426,     0.8726,     7.5042, 
[ 92400,  0.0000243]     0.7514,     0.8529,     0.8813,     6.6821, 
[ 92500,  0.0000242]     0.7407,     0.8435,     0.8732,     7.0560, 
[ 92600,  0.0000241]     0.7440,     0.8477,     0.8782,     6.7738, 
[ 92700,  0.0000240]     0.7505,     0.8518,     0.8809,     6.7781, 
[ 92800,  0.0000239]     0.7433,     0.8467,     0.8763,     8.0579, 
[ 92900,  0.0000238]     0.7391,     0.8439,     0.8746,     6.5003, 
[ 93000,  0.0000238]     0.7346,     0.8374,     0.8680,     7.1548, 
[ 93100,  0.0000237]     0.7430,     0.8478,     0.8783,     7.2798, 
[ 93200,  0.0000236]     0.7530,     0.8524,     0.8807,     6.3254, 
[ 93300,  0.0000235]     0.7352,     0.8408,     0.8707,     8.6184, 
[ 93400,  0.0000234]     0.7474,     0.8500,     0.8803,     5.9193, 
[ 93500,  0.0000233]     0.7532,     0.8569,     0.8867,     5.8208, 
[ 93600,  0.0000232]     0.7540,     0.8568,     0.8864,     5.4822, 
[ 93700,  0.0000231]     0.7546,     0.8568,     0.8863,     6.8943, 
[ 93800,  0.0000231]     0.7534,     0.8549,     0.8848,     5.9771, 
[ 93900,  0.0000230]     0.7336,     0.8391,     0.8699,     6.8667, 
[ 94000,  0.0000229]     0.7437,     0.8496,     0.8804,     6.5139, 
[ 94100,  0.0000228]     0.7501,     0.8496,     0.8787,     6.7995, 
[ 94200,  0.0000227]     0.7565,     0.8539,     0.8819,     7.3375, 
[ 94300,  0.0000226]     0.7274,     0.8337,     0.8653,     8.4851, 
[ 94400,  0.0000225]     0.7300,     0.8336,     0.8649,     7.4686, 
[ 94500,  0.0000224]     0.7588,     0.8580,     0.8870,     5.6062, 
[ 94600,  0.0000224]     0.7443,     0.8493,     0.8798,     6.9525, 
[ 94700,  0.0000223]     0.7463,     0.8494,     0.8798,     6.5628, 
[ 94800,  0.0000222]     0.7329,     0.8396,     0.8716,     7.1594, 
[ 94900,  0.0000221]     0.7575,     0.8589,     0.8877,     6.3447, 
[ 95000,  0.0000220]     0.7431,     0.8453,     0.8752,     6.5420, 
Validation (clean) EPE: 1.442830, 1px: 0.898876, 3px: 0.955847, 5px: 0.968513
Validation (final) EPE: 2.849212, 1px: 0.846705, 3px: 0.915367, 5px: 0.935477
[ 95100,  0.0000219]     0.7467,     0.8493,     0.8789,     6.7505, 
[ 95200,  0.0000218]     0.7498,     0.8512,     0.8807,     7.2394, 
[ 95300,  0.0000217]     0.7496,     0.8513,     0.8820,     5.7113, 
[ 95400,  0.0000216]     0.7320,     0.8398,     0.8716,     7.9780, 
[ 95500,  0.0000216]     0.7508,     0.8484,     0.8773,     7.4673, 
[ 95600,  0.0000215]     0.7568,     0.8569,     0.8875,     5.7719, 
[ 95700,  0.0000214]     0.7510,     0.8506,     0.8794,     6.3189, 
[ 95800,  0.0000213]     0.7427,     0.8461,     0.8759,     6.1747, 
[ 95900,  0.0000212]     0.7482,     0.8540,     0.8849,     5.2857, 
[ 96000,  0.0000211]     0.7603,     0.8591,     0.8872,     5.7283, 
[ 96100,  0.0000210]     0.7296,     0.8323,     0.8623,     8.9208, 
[ 96200,  0.0000209]     0.7404,     0.8422,     0.8728,     7.8732, 
[ 96300,  0.0000209]     0.7450,     0.8485,     0.8782,     7.6999, 
[ 96400,  0.0000208]     0.7437,     0.8468,     0.8772,     5.9175, 
[ 96500,  0.0000207]     0.7413,     0.8473,     0.8784,     6.5867, 
[ 96600,  0.0000206]     0.7493,     0.8510,     0.8807,     5.8519, 
[ 96700,  0.0000205]     0.7420,     0.8480,     0.8800,     5.9082, 
[ 96800,  0.0000204]     0.7431,     0.8471,     0.8772,     7.5686, 
[ 96900,  0.0000203]     0.7382,     0.8457,     0.8772,     6.8950, 
[ 97000,  0.0000202]     0.7367,     0.8431,     0.8746,     6.2919, 
[ 97100,  0.0000202]     0.7381,     0.8451,     0.8757,     7.6357, 
[ 97200,  0.0000201]     0.7433,     0.8474,     0.8785,     6.8886, 
[ 97300,  0.0000200]     0.7477,     0.8521,     0.8823,     7.2141, 
[ 97400,  0.0000199]     0.7493,     0.8478,     0.8777,     6.1264, 
[ 97500,  0.0000198]     0.7438,     0.8487,     0.8801,     6.0871, 
[ 97600,  0.0000197]     0.7474,     0.8506,     0.8810,     7.0053, 
[ 97700,  0.0000196]     0.7406,     0.8451,     0.8753,     7.7044, 
[ 97800,  0.0000195]     0.7476,     0.8508,     0.8802,     5.6043, 
[ 97900,  0.0000195]     0.7241,     0.8340,     0.8657,     8.2810, 
[ 98000,  0.0000194]     0.7484,     0.8505,     0.8804,     6.5094, 
[ 98100,  0.0000193]     0.7455,     0.8471,     0.8773,     7.0895, 
[ 98200,  0.0000192]     0.7503,     0.8508,     0.8804,     6.7225, 
[ 98300,  0.0000191]     0.7288,     0.8329,     0.8627,     7.7044, 
[ 98400,  0.0000190]     0.7455,     0.8488,     0.8781,     7.7795, 
[ 98500,  0.0000189]     0.7422,     0.8472,     0.8772,     7.2766, 
[ 98600,  0.0000188]     0.7505,     0.8509,     0.8810,     6.2255, 
[ 98700,  0.0000188]     0.7412,     0.8486,     0.8796,     6.1929, 
[ 98800,  0.0000187]     0.7518,     0.8507,     0.8804,     6.7520, 
[ 98900,  0.0000186]     0.7476,     0.8474,     0.8772,     7.7310, 
[ 99000,  0.0000185]     0.7348,     0.8410,     0.8725,     6.9682, 
[ 99100,  0.0000184]     0.7386,     0.8397,     0.8690,    11.1435, 
[ 99200,  0.0000183]     0.7450,     0.8461,     0.8754,     7.2777, 
[ 99300,  0.0000182]     0.7489,     0.8531,     0.8834,     5.9235, 
[ 99400,  0.0000181]     0.7303,     0.8380,     0.8705,     6.9180, 
[ 99500,  0.0000181]     0.7545,     0.8584,     0.8884,     5.3803, 
[ 99600,  0.0000180]     0.7361,     0.8370,     0.8665,     7.2992, 
[ 99700,  0.0000179]     0.7646,     0.8637,     0.8920,     6.2777, 
[ 99800,  0.0000178]     0.7469,     0.8493,     0.8788,     6.3161, 
[ 99900,  0.0000177]     0.7725,     0.8688,     0.8950,     5.7155, 
[100000,  0.0000176]     0.7427,     0.8458,     0.8751,     8.5286, 
Validation (clean) EPE: 1.436630, 1px: 0.898659, 3px: 0.955595, 5px: 0.968406
Validation (final) EPE: 2.859516, 1px: 0.847559, 3px: 0.917234, 5px: 0.937236
[100100,  0.0000175]     0.7311,     0.8381,     0.8708,     7.0427, 
[100200,  0.0000174]     0.7469,     0.8482,     0.8781,     6.6240, 
[100300,  0.0000174]     0.7640,     0.8625,     0.8907,     5.5335, 
[100400,  0.0000173]     0.7417,     0.8475,     0.8771,     6.4573, 
[100500,  0.0000172]     0.7586,     0.8575,     0.8854,     5.8220, 
[100600,  0.0000171]     0.7459,     0.8497,     0.8798,     6.5449, 
[100700,  0.0000170]     0.7403,     0.8455,     0.8760,     7.4764, 
[100800,  0.0000169]     0.7559,     0.8558,     0.8837,     6.6645, 
[100900,  0.0000168]     0.7501,     0.8521,     0.8823,     6.4125, 
[101000,  0.0000167]     0.7535,     0.8541,     0.8835,     6.2190, 
[101100,  0.0000167]     0.7432,     0.8477,     0.8784,     6.6022, 
[101200,  0.0000166]     0.7422,     0.8442,     0.8741,     7.2428, 
[101300,  0.0000165]     0.7436,     0.8454,     0.8750,     7.3610, 
[101400,  0.0000164]     0.7365,     0.8414,     0.8730,     6.5664, 
[101500,  0.0000163]     0.7365,     0.8421,     0.8724,     7.2451, 
[101600,  0.0000162]     0.7414,     0.8460,     0.8761,     7.2355, 
[101700,  0.0000161]     0.7413,     0.8454,     0.8761,     6.6202, 
[101800,  0.0000160]     0.7706,     0.8685,     0.8968,     5.1223, 
[101900,  0.0000160]     0.7465,     0.8505,     0.8803,     6.0201, 
[102000,  0.0000159]     0.7373,     0.8414,     0.8726,     7.2724, 
[102100,  0.0000158]     0.7417,     0.8452,     0.8756,     6.8700, 
[102200,  0.0000157]     0.7505,     0.8489,     0.8776,     7.1064, 
[102300,  0.0000156]     0.7373,     0.8415,     0.8733,     6.4905, 
[102400,  0.0000155]     0.7433,     0.8474,     0.8787,     6.4333, 
[102500,  0.0000154]     0.7583,     0.8551,     0.8834,     6.7491, 
[102600,  0.0000153]     0.7478,     0.8512,     0.8811,     5.7867, 
[102700,  0.0000153]     0.7361,     0.8399,     0.8705,     8.2976, 
[102800,  0.0000152]     0.7571,     0.8593,     0.8890,     4.9217, 
[102900,  0.0000151]     0.7518,     0.8504,     0.8798,     6.2923, 
[103000,  0.0000150]     0.7509,     0.8516,     0.8821,     5.9724, 
[103100,  0.0000149]     0.7559,     0.8572,     0.8862,     6.3147, 
[103200,  0.0000148]     0.7659,     0.8661,     0.8946,     4.8367, 
[103300,  0.0000147]     0.7495,     0.8491,     0.8786,     7.7070, 
[103400,  0.0000146]     0.7689,     0.8629,     0.8893,     6.6006, 
[103500,  0.0000145]     0.7348,     0.8403,     0.8700,     7.3582, 
[103600,  0.0000145]     0.7598,     0.8584,     0.8867,     6.9088, 
[103700,  0.0000144]     0.7376,     0.8423,     0.8729,     6.5340, 
[103800,  0.0000143]     0.7541,     0.8576,     0.8877,     5.8782, 
[103900,  0.0000142]     0.7466,     0.8483,     0.8774,     7.1942, 
[104000,  0.0000141]     0.7522,     0.8563,     0.8862,     5.9648, 
[104100,  0.0000140]     0.7507,     0.8521,     0.8810,     6.0161, 
[104200,  0.0000139]     0.7669,     0.8673,     0.8950,     5.4234, 
[104300,  0.0000138]     0.7425,     0.8418,     0.8709,     7.9584, 
[104400,  0.0000138]     0.7393,     0.8442,     0.8756,     6.0953, 
[104500,  0.0000137]     0.7460,     0.8511,     0.8814,     6.4948, 
[104600,  0.0000136]     0.7288,     0.8375,     0.8698,     6.8966, 
[104700,  0.0000135]     0.7471,     0.8507,     0.8804,     6.2441, 
[104800,  0.0000134]     0.7463,     0.8465,     0.8760,     6.7756, 
[104900,  0.0000133]     0.7522,     0.8527,     0.8822,     5.7451, 
[105000,  0.0000132]     0.7544,     0.8528,     0.8815,     5.7326, 
Validation (clean) EPE: 1.454843, 1px: 0.899070, 3px: 0.955469, 5px: 0.968318
Validation (final) EPE: 2.792624, 1px: 0.848392, 3px: 0.915689, 5px: 0.935919
[105100,  0.0000131]     0.7431,     0.8461,     0.8759,     6.2280, 
[105200,  0.0000131]     0.7397,     0.8443,     0.8756,     6.8393, 
[105300,  0.0000130]     0.7528,     0.8547,     0.8833,     6.7203, 
[105400,  0.0000129]     0.7472,     0.8514,     0.8817,     6.1272, 
[105500,  0.0000128]     0.7551,     0.8569,     0.8864,     5.6502, 
[105600,  0.0000127]     0.7436,     0.8475,     0.8775,     6.8806, 
[105700,  0.0000126]     0.7509,     0.8507,     0.8794,     6.9396, 
[105800,  0.0000125]     0.7477,     0.8471,     0.8776,     7.1897, 
[105900,  0.0000124]     0.7385,     0.8442,     0.8765,     6.3035, 
[106000,  0.0000124]     0.7525,     0.8509,     0.8799,     7.5134, 
[106100,  0.0000123]     0.7309,     0.8374,     0.8691,     7.5541, 
[106200,  0.0000122]     0.7425,     0.8449,     0.8751,     7.2747, 
[106300,  0.0000121]     0.7593,     0.8564,     0.8849,     6.2426, 
[106400,  0.0000120]     0.7438,     0.8505,     0.8814,     6.0245, 
[106500,  0.0000119]     0.7627,     0.8602,     0.8885,     5.7720, 
[106600,  0.0000118]     0.7417,     0.8488,     0.8792,     6.4265, 
[106700,  0.0000117]     0.7597,     0.8634,     0.8926,     5.9946, 
[106800,  0.0000117]     0.7610,     0.8622,     0.8912,     5.1959, 
[106900,  0.0000116]     0.7438,     0.8477,     0.8772,     6.8583, 
[107000,  0.0000115]     0.7385,     0.8425,     0.8741,     7.7218, 
[107100,  0.0000114]     0.7504,     0.8535,     0.8843,     5.6261, 
[107200,  0.0000113]     0.7426,     0.8500,     0.8813,     5.4710, 
[107300,  0.0000112]     0.7592,     0.8578,     0.8867,     6.4294, 
[107400,  0.0000111]     0.7479,     0.8488,     0.8783,     5.9174, 
[107500,  0.0000110]     0.7412,     0.8463,     0.8765,     6.2719, 
[107600,  0.0000110]     0.7495,     0.8538,     0.8848,     5.8755, 
[107700,  0.0000109]     0.7467,     0.8509,     0.8804,     6.1857, 
[107800,  0.0000108]     0.7549,     0.8540,     0.8825,     6.6506, 
[107900,  0.0000107]     0.7260,     0.8329,     0.8646,     7.8888, 
[108000,  0.0000106]     0.7408,     0.8479,     0.8799,     5.6435, 
[108100,  0.0000105]     0.7588,     0.8583,     0.8865,     5.8811, 
[108200,  0.0000104]     0.7426,     0.8501,     0.8813,     6.1923, 
[108300,  0.0000103]     0.7648,     0.8614,     0.8906,     5.6567, 
[108400,  0.0000103]     0.7514,     0.8502,     0.8796,     6.3491, 
[108500,  0.0000102]     0.7468,     0.8484,     0.8786,     6.4433, 
[108600,  0.0000101]     0.7326,     0.8415,     0.8737,     6.4454, 
[108700,  0.0000100]     0.7409,     0.8443,     0.8737,     7.1829, 
[108800,  0.0000099]     0.7398,     0.8420,     0.8747,     6.2009, 
[108900,  0.0000098]     0.7562,     0.8556,     0.8852,     5.7275, 
[109000,  0.0000097]     0.7656,     0.8640,     0.8915,     5.7143, 
[109100,  0.0000096]     0.7364,     0.8414,     0.8726,     7.1883, 
[109200,  0.0000096]     0.7381,     0.8437,     0.8760,     6.9586, 
[109300,  0.0000095]     0.7444,     0.8473,     0.8783,     6.3026, 
[109400,  0.0000094]     0.7378,     0.8395,     0.8692,     7.0777, 
[109500,  0.0000093]     0.7466,     0.8469,     0.8766,     7.2204, 
[109600,  0.0000092]     0.7478,     0.8528,     0.8824,     6.3038, 
[109700,  0.0000091]     0.7553,     0.8551,     0.8843,     6.5027, 
[109800,  0.0000090]     0.7520,     0.8502,     0.8793,     6.2213, 
[109900,  0.0000089]     0.7762,     0.8734,     0.9007,     4.7484, 
[110000,  0.0000089]     0.7493,     0.8514,     0.8807,     6.1082, 
Validation (clean) EPE: 1.396234, 1px: 0.900178, 3px: 0.956253, 5px: 0.968821
Validation (final) EPE: 2.724375, 1px: 0.849604, 3px: 0.917481, 5px: 0.937414
[110100,  0.0000088]     0.7519,     0.8560,     0.8872,     5.8554, 
[110200,  0.0000087]     0.7365,     0.8422,     0.8737,     6.4923, 
[110300,  0.0000086]     0.7465,     0.8491,     0.8791,     6.3787, 
[110400,  0.0000085]     0.7539,     0.8563,     0.8865,     5.1683, 
[110500,  0.0000084]     0.7552,     0.8592,     0.8886,     5.5752, 
[110600,  0.0000083]     0.7519,     0.8522,     0.8819,     6.9712, 
[110700,  0.0000082]     0.7419,     0.8445,     0.8740,     7.1866, 
[110800,  0.0000082]     0.7563,     0.8561,     0.8851,     5.9902, 
[110900,  0.0000081]     0.7447,     0.8439,     0.8739,     8.0489, 
[111000,  0.0000080]     0.7375,     0.8395,     0.8701,     7.0500, 
[111100,  0.0000079]     0.7481,     0.8472,     0.8764,     7.3261, 
[111200,  0.0000078]     0.7530,     0.8559,     0.8854,     6.9492, 
[111300,  0.0000077]     0.7533,     0.8531,     0.8822,     6.9422, 
[111400,  0.0000076]     0.7441,     0.8433,     0.8725,     8.2095, 
[111500,  0.0000075]     0.7411,     0.8435,     0.8736,     6.7826, 
[111600,  0.0000075]     0.7480,     0.8507,     0.8814,     6.1510, 
[111700,  0.0000074]     0.7609,     0.8610,     0.8894,     6.1898, 
[111800,  0.0000073]     0.7371,     0.8386,     0.8687,     7.6888, 
[111900,  0.0000072]     0.7416,     0.8471,     0.8790,     6.3273, 
[112000,  0.0000071]     0.7466,     0.8492,     0.8799,     6.0080, 
[112100,  0.0000070]     0.7460,     0.8507,     0.8801,     6.7490, 
[112200,  0.0000069]     0.7492,     0.8498,     0.8789,     6.9441, 
[112300,  0.0000068]     0.7602,     0.8588,     0.8874,     5.4618, 
[112400,  0.0000067]     0.7467,     0.8495,     0.8794,     6.1688, 
[112500,  0.0000067]     0.7501,     0.8488,     0.8776,     7.0957, 
[112600,  0.0000066]     0.7535,     0.8565,     0.8857,     5.6146, 
[112700,  0.0000065]     0.7556,     0.8563,     0.8858,     5.4909, 
[112800,  0.0000064]     0.7541,     0.8556,     0.8852,     5.7201, 
[112900,  0.0000063]     0.7448,     0.8480,     0.8790,     5.8888, 
[113000,  0.0000062]     0.7438,     0.8475,     0.8784,     6.3048, 
[113100,  0.0000061]     0.7496,     0.8499,     0.8786,     6.2340, 
[113200,  0.0000060]     0.7461,     0.8501,     0.8793,     6.8734, 
[113300,  0.0000060]     0.7583,     0.8581,     0.8870,     5.7576, 
[113400,  0.0000059]     0.7530,     0.8526,     0.8819,     6.3773, 
[113500,  0.0000058]     0.7559,     0.8582,     0.8886,     5.1799, 
[113600,  0.0000057]     0.7436,     0.8470,     0.8766,     7.3346, 
[113700,  0.0000056]     0.7463,     0.8473,     0.8777,     7.7712, 
[113800,  0.0000055]     0.7548,     0.8562,     0.8848,     6.4141, 
[113900,  0.0000054]     0.7564,     0.8569,     0.8860,     5.6321, 
[114000,  0.0000053]     0.7514,     0.8523,     0.8822,     5.9526, 
[114100,  0.0000053]     0.7504,     0.8526,     0.8813,     6.8462, 
[114200,  0.0000052]     0.7405,     0.8464,     0.8787,     6.6587, 
[114300,  0.0000051]     0.7484,     0.8536,     0.8834,     6.2945, 
[114400,  0.0000050]     0.7384,     0.8376,     0.8681,     7.8905, 
[114500,  0.0000049]     0.7357,     0.8386,     0.8694,     6.5627, 
[114600,  0.0000048]     0.7515,     0.8567,     0.8878,     5.3801, 
[114700,  0.0000047]     0.7429,     0.8478,     0.8795,     6.1216, 
[114800,  0.0000046]     0.7488,     0.8513,     0.8814,     7.0056, 
[114900,  0.0000046]     0.7727,     0.8698,     0.8976,     5.1612, 
[115000,  0.0000045]     0.7543,     0.8543,     0.8833,     6.7213, 
Validation (clean) EPE: 1.373982, 1px: 0.900246, 3px: 0.956101, 5px: 0.968573
Validation (final) EPE: 2.715018, 1px: 0.848964, 3px: 0.916922, 5px: 0.937131
[115100,  0.0000044]     0.7621,     0.8622,     0.8896,     5.3216, 
[115200,  0.0000043]     0.7692,     0.8667,     0.8948,     5.7882, 
[115300,  0.0000042]     0.7464,     0.8470,     0.8770,     6.6002, 
[115400,  0.0000041]     0.7361,     0.8409,     0.8720,     6.7921, 
[115500,  0.0000040]     0.7482,     0.8522,     0.8821,     5.6859, 
[115600,  0.0000039]     0.7521,     0.8566,     0.8863,     5.4674, 
[115700,  0.0000039]     0.7595,     0.8598,     0.8888,     5.2076, 
[115800,  0.0000038]     0.7430,     0.8447,     0.8751,     7.7738, 
[115900,  0.0000037]     0.7267,     0.8342,     0.8660,     7.9959, 
[116000,  0.0000036]     0.7395,     0.8415,     0.8728,     7.0418, 
[116100,  0.0000035]     0.7454,     0.8458,     0.8753,     7.1782, 
[116200,  0.0000034]     0.7497,     0.8551,     0.8856,     6.1070, 
[116300,  0.0000033]     0.7645,     0.8657,     0.8953,     5.1491, 
[116400,  0.0000032]     0.7560,     0.8566,     0.8856,     6.7818, 
[116500,  0.0000032]     0.7475,     0.8472,     0.8764,     6.8456, 
[116600,  0.0000031]     0.7598,     0.8609,     0.8896,     5.4699, 
[116700,  0.0000030]     0.7514,     0.8555,     0.8861,     5.1363, 
[116800,  0.0000029]     0.7497,     0.8542,     0.8840,     6.6386, 
[116900,  0.0000028]     0.7548,     0.8587,     0.8882,     5.8236, 
[117000,  0.0000027]     0.7422,     0.8475,     0.8787,     5.6124, 
[117100,  0.0000026]     0.7477,     0.8503,     0.8803,     6.8947, 
[117200,  0.0000025]     0.7457,     0.8427,     0.8714,     7.3033, 
[117300,  0.0000025]     0.7454,     0.8516,     0.8817,     6.1040, 
[117400,  0.0000024]     0.7581,     0.8577,     0.8866,     6.0317, 
[117500,  0.0000023]     0.7483,     0.8524,     0.8834,     5.5597, 
[117600,  0.0000022]     0.7510,     0.8497,     0.8798,     6.6140, 
[117700,  0.0000021]     0.7524,     0.8553,     0.8848,     5.2717, 
[117800,  0.0000020]     0.7405,     0.8443,     0.8738,     6.1409, 
[117900,  0.0000019]     0.7601,     0.8614,     0.8905,     5.8244, 
[118000,  0.0000018]     0.7439,     0.8497,     0.8806,     6.3269, 
[118100,  0.0000018]     0.7503,     0.8535,     0.8838,     5.6275, 
[118200,  0.0000017]     0.7514,     0.8551,     0.8862,     5.1215, 
[118300,  0.0000016]     0.7573,     0.8600,     0.8900,     5.3387, 
[118400,  0.0000015]     0.7522,     0.8537,     0.8828,     7.5494, 
[118500,  0.0000014]     0.7567,     0.8591,     0.8885,     5.6772, 
[118600,  0.0000013]     0.7472,     0.8483,     0.8775,     6.5746, 
[118700,  0.0000012]     0.7480,     0.8480,     0.8786,     6.7455, 
[118800,  0.0000011]     0.7630,     0.8645,     0.8938,     4.9042, 
[118900,  0.0000011]     0.7554,     0.8559,     0.8846,     6.4817, 
[119000,  0.0000010]     0.7545,     0.8571,     0.8876,     6.1730, 
[119100,  0.0000009]     0.7529,     0.8549,     0.8844,     5.9756, 
[119200,  0.0000008]     0.7493,     0.8494,     0.8787,     7.0441, 
[119300,  0.0000007]     0.7399,     0.8438,     0.8741,     7.1045, 
[119400,  0.0000006]     0.7337,     0.8406,     0.8721,     7.4616, 
[119500,  0.0000005]     0.7420,     0.8491,     0.8804,     5.1584, 
[119600,  0.0000004]     0.7472,     0.8495,     0.8795,     6.6539, 
[119700,  0.0000004]     0.7393,     0.8439,     0.8754,     6.3613, 
[119800,  0.0000003]     0.7557,     0.8555,     0.8835,     6.5431, 
[119900,  0.0000002]     0.7476,     0.8464,     0.8768,     6.5440, 
[120000,  0.0000001]     0.7409,     0.8436,     0.8751,     6.8082, 
Validation (clean) EPE: 1.380770, 1px: 0.900459, 3px: 0.956438, 5px: 0.968889
Validation (final) EPE: 2.729288, 1px: 0.849305, 3px: 0.916589, 5px: 0.936941
