nohup: ignoring input
Parameter Count: 5257536
Training with 22232 image pairs
/home/zexin/anaconda3/envs/raft/lib/python3.7/site-packages/torch/optim/lr_scheduler.py:123: UserWarning: Detected call of `lr_scheduler.step()` before `optimizer.step()`. In PyTorch 1.1.0 and later, you should call them in the opposite order: `optimizer.step()` before `lr_scheduler.step()`.  Failure to do this will result in PyTorch skipping the first value of the learning rate schedule. See more details at https://pytorch.org/docs/stable/optim.html#how-to-adjust-learning-rate
  "https://pytorch.org/docs/stable/optim.html#how-to-adjust-learning-rate", UserWarning)
[   100,  0.0000140]     0.0429,     0.2290,     0.3744,    15.7164, 
[   200,  0.0000180]     0.0571,     0.2856,     0.4306,    15.6412, 
[   300,  0.0000220]     0.0598,     0.2721,     0.4103,    16.2072, 
[   400,  0.0000259]     0.0336,     0.2028,     0.3634,    14.5351, 
[   500,  0.0000299]     0.0337,     0.2004,     0.3676,    14.5625, 
[   600,  0.0000339]     0.0356,     0.2176,     0.3942,    13.3318, 
[   700,  0.0000379]     0.0514,     0.2797,     0.4548,    12.7837, 
[   800,  0.0000419]     0.0656,     0.3194,     0.4938,    11.9690, 
[   900,  0.0000459]     0.0803,     0.3557,     0.5197,    12.1684, 
[  1000,  0.0000499]     0.1268,     0.4375,     0.5851,    10.5937, 
[  1100,  0.0000539]     0.1324,     0.4453,     0.5948,    10.6894, 
[  1200,  0.0000579]     0.1821,     0.5118,     0.6436,     9.8111, 
[  1300,  0.0000619]     0.2210,     0.5473,     0.6724,     8.9219, 
[  1400,  0.0000659]     0.2528,     0.5900,     0.7095,     8.0906, 
[  1500,  0.0000699]     0.2946,     0.6221,     0.7297,     8.3204, 
[  1600,  0.0000739]     0.3300,     0.6595,     0.7620,     7.0961, 
[  1700,  0.0000779]     0.3455,     0.6692,     0.7657,     7.4498, 
[  1800,  0.0000819]     0.3975,     0.6978,     0.7872,     6.9968, 
[  1900,  0.0000859]     0.4238,     0.7110,     0.7941,     6.4497, 
[  2000,  0.0000899]     0.4313,     0.7207,     0.8002,     6.7761, 
[  2100,  0.0000939]     0.4540,     0.7283,     0.8033,     7.2909, 
[  2200,  0.0000979]     0.4702,     0.7326,     0.8032,     7.0781, 
[  2300,  0.0001019]     0.4819,     0.7529,     0.8246,     6.1810, 
[  2400,  0.0001059]     0.5053,     0.7533,     0.8186,     7.2090, 
[  2500,  0.0001099]     0.5079,     0.7543,     0.8202,     6.4006, 
[  2600,  0.0001139]     0.5466,     0.7794,     0.8413,     5.5180, 
[  2700,  0.0001179]     0.5588,     0.7805,     0.8398,     5.9487, 
[  2800,  0.0001219]     0.5619,     0.7879,     0.8469,     5.2902, 
[  2900,  0.0001259]     0.5815,     0.7942,     0.8503,     5.2940, 
[  3000,  0.0001299]     0.5933,     0.8084,     0.8624,     4.7461, 
[  3100,  0.0001339]     0.5862,     0.7949,     0.8505,     5.4580, 
[  3200,  0.0001379]     0.5816,     0.7910,     0.8442,     6.2276, 
[  3300,  0.0001419]     0.5848,     0.7989,     0.8528,     5.3227, 
[  3400,  0.0001459]     0.6046,     0.8071,     0.8588,     5.2250, 
[  3500,  0.0001499]     0.5925,     0.7974,     0.8514,     5.7522, 
[  3600,  0.0001539]     0.6078,     0.8110,     0.8617,     5.6419, 
[  3700,  0.0001579]     0.6188,     0.8148,     0.8640,     5.3918, 
[  3800,  0.0001619]     0.6150,     0.8117,     0.8621,     5.2337, 
[  3900,  0.0001659]     0.6209,     0.8170,     0.8677,     5.0358, 
[  4000,  0.0001699]     0.6290,     0.8148,     0.8637,     4.9777, 
[  4100,  0.0001739]     0.6344,     0.8224,     0.8712,     4.6963, 
[  4200,  0.0001778]     0.6411,     0.8339,     0.8805,     4.3299, 
[  4300,  0.0001818]     0.6362,     0.8237,     0.8694,     5.1961, 
[  4400,  0.0001858]     0.6463,     0.8287,     0.8743,     4.8509, 
[  4500,  0.0001898]     0.6393,     0.8236,     0.8698,     5.1634, 
[  4600,  0.0001938]     0.6542,     0.8333,     0.8773,     4.7154, 
[  4700,  0.0001978]     0.6688,     0.8477,     0.8911,     4.0974, 
[  4800,  0.0002018]     0.6515,     0.8378,     0.8826,     4.6743, 
[  4900,  0.0002058]     0.6583,     0.8397,     0.8834,     4.6500, 
[  5000,  0.0002098]     0.6662,     0.8384,     0.8809,     4.4956, 
Validation Chairs EPE: 2.773035
[  5100,  0.0002138]     0.6606,     0.8395,     0.8842,     4.1813, 
[  5200,  0.0002178]     0.6610,     0.8368,     0.8794,     4.5249, 
[  5300,  0.0002218]     0.6467,     0.8292,     0.8735,     4.8949, 
[  5400,  0.0002258]     0.6842,     0.8506,     0.8902,     4.3593, 
[  5500,  0.0002298]     0.6776,     0.8513,     0.8933,     4.2040, 
[  5600,  0.0002338]     0.6830,     0.8502,     0.8880,     4.2235, 
[  5700,  0.0002378]     0.6824,     0.8474,     0.8877,     4.3129, 
[  5800,  0.0002418]     0.6813,     0.8491,     0.8880,     4.4707, 
[  5900,  0.0002458]     0.6806,     0.8560,     0.8979,     3.7221, 
[  6000,  0.0002498]     0.6843,     0.8516,     0.8903,     4.6155, 
[  6100,  0.0002498]     0.6920,     0.8570,     0.8954,     4.2818, 
[  6200,  0.0002496]     0.6916,     0.8538,     0.8921,     4.3648, 
[  6300,  0.0002494]     0.6786,     0.8493,     0.8897,     4.5723, 
[  6400,  0.0002491]     0.6830,     0.8502,     0.8897,     4.4026, 
[  6500,  0.0002489]     0.6841,     0.8571,     0.8962,     4.1681, 
[  6600,  0.0002487]     0.6950,     0.8597,     0.8978,     3.9535, 
[  6700,  0.0002485]     0.6935,     0.8595,     0.8967,     4.0043, 
[  6800,  0.0002483]     0.7105,     0.8677,     0.9034,     3.5822, 
[  6900,  0.0002480]     0.6957,     0.8593,     0.8975,     3.9194, 
[  7000,  0.0002478]     0.7073,     0.8664,     0.9015,     3.8417, 
[  7100,  0.0002476]     0.7169,     0.8744,     0.9089,     3.5184, 
[  7200,  0.0002474]     0.7089,     0.8654,     0.9020,     4.0152, 
[  7300,  0.0002472]     0.7040,     0.8674,     0.9033,     3.8183, 
[  7400,  0.0002469]     0.7081,     0.8640,     0.8992,     4.1959, 
[  7500,  0.0002467]     0.7093,     0.8715,     0.9075,     3.7773, 
[  7600,  0.0002465]     0.7095,     0.8687,     0.9035,     3.7422, 
[  7700,  0.0002463]     0.7039,     0.8653,     0.9013,     4.1355, 
[  7800,  0.0002461]     0.7053,     0.8683,     0.9048,     3.5430, 
[  7900,  0.0002458]     0.7030,     0.8639,     0.8992,     4.1222, 
[  8000,  0.0002456]     0.7155,     0.8685,     0.9032,     3.8296, 
[  8100,  0.0002454]     0.7239,     0.8750,     0.9090,     3.6758, 
[  8200,  0.0002452]     0.7196,     0.8749,     0.9083,     3.6693, 
[  8300,  0.0002450]     0.7255,     0.8828,     0.9154,     3.3642, 
[  8400,  0.0002448]     0.7184,     0.8760,     0.9100,     3.4871, 
[  8500,  0.0002445]     0.7250,     0.8770,     0.9099,     3.6699, 
[  8600,  0.0002443]     0.7280,     0.8802,     0.9125,     3.4007, 
[  8700,  0.0002441]     0.7271,     0.8789,     0.9120,     3.5318, 
[  8800,  0.0002439]     0.7248,     0.8810,     0.9141,     3.5224, 
[  8900,  0.0002437]     0.7227,     0.8764,     0.9092,     3.8183, 
[  9000,  0.0002434]     0.7205,     0.8742,     0.9076,     3.5713, 
[  9100,  0.0002432]     0.7334,     0.8872,     0.9200,     3.0346, 
[  9200,  0.0002430]     0.7360,     0.8858,     0.9163,     3.2896, 
[  9300,  0.0002428]     0.7329,     0.8839,     0.9165,     3.1950, 
[  9400,  0.0002426]     0.7404,     0.8896,     0.9193,     3.2984, 
[  9500,  0.0002423]     0.7273,     0.8790,     0.9116,     3.9150, 
[  9600,  0.0002421]     0.7349,     0.8868,     0.9189,     3.1351, 
[  9700,  0.0002419]     0.7307,     0.8842,     0.9160,     3.2384, 
[  9800,  0.0002417]     0.7323,     0.8874,     0.9195,     3.1820, 
[  9900,  0.0002415]     0.7438,     0.8904,     0.9196,     3.4497, 
[ 10000,  0.0002412]     0.7279,     0.8822,     0.9147,     3.6717, 
Validation Chairs EPE: 2.099538
[ 10100,  0.0002410]     0.7360,     0.8886,     0.9195,     3.1330, 
[ 10200,  0.0002408]     0.7422,     0.8920,     0.9230,     2.9840, 
[ 10300,  0.0002406]     0.7411,     0.8887,     0.9192,     3.6795, 
[ 10400,  0.0002404]     0.7373,     0.8871,     0.9181,     3.2488, 
[ 10500,  0.0002402]     0.7311,     0.8800,     0.9116,     3.7509, 
[ 10600,  0.0002399]     0.7318,     0.8831,     0.9139,     3.5442, 
[ 10700,  0.0002397]     0.7386,     0.8904,     0.9210,     3.0496, 
[ 10800,  0.0002395]     0.7456,     0.8952,     0.9237,     3.1719, 
[ 10900,  0.0002393]     0.7440,     0.8916,     0.9232,     3.2602, 
[ 11000,  0.0002391]     0.7544,     0.8957,     0.9237,     2.8857, 
[ 11100,  0.0002388]     0.7463,     0.8927,     0.9218,     3.1245, 
[ 11200,  0.0002386]     0.7464,     0.8950,     0.9254,     2.9933, 
[ 11300,  0.0002384]     0.7487,     0.8950,     0.9240,     3.1189, 
[ 11400,  0.0002382]     0.7512,     0.8968,     0.9264,     2.9612, 
[ 11500,  0.0002380]     0.7359,     0.8848,     0.9146,     3.6369, 
[ 11600,  0.0002377]     0.7497,     0.8921,     0.9209,     3.0670, 
[ 11700,  0.0002375]     0.7477,     0.8895,     0.9191,     3.3079, 
[ 11800,  0.0002373]     0.7499,     0.8953,     0.9245,     2.9209, 
[ 11900,  0.0002371]     0.7367,     0.8886,     0.9190,     3.4752, 
[ 12000,  0.0002369]     0.7457,     0.8909,     0.9213,     3.3245, 
[ 12100,  0.0002366]     0.7409,     0.8904,     0.9211,     3.2179, 
[ 12200,  0.0002364]     0.7547,     0.8960,     0.9230,     3.0327, 
[ 12300,  0.0002362]     0.7509,     0.8973,     0.9268,     2.8142, 
[ 12400,  0.0002360]     0.7464,     0.8953,     0.9239,     3.2435, 
[ 12500,  0.0002358]     0.7649,     0.9067,     0.9337,     2.4660, 
[ 12600,  0.0002355]     0.7606,     0.9018,     0.9298,     2.8403, 
[ 12700,  0.0002353]     0.7597,     0.9002,     0.9285,     2.7217, 
[ 12800,  0.0002351]     0.7446,     0.8969,     0.9261,     2.8165, 
[ 12900,  0.0002349]     0.7567,     0.8993,     0.9267,     3.0487, 
[ 13000,  0.0002347]     0.7568,     0.8988,     0.9256,     3.1988, 
[ 13100,  0.0002345]     0.7491,     0.8964,     0.9263,     2.9054, 
[ 13200,  0.0002342]     0.7578,     0.9008,     0.9289,     2.7930, 
[ 13300,  0.0002340]     0.7586,     0.8989,     0.9278,     2.8827, 
[ 13400,  0.0002338]     0.7576,     0.9029,     0.9309,     2.8289, 
[ 13500,  0.0002336]     0.7557,     0.8983,     0.9253,     3.1865, 
[ 13600,  0.0002334]     0.7633,     0.9044,     0.9310,     2.6324, 
[ 13700,  0.0002331]     0.7608,     0.9010,     0.9294,     2.7979, 
[ 13800,  0.0002329]     0.7599,     0.9044,     0.9312,     2.5910, 
[ 13900,  0.0002327]     0.7575,     0.8999,     0.9267,     3.0538, 
[ 14000,  0.0002325]     0.7642,     0.9038,     0.9308,     2.8232, 
[ 14100,  0.0002323]     0.7673,     0.9059,     0.9314,     2.8999, 
[ 14200,  0.0002320]     0.7511,     0.8966,     0.9255,     3.1755, 
[ 14300,  0.0002318]     0.7550,     0.8979,     0.9258,     3.2641, 
[ 14400,  0.0002316]     0.7538,     0.8981,     0.9254,     3.0012, 
[ 14500,  0.0002314]     0.7664,     0.9042,     0.9310,     2.7619, 
[ 14600,  0.0002312]     0.7680,     0.9049,     0.9318,     2.5547, 
[ 14700,  0.0002309]     0.7735,     0.9110,     0.9357,     2.4299, 
[ 14800,  0.0002307]     0.7493,     0.8984,     0.9275,     2.9333, 
[ 14900,  0.0002305]     0.7640,     0.9050,     0.9315,     2.9417, 
[ 15000,  0.0002303]     0.7655,     0.9066,     0.9335,     2.5003, 
Validation Chairs EPE: 1.684324
[ 15100,  0.0002301]     0.7544,     0.8993,     0.9268,     3.0916, 
[ 15200,  0.0002299]     0.7630,     0.9064,     0.9328,     2.8697, 
[ 15300,  0.0002296]     0.7678,     0.9051,     0.9303,     2.9189, 
[ 15400,  0.0002294]     0.7666,     0.9082,     0.9353,     2.5769, 
[ 15500,  0.0002292]     0.7645,     0.9036,     0.9298,     2.7795, 
[ 15600,  0.0002290]     0.7685,     0.9078,     0.9334,     3.4603, 
[ 15700,  0.0002288]     0.7756,     0.9119,     0.9376,     2.5320, 
[ 15800,  0.0002285]     0.7695,     0.9073,     0.9321,     2.9116, 
[ 15900,  0.0002283]     0.7817,     0.9149,     0.9393,     2.4580, 
[ 16000,  0.0002281]     0.7646,     0.9052,     0.9318,     2.8641, 
[ 16100,  0.0002279]     0.7713,     0.9051,     0.9301,     2.7519, 
[ 16200,  0.0002277]     0.7661,     0.9067,     0.9322,     2.7999, 
[ 16300,  0.0002274]     0.7778,     0.9144,     0.9396,     2.3521, 
[ 16400,  0.0002272]     0.7700,     0.9075,     0.9323,     3.0441, 
[ 16500,  0.0002270]     0.7713,     0.9091,     0.9355,     2.4727, 
[ 16600,  0.0002268]     0.7677,     0.9072,     0.9347,     2.5462, 
[ 16700,  0.0002266]     0.7671,     0.9092,     0.9351,     2.6154, 
[ 16800,  0.0002263]     0.7615,     0.9058,     0.9309,     3.0052, 
[ 16900,  0.0002261]     0.7690,     0.9063,     0.9323,     2.9688, 
[ 17000,  0.0002259]     0.7744,     0.9100,     0.9358,     2.5408, 
[ 17100,  0.0002257]     0.7603,     0.9063,     0.9338,     2.5666, 
[ 17200,  0.0002255]     0.7759,     0.9115,     0.9363,     2.4818, 
[ 17300,  0.0002253]     0.7764,     0.9129,     0.9376,     2.5110, 
[ 17400,  0.0002250]     0.7710,     0.9087,     0.9329,     2.6850, 
[ 17500,  0.0002248]     0.7624,     0.9081,     0.9344,     2.7413, 
[ 17600,  0.0002246]     0.7659,     0.9086,     0.9334,     2.8507, 
[ 17700,  0.0002244]     0.7776,     0.9143,     0.9384,     2.7972, 
[ 17800,  0.0002242]     0.7678,     0.9045,     0.9311,     2.6948, 
[ 17900,  0.0002239]     0.7833,     0.9171,     0.9403,     2.4150, 
[ 18000,  0.0002237]     0.7672,     0.9072,     0.9336,     2.6554, 
[ 18100,  0.0002235]     0.7646,     0.9023,     0.9285,     2.8671, 
[ 18200,  0.0002233]     0.7712,     0.9062,     0.9317,     2.8107, 
[ 18300,  0.0002231]     0.7841,     0.9151,     0.9388,     2.5057, 
[ 18400,  0.0002228]     0.7723,     0.9126,     0.9361,     2.8369, 
[ 18500,  0.0002226]     0.7902,     0.9206,     0.9436,     2.1789, 
[ 18600,  0.0002224]     0.7706,     0.9093,     0.9352,     2.5460, 
[ 18700,  0.0002222]     0.7793,     0.9141,     0.9381,     2.6031, 
[ 18800,  0.0002220]     0.7779,     0.9130,     0.9367,     2.7071, 
[ 18900,  0.0002217]     0.7803,     0.9122,     0.9361,     2.6587, 
[ 19000,  0.0002215]     0.7719,     0.9114,     0.9364,     2.5799, 
[ 19100,  0.0002213]     0.7840,     0.9157,     0.9394,     2.5778, 
[ 19200,  0.0002211]     0.7855,     0.9151,     0.9389,     2.5504, 
[ 19300,  0.0002209]     0.7862,     0.9178,     0.9408,     2.3457, 
[ 19400,  0.0002206]     0.7808,     0.9172,     0.9411,     2.2562, 
[ 19500,  0.0002204]     0.7686,     0.9068,     0.9327,     2.7519, 
[ 19600,  0.0002202]     0.7771,     0.9145,     0.9394,     2.4805, 
[ 19700,  0.0002200]     0.7862,     0.9152,     0.9379,     2.8322, 
[ 19800,  0.0002198]     0.7732,     0.9142,     0.9390,     2.4678, 
[ 19900,  0.0002196]     0.7712,     0.9111,     0.9358,     2.6103, 
[ 20000,  0.0002193]     0.7726,     0.9111,     0.9351,     2.7574, 
Validation Chairs EPE: 1.687830
[ 20100,  0.0002191]     0.7770,     0.9116,     0.9362,     2.5536, 
[ 20200,  0.0002189]     0.7767,     0.9120,     0.9361,     2.5704, 
[ 20300,  0.0002187]     0.7836,     0.9156,     0.9396,     2.3657, 
[ 20400,  0.0002185]     0.7881,     0.9200,     0.9435,     2.1531, 
[ 20500,  0.0002182]     0.7877,     0.9197,     0.9427,     2.2856, 
[ 20600,  0.0002180]     0.7793,     0.9156,     0.9388,     2.6061, 
[ 20700,  0.0002178]     0.7746,     0.9114,     0.9354,     2.7054, 
[ 20800,  0.0002176]     0.7864,     0.9124,     0.9357,     2.5965, 
[ 20900,  0.0002174]     0.7863,     0.9167,     0.9396,     2.6371, 
[ 21000,  0.0002171]     0.7855,     0.9198,     0.9425,     2.2125, 
[ 21100,  0.0002169]     0.7867,     0.9180,     0.9400,     2.6699, 
[ 21200,  0.0002167]     0.7807,     0.9138,     0.9371,     2.5558, 
[ 21300,  0.0002165]     0.7873,     0.9157,     0.9384,     2.6463, 
[ 21400,  0.0002163]     0.7848,     0.9135,     0.9376,     2.6103, 
[ 21500,  0.0002160]     0.7708,     0.9089,     0.9338,     3.1158, 
[ 21600,  0.0002158]     0.7776,     0.9166,     0.9404,     2.5288, 
[ 21700,  0.0002156]     0.7749,     0.9121,     0.9371,     2.7661, 
[ 21800,  0.0002154]     0.7905,     0.9190,     0.9423,     2.3019, 
[ 21900,  0.0002152]     0.7857,     0.9191,     0.9429,     2.3687, 
[ 22000,  0.0002150]     0.7831,     0.9169,     0.9397,     2.7592, 
[ 22100,  0.0002147]     0.7791,     0.9146,     0.9386,     2.3477, 
[ 22200,  0.0002145]     0.7808,     0.9191,     0.9421,     2.3761, 
[ 22300,  0.0002143]     0.7912,     0.9187,     0.9401,     2.6546, 
[ 22400,  0.0002141]     0.7798,     0.9161,     0.9398,     2.5922, 
[ 22500,  0.0002139]     0.7798,     0.9136,     0.9368,     2.7659, 
[ 22600,  0.0002136]     0.7742,     0.9110,     0.9355,     2.7582, 
[ 22700,  0.0002134]     0.7817,     0.9145,     0.9389,     2.3109, 
[ 22800,  0.0002132]     0.7831,     0.9169,     0.9403,     2.4200, 
[ 22900,  0.0002130]     0.7863,     0.9176,     0.9399,     2.5652, 
[ 23000,  0.0002128]     0.7850,     0.9161,     0.9394,     2.5134, 
[ 23100,  0.0002125]     0.7936,     0.9186,     0.9404,     2.7455, 
[ 23200,  0.0002123]     0.7905,     0.9213,     0.9430,     2.2666, 
[ 23300,  0.0002121]     0.7841,     0.9196,     0.9416,     2.3767, 
[ 23400,  0.0002119]     0.7910,     0.9241,     0.9463,     2.2358, 
[ 23500,  0.0002117]     0.7914,     0.9196,     0.9418,     2.4397, 
[ 23600,  0.0002114]     0.7889,     0.9214,     0.9438,     2.3227, 
[ 23700,  0.0002112]     0.7909,     0.9214,     0.9440,     2.3950, 
[ 23800,  0.0002110]     0.8005,     0.9225,     0.9448,     2.1366, 
[ 23900,  0.0002108]     0.7997,     0.9243,     0.9463,     2.2261, 
[ 24000,  0.0002106]     0.7858,     0.9223,     0.9445,     2.1642, 
[ 24100,  0.0002104]     0.7915,     0.9221,     0.9433,     2.3524, 
[ 24200,  0.0002101]     0.7938,     0.9196,     0.9422,     2.2756, 
[ 24300,  0.0002099]     0.8051,     0.9274,     0.9476,     2.2220, 
[ 24400,  0.0002097]     0.7763,     0.9172,     0.9408,     2.3875, 
[ 24500,  0.0002095]     0.7908,     0.9167,     0.9387,     2.8115, 
[ 24600,  0.0002093]     0.7984,     0.9240,     0.9446,     2.2736, 
[ 24700,  0.0002090]     0.7915,     0.9222,     0.9440,     2.3097, 
[ 24800,  0.0002088]     0.7911,     0.9185,     0.9402,     2.7473, 
[ 24900,  0.0002086]     0.7976,     0.9252,     0.9469,     2.1572, 
[ 25000,  0.0002084]     0.7884,     0.9225,     0.9443,     2.2878, 
Validation Chairs EPE: 1.400756
[ 25100,  0.0002082]     0.7879,     0.9183,     0.9407,     2.8093, 
[ 25200,  0.0002079]     0.7966,     0.9249,     0.9456,     2.2539, 
[ 25300,  0.0002077]     0.7859,     0.9193,     0.9417,     2.4919, 
[ 25400,  0.0002075]     0.7884,     0.9217,     0.9432,     2.2602, 
[ 25500,  0.0002073]     0.7899,     0.9208,     0.9440,     2.3403, 
[ 25600,  0.0002071]     0.7856,     0.9175,     0.9399,     2.5975, 
[ 25700,  0.0002068]     0.7934,     0.9243,     0.9463,     2.2912, 
[ 25800,  0.0002066]     0.7931,     0.9207,     0.9420,     2.5411, 
[ 25900,  0.0002064]     0.7877,     0.9201,     0.9419,     2.4774, 
[ 26000,  0.0002062]     0.8034,     0.9276,     0.9483,     1.9788, 
[ 26100,  0.0002060]     0.7840,     0.9192,     0.9420,     2.3620, 
[ 26200,  0.0002057]     0.7928,     0.9222,     0.9448,     2.1039, 
[ 26300,  0.0002055]     0.7946,     0.9239,     0.9460,     2.1964, 
[ 26400,  0.0002053]     0.7979,     0.9215,     0.9426,     2.7695, 
[ 26500,  0.0002051]     0.7872,     0.9182,     0.9404,     2.4106, 
[ 26600,  0.0002049]     0.8037,     0.9268,     0.9479,     2.0988, 
[ 26700,  0.0002047]     0.7944,     0.9233,     0.9452,     2.3657, 
[ 26800,  0.0002044]     0.7974,     0.9273,     0.9485,     2.0919, 
[ 26900,  0.0002042]     0.7831,     0.9179,     0.9397,     2.6213, 
[ 27000,  0.0002040]     0.8095,     0.9277,     0.9476,     2.2116, 
[ 27100,  0.0002038]     0.7949,     0.9247,     0.9452,     2.1431, 
[ 27200,  0.0002036]     0.7959,     0.9239,     0.9448,     2.6287, 
[ 27300,  0.0002033]     0.7935,     0.9196,     0.9404,     2.6146, 
[ 27400,  0.0002031]     0.8067,     0.9281,     0.9481,     2.2926, 
[ 27500,  0.0002029]     0.8028,     0.9287,     0.9488,     2.0566, 
[ 27600,  0.0002027]     0.7929,     0.9219,     0.9436,     2.1527, 
[ 27700,  0.0002025]     0.8017,     0.9287,     0.9492,     2.3314, 
[ 27800,  0.0002022]     0.7985,     0.9278,     0.9488,     1.9881, 
[ 27900,  0.0002020]     0.7982,     0.9258,     0.9459,     2.2423, 
[ 28000,  0.0002018]     0.8018,     0.9275,     0.9480,     2.0547, 
[ 28100,  0.0002016]     0.7992,     0.9277,     0.9486,     2.1713, 
[ 28200,  0.0002014]     0.8035,     0.9289,     0.9494,     2.2538, 
[ 28300,  0.0002011]     0.8037,     0.9280,     0.9495,     1.9174, 
[ 28400,  0.0002009]     0.7996,     0.9266,     0.9474,     2.2428, 
[ 28500,  0.0002007]     0.7923,     0.9217,     0.9445,     2.4448, 
[ 28600,  0.0002005]     0.8065,     0.9285,     0.9488,     2.2528, 
[ 28700,  0.0002003]     0.7902,     0.9263,     0.9480,     2.1978, 
[ 28800,  0.0002001]     0.7988,     0.9256,     0.9462,     2.3457, 
[ 28900,  0.0001998]     0.7899,     0.9231,     0.9446,     2.2765, 
[ 29000,  0.0001996]     0.8046,     0.9293,     0.9496,     2.0296, 
[ 29100,  0.0001994]     0.7931,     0.9219,     0.9442,     2.1182, 
[ 29200,  0.0001992]     0.8010,     0.9279,     0.9481,     2.1378, 
[ 29300,  0.0001990]     0.8073,     0.9322,     0.9516,     2.0549, 
[ 29400,  0.0001987]     0.8064,     0.9283,     0.9500,     2.3054, 
[ 29500,  0.0001985]     0.8062,     0.9292,     0.9491,     2.0402, 
[ 29600,  0.0001983]     0.8029,     0.9273,     0.9486,     2.0057, 
[ 29700,  0.0001981]     0.8022,     0.9275,     0.9484,     2.3201, 
[ 29800,  0.0001979]     0.8006,     0.9265,     0.9477,     2.2507, 
[ 29900,  0.0001976]     0.8059,     0.9326,     0.9523,     2.0052, 
[ 30000,  0.0001974]     0.8006,     0.9284,     0.9493,     2.0180, 
Validation Chairs EPE: 1.368523
[ 30100,  0.0001972]     0.8042,     0.9288,     0.9489,     2.1735, 
[ 30200,  0.0001970]     0.8050,     0.9290,     0.9497,     1.9979, 
[ 30300,  0.0001968]     0.8040,     0.9265,     0.9469,     2.2026, 
[ 30400,  0.0001965]     0.8023,     0.9262,     0.9465,     2.2306, 
[ 30500,  0.0001963]     0.8035,     0.9264,     0.9470,     2.2414, 
[ 30600,  0.0001961]     0.7973,     0.9271,     0.9482,     2.1236, 
[ 30700,  0.0001959]     0.7999,     0.9259,     0.9474,     2.2585, 
[ 30800,  0.0001957]     0.8113,     0.9282,     0.9477,     2.3242, 
[ 30900,  0.0001955]     0.7929,     0.9234,     0.9458,     2.2653, 
[ 31000,  0.0001952]     0.8093,     0.9315,     0.9516,     1.8869, 
[ 31100,  0.0001950]     0.8042,     0.9287,     0.9492,     2.1716, 
[ 31200,  0.0001948]     0.8112,     0.9320,     0.9511,     2.0508, 
[ 31300,  0.0001946]     0.7933,     0.9236,     0.9446,     2.4162, 
[ 31400,  0.0001944]     0.8078,     0.9335,     0.9530,     1.9556, 
[ 31500,  0.0001941]     0.8072,     0.9287,     0.9486,     2.1545, 
[ 31600,  0.0001939]     0.8054,     0.9288,     0.9490,     2.0119, 
[ 31700,  0.0001937]     0.7962,     0.9263,     0.9471,     2.1426, 
[ 31800,  0.0001935]     0.7979,     0.9286,     0.9484,     2.3506, 
[ 31900,  0.0001933]     0.8036,     0.9297,     0.9492,     2.2781, 
[ 32000,  0.0001930]     0.8050,     0.9315,     0.9508,     2.0722, 
[ 32100,  0.0001928]     0.7988,     0.9264,     0.9470,     2.4363, 
[ 32200,  0.0001926]     0.8095,     0.9332,     0.9537,     1.8262, 
[ 32300,  0.0001924]     0.8024,     0.9317,     0.9520,     1.9616, 
[ 32400,  0.0001922]     0.8076,     0.9310,     0.9506,     2.1424, 
[ 32500,  0.0001919]     0.8092,     0.9312,     0.9504,     2.0413, 
[ 32600,  0.0001917]     0.8075,     0.9339,     0.9537,     1.9426, 
[ 32700,  0.0001915]     0.8037,     0.9249,     0.9451,     2.4142, 
[ 32800,  0.0001913]     0.8047,     0.9290,     0.9496,     2.0075, 
[ 32900,  0.0001911]     0.8056,     0.9292,     0.9494,     2.0280, 
[ 33000,  0.0001908]     0.8118,     0.9317,     0.9513,     1.8434, 
[ 33100,  0.0001906]     0.8064,     0.9303,     0.9502,     2.1708, 
[ 33200,  0.0001904]     0.8081,     0.9320,     0.9522,     2.0769, 
[ 33300,  0.0001902]     0.8077,     0.9312,     0.9509,     1.9116, 
[ 33400,  0.0001900]     0.8089,     0.9312,     0.9503,     2.2289, 
[ 33500,  0.0001898]     0.8040,     0.9333,     0.9535,     1.8694, 
[ 33600,  0.0001895]     0.8058,     0.9307,     0.9505,     2.3017, 
[ 33700,  0.0001893]     0.8053,     0.9296,     0.9497,     2.1597, 
[ 33800,  0.0001891]     0.8055,     0.9301,     0.9494,     2.1442, 
[ 33900,  0.0001889]     0.8027,     0.9311,     0.9506,     1.9900, 
[ 34000,  0.0001887]     0.7993,     0.9266,     0.9469,     2.3745, 
[ 34100,  0.0001884]     0.7984,     0.9254,     0.9461,     2.2351, 
[ 34200,  0.0001882]     0.8035,     0.9297,     0.9498,     2.0628, 
[ 34300,  0.0001880]     0.8109,     0.9302,     0.9494,     2.1017, 
[ 34400,  0.0001878]     0.8163,     0.9341,     0.9528,     1.9508, 
[ 34500,  0.0001876]     0.8050,     0.9268,     0.9480,     2.1298, 
[ 34600,  0.0001873]     0.8090,     0.9311,     0.9513,     2.1058, 
[ 34700,  0.0001871]     0.8148,     0.9331,     0.9522,     1.9034, 
[ 34800,  0.0001869]     0.8087,     0.9338,     0.9525,     2.0203, 
[ 34900,  0.0001867]     0.7984,     0.9257,     0.9471,     2.1436, 
[ 35000,  0.0001865]     0.8122,     0.9341,     0.9530,     1.8265, 
Validation Chairs EPE: 1.221877
[ 35100,  0.0001862]     0.8017,     0.9250,     0.9465,     2.1978, 
[ 35200,  0.0001860]     0.8008,     0.9269,     0.9473,     2.3311, 
[ 35300,  0.0001858]     0.8089,     0.9325,     0.9522,     1.9799, 
[ 35400,  0.0001856]     0.8033,     0.9265,     0.9467,     2.0843, 
[ 35500,  0.0001854]     0.8061,     0.9306,     0.9503,     2.2219, 
[ 35600,  0.0001852]     0.8025,     0.9317,     0.9515,     2.0692, 
[ 35700,  0.0001849]     0.8064,     0.9329,     0.9527,     2.1791, 
[ 35800,  0.0001847]     0.8141,     0.9338,     0.9522,     2.0939, 
[ 35900,  0.0001845]     0.8186,     0.9326,     0.9512,     1.9976, 
[ 36000,  0.0001843]     0.8104,     0.9333,     0.9526,     1.9567, 
[ 36100,  0.0001841]     0.8131,     0.9364,     0.9551,     1.7715, 
[ 36200,  0.0001838]     0.8142,     0.9355,     0.9538,     1.8617, 
[ 36300,  0.0001836]     0.8064,     0.9295,     0.9490,     2.1011, 
[ 36400,  0.0001834]     0.8118,     0.9309,     0.9499,     2.0992, 
[ 36500,  0.0001832]     0.8176,     0.9348,     0.9540,     1.8461, 
[ 36600,  0.0001830]     0.8038,     0.9259,     0.9460,     2.5652, 
[ 36700,  0.0001827]     0.7995,     0.9219,     0.9426,     2.4174, 
[ 36800,  0.0001825]     0.8064,     0.9307,     0.9503,     1.9440, 
[ 36900,  0.0001823]     0.8107,     0.9343,     0.9536,     1.9304, 
[ 37000,  0.0001821]     0.7981,     0.9255,     0.9449,     2.3573, 
[ 37100,  0.0001819]     0.8030,     0.9278,     0.9471,     2.1389, 
[ 37200,  0.0001816]     0.8112,     0.9311,     0.9510,     2.0378, 
[ 37300,  0.0001814]     0.8103,     0.9322,     0.9513,     2.0799, 
[ 37400,  0.0001812]     0.8117,     0.9334,     0.9520,     2.0250, 
[ 37500,  0.0001810]     0.8098,     0.9327,     0.9523,     1.9359, 
[ 37600,  0.0001808]     0.8028,     0.9320,     0.9513,     2.0215, 
[ 37700,  0.0001806]     0.8125,     0.9339,     0.9532,     2.0862, 
[ 37800,  0.0001803]     0.8190,     0.9398,     0.9579,     1.7506, 
[ 37900,  0.0001801]     0.8117,     0.9346,     0.9534,     2.0495, 
[ 38000,  0.0001799]     0.8170,     0.9375,     0.9570,     1.7745, 
[ 38100,  0.0001797]     0.8058,     0.9300,     0.9502,     1.9794, 
[ 38200,  0.0001795]     0.8112,     0.9341,     0.9542,     1.9170, 
[ 38300,  0.0001792]     0.8138,     0.9335,     0.9523,     2.1444, 
[ 38400,  0.0001790]     0.8193,     0.9354,     0.9540,     1.8189, 
[ 38500,  0.0001788]     0.8137,     0.9340,     0.9527,     1.9102, 
[ 38600,  0.0001786]     0.8164,     0.9341,     0.9524,     2.0113, 
[ 38700,  0.0001784]     0.8239,     0.9415,     0.9586,     1.7456, 
[ 38800,  0.0001781]     0.8074,     0.9294,     0.9493,     1.9573, 
[ 38900,  0.0001779]     0.8188,     0.9379,     0.9557,     1.7864, 
[ 39000,  0.0001777]     0.8139,     0.9356,     0.9544,     1.9242, 
[ 39100,  0.0001775]     0.8233,     0.9350,     0.9534,     1.9494, 
[ 39200,  0.0001773]     0.8205,     0.9372,     0.9546,     2.0161, 
[ 39300,  0.0001770]     0.8148,     0.9353,     0.9545,     1.7828, 
[ 39400,  0.0001768]     0.8218,     0.9356,     0.9533,     1.9244, 
[ 39500,  0.0001766]     0.8157,     0.9365,     0.9547,     1.8845, 
[ 39600,  0.0001764]     0.8139,     0.9336,     0.9521,     1.8768, 
[ 39700,  0.0001762]     0.8171,     0.9376,     0.9560,     1.9932, 
[ 39800,  0.0001760]     0.8159,     0.9399,     0.9576,     1.9279, 
[ 39900,  0.0001757]     0.8210,     0.9391,     0.9580,     1.7177, 
[ 40000,  0.0001755]     0.8097,     0.9344,     0.9534,     1.9071, 
Validation Chairs EPE: 1.189593
[ 40100,  0.0001753]     0.8127,     0.9353,     0.9538,     1.8525, 
[ 40200,  0.0001751]     0.8094,     0.9311,     0.9493,     2.2043, 
[ 40300,  0.0001749]     0.8155,     0.9337,     0.9514,     2.1296, 
[ 40400,  0.0001746]     0.8081,     0.9288,     0.9480,     2.0598, 
[ 40500,  0.0001744]     0.8158,     0.9389,     0.9567,     1.7545, 
[ 40600,  0.0001742]     0.8139,     0.9344,     0.9533,     2.0491, 
[ 40700,  0.0001740]     0.8129,     0.9367,     0.9559,     1.7947, 
[ 40800,  0.0001738]     0.8231,     0.9389,     0.9561,     1.8363, 
[ 40900,  0.0001735]     0.8161,     0.9369,     0.9555,     1.8581, 
[ 41000,  0.0001733]     0.8107,     0.9351,     0.9542,     1.9629, 
[ 41100,  0.0001731]     0.8196,     0.9386,     0.9567,     1.8537, 
[ 41200,  0.0001729]     0.8189,     0.9358,     0.9540,     2.0163, 
[ 41300,  0.0001727]     0.8163,     0.9330,     0.9518,     2.1516, 
[ 41400,  0.0001724]     0.8187,     0.9382,     0.9564,     1.8226, 
[ 41500,  0.0001722]     0.8187,     0.9321,     0.9501,     2.0849, 
[ 41600,  0.0001720]     0.8182,     0.9404,     0.9586,     1.6984, 
[ 41700,  0.0001718]     0.8219,     0.9387,     0.9556,     1.7467, 
[ 41800,  0.0001716]     0.8169,     0.9366,     0.9546,     1.9903, 
[ 41900,  0.0001713]     0.8250,     0.9396,     0.9562,     1.7451, 
[ 42000,  0.0001711]     0.8136,     0.9358,     0.9544,     1.8407, 
[ 42100,  0.0001709]     0.8188,     0.9362,     0.9540,     2.0600, 
[ 42200,  0.0001707]     0.8127,     0.9336,     0.9524,     1.9195, 
[ 42300,  0.0001705]     0.8295,     0.9410,     0.9579,     1.7661, 
[ 42400,  0.0001703]     0.8188,     0.9360,     0.9542,     2.0206, 
[ 42500,  0.0001700]     0.8217,     0.9411,     0.9583,     1.7869, 
[ 42600,  0.0001698]     0.8140,     0.9319,     0.9502,     2.1162, 
[ 42700,  0.0001696]     0.8163,     0.9325,     0.9509,     1.8877, 
[ 42800,  0.0001694]     0.8049,     0.9307,     0.9508,     2.0903, 
[ 42900,  0.0001692]     0.8190,     0.9358,     0.9539,     1.9312, 
[ 43000,  0.0001689]     0.8064,     0.9319,     0.9506,     2.0425, 
[ 43100,  0.0001687]     0.8130,     0.9323,     0.9505,     2.3682, 
[ 43200,  0.0001685]     0.8187,     0.9374,     0.9555,     2.0000, 
[ 43300,  0.0001683]     0.8252,     0.9413,     0.9580,     1.8637, 
[ 43400,  0.0001681]     0.8178,     0.9370,     0.9546,     1.8916, 
[ 43500,  0.0001678]     0.8121,     0.9333,     0.9521,     2.1466, 
[ 43600,  0.0001676]     0.8198,     0.9381,     0.9562,     1.8359, 
[ 43700,  0.0001674]     0.8158,     0.9375,     0.9548,     1.9873, 
[ 43800,  0.0001672]     0.8138,     0.9364,     0.9552,     1.7482, 
[ 43900,  0.0001670]     0.8189,     0.9389,     0.9569,     1.8030, 
[ 44000,  0.0001667]     0.8095,     0.9345,     0.9529,     2.0156, 
[ 44100,  0.0001665]     0.8244,     0.9395,     0.9559,     1.9248, 
[ 44200,  0.0001663]     0.8140,     0.9333,     0.9517,     2.1195, 
[ 44300,  0.0001661]     0.8176,     0.9369,     0.9553,     1.9410, 
[ 44400,  0.0001659]     0.8217,     0.9384,     0.9558,     2.0835, 
[ 44500,  0.0001657]     0.8165,     0.9346,     0.9522,     1.8897, 
[ 44600,  0.0001654]     0.8155,     0.9364,     0.9545,     1.7813, 
[ 44700,  0.0001652]     0.8253,     0.9399,     0.9573,     1.7744, 
[ 44800,  0.0001650]     0.8187,     0.9365,     0.9541,     2.0434, 
[ 44900,  0.0001648]     0.8133,     0.9338,     0.9532,     1.9698, 
[ 45000,  0.0001646]     0.8167,     0.9357,     0.9540,     2.1379, 
Validation Chairs EPE: 1.169938
[ 45100,  0.0001643]     0.8246,     0.9407,     0.9579,     1.8392, 
[ 45200,  0.0001641]     0.8150,     0.9383,     0.9562,     1.8387, 
[ 45300,  0.0001639]     0.8153,     0.9390,     0.9571,     1.8727, 
[ 45400,  0.0001637]     0.8267,     0.9407,     0.9576,     1.7287, 
[ 45500,  0.0001635]     0.8253,     0.9400,     0.9572,     1.8011, 
[ 45600,  0.0001632]     0.8181,     0.9387,     0.9573,     1.8805, 
[ 45700,  0.0001630]     0.8279,     0.9420,     0.9592,     1.7926, 
[ 45800,  0.0001628]     0.8162,     0.9355,     0.9523,     2.1469, 
[ 45900,  0.0001626]     0.8229,     0.9390,     0.9564,     1.8239, 
[ 46000,  0.0001624]     0.8181,     0.9392,     0.9566,     2.0834, 
[ 46100,  0.0001621]     0.8172,     0.9378,     0.9557,     1.8312, 
[ 46200,  0.0001619]     0.8262,     0.9386,     0.9567,     1.8923, 
[ 46300,  0.0001617]     0.8284,     0.9394,     0.9568,     1.6378, 
[ 46400,  0.0001615]     0.8211,     0.9352,     0.9542,     1.7356, 
[ 46500,  0.0001613]     0.8235,     0.9416,     0.9592,     1.7275, 
[ 46600,  0.0001611]     0.8175,     0.9353,     0.9540,     1.8313, 
[ 46700,  0.0001608]     0.8199,     0.9366,     0.9545,     1.8901, 
[ 46800,  0.0001606]     0.8178,     0.9357,     0.9532,     1.9009, 
[ 46900,  0.0001604]     0.8228,     0.9381,     0.9551,     1.8560, 
[ 47000,  0.0001602]     0.8160,     0.9357,     0.9541,     1.9649, 
[ 47100,  0.0001600]     0.8184,     0.9409,     0.9585,     1.6942, 
[ 47200,  0.0001597]     0.8189,     0.9397,     0.9575,     1.7821, 
[ 47300,  0.0001595]     0.8211,     0.9384,     0.9563,     1.8269, 
[ 47400,  0.0001593]     0.8229,     0.9406,     0.9586,     1.6742, 
[ 47500,  0.0001591]     0.8217,     0.9400,     0.9581,     1.7128, 
[ 47600,  0.0001589]     0.8242,     0.9416,     0.9589,     1.8021, 
[ 47700,  0.0001586]     0.8144,     0.9401,     0.9576,     1.8096, 
[ 47800,  0.0001584]     0.8280,     0.9398,     0.9562,     2.0647, 
[ 47900,  0.0001582]     0.8298,     0.9413,     0.9587,     1.6645, 
[ 48000,  0.0001580]     0.8214,     0.9388,     0.9558,     1.9934, 
[ 48100,  0.0001578]     0.8216,     0.9402,     0.9571,     1.8380, 
[ 48200,  0.0001575]     0.8221,     0.9417,     0.9585,     1.7434, 
[ 48300,  0.0001573]     0.8245,     0.9374,     0.9555,     1.7739, 
[ 48400,  0.0001571]     0.8135,     0.9339,     0.9525,     1.8468, 
[ 48500,  0.0001569]     0.8234,     0.9385,     0.9551,     1.9145, 
[ 48600,  0.0001567]     0.8169,     0.9393,     0.9577,     1.8182, 
[ 48700,  0.0001564]     0.8241,     0.9393,     0.9565,     1.8024, 
[ 48800,  0.0001562]     0.8214,     0.9383,     0.9552,     1.9350, 
[ 48900,  0.0001560]     0.8284,     0.9412,     0.9585,     1.8546, 
[ 49000,  0.0001558]     0.8226,     0.9366,     0.9548,     2.0171, 
[ 49100,  0.0001556]     0.8207,     0.9404,     0.9576,     1.7260, 
[ 49200,  0.0001554]     0.8247,     0.9378,     0.9553,     1.8044, 
[ 49300,  0.0001551]     0.8289,     0.9418,     0.9581,     2.0322, 
[ 49400,  0.0001549]     0.8181,     0.9355,     0.9534,     1.9045, 
[ 49500,  0.0001547]     0.8209,     0.9390,     0.9558,     1.8865, 
[ 49600,  0.0001545]     0.8306,     0.9415,     0.9584,     1.6251, 
[ 49700,  0.0001543]     0.8225,     0.9404,     0.9580,     1.6825, 
[ 49800,  0.0001540]     0.8271,     0.9399,     0.9565,     1.8970, 
[ 49900,  0.0001538]     0.8278,     0.9422,     0.9592,     1.7444, 
[ 50000,  0.0001536]     0.8355,     0.9450,     0.9610,     1.7367, 
Validation Chairs EPE: 1.094308
[ 50100,  0.0001534]     0.8276,     0.9434,     0.9599,     1.7203, 
[ 50200,  0.0001532]     0.8162,     0.9351,     0.9531,     1.9743, 
[ 50300,  0.0001529]     0.8256,     0.9395,     0.9563,     1.8869, 
[ 50400,  0.0001527]     0.8233,     0.9365,     0.9531,     1.9885, 
[ 50500,  0.0001525]     0.8256,     0.9412,     0.9569,     1.6791, 
[ 50600,  0.0001523]     0.8162,     0.9361,     0.9538,     2.1203, 
[ 50700,  0.0001521]     0.8244,     0.9401,     0.9571,     1.6941, 
[ 50800,  0.0001518]     0.8332,     0.9425,     0.9594,     1.8293, 
[ 50900,  0.0001516]     0.8254,     0.9418,     0.9583,     1.7361, 
[ 51000,  0.0001514]     0.8301,     0.9422,     0.9581,     2.0323, 
[ 51100,  0.0001512]     0.8290,     0.9382,     0.9555,     1.9413, 
[ 51200,  0.0001510]     0.8197,     0.9405,     0.9574,     1.8045, 
[ 51300,  0.0001508]     0.8236,     0.9376,     0.9543,     1.9716, 
[ 51400,  0.0001505]     0.8237,     0.9404,     0.9573,     1.9816, 
[ 51500,  0.0001503]     0.8264,     0.9423,     0.9585,     1.9992, 
[ 51600,  0.0001501]     0.8322,     0.9454,     0.9618,     1.4859, 
[ 51700,  0.0001499]     0.8326,     0.9459,     0.9612,     1.6513, 
[ 51800,  0.0001497]     0.8283,     0.9421,     0.9591,     1.6953, 
[ 51900,  0.0001494]     0.8300,     0.9432,     0.9596,     1.7367, 
[ 52000,  0.0001492]     0.8214,     0.9410,     0.9581,     1.7737, 
[ 52100,  0.0001490]     0.8204,     0.9405,     0.9574,     1.8975, 
[ 52200,  0.0001488]     0.8240,     0.9410,     0.9582,     1.8113, 
[ 52300,  0.0001486]     0.8239,     0.9392,     0.9559,     1.9734, 
[ 52400,  0.0001483]     0.8417,     0.9473,     0.9629,     1.5971, 
[ 52500,  0.0001481]     0.8301,     0.9441,     0.9605,     1.6702, 
[ 52600,  0.0001479]     0.8260,     0.9422,     0.9594,     1.5948, 
[ 52700,  0.0001477]     0.8300,     0.9408,     0.9570,     1.7913, 
[ 52800,  0.0001475]     0.8209,     0.9392,     0.9562,     1.6732, 
[ 52900,  0.0001472]     0.8251,     0.9419,     0.9586,     1.8988, 
[ 53000,  0.0001470]     0.8314,     0.9422,     0.9588,     1.7159, 
[ 53100,  0.0001468]     0.8360,     0.9463,     0.9616,     1.5565, 
[ 53200,  0.0001466]     0.8301,     0.9445,     0.9606,     1.6254, 
[ 53300,  0.0001464]     0.8149,     0.9348,     0.9526,     1.9693, 
[ 53400,  0.0001462]     0.8256,     0.9405,     0.9585,     1.6494, 
[ 53500,  0.0001459]     0.8288,     0.9445,     0.9615,     1.6253, 
[ 53600,  0.0001457]     0.8275,     0.9416,     0.9576,     1.8974, 
[ 53700,  0.0001455]     0.8265,     0.9432,     0.9599,     1.7956, 
[ 53800,  0.0001453]     0.8268,     0.9412,     0.9579,     1.7200, 
[ 53900,  0.0001451]     0.8221,     0.9387,     0.9556,     1.9412, 
[ 54000,  0.0001448]     0.8257,     0.9412,     0.9569,     1.9910, 
[ 54100,  0.0001446]     0.8280,     0.9429,     0.9590,     1.8657, 
[ 54200,  0.0001444]     0.8189,     0.9384,     0.9559,     1.9041, 
[ 54300,  0.0001442]     0.8246,     0.9379,     0.9548,     1.9666, 
[ 54400,  0.0001440]     0.8270,     0.9390,     0.9556,     1.8651, 
[ 54500,  0.0001437]     0.8322,     0.9434,     0.9597,     1.7962, 
[ 54600,  0.0001435]     0.8376,     0.9461,     0.9617,     1.6978, 
[ 54700,  0.0001433]     0.8351,     0.9437,     0.9594,     1.6166, 
[ 54800,  0.0001431]     0.8324,     0.9441,     0.9604,     1.7640, 
[ 54900,  0.0001429]     0.8348,     0.9420,     0.9583,     1.7622, 
[ 55000,  0.0001426]     0.8367,     0.9465,     0.9620,     1.7104, 
Validation Chairs EPE: 1.101744
[ 55100,  0.0001424]     0.8317,     0.9458,     0.9616,     1.6335, 
[ 55200,  0.0001422]     0.8324,     0.9427,     0.9584,     1.9026, 
[ 55300,  0.0001420]     0.8261,     0.9405,     0.9577,     1.9069, 
[ 55400,  0.0001418]     0.8275,     0.9423,     0.9587,     1.7563, 
[ 55500,  0.0001415]     0.8355,     0.9440,     0.9597,     1.6976, 
[ 55600,  0.0001413]     0.8289,     0.9427,     0.9592,     1.6288, 
[ 55700,  0.0001411]     0.8334,     0.9440,     0.9603,     1.6814, 
[ 55800,  0.0001409]     0.8291,     0.9441,     0.9612,     1.5278, 
[ 55900,  0.0001407]     0.8216,     0.9401,     0.9570,     1.7293, 
[ 56000,  0.0001405]     0.8331,     0.9430,     0.9593,     1.6377, 
[ 56100,  0.0001402]     0.8275,     0.9435,     0.9605,     1.8728, 
[ 56200,  0.0001400]     0.8283,     0.9432,     0.9596,     1.8530, 
[ 56300,  0.0001398]     0.8251,     0.9428,     0.9588,     1.8448, 
[ 56400,  0.0001396]     0.8278,     0.9469,     0.9629,     1.5334, 
[ 56500,  0.0001394]     0.8322,     0.9463,     0.9619,     1.5836, 
[ 56600,  0.0001391]     0.8334,     0.9438,     0.9594,     1.8628, 
[ 56700,  0.0001389]     0.8369,     0.9450,     0.9604,     1.7822, 
[ 56800,  0.0001387]     0.8350,     0.9443,     0.9610,     1.6211, 
[ 56900,  0.0001385]     0.8242,     0.9381,     0.9545,     1.9963, 
[ 57000,  0.0001383]     0.8228,     0.9389,     0.9556,     2.0121, 
[ 57100,  0.0001380]     0.8254,     0.9442,     0.9609,     1.5997, 
[ 57200,  0.0001378]     0.8288,     0.9438,     0.9600,     1.6565, 
[ 57300,  0.0001376]     0.8293,     0.9425,     0.9581,     1.7008, 
[ 57400,  0.0001374]     0.8387,     0.9459,     0.9610,     1.8427, 
[ 57500,  0.0001372]     0.8346,     0.9434,     0.9594,     2.0375, 
[ 57600,  0.0001369]     0.8247,     0.9393,     0.9566,     1.8723, 
[ 57700,  0.0001367]     0.8289,     0.9424,     0.9578,     1.7875, 
[ 57800,  0.0001365]     0.8289,     0.9416,     0.9568,     1.8635, 
[ 57900,  0.0001363]     0.8332,     0.9470,     0.9626,     1.4946, 
[ 58000,  0.0001361]     0.8332,     0.9456,     0.9613,     1.5955, 
[ 58100,  0.0001359]     0.8334,     0.9434,     0.9593,     1.7480, 
[ 58200,  0.0001356]     0.8499,     0.9512,     0.9658,     1.3914, 
[ 58300,  0.0001354]     0.8444,     0.9493,     0.9633,     1.5311, 
[ 58400,  0.0001352]     0.8307,     0.9427,     0.9573,     2.0354, 
[ 58500,  0.0001350]     0.8347,     0.9444,     0.9615,     1.6966, 
[ 58600,  0.0001348]     0.8416,     0.9490,     0.9637,     1.7238, 
[ 58700,  0.0001345]     0.8323,     0.9458,     0.9613,     1.6943, 
[ 58800,  0.0001343]     0.8318,     0.9442,     0.9600,     1.7348, 
[ 58900,  0.0001341]     0.8285,     0.9439,     0.9599,     1.7839, 
[ 59000,  0.0001339]     0.8356,     0.9435,     0.9588,     1.8604, 
[ 59100,  0.0001337]     0.8254,     0.9400,     0.9571,     1.9086, 
[ 59200,  0.0001334]     0.8319,     0.9450,     0.9610,     1.5665, 
[ 59300,  0.0001332]     0.8272,     0.9401,     0.9561,     1.8815, 
[ 59400,  0.0001330]     0.8377,     0.9442,     0.9595,     1.6563, 
[ 59500,  0.0001328]     0.8263,     0.9414,     0.9575,     1.9858, 
[ 59600,  0.0001326]     0.8367,     0.9425,     0.9584,     1.8391, 
[ 59700,  0.0001323]     0.8306,     0.9454,     0.9615,     1.7785, 
[ 59800,  0.0001321]     0.8303,     0.9445,     0.9599,     1.6821, 
[ 59900,  0.0001319]     0.8308,     0.9453,     0.9611,     1.8888, 
[ 60000,  0.0001317]     0.8322,     0.9434,     0.9599,     1.6353, 
Validation Chairs EPE: 1.030155
[ 60100,  0.0001315]     0.8328,     0.9436,     0.9593,     1.6112, 
[ 60200,  0.0001313]     0.8311,     0.9445,     0.9602,     1.6956, 
[ 60300,  0.0001310]     0.8321,     0.9450,     0.9608,     1.6214, 
[ 60400,  0.0001308]     0.8388,     0.9494,     0.9645,     1.5114, 
[ 60500,  0.0001306]     0.8383,     0.9482,     0.9624,     1.8500, 
[ 60600,  0.0001304]     0.8335,     0.9450,     0.9605,     1.5931, 
[ 60700,  0.0001302]     0.8384,     0.9439,     0.9603,     1.4631, 
[ 60800,  0.0001299]     0.8282,     0.9415,     0.9581,     1.7703, 
[ 60900,  0.0001297]     0.8369,     0.9452,     0.9608,     1.6574, 
[ 61000,  0.0001295]     0.8432,     0.9474,     0.9623,     1.5452, 
[ 61100,  0.0001293]     0.8329,     0.9470,     0.9623,     1.6112, 
[ 61200,  0.0001291]     0.8272,     0.9422,     0.9583,     1.6296, 
[ 61300,  0.0001288]     0.8278,     0.9437,     0.9600,     1.6262, 
[ 61400,  0.0001286]     0.8393,     0.9453,     0.9608,     1.6794, 
[ 61500,  0.0001284]     0.8326,     0.9451,     0.9600,     1.7081, 
[ 61600,  0.0001282]     0.8327,     0.9457,     0.9614,     1.7837, 
[ 61700,  0.0001280]     0.8335,     0.9449,     0.9610,     1.6710, 
[ 61800,  0.0001277]     0.8380,     0.9459,     0.9617,     1.7740, 
[ 61900,  0.0001275]     0.8318,     0.9453,     0.9612,     1.6435, 
[ 62000,  0.0001273]     0.8300,     0.9428,     0.9594,     1.8172, 
[ 62100,  0.0001271]     0.8346,     0.9465,     0.9611,     1.5677, 
[ 62200,  0.0001269]     0.8274,     0.9422,     0.9583,     1.7420, 
[ 62300,  0.0001266]     0.8269,     0.9439,     0.9597,     1.6997, 
[ 62400,  0.0001264]     0.8363,     0.9465,     0.9621,     1.5093, 
[ 62500,  0.0001262]     0.8420,     0.9486,     0.9631,     1.6454, 
[ 62600,  0.0001260]     0.8397,     0.9488,     0.9638,     1.6336, 
[ 62700,  0.0001258]     0.8396,     0.9447,     0.9602,     1.6097, 
[ 62800,  0.0001256]     0.8386,     0.9478,     0.9629,     1.5873, 
[ 62900,  0.0001253]     0.8426,     0.9478,     0.9624,     1.6115, 
[ 63000,  0.0001251]     0.8360,     0.9447,     0.9602,     1.6874, 
[ 63100,  0.0001249]     0.8428,     0.9456,     0.9602,     1.6768, 
[ 63200,  0.0001247]     0.8444,     0.9492,     0.9640,     1.5952, 
[ 63300,  0.0001245]     0.8325,     0.9438,     0.9593,     1.8030, 
[ 63400,  0.0001242]     0.8243,     0.9406,     0.9580,     1.7659, 
[ 63500,  0.0001240]     0.8424,     0.9495,     0.9640,     1.4798, 
[ 63600,  0.0001238]     0.8405,     0.9464,     0.9612,     1.7809, 
[ 63700,  0.0001236]     0.8348,     0.9425,     0.9585,     1.7308, 
[ 63800,  0.0001234]     0.8391,     0.9489,     0.9638,     1.6270, 
[ 63900,  0.0001231]     0.8392,     0.9466,     0.9624,     1.5088, 
[ 64000,  0.0001229]     0.8366,     0.9443,     0.9598,     1.7777, 
[ 64100,  0.0001227]     0.8289,     0.9420,     0.9584,     1.7300, 
[ 64200,  0.0001225]     0.8388,     0.9483,     0.9625,     1.7629, 
[ 64300,  0.0001223]     0.8388,     0.9457,     0.9610,     1.6179, 
[ 64400,  0.0001220]     0.8372,     0.9454,     0.9605,     1.8180, 
[ 64500,  0.0001218]     0.8338,     0.9465,     0.9619,     1.6600, 
[ 64600,  0.0001216]     0.8347,     0.9474,     0.9624,     1.5765, 
[ 64700,  0.0001214]     0.8324,     0.9465,     0.9616,     1.5699, 
[ 64800,  0.0001212]     0.8364,     0.9465,     0.9617,     1.7568, 
[ 64900,  0.0001210]     0.8371,     0.9491,     0.9640,     1.4985, 
[ 65000,  0.0001207]     0.8382,     0.9476,     0.9623,     1.5915, 
Validation Chairs EPE: 1.051536
[ 65100,  0.0001205]     0.8419,     0.9463,     0.9604,     1.8235, 
[ 65200,  0.0001203]     0.8336,     0.9463,     0.9617,     1.6915, 
[ 65300,  0.0001201]     0.8429,     0.9506,     0.9654,     1.5217, 
[ 65400,  0.0001199]     0.8398,     0.9477,     0.9628,     1.5685, 
[ 65500,  0.0001196]     0.8423,     0.9502,     0.9648,     1.5279, 
[ 65600,  0.0001194]     0.8429,     0.9492,     0.9641,     1.6090, 
[ 65700,  0.0001192]     0.8365,     0.9464,     0.9614,     1.6033, 
[ 65800,  0.0001190]     0.8363,     0.9457,     0.9612,     1.6520, 
[ 65900,  0.0001188]     0.8446,     0.9488,     0.9635,     1.5140, 
[ 66000,  0.0001185]     0.8409,     0.9497,     0.9639,     1.5459, 
[ 66100,  0.0001183]     0.8477,     0.9529,     0.9666,     1.3740, 
[ 66200,  0.0001181]     0.8321,     0.9459,     0.9610,     1.6814, 
[ 66300,  0.0001179]     0.8324,     0.9432,     0.9591,     1.7303, 
[ 66400,  0.0001177]     0.8347,     0.9462,     0.9621,     1.6483, 
[ 66500,  0.0001174]     0.8394,     0.9488,     0.9634,     1.6131, 
[ 66600,  0.0001172]     0.8270,     0.9421,     0.9583,     1.7448, 
[ 66700,  0.0001170]     0.8383,     0.9482,     0.9631,     1.5874, 
[ 66800,  0.0001168]     0.8441,     0.9502,     0.9647,     1.5189, 
[ 66900,  0.0001166]     0.8411,     0.9462,     0.9612,     1.5954, 
[ 67000,  0.0001164]     0.8372,     0.9481,     0.9634,     1.5426, 
[ 67100,  0.0001161]     0.8353,     0.9457,     0.9616,     1.5198, 
[ 67200,  0.0001159]     0.8439,     0.9481,     0.9627,     1.4973, 
[ 67300,  0.0001157]     0.8291,     0.9430,     0.9582,     2.0011, 
[ 67400,  0.0001155]     0.8431,     0.9491,     0.9633,     1.6475, 
[ 67500,  0.0001153]     0.8333,     0.9461,     0.9617,     1.6414, 
[ 67600,  0.0001150]     0.8360,     0.9469,     0.9624,     1.7335, 
[ 67700,  0.0001148]     0.8432,     0.9464,     0.9611,     1.7200, 
[ 67800,  0.0001146]     0.8309,     0.9455,     0.9603,     1.5603, 
[ 67900,  0.0001144]     0.8404,     0.9480,     0.9633,     1.4828, 
[ 68000,  0.0001142]     0.8348,     0.9461,     0.9610,     1.5269, 
[ 68100,  0.0001139]     0.8433,     0.9498,     0.9645,     1.5905, 
[ 68200,  0.0001137]     0.8297,     0.9443,     0.9608,     1.6490, 
[ 68300,  0.0001135]     0.8486,     0.9511,     0.9654,     1.4607, 
[ 68400,  0.0001133]     0.8459,     0.9492,     0.9634,     1.4859, 
[ 68500,  0.0001131]     0.8453,     0.9500,     0.9644,     1.4326, 
[ 68600,  0.0001128]     0.8339,     0.9456,     0.9605,     1.7142, 
[ 68700,  0.0001126]     0.8425,     0.9472,     0.9616,     1.6742, 
[ 68800,  0.0001124]     0.8470,     0.9483,     0.9624,     1.6713, 
[ 68900,  0.0001122]     0.8469,     0.9489,     0.9636,     1.5832, 
[ 69000,  0.0001120]     0.8444,     0.9519,     0.9657,     1.5104, 
[ 69100,  0.0001117]     0.8475,     0.9505,     0.9649,     1.5260, 
[ 69200,  0.0001115]     0.8404,     0.9470,     0.9616,     1.5287, 
[ 69300,  0.0001113]     0.8398,     0.9511,     0.9652,     1.4448, 
[ 69400,  0.0001111]     0.8389,     0.9448,     0.9598,     1.6340, 
[ 69500,  0.0001109]     0.8387,     0.9471,     0.9620,     1.5098, 
[ 69600,  0.0001107]     0.8310,     0.9442,     0.9601,     1.7060, 
[ 69700,  0.0001104]     0.8406,     0.9492,     0.9630,     1.6814, 
[ 69800,  0.0001102]     0.8434,     0.9497,     0.9638,     1.4779, 
[ 69900,  0.0001100]     0.8430,     0.9498,     0.9647,     1.4397, 
[ 70000,  0.0001098]     0.8407,     0.9495,     0.9640,     1.5203, 
Validation Chairs EPE: 0.997931
[ 70100,  0.0001096]     0.8410,     0.9472,     0.9624,     1.6270, 
[ 70200,  0.0001093]     0.8433,     0.9491,     0.9639,     1.5853, 
[ 70300,  0.0001091]     0.8333,     0.9431,     0.9589,     1.7078, 
[ 70400,  0.0001089]     0.8358,     0.9479,     0.9638,     1.5067, 
[ 70500,  0.0001087]     0.8460,     0.9487,     0.9630,     1.6227, 
[ 70600,  0.0001085]     0.8433,     0.9495,     0.9637,     1.6311, 
[ 70700,  0.0001082]     0.8367,     0.9453,     0.9607,     1.7594, 
[ 70800,  0.0001080]     0.8417,     0.9485,     0.9633,     1.6145, 
[ 70900,  0.0001078]     0.8452,     0.9489,     0.9626,     1.8113, 
[ 71000,  0.0001076]     0.8401,     0.9481,     0.9629,     1.5922, 
[ 71100,  0.0001074]     0.8455,     0.9504,     0.9638,     1.6915, 
[ 71200,  0.0001071]     0.8375,     0.9472,     0.9628,     1.5955, 
[ 71300,  0.0001069]     0.8477,     0.9497,     0.9640,     1.5866, 
[ 71400,  0.0001067]     0.8423,     0.9474,     0.9624,     1.5691, 
[ 71500,  0.0001065]     0.8422,     0.9480,     0.9624,     1.5787, 
[ 71600,  0.0001063]     0.8284,     0.9413,     0.9569,     2.0398, 
[ 71700,  0.0001061]     0.8423,     0.9483,     0.9629,     1.6821, 
[ 71800,  0.0001058]     0.8400,     0.9495,     0.9646,     1.5675, 
[ 71900,  0.0001056]     0.8539,     0.9525,     0.9662,     1.4178, 
[ 72000,  0.0001054]     0.8506,     0.9508,     0.9649,     1.4424, 
[ 72100,  0.0001052]     0.8453,     0.9514,     0.9656,     1.3420, 
[ 72200,  0.0001050]     0.8380,     0.9473,     0.9619,     1.6053, 
[ 72300,  0.0001047]     0.8514,     0.9547,     0.9684,     1.3176, 
[ 72400,  0.0001045]     0.8445,     0.9498,     0.9638,     1.5591, 
[ 72500,  0.0001043]     0.8455,     0.9496,     0.9636,     1.5571, 
[ 72600,  0.0001041]     0.8407,     0.9474,     0.9631,     1.5818, 
[ 72700,  0.0001039]     0.8405,     0.9485,     0.9628,     1.5127, 
[ 72800,  0.0001036]     0.8390,     0.9478,     0.9627,     1.4812, 
[ 72900,  0.0001034]     0.8363,     0.9450,     0.9601,     1.6820, 
[ 73000,  0.0001032]     0.8404,     0.9473,     0.9624,     1.6427, 
[ 73100,  0.0001030]     0.8421,     0.9483,     0.9636,     1.5207, 
[ 73200,  0.0001028]     0.8377,     0.9460,     0.9614,     1.5958, 
[ 73300,  0.0001025]     0.8435,     0.9491,     0.9636,     1.5988, 
[ 73400,  0.0001023]     0.8459,     0.9510,     0.9651,     1.5222, 
[ 73500,  0.0001021]     0.8373,     0.9482,     0.9638,     1.4574, 
[ 73600,  0.0001019]     0.8433,     0.9470,     0.9615,     1.5522, 
[ 73700,  0.0001017]     0.8333,     0.9478,     0.9629,     1.5842, 
[ 73800,  0.0001015]     0.8480,     0.9502,     0.9639,     1.5227, 
[ 73900,  0.0001012]     0.8396,     0.9492,     0.9638,     1.5105, 
[ 74000,  0.0001010]     0.8450,     0.9512,     0.9648,     1.5477, 
[ 74100,  0.0001008]     0.8412,     0.9497,     0.9641,     1.5756, 
[ 74200,  0.0001006]     0.8394,     0.9500,     0.9639,     1.5251, 
[ 74300,  0.0001004]     0.8488,     0.9521,     0.9658,     1.4331, 
[ 74400,  0.0001001]     0.8437,     0.9505,     0.9648,     1.5368, 
[ 74500,  0.0000999]     0.8448,     0.9500,     0.9635,     1.4676, 
[ 74600,  0.0000997]     0.8422,     0.9462,     0.9612,     1.8312, 
[ 74700,  0.0000995]     0.8421,     0.9476,     0.9626,     1.6045, 
[ 74800,  0.0000993]     0.8416,     0.9478,     0.9626,     1.6481, 
[ 74900,  0.0000990]     0.8474,     0.9532,     0.9668,     1.4503, 
[ 75000,  0.0000988]     0.8369,     0.9465,     0.9610,     1.6291, 
Validation Chairs EPE: 0.978945
[ 75100,  0.0000986]     0.8553,     0.9524,     0.9662,     1.3806, 
[ 75200,  0.0000984]     0.8388,     0.9506,     0.9647,     1.4835, 
[ 75300,  0.0000982]     0.8510,     0.9522,     0.9657,     1.3869, 
[ 75400,  0.0000979]     0.8507,     0.9510,     0.9654,     1.4596, 
[ 75500,  0.0000977]     0.8381,     0.9480,     0.9636,     1.5748, 
[ 75600,  0.0000975]     0.8413,     0.9490,     0.9634,     1.5058, 
[ 75700,  0.0000973]     0.8436,     0.9492,     0.9634,     1.4916, 
[ 75800,  0.0000971]     0.8423,     0.9512,     0.9657,     1.4324, 
[ 75900,  0.0000968]     0.8435,     0.9479,     0.9617,     1.7063, 
[ 76000,  0.0000966]     0.8452,     0.9486,     0.9631,     1.6217, 
[ 76100,  0.0000964]     0.8388,     0.9479,     0.9628,     1.5213, 
[ 76200,  0.0000962]     0.8456,     0.9504,     0.9648,     1.3850, 
[ 76300,  0.0000960]     0.8479,     0.9521,     0.9663,     1.3739, 
[ 76400,  0.0000958]     0.8446,     0.9506,     0.9659,     1.4228, 
[ 76500,  0.0000955]     0.8450,     0.9471,     0.9615,     1.6393, 
[ 76600,  0.0000953]     0.8442,     0.9497,     0.9642,     1.6116, 
[ 76700,  0.0000951]     0.8493,     0.9510,     0.9645,     1.6230, 
[ 76800,  0.0000949]     0.8416,     0.9486,     0.9630,     1.5507, 
[ 76900,  0.0000947]     0.8533,     0.9538,     0.9670,     1.4231, 
[ 77000,  0.0000944]     0.8505,     0.9554,     0.9689,     1.3505, 
[ 77100,  0.0000942]     0.8485,     0.9520,     0.9660,     1.4946, 
[ 77200,  0.0000940]     0.8435,     0.9496,     0.9648,     1.7803, 
[ 77300,  0.0000938]     0.8476,     0.9502,     0.9639,     1.4930, 
[ 77400,  0.0000936]     0.8534,     0.9504,     0.9643,     1.4179, 
[ 77500,  0.0000933]     0.8445,     0.9513,     0.9655,     1.4623, 
[ 77600,  0.0000931]     0.8364,     0.9467,     0.9617,     1.7023, 
[ 77700,  0.0000929]     0.8488,     0.9504,     0.9640,     1.6447, 
[ 77800,  0.0000927]     0.8476,     0.9486,     0.9632,     1.4804, 
[ 77900,  0.0000925]     0.8402,     0.9489,     0.9634,     1.4278, 
[ 78000,  0.0000922]     0.8382,     0.9469,     0.9620,     1.5398, 
[ 78100,  0.0000920]     0.8513,     0.9517,     0.9658,     1.4447, 
[ 78200,  0.0000918]     0.8458,     0.9511,     0.9649,     1.4567, 
[ 78300,  0.0000916]     0.8424,     0.9492,     0.9634,     1.6436, 
[ 78400,  0.0000914]     0.8443,     0.9493,     0.9641,     1.4897, 
[ 78500,  0.0000912]     0.8297,     0.9436,     0.9598,     1.9530, 
[ 78600,  0.0000909]     0.8444,     0.9518,     0.9651,     1.5404, 
[ 78700,  0.0000907]     0.8400,     0.9486,     0.9626,     1.6233, 
[ 78800,  0.0000905]     0.8505,     0.9543,     0.9679,     1.3313, 
[ 78900,  0.0000903]     0.8410,     0.9501,     0.9638,     1.6248, 
[ 79000,  0.0000901]     0.8476,     0.9525,     0.9667,     1.3908, 
[ 79100,  0.0000898]     0.8435,     0.9485,     0.9634,     1.4575, 
[ 79200,  0.0000896]     0.8509,     0.9510,     0.9641,     1.5479, 
[ 79300,  0.0000894]     0.8553,     0.9526,     0.9658,     1.4038, 
[ 79400,  0.0000892]     0.8493,     0.9497,     0.9642,     1.5879, 
[ 79500,  0.0000890]     0.8447,     0.9511,     0.9651,     1.3776, 
[ 79600,  0.0000887]     0.8457,     0.9524,     0.9661,     1.3711, 
[ 79700,  0.0000885]     0.8525,     0.9512,     0.9648,     1.4972, 
[ 79800,  0.0000883]     0.8510,     0.9498,     0.9648,     1.3803, 
[ 79900,  0.0000881]     0.8579,     0.9555,     0.9684,     1.3476, 
[ 80000,  0.0000879]     0.8429,     0.9504,     0.9642,     1.6955, 
Validation Chairs EPE: 0.947453
[ 80100,  0.0000876]     0.8457,     0.9531,     0.9676,     1.3006, 
[ 80200,  0.0000874]     0.8563,     0.9541,     0.9673,     1.4979, 
[ 80300,  0.0000872]     0.8464,     0.9498,     0.9643,     1.5691, 
[ 80400,  0.0000870]     0.8476,     0.9509,     0.9640,     1.4813, 
[ 80500,  0.0000868]     0.8416,     0.9493,     0.9632,     1.6680, 
[ 80600,  0.0000866]     0.8512,     0.9522,     0.9661,     1.5345, 
[ 80700,  0.0000863]     0.8525,     0.9539,     0.9669,     1.5401, 
[ 80800,  0.0000861]     0.8497,     0.9517,     0.9652,     1.4944, 
[ 80900,  0.0000859]     0.8487,     0.9503,     0.9639,     1.6282, 
[ 81000,  0.0000857]     0.8488,     0.9515,     0.9650,     1.6771, 
[ 81100,  0.0000855]     0.8499,     0.9529,     0.9668,     1.3689, 
[ 81200,  0.0000852]     0.8485,     0.9522,     0.9661,     1.3922, 
[ 81300,  0.0000850]     0.8399,     0.9468,     0.9613,     1.7448, 
[ 81400,  0.0000848]     0.8398,     0.9468,     0.9610,     1.6699, 
[ 81500,  0.0000846]     0.8456,     0.9514,     0.9649,     1.6065, 
[ 81600,  0.0000844]     0.8537,     0.9494,     0.9637,     1.4515, 
[ 81700,  0.0000841]     0.8454,     0.9496,     0.9639,     1.6165, 
[ 81800,  0.0000839]     0.8495,     0.9509,     0.9653,     1.4749, 
[ 81900,  0.0000837]     0.8446,     0.9511,     0.9653,     1.4957, 
[ 82000,  0.0000835]     0.8444,     0.9504,     0.9642,     1.5625, 
[ 82100,  0.0000833]     0.8510,     0.9523,     0.9659,     1.3642, 
[ 82200,  0.0000830]     0.8546,     0.9529,     0.9668,     1.3167, 
[ 82300,  0.0000828]     0.8476,     0.9510,     0.9645,     1.6767, 
[ 82400,  0.0000826]     0.8502,     0.9506,     0.9641,     1.4869, 
[ 82500,  0.0000824]     0.8418,     0.9501,     0.9641,     1.5759, 
[ 82600,  0.0000822]     0.8535,     0.9520,     0.9656,     1.3917, 
[ 82700,  0.0000819]     0.8475,     0.9511,     0.9648,     1.5306, 
[ 82800,  0.0000817]     0.8602,     0.9564,     0.9689,     1.3906, 
[ 82900,  0.0000815]     0.8567,     0.9556,     0.9683,     1.4463, 
[ 83000,  0.0000813]     0.8473,     0.9528,     0.9659,     1.4420, 
[ 83100,  0.0000811]     0.8481,     0.9510,     0.9647,     1.6163, 
[ 83200,  0.0000809]     0.8484,     0.9510,     0.9644,     1.5035, 
[ 83300,  0.0000806]     0.8512,     0.9518,     0.9661,     1.3976, 
[ 83400,  0.0000804]     0.8493,     0.9521,     0.9659,     1.5960, 
[ 83500,  0.0000802]     0.8395,     0.9479,     0.9623,     1.5759, 
[ 83600,  0.0000800]     0.8506,     0.9510,     0.9644,     1.6180, 
[ 83700,  0.0000798]     0.8532,     0.9541,     0.9673,     1.3808, 
[ 83800,  0.0000795]     0.8486,     0.9502,     0.9641,     1.4909, 
[ 83900,  0.0000793]     0.8482,     0.9541,     0.9674,     1.4554, 
[ 84000,  0.0000791]     0.8464,     0.9504,     0.9652,     1.5394, 
[ 84100,  0.0000789]     0.8574,     0.9555,     0.9684,     1.5562, 
[ 84200,  0.0000787]     0.8451,     0.9490,     0.9630,     1.5997, 
[ 84300,  0.0000784]     0.8505,     0.9535,     0.9668,     1.4302, 
[ 84400,  0.0000782]     0.8546,     0.9553,     0.9678,     1.4307, 
[ 84500,  0.0000780]     0.8448,     0.9479,     0.9619,     1.7391, 
[ 84600,  0.0000778]     0.8509,     0.9537,     0.9669,     1.3861, 
[ 84700,  0.0000776]     0.8511,     0.9503,     0.9640,     1.4985, 
[ 84800,  0.0000773]     0.8594,     0.9553,     0.9678,     1.4883, 
[ 84900,  0.0000771]     0.8460,     0.9488,     0.9631,     1.6072, 
[ 85000,  0.0000769]     0.8561,     0.9553,     0.9677,     1.3451, 
Validation Chairs EPE: 0.953246
[ 85100,  0.0000767]     0.8509,     0.9509,     0.9641,     1.5601, 
[ 85200,  0.0000765]     0.8517,     0.9516,     0.9659,     1.5199, 
[ 85300,  0.0000763]     0.8431,     0.9500,     0.9642,     1.5186, 
[ 85400,  0.0000760]     0.8557,     0.9550,     0.9685,     1.2796, 
[ 85500,  0.0000758]     0.8472,     0.9511,     0.9652,     1.4437, 
[ 85600,  0.0000756]     0.8512,     0.9542,     0.9675,     1.3542, 
[ 85700,  0.0000754]     0.8447,     0.9506,     0.9637,     1.6763, 
[ 85800,  0.0000752]     0.8492,     0.9514,     0.9646,     1.5443, 
[ 85900,  0.0000749]     0.8449,     0.9491,     0.9637,     1.3846, 
[ 86000,  0.0000747]     0.8515,     0.9502,     0.9645,     1.5513, 
[ 86100,  0.0000745]     0.8538,     0.9548,     0.9673,     1.4812, 
[ 86200,  0.0000743]     0.8512,     0.9543,     0.9677,     1.4323, 
[ 86300,  0.0000741]     0.8436,     0.9507,     0.9645,     1.4103, 
[ 86400,  0.0000738]     0.8488,     0.9514,     0.9656,     1.3655, 
[ 86500,  0.0000736]     0.8576,     0.9546,     0.9675,     1.3186, 
[ 86600,  0.0000734]     0.8450,     0.9559,     0.9692,     1.2799, 
[ 86700,  0.0000732]     0.8534,     0.9562,     0.9685,     1.3067, 
[ 86800,  0.0000730]     0.8542,     0.9513,     0.9644,     1.5530, 
[ 86900,  0.0000727]     0.8505,     0.9513,     0.9645,     1.6771, 
[ 87000,  0.0000725]     0.8506,     0.9552,     0.9683,     1.4795, 
[ 87100,  0.0000723]     0.8538,     0.9518,     0.9657,     1.5438, 
[ 87200,  0.0000721]     0.8404,     0.9482,     0.9625,     1.5987, 
[ 87300,  0.0000719]     0.8462,     0.9515,     0.9656,     1.4407, 
[ 87400,  0.0000717]     0.8496,     0.9498,     0.9636,     1.4430, 
[ 87500,  0.0000714]     0.8557,     0.9534,     0.9665,     1.7635, 
[ 87600,  0.0000712]     0.8487,     0.9511,     0.9654,     1.4586, 
[ 87700,  0.0000710]     0.8556,     0.9535,     0.9665,     1.4485, 
[ 87800,  0.0000708]     0.8554,     0.9535,     0.9666,     1.4888, 
[ 87900,  0.0000706]     0.8545,     0.9552,     0.9680,     1.2642, 
[ 88000,  0.0000703]     0.8431,     0.9523,     0.9664,     1.3674, 
[ 88100,  0.0000701]     0.8500,     0.9521,     0.9655,     1.4579, 
[ 88200,  0.0000699]     0.8609,     0.9548,     0.9674,     1.2680, 
[ 88300,  0.0000697]     0.8577,     0.9538,     0.9669,     1.4005, 
[ 88400,  0.0000695]     0.8504,     0.9538,     0.9669,     1.4969, 
[ 88500,  0.0000692]     0.8455,     0.9503,     0.9650,     1.4565, 
[ 88600,  0.0000690]     0.8515,     0.9547,     0.9675,     1.3986, 
[ 88700,  0.0000688]     0.8533,     0.9558,     0.9685,     1.3878, 
[ 88800,  0.0000686]     0.8577,     0.9549,     0.9677,     1.3723, 
[ 88900,  0.0000684]     0.8503,     0.9531,     0.9663,     1.5264, 
[ 89000,  0.0000681]     0.8503,     0.9528,     0.9664,     1.3263, 
[ 89100,  0.0000679]     0.8578,     0.9545,     0.9674,     1.4191, 
[ 89200,  0.0000677]     0.8486,     0.9488,     0.9626,     1.7601, 
[ 89300,  0.0000675]     0.8537,     0.9535,     0.9664,     1.3144, 
[ 89400,  0.0000673]     0.8444,     0.9520,     0.9661,     1.4090, 
[ 89500,  0.0000671]     0.8471,     0.9496,     0.9633,     1.5764, 
[ 89600,  0.0000668]     0.8500,     0.9536,     0.9666,     1.3902, 
[ 89700,  0.0000666]     0.8533,     0.9519,     0.9658,     1.4207, 
[ 89800,  0.0000664]     0.8480,     0.9492,     0.9624,     1.6177, 
[ 89900,  0.0000662]     0.8534,     0.9540,     0.9675,     1.4273, 
[ 90000,  0.0000660]     0.8583,     0.9562,     0.9689,     1.2534, 
Validation Chairs EPE: 0.912931
[ 90100,  0.0000657]     0.8549,     0.9546,     0.9676,     1.4975, 
[ 90200,  0.0000655]     0.8544,     0.9545,     0.9669,     1.3386, 
[ 90300,  0.0000653]     0.8498,     0.9516,     0.9649,     1.3913, 
[ 90400,  0.0000651]     0.8575,     0.9529,     0.9658,     1.5670, 
[ 90500,  0.0000649]     0.8517,     0.9520,     0.9650,     1.4574, 
[ 90600,  0.0000646]     0.8583,     0.9551,     0.9673,     1.2865, 
[ 90700,  0.0000644]     0.8522,     0.9542,     0.9671,     1.3669, 
[ 90800,  0.0000642]     0.8525,     0.9541,     0.9671,     1.4354, 
[ 90900,  0.0000640]     0.8606,     0.9561,     0.9685,     1.4491, 
[ 91000,  0.0000638]     0.8494,     0.9510,     0.9642,     1.6463, 
[ 91100,  0.0000635]     0.8483,     0.9527,     0.9662,     1.5480, 
[ 91200,  0.0000633]     0.8544,     0.9556,     0.9684,     1.3195, 
[ 91300,  0.0000631]     0.8578,     0.9567,     0.9696,     1.2619, 
[ 91400,  0.0000629]     0.8520,     0.9505,     0.9651,     1.5754, 
[ 91500,  0.0000627]     0.8593,     0.9561,     0.9683,     1.3668, 
[ 91600,  0.0000624]     0.8578,     0.9559,     0.9682,     1.3521, 
[ 91700,  0.0000622]     0.8472,     0.9502,     0.9643,     1.5624, 
[ 91800,  0.0000620]     0.8544,     0.9533,     0.9661,     1.5154, 
[ 91900,  0.0000618]     0.8500,     0.9520,     0.9654,     1.4945, 
[ 92000,  0.0000616]     0.8510,     0.9557,     0.9687,     1.3172, 
[ 92100,  0.0000614]     0.8512,     0.9528,     0.9659,     1.4077, 
[ 92200,  0.0000611]     0.8544,     0.9551,     0.9680,     1.4436, 
[ 92300,  0.0000609]     0.8503,     0.9535,     0.9671,     1.4911, 
[ 92400,  0.0000607]     0.8542,     0.9551,     0.9678,     1.3992, 
[ 92500,  0.0000605]     0.8554,     0.9547,     0.9668,     1.4752, 
[ 92600,  0.0000603]     0.8533,     0.9558,     0.9687,     1.2806, 
[ 92700,  0.0000600]     0.8520,     0.9513,     0.9644,     1.6589, 
[ 92800,  0.0000598]     0.8502,     0.9524,     0.9654,     1.4373, 
[ 92900,  0.0000596]     0.8517,     0.9531,     0.9662,     1.4116, 
[ 93000,  0.0000594]     0.8564,     0.9561,     0.9684,     1.3395, 
[ 93100,  0.0000592]     0.8635,     0.9572,     0.9687,     1.4681, 
[ 93200,  0.0000589]     0.8593,     0.9558,     0.9683,     1.2348, 
[ 93300,  0.0000587]     0.8480,     0.9503,     0.9640,     1.5102, 
[ 93400,  0.0000585]     0.8554,     0.9552,     0.9679,     1.4230, 
[ 93500,  0.0000583]     0.8613,     0.9552,     0.9684,     1.3392, 
[ 93600,  0.0000581]     0.8530,     0.9516,     0.9650,     1.4892, 
[ 93700,  0.0000578]     0.8582,     0.9536,     0.9661,     1.5112, 
[ 93800,  0.0000576]     0.8560,     0.9544,     0.9677,     1.3537, 
[ 93900,  0.0000574]     0.8519,     0.9557,     0.9687,     1.3286, 
[ 94000,  0.0000572]     0.8604,     0.9563,     0.9685,     1.2624, 
[ 94100,  0.0000570]     0.8574,     0.9547,     0.9673,     1.3575, 
[ 94200,  0.0000568]     0.8553,     0.9549,     0.9675,     1.3489, 
[ 94300,  0.0000565]     0.8604,     0.9553,     0.9677,     1.4040, 
[ 94400,  0.0000563]     0.8431,     0.9501,     0.9649,     1.4436, 
[ 94500,  0.0000561]     0.8527,     0.9549,     0.9678,     1.4029, 
[ 94600,  0.0000559]     0.8657,     0.9558,     0.9680,     1.4146, 
[ 94700,  0.0000557]     0.8576,     0.9578,     0.9702,     1.2152, 
[ 94800,  0.0000554]     0.8520,     0.9535,     0.9664,     1.4293, 
[ 94900,  0.0000552]     0.8511,     0.9562,     0.9691,     1.4718, 
[ 95000,  0.0000550]     0.8509,     0.9525,     0.9653,     1.4770, 
Validation Chairs EPE: 0.922721
[ 95100,  0.0000548]     0.8566,     0.9561,     0.9687,     1.4332, 
[ 95200,  0.0000546]     0.8514,     0.9517,     0.9656,     1.4932, 
[ 95300,  0.0000543]     0.8601,     0.9567,     0.9688,     1.2557, 
[ 95400,  0.0000541]     0.8449,     0.9532,     0.9658,     1.4410, 
[ 95500,  0.0000539]     0.8540,     0.9534,     0.9668,     1.3637, 
[ 95600,  0.0000537]     0.8656,     0.9591,     0.9706,     1.2662, 
[ 95700,  0.0000535]     0.8481,     0.9527,     0.9663,     1.4363, 
[ 95800,  0.0000532]     0.8570,     0.9541,     0.9665,     1.4576, 
[ 95900,  0.0000530]     0.8534,     0.9539,     0.9667,     1.3599, 
[ 96000,  0.0000528]     0.8424,     0.9501,     0.9628,     1.7788, 
[ 96100,  0.0000526]     0.8612,     0.9585,     0.9704,     1.2859, 
[ 96200,  0.0000524]     0.8585,     0.9542,     0.9672,     1.3595, 
[ 96300,  0.0000522]     0.8551,     0.9534,     0.9663,     1.5047, 
[ 96400,  0.0000519]     0.8551,     0.9533,     0.9662,     1.3258, 
[ 96500,  0.0000517]     0.8621,     0.9584,     0.9706,     1.2687, 
[ 96600,  0.0000515]     0.8557,     0.9516,     0.9656,     1.5000, 
[ 96700,  0.0000513]     0.8516,     0.9531,     0.9655,     1.4489, 
[ 96800,  0.0000511]     0.8557,     0.9546,     0.9668,     1.5195, 
[ 96900,  0.0000508]     0.8552,     0.9537,     0.9668,     1.4230, 
[ 97000,  0.0000506]     0.8545,     0.9549,     0.9678,     1.4573, 
[ 97100,  0.0000504]     0.8526,     0.9548,     0.9681,     1.3903, 
[ 97200,  0.0000502]     0.8587,     0.9566,     0.9689,     1.2830, 
[ 97300,  0.0000500]     0.8493,     0.9490,     0.9631,     1.5741, 
[ 97400,  0.0000497]     0.8511,     0.9533,     0.9661,     1.5327, 
[ 97500,  0.0000495]     0.8531,     0.9544,     0.9674,     1.4050, 
[ 97600,  0.0000493]     0.8528,     0.9534,     0.9660,     1.4375, 
[ 97700,  0.0000491]     0.8534,     0.9526,     0.9657,     1.5172, 
[ 97800,  0.0000489]     0.8540,     0.9531,     0.9656,     1.3822, 
[ 97900,  0.0000486]     0.8577,     0.9545,     0.9676,     1.7542, 
[ 98000,  0.0000484]     0.8595,     0.9541,     0.9663,     1.5400, 
[ 98100,  0.0000482]     0.8519,     0.9519,     0.9650,     1.4524, 
[ 98200,  0.0000480]     0.8565,     0.9519,     0.9650,     1.5379, 
[ 98300,  0.0000478]     0.8688,     0.9586,     0.9705,     1.3080, 
[ 98400,  0.0000475]     0.8486,     0.9538,     0.9671,     1.3505, 
[ 98500,  0.0000473]     0.8588,     0.9559,     0.9680,     1.2881, 
[ 98600,  0.0000471]     0.8584,     0.9574,     0.9703,     1.1673, 
[ 98700,  0.0000469]     0.8569,     0.9556,     0.9679,     1.3463, 
[ 98800,  0.0000467]     0.8497,     0.9524,     0.9651,     1.5472, 
[ 98900,  0.0000465]     0.8597,     0.9554,     0.9677,     1.4277, 
[ 99000,  0.0000462]     0.8641,     0.9574,     0.9694,     1.3646, 
[ 99100,  0.0000460]     0.8564,     0.9535,     0.9667,     1.4822, 
[ 99200,  0.0000458]     0.8501,     0.9531,     0.9661,     1.5099, 
[ 99300,  0.0000456]     0.8561,     0.9530,     0.9659,     1.6698, 
[ 99400,  0.0000454]     0.8575,     0.9558,     0.9679,     1.3372, 
[ 99500,  0.0000451]     0.8504,     0.9525,     0.9656,     1.5200, 
[ 99600,  0.0000449]     0.8559,     0.9578,     0.9695,     1.3165, 
[ 99700,  0.0000447]     0.8558,     0.9550,     0.9683,     1.3739, 
[ 99800,  0.0000445]     0.8618,     0.9558,     0.9677,     1.3946, 
[ 99900,  0.0000443]     0.8643,     0.9581,     0.9698,     1.2623, 
[100000,  0.0000440]     0.8507,     0.9529,     0.9658,     1.4605, 
Validation Chairs EPE: 0.871346
[100100,  0.0000438]     0.8624,     0.9574,     0.9696,     1.3098, 
[100200,  0.0000436]     0.8527,     0.9533,     0.9662,     1.4032, 
[100300,  0.0000434]     0.8516,     0.9513,     0.9652,     1.5445, 
[100400,  0.0000432]     0.8524,     0.9560,     0.9686,     1.2297, 
[100500,  0.0000429]     0.8625,     0.9579,     0.9699,     1.2549, 
[100600,  0.0000427]     0.8585,     0.9554,     0.9686,     1.3187, 
[100700,  0.0000425]     0.8543,     0.9559,     0.9684,     1.3507, 
[100800,  0.0000423]     0.8530,     0.9533,     0.9661,     1.3315, 
[100900,  0.0000421]     0.8511,     0.9538,     0.9665,     1.6356, 
[101000,  0.0000419]     0.8547,     0.9544,     0.9666,     1.4589, 
[101100,  0.0000416]     0.8638,     0.9578,     0.9695,     1.2934, 
[101200,  0.0000414]     0.8510,     0.9541,     0.9675,     1.3781, 
[101300,  0.0000412]     0.8556,     0.9557,     0.9686,     1.4310, 
[101400,  0.0000410]     0.8570,     0.9564,     0.9690,     1.1800, 
[101500,  0.0000408]     0.8531,     0.9552,     0.9674,     1.3979, 
[101600,  0.0000405]     0.8694,     0.9586,     0.9704,     1.2583, 
[101700,  0.0000403]     0.8620,     0.9576,     0.9696,     1.2913, 
[101800,  0.0000401]     0.8617,     0.9550,     0.9674,     1.4498, 
[101900,  0.0000399]     0.8550,     0.9541,     0.9667,     1.5803, 
[102000,  0.0000397]     0.8613,     0.9548,     0.9674,     1.4976, 
[102100,  0.0000394]     0.8646,     0.9553,     0.9679,     1.4147, 
[102200,  0.0000392]     0.8478,     0.9525,     0.9658,     1.4327, 
[102300,  0.0000390]     0.8585,     0.9568,     0.9695,     1.4574, 
[102400,  0.0000388]     0.8614,     0.9558,     0.9686,     1.3210, 
[102500,  0.0000386]     0.8574,     0.9573,     0.9692,     1.3623, 
[102600,  0.0000383]     0.8607,     0.9561,     0.9686,     1.4588, 
[102700,  0.0000381]     0.8587,     0.9548,     0.9677,     1.3365, 
[102800,  0.0000379]     0.8580,     0.9555,     0.9679,     1.3747, 
[102900,  0.0000377]     0.8568,     0.9546,     0.9669,     1.4992, 
[103000,  0.0000375]     0.8546,     0.9533,     0.9659,     1.3770, 
[103100,  0.0000373]     0.8609,     0.9582,     0.9706,     1.2470, 
[103200,  0.0000370]     0.8595,     0.9582,     0.9697,     1.2656, 
[103300,  0.0000368]     0.8561,     0.9543,     0.9672,     1.4398, 
[103400,  0.0000366]     0.8577,     0.9560,     0.9687,     1.3510, 
[103500,  0.0000364]     0.8493,     0.9515,     0.9658,     1.3930, 
[103600,  0.0000362]     0.8597,     0.9569,     0.9693,     1.3910, 
[103700,  0.0000359]     0.8662,     0.9595,     0.9713,     1.2256, 
[103800,  0.0000357]     0.8601,     0.9528,     0.9654,     1.4496, 
[103900,  0.0000355]     0.8586,     0.9541,     0.9670,     1.3743, 
[104000,  0.0000353]     0.8564,     0.9547,     0.9674,     1.4673, 
[104100,  0.0000351]     0.8508,     0.9545,     0.9678,     1.3523, 
[104200,  0.0000348]     0.8591,     0.9564,     0.9691,     1.4144, 
[104300,  0.0000346]     0.8561,     0.9555,     0.9682,     1.2749, 
[104400,  0.0000344]     0.8587,     0.9543,     0.9670,     1.3133, 
[104500,  0.0000342]     0.8637,     0.9587,     0.9705,     1.2564, 
[104600,  0.0000340]     0.8672,     0.9585,     0.9700,     1.2896, 
[104700,  0.0000337]     0.8595,     0.9556,     0.9681,     1.3639, 
[104800,  0.0000335]     0.8604,     0.9553,     0.9682,     1.4396, 
[104900,  0.0000333]     0.8565,     0.9547,     0.9677,     1.3305, 
[105000,  0.0000331]     0.8561,     0.9538,     0.9664,     1.5028, 
Validation Chairs EPE: 0.873876
[105100,  0.0000329]     0.8565,     0.9563,     0.9691,     1.2439, 
[105200,  0.0000326]     0.8572,     0.9544,     0.9671,     1.4212, 
[105300,  0.0000324]     0.8662,     0.9584,     0.9703,     1.2568, 
[105400,  0.0000322]     0.8567,     0.9559,     0.9689,     1.3123, 
[105500,  0.0000320]     0.8675,     0.9584,     0.9701,     1.3165, 
[105600,  0.0000318]     0.8638,     0.9568,     0.9690,     1.3431, 
[105700,  0.0000316]     0.8598,     0.9585,     0.9703,     1.2196, 
[105800,  0.0000313]     0.8541,     0.9562,     0.9690,     1.3255, 
[105900,  0.0000311]     0.8642,     0.9580,     0.9705,     1.3229, 
[106000,  0.0000309]     0.8629,     0.9584,     0.9707,     1.2555, 
[106100,  0.0000307]     0.8619,     0.9562,     0.9681,     1.3006, 
[106200,  0.0000305]     0.8611,     0.9556,     0.9681,     1.5537, 
[106300,  0.0000302]     0.8575,     0.9549,     0.9679,     1.3460, 
[106400,  0.0000300]     0.8528,     0.9525,     0.9651,     1.6949, 
[106500,  0.0000298]     0.8591,     0.9584,     0.9702,     1.2653, 
[106600,  0.0000296]     0.8566,     0.9568,     0.9688,     1.4090, 
[106700,  0.0000294]     0.8623,     0.9554,     0.9671,     1.7462, 
[106800,  0.0000291]     0.8662,     0.9575,     0.9687,     1.3628, 
[106900,  0.0000289]     0.8569,     0.9536,     0.9666,     1.4713, 
[107000,  0.0000287]     0.8614,     0.9569,     0.9690,     1.3124, 
[107100,  0.0000285]     0.8541,     0.9558,     0.9684,     1.3322, 
[107200,  0.0000283]     0.8565,     0.9524,     0.9651,     1.3040, 
[107300,  0.0000280]     0.8628,     0.9564,     0.9684,     1.4389, 
[107400,  0.0000278]     0.8609,     0.9572,     0.9696,     1.2095, 
[107500,  0.0000276]     0.8650,     0.9563,     0.9688,     1.3215, 
[107600,  0.0000274]     0.8605,     0.9569,     0.9689,     1.2467, 
[107700,  0.0000272]     0.8609,     0.9545,     0.9670,     1.3494, 
[107800,  0.0000270]     0.8558,     0.9550,     0.9676,     1.3082, 
[107900,  0.0000267]     0.8626,     0.9583,     0.9702,     1.2832, 
[108000,  0.0000265]     0.8602,     0.9585,     0.9702,     1.2520, 
[108100,  0.0000263]     0.8619,     0.9586,     0.9708,     1.2780, 
[108200,  0.0000261]     0.8631,     0.9580,     0.9695,     1.2868, 
[108300,  0.0000259]     0.8647,     0.9563,     0.9685,     1.3725, 
[108400,  0.0000256]     0.8614,     0.9574,     0.9694,     1.1854, 
[108500,  0.0000254]     0.8626,     0.9607,     0.9723,     1.1117, 
[108600,  0.0000252]     0.8583,     0.9546,     0.9676,     1.3583, 
[108700,  0.0000250]     0.8565,     0.9565,     0.9687,     1.2875, 
[108800,  0.0000248]     0.8629,     0.9570,     0.9685,     1.3589, 
[108900,  0.0000245]     0.8643,     0.9568,     0.9687,     1.4703, 
[109000,  0.0000243]     0.8562,     0.9552,     0.9676,     1.4396, 
[109100,  0.0000241]     0.8657,     0.9574,     0.9689,     1.2670, 
[109200,  0.0000239]     0.8576,     0.9567,     0.9689,     1.3001, 
[109300,  0.0000237]     0.8644,     0.9586,     0.9707,     1.2147, 
[109400,  0.0000234]     0.8624,     0.9591,     0.9708,     1.2613, 
[109500,  0.0000232]     0.8600,     0.9601,     0.9722,     1.1726, 
[109600,  0.0000230]     0.8606,     0.9571,     0.9698,     1.3222, 
[109700,  0.0000228]     0.8566,     0.9544,     0.9669,     1.4089, 
[109800,  0.0000226]     0.8624,     0.9561,     0.9679,     1.5378, 
[109900,  0.0000224]     0.8577,     0.9551,     0.9675,     1.3257, 
[110000,  0.0000221]     0.8588,     0.9556,     0.9687,     1.2408, 
Validation Chairs EPE: 0.872763
[110100,  0.0000219]     0.8647,     0.9592,     0.9711,     1.1894, 
[110200,  0.0000217]     0.8681,     0.9606,     0.9720,     1.1810, 
[110300,  0.0000215]     0.8622,     0.9558,     0.9682,     1.3068, 
[110400,  0.0000213]     0.8613,     0.9554,     0.9673,     1.5804, 
[110500,  0.0000210]     0.8486,     0.9506,     0.9644,     1.3616, 
[110600,  0.0000208]     0.8683,     0.9589,     0.9707,     1.2220, 
[110700,  0.0000206]     0.8606,     0.9565,     0.9688,     1.2019, 
[110800,  0.0000204]     0.8678,     0.9600,     0.9712,     1.2130, 
[110900,  0.0000202]     0.8681,     0.9587,     0.9704,     1.2602, 
[111000,  0.0000199]     0.8557,     0.9556,     0.9681,     1.3342, 
[111100,  0.0000197]     0.8605,     0.9561,     0.9687,     1.2455, 
[111200,  0.0000195]     0.8568,     0.9570,     0.9700,     1.2379, 
[111300,  0.0000193]     0.8650,     0.9580,     0.9700,     1.2650, 
[111400,  0.0000191]     0.8550,     0.9545,     0.9673,     1.3703, 
[111500,  0.0000188]     0.8669,     0.9582,     0.9704,     1.1969, 
[111600,  0.0000186]     0.8697,     0.9602,     0.9717,     1.2555, 
[111700,  0.0000184]     0.8687,     0.9580,     0.9691,     1.2753, 
[111800,  0.0000182]     0.8622,     0.9574,     0.9697,     1.2777, 
[111900,  0.0000180]     0.8636,     0.9591,     0.9703,     1.2261, 
[112000,  0.0000177]     0.8538,     0.9548,     0.9672,     1.4449, 
[112100,  0.0000175]     0.8613,     0.9571,     0.9694,     1.1584, 
[112200,  0.0000173]     0.8628,     0.9584,     0.9702,     1.3741, 
[112300,  0.0000171]     0.8660,     0.9561,     0.9687,     1.3522, 
[112400,  0.0000169]     0.8647,     0.9595,     0.9713,     1.1979, 
[112500,  0.0000167]     0.8600,     0.9566,     0.9679,     1.3420, 
[112600,  0.0000164]     0.8652,     0.9565,     0.9692,     1.3160, 
[112700,  0.0000162]     0.8622,     0.9575,     0.9700,     1.2317, 
[112800,  0.0000160]     0.8632,     0.9565,     0.9680,     1.3199, 
[112900,  0.0000158]     0.8666,     0.9588,     0.9703,     1.2484, 
[113000,  0.0000156]     0.8603,     0.9549,     0.9676,     1.2804, 
[113100,  0.0000153]     0.8568,     0.9573,     0.9690,     1.3444, 
[113200,  0.0000151]     0.8687,     0.9593,     0.9711,     1.1681, 
[113300,  0.0000149]     0.8570,     0.9553,     0.9674,     1.4926, 
[113400,  0.0000147]     0.8597,     0.9566,     0.9683,     1.3692, 
[113500,  0.0000145]     0.8654,     0.9598,     0.9712,     1.2295, 
[113600,  0.0000142]     0.8654,     0.9577,     0.9692,     1.3017, 
[113700,  0.0000140]     0.8681,     0.9601,     0.9717,     1.2629, 
[113800,  0.0000138]     0.8661,     0.9569,     0.9696,     1.2168, 
[113900,  0.0000136]     0.8661,     0.9584,     0.9709,     1.2494, 
[114000,  0.0000134]     0.8659,     0.9562,     0.9685,     1.2710, 
[114100,  0.0000131]     0.8619,     0.9568,     0.9690,     1.2604, 
[114200,  0.0000129]     0.8582,     0.9567,     0.9685,     1.3582, 
[114300,  0.0000127]     0.8630,     0.9602,     0.9715,     1.2208, 
[114400,  0.0000125]     0.8577,     0.9574,     0.9692,     1.3956, 
[114500,  0.0000123]     0.8596,     0.9583,     0.9697,     1.1919, 
[114600,  0.0000121]     0.8648,     0.9602,     0.9716,     1.2128, 
[114700,  0.0000118]     0.8563,     0.9559,     0.9675,     1.4468, 
[114800,  0.0000116]     0.8654,     0.9582,     0.9699,     1.2978, 
[114900,  0.0000114]     0.8620,     0.9565,     0.9681,     1.4558, 
[115000,  0.0000112]     0.8608,     0.9573,     0.9697,     1.3708, 
Validation Chairs EPE: 0.858235
[115100,  0.0000110]     0.8565,     0.9545,     0.9684,     1.2266, 
[115200,  0.0000107]     0.8636,     0.9587,     0.9706,     1.1942, 
[115300,  0.0000105]     0.8599,     0.9561,     0.9682,     1.2470, 
[115400,  0.0000103]     0.8714,     0.9605,     0.9722,     1.1445, 
[115500,  0.0000101]     0.8620,     0.9572,     0.9694,     1.3544, 
[115600,  0.0000099]     0.8649,     0.9583,     0.9697,     1.5060, 
[115700,  0.0000096]     0.8536,     0.9531,     0.9659,     1.3551, 
[115800,  0.0000094]     0.8579,     0.9565,     0.9700,     1.2931, 
[115900,  0.0000092]     0.8628,     0.9582,     0.9709,     1.2072, 
[116000,  0.0000090]     0.8645,     0.9569,     0.9684,     1.3705, 
[116100,  0.0000088]     0.8554,     0.9555,     0.9680,     1.2917, 
[116200,  0.0000085]     0.8688,     0.9594,     0.9703,     1.2362, 
[116300,  0.0000083]     0.8666,     0.9598,     0.9710,     1.1473, 
[116400,  0.0000081]     0.8679,     0.9594,     0.9708,     1.1767, 
[116500,  0.0000079]     0.8684,     0.9578,     0.9694,     1.3881, 
[116600,  0.0000077]     0.8590,     0.9558,     0.9677,     1.3282, 
[116700,  0.0000075]     0.8565,     0.9549,     0.9676,     1.3525, 
[116800,  0.0000072]     0.8663,     0.9563,     0.9680,     1.3455, 
[116900,  0.0000070]     0.8648,     0.9572,     0.9693,     1.2825, 
[117000,  0.0000068]     0.8637,     0.9585,     0.9706,     1.2254, 
[117100,  0.0000066]     0.8682,     0.9584,     0.9707,     1.1996, 
[117200,  0.0000064]     0.8616,     0.9566,     0.9691,     1.2843, 
[117300,  0.0000061]     0.8639,     0.9575,     0.9695,     1.2236, 
[117400,  0.0000059]     0.8575,     0.9565,     0.9689,     1.3062, 
[117500,  0.0000057]     0.8606,     0.9550,     0.9676,     1.4933, 
[117600,  0.0000055]     0.8668,     0.9594,     0.9710,     1.2106, 
[117700,  0.0000053]     0.8702,     0.9611,     0.9720,     1.1903, 
[117800,  0.0000050]     0.8614,     0.9567,     0.9694,     1.1992, 
[117900,  0.0000048]     0.8615,     0.9563,     0.9681,     1.3416, 
[118000,  0.0000046]     0.8647,     0.9578,     0.9695,     1.3121, 
[118100,  0.0000044]     0.8640,     0.9573,     0.9695,     1.3466, 
[118200,  0.0000042]     0.8581,     0.9560,     0.9683,     1.2464, 
[118300,  0.0000039]     0.8660,     0.9593,     0.9715,     1.1743, 
[118400,  0.0000037]     0.8644,     0.9583,     0.9697,     1.2914, 
[118500,  0.0000035]     0.8677,     0.9596,     0.9713,     1.2012, 
[118600,  0.0000033]     0.8546,     0.9549,     0.9680,     1.4851, 
[118700,  0.0000031]     0.8623,     0.9579,     0.9701,     1.3068, 
[118800,  0.0000028]     0.8667,     0.9584,     0.9699,     1.1682, 
[118900,  0.0000026]     0.8643,     0.9570,     0.9689,     1.3125, 
[119000,  0.0000024]     0.8716,     0.9621,     0.9728,     1.1252, 
[119100,  0.0000022]     0.8591,     0.9559,     0.9679,     1.3652, 
[119200,  0.0000020]     0.8653,     0.9586,     0.9703,     1.2666, 
[119300,  0.0000018]     0.8606,     0.9570,     0.9694,     1.3635, 
[119400,  0.0000015]     0.8616,     0.9586,     0.9706,     1.1858, 
[119500,  0.0000013]     0.8700,     0.9577,     0.9691,     1.3515, 
[119600,  0.0000011]     0.8708,     0.9605,     0.9712,     1.2994, 
[119700,  0.0000009]     0.8669,     0.9590,     0.9702,     1.2546, 
[119800,  0.0000007]     0.8730,     0.9611,     0.9717,     1.2658, 
[119900,  0.0000004]     0.8690,     0.9611,     0.9722,     1.1448, 
[120000,  0.0000002]     0.8620,     0.9591,     0.9711,     1.2597, 
Validation Chairs EPE: 0.845450
Parameter Count: 5257536
Training with 80604 image pairs
/home/zexin/anaconda3/envs/raft/lib/python3.7/site-packages/torch/optim/lr_scheduler.py:123: UserWarning: Detected call of `lr_scheduler.step()` before `optimizer.step()`. In PyTorch 1.1.0 and later, you should call them in the opposite order: `optimizer.step()` before `lr_scheduler.step()`.  Failure to do this will result in PyTorch skipping the first value of the learning rate schedule. See more details at https://pytorch.org/docs/stable/optim.html#how-to-adjust-learning-rate
  "https://pytorch.org/docs/stable/optim.html#how-to-adjust-learning-rate", UserWarning)
[   100,  0.0000056]     0.6144,     0.7647,     0.8048,    12.6267, 
[   200,  0.0000072]     0.6505,     0.7900,     0.8287,    11.3591, 
[   300,  0.0000088]     0.6579,     0.7877,     0.8252,    11.5018, 
[   400,  0.0000104]     0.6700,     0.7972,     0.8337,    12.0441, 
[   500,  0.0000120]     0.6859,     0.8063,     0.8395,    10.7974, 
[   600,  0.0000136]     0.6984,     0.8160,     0.8501,     8.2814, 
[   700,  0.0000152]     0.6817,     0.8049,     0.8400,     9.5975, 
[   800,  0.0000168]     0.6775,     0.7987,     0.8336,    10.5204, 
[   900,  0.0000184]     0.6873,     0.8048,     0.8387,    11.2950, 
[  1000,  0.0000200]     0.6908,     0.8107,     0.8452,     8.9988, 
[  1100,  0.0000216]     0.6947,     0.8121,     0.8455,    10.2130, 
[  1200,  0.0000232]     0.6918,     0.8102,     0.8426,     9.8865, 
[  1300,  0.0000248]     0.7023,     0.8174,     0.8509,     9.6053, 
[  1400,  0.0000264]     0.6939,     0.8083,     0.8413,    10.2240, 
[  1500,  0.0000280]     0.6958,     0.8113,     0.8431,     9.9838, 
[  1600,  0.0000296]     0.6922,     0.8081,     0.8415,    11.0197, 
[  1700,  0.0000312]     0.6912,     0.8062,     0.8396,    10.5332, 
[  1800,  0.0000328]     0.7050,     0.8202,     0.8529,     9.1784, 
[  1900,  0.0000344]     0.7056,     0.8196,     0.8520,     8.7115, 
[  2000,  0.0000360]     0.7141,     0.8270,     0.8588,     7.6894, 
[  2100,  0.0000376]     0.7104,     0.8233,     0.8548,     9.9973, 
[  2200,  0.0000392]     0.7028,     0.8162,     0.8493,     9.8537, 
[  2300,  0.0000408]     0.7072,     0.8253,     0.8581,     8.7478, 
[  2400,  0.0000424]     0.7035,     0.8193,     0.8513,     9.1861, 
[  2500,  0.0000440]     0.7100,     0.8250,     0.8574,     7.8229, 
[  2600,  0.0000456]     0.7173,     0.8310,     0.8622,     8.4046, 
[  2700,  0.0000472]     0.6896,     0.8082,     0.8415,     9.5634, 
[  2800,  0.0000488]     0.7111,     0.8245,     0.8567,     9.1883, 
[  2900,  0.0000504]     0.6979,     0.8095,     0.8421,    10.1817, 
[  3000,  0.0000520]     0.6909,     0.8063,     0.8399,    11.0358, 
[  3100,  0.0000536]     0.7081,     0.8191,     0.8509,    10.7358, 
[  3200,  0.0000551]     0.7012,     0.8176,     0.8506,     8.8042, 
[  3300,  0.0000567]     0.7061,     0.8213,     0.8541,    10.0711, 
[  3400,  0.0000583]     0.7168,     0.8303,     0.8631,     8.0613, 
[  3500,  0.0000599]     0.7042,     0.8191,     0.8514,     9.5230, 
[  3600,  0.0000615]     0.7123,     0.8247,     0.8566,     8.2210, 
[  3700,  0.0000631]     0.7096,     0.8250,     0.8570,     9.0696, 
[  3800,  0.0000647]     0.7068,     0.8231,     0.8553,     9.4969, 
[  3900,  0.0000663]     0.7067,     0.8196,     0.8513,    10.9015, 
[  4000,  0.0000679]     0.7092,     0.8253,     0.8585,     9.1835, 
[  4100,  0.0000695]     0.7148,     0.8289,     0.8604,     8.5654, 
[  4200,  0.0000711]     0.6918,     0.8127,     0.8473,     9.1289, 
[  4300,  0.0000727]     0.6947,     0.8088,     0.8408,    10.0969, 
[  4400,  0.0000743]     0.6988,     0.8144,     0.8478,    10.0618, 
[  4500,  0.0000759]     0.7197,     0.8318,     0.8646,     7.9284, 
[  4600,  0.0000775]     0.7040,     0.8168,     0.8493,    10.3414, 
[  4700,  0.0000791]     0.6965,     0.8147,     0.8483,     9.6235, 
[  4800,  0.0000807]     0.7190,     0.8344,     0.8663,     8.2850, 
[  4900,  0.0000823]     0.7096,     0.8241,     0.8562,     9.0561, 
[  5000,  0.0000839]     0.7184,     0.8314,     0.8637,     8.3156, 
Validation (clean) EPE: 1.670880, 1px: 0.884493, 3px: 0.948640, 5px: 0.962738
Validation (final) EPE: 3.173461, 1px: 0.839185, 3px: 0.911842, 5px: 0.931513
[  5100,  0.0000855]     0.6995,     0.8173,     0.8507,     9.5366, 
[  5200,  0.0000871]     0.6943,     0.8107,     0.8429,    12.2949, 
[  5300,  0.0000887]     0.7108,     0.8206,     0.8521,     9.9588, 
[  5400,  0.0000903]     0.7071,     0.8185,     0.8508,     9.0639, 
[  5500,  0.0000919]     0.7173,     0.8299,     0.8615,     8.9490, 
[  5600,  0.0000935]     0.6900,     0.8056,     0.8381,    12.3544, 
[  5700,  0.0000951]     0.6979,     0.8164,     0.8500,    10.0940, 
[  5800,  0.0000967]     0.6907,     0.8083,     0.8424,    10.1266, 
[  5900,  0.0000983]     0.6983,     0.8141,     0.8472,    11.2252, 
[  6000,  0.0000999]     0.7080,     0.8192,     0.8499,    11.2727, 
[  6100,  0.0000999]     0.7118,     0.8249,     0.8562,     9.6106, 
[  6200,  0.0000998]     0.7007,     0.8125,     0.8449,    10.4297, 
[  6300,  0.0000997]     0.7203,     0.8326,     0.8641,     8.0412, 
[  6400,  0.0000997]     0.7038,     0.8172,     0.8497,     9.0062, 
[  6500,  0.0000996]     0.7090,     0.8267,     0.8592,     9.4462, 
[  6600,  0.0000995]     0.7081,     0.8246,     0.8578,     7.8951, 
[  6700,  0.0000994]     0.7131,     0.8274,     0.8600,     9.1477, 
[  6800,  0.0000993]     0.7115,     0.8241,     0.8551,     9.2512, 
[  6900,  0.0000992]     0.6949,     0.8097,     0.8431,    10.3265, 
[  7000,  0.0000991]     0.7048,     0.8181,     0.8496,     9.9304, 
[  7100,  0.0000990]     0.7013,     0.8158,     0.8491,     9.9473, 
[  7200,  0.0000990]     0.7105,     0.8242,     0.8573,     8.9287, 
[  7300,  0.0000989]     0.7083,     0.8209,     0.8526,     9.7539, 
[  7400,  0.0000988]     0.6994,     0.8155,     0.8483,     9.4722, 
[  7500,  0.0000987]     0.6997,     0.8149,     0.8490,     9.6603, 
[  7600,  0.0000986]     0.6968,     0.8095,     0.8420,     9.9369, 
[  7700,  0.0000985]     0.6892,     0.8086,     0.8435,     8.9567, 
[  7800,  0.0000984]     0.7012,     0.8176,     0.8507,     9.8781, 
[  7900,  0.0000983]     0.7009,     0.8166,     0.8494,    10.6569, 
[  8000,  0.0000983]     0.7142,     0.8255,     0.8563,    10.7418, 
[  8100,  0.0000982]     0.7133,     0.8278,     0.8607,     8.0543, 
[  8200,  0.0000981]     0.7121,     0.8246,     0.8564,    10.0558, 
[  8300,  0.0000980]     0.7036,     0.8138,     0.8453,    12.1988, 
[  8400,  0.0000979]     0.7037,     0.8166,     0.8489,    11.4117, 
[  8500,  0.0000978]     0.6937,     0.8085,     0.8412,    12.3244, 
[  8600,  0.0000977]     0.6956,     0.8112,     0.8443,    10.9875, 
[  8700,  0.0000976]     0.7054,     0.8216,     0.8551,     9.0373, 
[  8800,  0.0000976]     0.6870,     0.8006,     0.8345,    11.0510, 
[  8900,  0.0000975]     0.6994,     0.8150,     0.8475,    10.5320, 
[  9000,  0.0000974]     0.6839,     0.8027,     0.8371,    11.5310, 
[  9100,  0.0000973]     0.7054,     0.8252,     0.8589,     8.8396, 
[  9200,  0.0000972]     0.7129,     0.8271,     0.8608,     6.9148, 
[  9300,  0.0000971]     0.7113,     0.8259,     0.8596,     8.2112, 
[  9400,  0.0000970]     0.6863,     0.8044,     0.8393,    10.3963, 
[  9500,  0.0000969]     0.7037,     0.8182,     0.8508,     8.7637, 
[  9600,  0.0000968]     0.7032,     0.8132,     0.8447,    10.9125, 
[  9700,  0.0000968]     0.7070,     0.8206,     0.8522,    10.2149, 
[  9800,  0.0000967]     0.6786,     0.7986,     0.8333,    12.9307, 
[  9900,  0.0000966]     0.7187,     0.8307,     0.8618,     8.3895, 
[ 10000,  0.0000965]     0.6930,     0.8096,     0.8443,    10.1353, 
Validation (clean) EPE: 1.795542, 1px: 0.884826, 3px: 0.949174, 5px: 0.963495
Validation (final) EPE: 3.324847, 1px: 0.833138, 3px: 0.905770, 5px: 0.926716
[ 10100,  0.0000964]     0.7224,     0.8318,     0.8622,     9.8098, 
[ 10200,  0.0000963]     0.7037,     0.8219,     0.8563,     8.7404, 
[ 10300,  0.0000962]     0.7089,     0.8245,     0.8581,     8.7833, 
[ 10400,  0.0000961]     0.7110,     0.8285,     0.8614,     8.5405, 
[ 10500,  0.0000961]     0.7141,     0.8314,     0.8643,     7.0139, 
[ 10600,  0.0000960]     0.7140,     0.8271,     0.8593,     8.5495, 
[ 10700,  0.0000959]     0.6997,     0.8160,     0.8501,     9.5270, 
[ 10800,  0.0000958]     0.7053,     0.8184,     0.8517,     9.4009, 
[ 10900,  0.0000957]     0.7194,     0.8330,     0.8657,     7.7363, 
[ 11000,  0.0000956]     0.7063,     0.8248,     0.8580,     8.3210, 
[ 11100,  0.0000955]     0.7147,     0.8258,     0.8573,     9.3913, 
[ 11200,  0.0000954]     0.7173,     0.8311,     0.8626,     8.8460, 
[ 11300,  0.0000954]     0.7211,     0.8334,     0.8654,     7.8586, 
[ 11400,  0.0000953]     0.7158,     0.8280,     0.8591,     8.0335, 
[ 11500,  0.0000952]     0.7001,     0.8148,     0.8482,     9.3231, 
[ 11600,  0.0000951]     0.7045,     0.8239,     0.8564,     9.3225, 
[ 11700,  0.0000950]     0.7161,     0.8273,     0.8594,     9.2059, 
[ 11800,  0.0000949]     0.7162,     0.8313,     0.8633,     8.0624, 
[ 11900,  0.0000948]     0.7090,     0.8238,     0.8559,     9.9351, 
[ 12000,  0.0000947]     0.7161,     0.8327,     0.8655,     7.0736, 
[ 12100,  0.0000947]     0.7177,     0.8310,     0.8620,     8.6932, 
[ 12200,  0.0000946]     0.7204,     0.8341,     0.8662,     7.1797, 
[ 12300,  0.0000945]     0.7097,     0.8212,     0.8533,     9.4973, 
[ 12400,  0.0000944]     0.7047,     0.8235,     0.8565,     9.4933, 
[ 12500,  0.0000943]     0.6992,     0.8133,     0.8466,    10.7768, 
[ 12600,  0.0000942]     0.7141,     0.8307,     0.8637,     7.8597, 
[ 12700,  0.0000941]     0.7136,     0.8245,     0.8561,    10.1619, 
[ 12800,  0.0000940]     0.7117,     0.8294,     0.8629,     7.9183, 
[ 12900,  0.0000940]     0.7018,     0.8128,     0.8449,    10.1117, 
[ 13000,  0.0000939]     0.7008,     0.8171,     0.8519,     8.7041, 
[ 13100,  0.0000938]     0.7119,     0.8239,     0.8560,     9.6704, 
[ 13200,  0.0000937]     0.7143,     0.8273,     0.8585,     9.0128, 
[ 13300,  0.0000936]     0.6984,     0.8176,     0.8511,     8.9559, 
[ 13400,  0.0000935]     0.7047,     0.8180,     0.8510,    10.3503, 
[ 13500,  0.0000934]     0.7038,     0.8196,     0.8520,    10.8299, 
[ 13600,  0.0000933]     0.7138,     0.8242,     0.8563,     9.0794, 
[ 13700,  0.0000933]     0.7207,     0.8339,     0.8656,     7.5222, 
[ 13800,  0.0000932]     0.7041,     0.8209,     0.8548,     9.0870, 
[ 13900,  0.0000931]     0.7078,     0.8194,     0.8518,     9.4368, 
[ 14000,  0.0000930]     0.6988,     0.8140,     0.8473,    11.5327, 
[ 14100,  0.0000929]     0.7171,     0.8297,     0.8618,     8.0713, 
[ 14200,  0.0000928]     0.7231,     0.8371,     0.8692,     7.2319, 
[ 14300,  0.0000927]     0.7162,     0.8285,     0.8604,     9.0738, 
[ 14400,  0.0000926]     0.7029,     0.8148,     0.8479,    10.2394, 
[ 14500,  0.0000926]     0.7106,     0.8247,     0.8579,     7.9435, 
[ 14600,  0.0000925]     0.7182,     0.8305,     0.8612,     9.3672, 
[ 14700,  0.0000924]     0.7104,     0.8239,     0.8569,     8.7843, 
[ 14800,  0.0000923]     0.7233,     0.8313,     0.8630,     7.8659, 
[ 14900,  0.0000922]     0.7115,     0.8227,     0.8534,    10.9931, 
[ 15000,  0.0000921]     0.7080,     0.8210,     0.8540,     8.9370, 
Validation (clean) EPE: 1.986409, 1px: 0.886117, 3px: 0.949674, 5px: 0.963690
Validation (final) EPE: 3.189968, 1px: 0.838249, 3px: 0.910141, 5px: 0.930477
[ 15100,  0.0000920]     0.7091,     0.8251,     0.8585,     9.1251, 
[ 15200,  0.0000919]     0.7264,     0.8377,     0.8697,     6.7388, 
[ 15300,  0.0000919]     0.7112,     0.8254,     0.8587,     8.2680, 
[ 15400,  0.0000918]     0.7102,     0.8253,     0.8576,     8.3912, 
[ 15500,  0.0000917]     0.7209,     0.8328,     0.8647,     8.1529, 
[ 15600,  0.0000916]     0.7178,     0.8323,     0.8656,     8.0430, 
[ 15700,  0.0000915]     0.7283,     0.8398,     0.8711,     7.0492, 
[ 15800,  0.0000914]     0.7144,     0.8276,     0.8597,     8.4271, 
[ 15900,  0.0000913]     0.7034,     0.8182,     0.8507,     9.6887, 
[ 16000,  0.0000912]     0.7251,     0.8391,     0.8714,     6.5890, 
[ 16100,  0.0000912]     0.7206,     0.8314,     0.8617,     8.9763, 
