nohup: ignoring input
Parameter Count: 40483149
Training with 22232 image pairs
/home/zexin/anaconda3/envs/raft/lib/python3.7/site-packages/torch/optim/lr_scheduler.py:123: UserWarning: Detected call of `lr_scheduler.step()` before `optimizer.step()`. In PyTorch 1.1.0 and later, you should call them in the opposite order: `optimizer.step()` before `lr_scheduler.step()`.  Failure to do this will result in PyTorch skipping the first value of the learning rate schedule. See more details at https://pytorch.org/docs/stable/optim.html#how-to-adjust-learning-rate
  "https://pytorch.org/docs/stable/optim.html#how-to-adjust-learning-rate", UserWarning)
[   100,  0.0000140]     0.0586,     0.2642,     0.3882,    16.1331, 
[   200,  0.0000180]     0.0731,     0.2977,     0.4252,    15.5338, 
[   300,  0.0000220]     0.0438,     0.2297,     0.3795,    14.8131, 
[   400,  0.0000259]     0.0458,     0.2479,     0.4162,    14.0574, 
[   500,  0.0000299]     0.0466,     0.2584,     0.4347,    13.4810, 
[   600,  0.0000339]     0.0692,     0.3320,     0.5110,    12.0476, 
[   700,  0.0000379]     0.0887,     0.3789,     0.5380,    11.8472, 
[   800,  0.0000419]     0.1080,     0.4214,     0.5828,    10.8789, 
[   900,  0.0000459]     0.1327,     0.4602,     0.6091,    10.3787, 
[  1000,  0.0000499]     0.1609,     0.5081,     0.6512,     9.5033, 
[  1100,  0.0000539]     0.1793,     0.5166,     0.6480,    10.2370, 
[  1200,  0.0000579]     0.1878,     0.5288,     0.6597,     9.9380, 
[  1300,  0.0000619]     0.2143,     0.5605,     0.6843,     9.3764, 
[  1400,  0.0000659]     0.2560,     0.5978,     0.7116,     8.5157, 
[  1500,  0.0000699]     0.2638,     0.6163,     0.7291,     8.5247, 
[  1600,  0.0000739]     0.3159,     0.6591,     0.7609,     7.3887, 
[  1700,  0.0000779]     0.3330,     0.6660,     0.7635,     7.3147, 
[  1800,  0.0000819]     0.3788,     0.6995,     0.7869,     7.1195, 
[  1900,  0.0000859]     0.3869,     0.7060,     0.7923,     6.8527, 
[  2000,  0.0000899]     0.4113,     0.7159,     0.7956,     7.4357, 
[  2100,  0.0000939]     0.4071,     0.7084,     0.7887,     7.4219, 
[  2200,  0.0000979]     0.4154,     0.7170,     0.7940,     7.2307, 
[  2300,  0.0001019]     0.4461,     0.7310,     0.8063,     6.6487, 
[  2400,  0.0001059]     0.4772,     0.7493,     0.8210,     6.5115, 
[  2500,  0.0001099]     0.4708,     0.7400,     0.8124,     6.4789, 
[  2600,  0.0001139]     0.4873,     0.7582,     0.8282,     6.0663, 
[  2700,  0.0001179]     0.4861,     0.7617,     0.8290,     5.9182, 
[  2800,  0.0001219]     0.5159,     0.7730,     0.8359,     5.6573, 
[  2900,  0.0001259]     0.5304,     0.7790,     0.8400,     5.9240, 
[  3000,  0.0001299]     0.5433,     0.7834,     0.8421,     5.7491, 
[  3100,  0.0001339]     0.5320,     0.7831,     0.8449,     5.9859, 
[  3200,  0.0001379]     0.5629,     0.8045,     0.8594,     5.0999, 
[  3300,  0.0001419]     0.5444,     0.7872,     0.8477,     5.6054, 
[  3400,  0.0001459]     0.5549,     0.7896,     0.8477,     5.6146, 
[  3500,  0.0001499]     0.5639,     0.8012,     0.8578,     5.0746, 
[  3600,  0.0001539]     0.5637,     0.7931,     0.8488,     6.0038, 
[  3700,  0.0001579]     0.5661,     0.8044,     0.8600,     5.3005, 
[  3800,  0.0001619]     0.5956,     0.8129,     0.8648,     5.2835, 
[  3900,  0.0001659]     0.5888,     0.8036,     0.8558,     5.8241, 
[  4000,  0.0001699]     0.5925,     0.8083,     0.8591,     5.5547, 
[  4100,  0.0001739]     0.5940,     0.8111,     0.8652,     4.7484, 
[  4200,  0.0001778]     0.5933,     0.8166,     0.8678,     4.9280, 
[  4300,  0.0001818]     0.5969,     0.8143,     0.8638,     5.2355, 
[  4400,  0.0001858]     0.6115,     0.8217,     0.8712,     4.9265, 
[  4500,  0.0001898]     0.5928,     0.8100,     0.8604,     5.3392, 
[  4600,  0.0001938]     0.6158,     0.8255,     0.8724,     4.8572, 
[  4700,  0.0001978]     0.6115,     0.8207,     0.8698,     4.7566, 
[  4800,  0.0002018]     0.6237,     0.8274,     0.8743,     4.8550, 
[  4900,  0.0002058]     0.6097,     0.8219,     0.8720,     4.6756, 
[  5000,  0.0002098]     0.6164,     0.8218,     0.8687,     5.3099, 
Validation Chairs EPE: 3.293130
[  5100,  0.0002138]     0.6264,     0.8327,     0.8794,     4.6098, 
[  5200,  0.0002178]     0.6199,     0.8244,     0.8709,     5.1806, 
[  5300,  0.0002218]     0.6445,     0.8405,     0.8846,     4.5824, 
[  5400,  0.0002258]     0.6408,     0.8423,     0.8867,     4.4321, 
[  5500,  0.0002298]     0.6386,     0.8407,     0.8853,     4.5373, 
[  5600,  0.0002338]     0.6252,     0.8310,     0.8784,     4.6676, 
[  5700,  0.0002378]     0.6371,     0.8341,     0.8786,     4.7630, 
[  5800,  0.0002418]     0.6498,     0.8424,     0.8851,     4.5495, 
[  5900,  0.0002458]     0.6293,     0.8310,     0.8768,     4.9135, 
[  6000,  0.0002498]     0.6340,     0.8393,     0.8836,     4.4963, 
[  6100,  0.0002498]     0.6497,     0.8469,     0.8904,     4.2702, 
[  6200,  0.0002496]     0.6617,     0.8530,     0.8941,     4.1169, 
[  6300,  0.0002494]     0.6433,     0.8454,     0.8883,     4.6354, 
[  6400,  0.0002491]     0.6443,     0.8398,     0.8849,     4.3250, 
[  6500,  0.0002489]     0.6609,     0.8481,     0.8889,     4.5439, 
[  6600,  0.0002487]     0.6640,     0.8476,     0.8890,     4.6051, 
[  6700,  0.0002485]     0.6647,     0.8555,     0.8954,     4.0699, 
[  6800,  0.0002483]     0.6607,     0.8504,     0.8926,     4.4084, 
[  6900,  0.0002480]     0.6402,     0.8421,     0.8853,     4.5743, 
[  7000,  0.0002478]     0.6627,     0.8527,     0.8934,     4.4376, 
[  7100,  0.0002476]     0.6704,     0.8574,     0.8981,     4.0990, 
[  7200,  0.0002474]     0.6763,     0.8621,     0.9000,     3.8541, 
[  7300,  0.0002472]     0.6718,     0.8619,     0.9013,     3.7895, 
[  7400,  0.0002469]     0.6665,     0.8514,     0.8916,     4.1639, 
[  7500,  0.0002467]     0.6561,     0.8473,     0.8876,     4.5244, 
[  7600,  0.0002465]     0.6601,     0.8569,     0.8988,     3.8408, 
[  7700,  0.0002463]     0.6599,     0.8522,     0.8918,     4.6366, 
[  7800,  0.0002461]     0.6743,     0.8572,     0.8937,     4.5761, 
[  7900,  0.0002458]     0.6860,     0.8642,     0.9011,     4.0394, 
[  8000,  0.0002456]     0.6774,     0.8594,     0.8969,     4.1625, 
[  8100,  0.0002454]     0.6896,     0.8685,     0.9050,     3.9595, 
[  8200,  0.0002452]     0.6914,     0.8664,     0.9056,     4.0600, 
[  8300,  0.0002450]     0.6792,     0.8705,     0.9080,     3.6227, 
[  8400,  0.0002448]     0.6869,     0.8708,     0.9086,     3.6810, 
[  8500,  0.0002445]     0.7072,     0.8790,     0.9139,     3.3340, 
[  8600,  0.0002443]     0.6913,     0.8676,     0.9043,     4.2347, 
[  8700,  0.0002441]     0.6840,     0.8658,     0.9027,     3.7497, 
[  8800,  0.0002439]     0.6853,     0.8689,     0.9055,     3.8111, 
[  8900,  0.0002437]     0.6889,     0.8700,     0.9073,     3.6979, 
[  9000,  0.0002434]     0.6830,     0.8682,     0.9050,     3.6782, 
[  9100,  0.0002432]     0.6881,     0.8688,     0.9059,     3.7909, 
[  9200,  0.0002430]     0.6854,     0.8667,     0.9040,     4.0014, 
[  9300,  0.0002428]     0.6959,     0.8767,     0.9118,     3.4748, 
[  9400,  0.0002426]     0.7000,     0.8749,     0.9090,     3.8134, 
[  9500,  0.0002423]     0.6959,     0.8740,     0.9091,     3.6470, 
[  9600,  0.0002421]     0.6900,     0.8730,     0.9095,     3.4776, 
[  9700,  0.0002419]     0.7020,     0.8781,     0.9119,     3.6727, 
[  9800,  0.0002417]     0.7023,     0.8749,     0.9090,     3.8266, 
[  9900,  0.0002415]     0.6970,     0.8699,     0.9061,     3.7587, 
[ 10000,  0.0002412]     0.7114,     0.8816,     0.9159,     3.4525, 
Validation Chairs EPE: 2.165929
[ 10100,  0.0002410]     0.7208,     0.8869,     0.9195,     3.4125, 
[ 10200,  0.0002408]     0.6965,     0.8754,     0.9101,     3.8716, 
[ 10300,  0.0002406]     0.7030,     0.8765,     0.9102,     3.5942, 
[ 10400,  0.0002404]     0.7067,     0.8766,     0.9094,     3.7272, 
[ 10500,  0.0002402]     0.6991,     0.8716,     0.9078,     3.6756, 
[ 10600,  0.0002399]     0.7151,     0.8827,     0.9159,     3.5598, 
[ 10700,  0.0002397]     0.7141,     0.8820,     0.9154,     3.4786, 
[ 10800,  0.0002395]     0.7048,     0.8773,     0.9113,     3.3354, 
[ 10900,  0.0002393]     0.6859,     0.8696,     0.9081,     3.6878, 
[ 11000,  0.0002391]     0.6954,     0.8737,     0.9084,     3.9089, 
[ 11100,  0.0002388]     0.7079,     0.8778,     0.9114,     3.6193, 
[ 11200,  0.0002386]     0.7095,     0.8796,     0.9138,     3.4701, 
[ 11300,  0.0002384]     0.7125,     0.8777,     0.9109,     3.5667, 
[ 11400,  0.0002382]     0.7064,     0.8787,     0.9117,     3.7980, 
[ 11500,  0.0002380]     0.7045,     0.8743,     0.9090,     3.6981, 
[ 11600,  0.0002377]     0.7065,     0.8776,     0.9127,     3.6199, 
[ 11700,  0.0002375]     0.7028,     0.8783,     0.9132,     3.3494, 
[ 11800,  0.0002373]     0.7219,     0.8870,     0.9186,     3.2261, 
[ 11900,  0.0002371]     0.7093,     0.8818,     0.9145,     3.5043, 
[ 12000,  0.0002369]     0.7148,     0.8790,     0.9106,     3.7232, 
[ 12100,  0.0002366]     0.7117,     0.8823,     0.9158,     3.5412, 
[ 12200,  0.0002364]     0.7167,     0.8891,     0.9217,     3.1208, 
[ 12300,  0.0002362]     0.7295,     0.8931,     0.9236,     3.0063, 
[ 12400,  0.0002360]     0.7206,     0.8853,     0.9166,     3.2910, 
[ 12500,  0.0002358]     0.7183,     0.8839,     0.9173,     3.3898, 
[ 12600,  0.0002355]     0.7076,     0.8816,     0.9151,     3.6282, 
[ 12700,  0.0002353]     0.7249,     0.8904,     0.9211,     3.2308, 
[ 12800,  0.0002351]     0.7281,     0.8917,     0.9232,     3.3330, 
[ 12900,  0.0002349]     0.7280,     0.8875,     0.9189,     3.6510, 
[ 13000,  0.0002347]     0.7255,     0.8920,     0.9237,     3.0408, 
[ 13100,  0.0002345]     0.7138,     0.8835,     0.9161,     3.2109, 
[ 13200,  0.0002342]     0.7194,     0.8859,     0.9177,     3.4267, 
[ 13300,  0.0002340]     0.7356,     0.8946,     0.9245,     3.1534, 
[ 13400,  0.0002338]     0.7352,     0.8966,     0.9262,     2.9877, 
[ 13500,  0.0002336]     0.7234,     0.8846,     0.9155,     3.2882, 
[ 13600,  0.0002334]     0.7228,     0.8853,     0.9162,     3.6557, 
[ 13700,  0.0002331]     0.7276,     0.8923,     0.9221,     3.1747, 
[ 13800,  0.0002329]     0.7186,     0.8862,     0.9176,     3.4508, 
[ 13900,  0.0002327]     0.7366,     0.8960,     0.9246,     3.2538, 
[ 14000,  0.0002325]     0.7223,     0.8914,     0.9224,     2.8900, 
[ 14100,  0.0002323]     0.7426,     0.8988,     0.9278,     3.1828, 
[ 14200,  0.0002320]     0.7261,     0.8919,     0.9223,     3.1937, 
[ 14300,  0.0002318]     0.7307,     0.8913,     0.9215,     3.1303, 
[ 14400,  0.0002316]     0.7265,     0.8891,     0.9199,     3.2897, 
[ 14500,  0.0002314]     0.7374,     0.8956,     0.9258,     3.0819, 
[ 14600,  0.0002312]     0.7332,     0.8939,     0.9246,     3.1658, 
[ 14700,  0.0002309]     0.7336,     0.8949,     0.9246,     3.2674, 
[ 14800,  0.0002307]     0.7256,     0.8912,     0.9226,     3.0381, 
[ 14900,  0.0002305]     0.7359,     0.8939,     0.9233,     3.0708, 
[ 15000,  0.0002303]     0.7385,     0.8979,     0.9274,     2.8802, 
Validation Chairs EPE: 1.914011
[ 15100,  0.0002301]     0.7296,     0.8940,     0.9233,     3.2034, 
[ 15200,  0.0002299]     0.7290,     0.8972,     0.9260,     3.1058, 
[ 15300,  0.0002296]     0.7398,     0.8966,     0.9245,     3.6953, 
[ 15400,  0.0002294]     0.7290,     0.8922,     0.9228,     3.3241, 
[ 15500,  0.0002292]     0.7465,     0.8992,     0.9271,     3.1872, 
[ 15600,  0.0002290]     0.7259,     0.8897,     0.9197,     3.5815, 
[ 15700,  0.0002288]     0.7300,     0.8897,     0.9208,     3.2040, 
[ 15800,  0.0002285]     0.7397,     0.8977,     0.9279,     3.0148, 
[ 15900,  0.0002283]     0.7397,     0.8920,     0.9202,     3.7254, 
[ 16000,  0.0002281]     0.7368,     0.8931,     0.9225,     3.4332, 
[ 16100,  0.0002279]     0.7417,     0.8944,     0.9242,     3.2651, 
[ 16200,  0.0002277]     0.7378,     0.8981,     0.9279,     2.8370, 
[ 16300,  0.0002274]     0.7455,     0.8946,     0.9234,     3.3043, 
[ 16400,  0.0002272]     0.7364,     0.8968,     0.9263,     2.8877, 
[ 16500,  0.0002270]     0.7280,     0.8903,     0.9214,     3.0928, 
[ 16600,  0.0002268]     0.7507,     0.8985,     0.9260,     2.8141, 
[ 16700,  0.0002266]     0.7422,     0.8976,     0.9249,     3.0544, 
[ 16800,  0.0002263]     0.7386,     0.9006,     0.9291,     2.9702, 
[ 16900,  0.0002261]     0.7438,     0.9004,     0.9290,     2.9146, 
[ 17000,  0.0002259]     0.7429,     0.9002,     0.9289,     3.0363, 
[ 17100,  0.0002257]     0.7365,     0.8958,     0.9248,     3.2395, 
[ 17200,  0.0002255]     0.7457,     0.9040,     0.9323,     2.7088, 
[ 17300,  0.0002253]     0.7586,     0.9072,     0.9358,     2.6071, 
[ 17400,  0.0002250]     0.7497,     0.9022,     0.9300,     2.7284, 
[ 17500,  0.0002248]     0.7527,     0.9041,     0.9305,     2.7765, 
[ 17600,  0.0002246]     0.7332,     0.8955,     0.9254,     3.1193, 
[ 17700,  0.0002244]     0.7462,     0.9010,     0.9296,     2.7314, 
[ 17800,  0.0002242]     0.7285,     0.8963,     0.9259,     2.8576, 
[ 17900,  0.0002239]     0.7447,     0.9056,     0.9326,     2.8074, 
[ 18000,  0.0002237]     0.7384,     0.8950,     0.9259,     3.0046, 
[ 18100,  0.0002235]     0.7400,     0.8926,     0.9219,     3.1693, 
[ 18200,  0.0002233]     0.7524,     0.9072,     0.9332,     2.6058, 
[ 18300,  0.0002231]     0.7539,     0.9040,     0.9301,     3.0215, 
[ 18400,  0.0002228]     0.7471,     0.9016,     0.9293,     2.8452, 
[ 18500,  0.0002226]     0.7566,     0.9038,     0.9304,     2.7609, 
[ 18600,  0.0002224]     0.7508,     0.8999,     0.9279,     3.0256, 
[ 18700,  0.0002222]     0.7534,     0.9069,     0.9337,     2.8982, 
[ 18800,  0.0002220]     0.7547,     0.9021,     0.9290,     2.8449, 
[ 18900,  0.0002217]     0.7465,     0.8989,     0.9267,     3.0882, 
[ 19000,  0.0002215]     0.7593,     0.9036,     0.9304,     3.0035, 
[ 19100,  0.0002213]     0.7559,     0.9055,     0.9334,     2.6805, 
[ 19200,  0.0002211]     0.7483,     0.9007,     0.9284,     2.9037, 
[ 19300,  0.0002209]     0.7618,     0.9096,     0.9363,     2.4129, 
[ 19400,  0.0002206]     0.7605,     0.9043,     0.9310,     2.8802, 
[ 19500,  0.0002204]     0.7506,     0.9056,     0.9325,     2.7444, 
[ 19600,  0.0002202]     0.7558,     0.9063,     0.9330,     2.8133, 
[ 19700,  0.0002200]     0.7516,     0.9033,     0.9301,     2.8980, 
[ 19800,  0.0002198]     0.7678,     0.9087,     0.9328,     2.8592, 
[ 19900,  0.0002196]     0.7525,     0.9048,     0.9315,     2.7551, 
[ 20000,  0.0002193]     0.7368,     0.9010,     0.9301,     2.8061, 
Validation Chairs EPE: 1.700798
[ 20100,  0.0002191]     0.7538,     0.9040,     0.9301,     2.8732, 
[ 20200,  0.0002189]     0.7567,     0.9096,     0.9355,     2.8254, 
[ 20300,  0.0002187]     0.7584,     0.9053,     0.9318,     2.8367, 
[ 20400,  0.0002185]     0.7608,     0.9071,     0.9325,     2.8460, 
[ 20500,  0.0002182]     0.7731,     0.9104,     0.9364,     2.3437, 
[ 20600,  0.0002180]     0.7680,     0.9109,     0.9360,     2.9934, 
[ 20700,  0.0002178]     0.7657,     0.9071,     0.9334,     2.7355, 
[ 20800,  0.0002176]     0.7629,     0.9098,     0.9355,     2.8307, 
[ 20900,  0.0002174]     0.7547,     0.9030,     0.9293,     3.2013, 
[ 21000,  0.0002171]     0.7691,     0.9104,     0.9359,     2.8339, 
[ 21100,  0.0002169]     0.7724,     0.9089,     0.9338,     2.7737, 
[ 21200,  0.0002167]     0.7777,     0.9176,     0.9407,     2.5418, 
[ 21300,  0.0002165]     0.7733,     0.9119,     0.9364,     2.7163, 
[ 21400,  0.0002163]     0.7739,     0.9144,     0.9385,     2.6000, 
[ 21500,  0.0002160]     0.7699,     0.9106,     0.9355,     2.4983, 
[ 21600,  0.0002158]     0.7700,     0.9097,     0.9347,     2.6562, 
[ 21700,  0.0002156]     0.7785,     0.9142,     0.9379,     2.4824, 
[ 21800,  0.0002154]     0.7703,     0.9105,     0.9360,     2.5718, 
[ 21900,  0.0002152]     0.7699,     0.9096,     0.9336,     2.9759, 
[ 22000,  0.0002150]     0.7706,     0.9139,     0.9390,     2.4220, 
[ 22100,  0.0002147]     0.7785,     0.9137,     0.9375,     2.5659, 
[ 22200,  0.0002145]     0.7850,     0.9220,     0.9450,     2.1971, 
[ 22300,  0.0002143]     0.7686,     0.9093,     0.9346,     2.8609, 
[ 22400,  0.0002141]     0.7778,     0.9164,     0.9395,     2.5756, 
[ 22500,  0.0002139]     0.7713,     0.9116,     0.9357,     2.7746, 
[ 22600,  0.0002136]     0.7642,     0.9083,     0.9335,     2.6028, 
[ 22700,  0.0002134]     0.7753,     0.9128,     0.9358,     3.0280, 
[ 22800,  0.0002132]     0.7695,     0.9118,     0.9365,     2.7384, 
[ 22900,  0.0002130]     0.7736,     0.9100,     0.9341,     2.7715, 
[ 23000,  0.0002128]     0.7629,     0.9037,     0.9298,     2.8076, 
[ 23100,  0.0002125]     0.7730,     0.9110,     0.9363,     2.5458, 
[ 23200,  0.0002123]     0.7888,     0.9201,     0.9437,     2.1538, 
[ 23300,  0.0002121]     0.7699,     0.9095,     0.9347,     2.6136, 
[ 23400,  0.0002119]     0.7833,     0.9153,     0.9392,     2.5729, 
[ 23500,  0.0002117]     0.7831,     0.9179,     0.9409,     2.5054, 
[ 23600,  0.0002114]     0.7801,     0.9128,     0.9366,     2.9187, 
[ 23700,  0.0002112]     0.7792,     0.9158,     0.9392,     2.4147, 
[ 23800,  0.0002110]     0.7795,     0.9159,     0.9399,     2.2280, 
[ 23900,  0.0002108]     0.7755,     0.9145,     0.9384,     2.8612, 
[ 24000,  0.0002106]     0.7683,     0.9119,     0.9369,     2.3786, 
[ 24100,  0.0002104]     0.7757,     0.9122,     0.9370,     2.4901, 
[ 24200,  0.0002101]     0.7772,     0.9168,     0.9404,     2.4814, 
[ 24300,  0.0002099]     0.7763,     0.9166,     0.9397,     2.6089, 
[ 24400,  0.0002097]     0.7765,     0.9173,     0.9401,     2.5971, 
[ 24500,  0.0002095]     0.7794,     0.9178,     0.9413,     2.2305, 
[ 24600,  0.0002093]     0.7857,     0.9171,     0.9401,     2.3556, 
[ 24700,  0.0002090]     0.7953,     0.9225,     0.9436,     2.4189, 
[ 24800,  0.0002088]     0.7814,     0.9153,     0.9387,     2.5205, 
[ 24900,  0.0002086]     0.7839,     0.9171,     0.9405,     2.3982, 
[ 25000,  0.0002084]     0.7839,     0.9153,     0.9386,     2.3427, 
Validation Chairs EPE: 1.505514
[ 25100,  0.0002082]     0.7712,     0.9091,     0.9333,     3.0887, 
[ 25200,  0.0002079]     0.7795,     0.9139,     0.9372,     2.4736, 
[ 25300,  0.0002077]     0.7809,     0.9167,     0.9407,     2.2888, 
[ 25400,  0.0002075]     0.7851,     0.9160,     0.9391,     2.6372, 
[ 25500,  0.0002073]     0.7878,     0.9168,     0.9395,     2.5590, 
[ 25600,  0.0002071]     0.7826,     0.9177,     0.9404,     2.3068, 
[ 25700,  0.0002068]     0.7794,     0.9148,     0.9381,     2.5749, 
[ 25800,  0.0002066]     0.7780,     0.9134,     0.9363,     2.9318, 
[ 25900,  0.0002064]     0.7794,     0.9150,     0.9395,     2.6180, 
[ 26000,  0.0002062]     0.7791,     0.9146,     0.9388,     2.4470, 
[ 26100,  0.0002060]     0.7857,     0.9154,     0.9387,     2.5378, 
[ 26200,  0.0002057]     0.7816,     0.9168,     0.9395,     2.5166, 
[ 26300,  0.0002055]     0.7857,     0.9182,     0.9415,     2.4254, 
[ 26400,  0.0002053]     0.7810,     0.9169,     0.9398,     2.2944, 
[ 26500,  0.0002051]     0.7807,     0.9167,     0.9408,     2.2902, 
[ 26600,  0.0002049]     0.7910,     0.9242,     0.9468,     1.9576, 
[ 26700,  0.0002047]     0.7796,     0.9158,     0.9392,     2.3932, 
[ 26800,  0.0002044]     0.7876,     0.9204,     0.9428,     2.2050, 
[ 26900,  0.0002042]     0.7844,     0.9168,     0.9393,     2.5884, 
[ 27000,  0.0002040]     0.7846,     0.9159,     0.9391,     2.6391, 
[ 27100,  0.0002038]     0.7830,     0.9182,     0.9412,     2.3868, 
[ 27200,  0.0002036]     0.7827,     0.9164,     0.9398,     2.6019, 
[ 27300,  0.0002033]     0.7875,     0.9213,     0.9432,     2.2391, 
[ 27400,  0.0002031]     0.7885,     0.9213,     0.9435,     2.4377, 
[ 27500,  0.0002029]     0.7930,     0.9229,     0.9436,     2.3297, 
[ 27600,  0.0002027]     0.7901,     0.9185,     0.9402,     2.6669, 
[ 27700,  0.0002025]     0.7808,     0.9143,     0.9366,     2.9089, 
[ 27800,  0.0002022]     0.7812,     0.9183,     0.9412,     2.4908, 
[ 27900,  0.0002020]     0.7889,     0.9233,     0.9441,     2.4362, 
[ 28000,  0.0002018]     0.7814,     0.9188,     0.9416,     2.6463, 
[ 28100,  0.0002016]     0.7866,     0.9202,     0.9425,     2.3383, 
[ 28200,  0.0002014]     0.7880,     0.9171,     0.9389,     2.4505, 
[ 28300,  0.0002011]     0.7804,     0.9165,     0.9393,     2.4678, 
[ 28400,  0.0002009]     0.7937,     0.9226,     0.9443,     2.2557, 
[ 28500,  0.0002007]     0.7877,     0.9174,     0.9402,     2.4082, 
[ 28600,  0.0002005]     0.7835,     0.9151,     0.9388,     2.5589, 
[ 28700,  0.0002003]     0.7929,     0.9214,     0.9433,     2.4225, 
[ 28800,  0.0002001]     0.7983,     0.9238,     0.9456,     2.1629, 
[ 28900,  0.0001998]     0.7887,     0.9207,     0.9431,     2.5211, 
[ 29000,  0.0001996]     0.7826,     0.9163,     0.9395,     2.6263, 
[ 29100,  0.0001994]     0.7833,     0.9180,     0.9405,     2.5843, 
[ 29200,  0.0001992]     0.7894,     0.9243,     0.9450,     2.2926, 
[ 29300,  0.0001990]     0.7790,     0.9171,     0.9401,     2.4749, 
[ 29400,  0.0001987]     0.7917,     0.9213,     0.9431,     2.2779, 
[ 29500,  0.0001985]     0.7799,     0.9140,     0.9359,     2.8699, 
[ 29600,  0.0001983]     0.7933,     0.9242,     0.9458,     2.0522, 
[ 29700,  0.0001981]     0.7979,     0.9263,     0.9467,     2.2989, 
[ 29800,  0.0001979]     0.8071,     0.9272,     0.9470,     2.2860, 
[ 29900,  0.0001976]     0.8006,     0.9241,     0.9445,     2.3014, 
[ 30000,  0.0001974]     0.7837,     0.9162,     0.9396,     2.5534, 
Validation Chairs EPE: 1.414433
[ 30100,  0.0001972]     0.7829,     0.9172,     0.9397,     2.8499, 
[ 30200,  0.0001970]     0.7941,     0.9210,     0.9426,     2.2584, 
[ 30300,  0.0001968]     0.7962,     0.9227,     0.9434,     2.3371, 
[ 30400,  0.0001965]     0.7968,     0.9241,     0.9453,     2.0953, 
[ 30500,  0.0001963]     0.7934,     0.9247,     0.9467,     2.2235, 
[ 30600,  0.0001961]     0.7938,     0.9234,     0.9451,     2.1794, 
[ 30700,  0.0001959]     0.7933,     0.9228,     0.9448,     2.2015, 
[ 30800,  0.0001957]     0.7933,     0.9203,     0.9418,     2.4838, 
[ 30900,  0.0001955]     0.7929,     0.9215,     0.9432,     2.8328, 
[ 31000,  0.0001952]     0.7867,     0.9200,     0.9416,     2.5234, 
[ 31100,  0.0001950]     0.7835,     0.9188,     0.9412,     2.5270, 
[ 31200,  0.0001948]     0.7816,     0.9175,     0.9393,     2.5290, 
[ 31300,  0.0001946]     0.8021,     0.9232,     0.9437,     2.3637, 
[ 31400,  0.0001944]     0.7926,     0.9210,     0.9417,     2.4961, 
[ 31500,  0.0001941]     0.7962,     0.9248,     0.9457,     2.2187, 
[ 31600,  0.0001939]     0.8068,     0.9287,     0.9485,     2.0619, 
[ 31700,  0.0001937]     0.8014,     0.9268,     0.9472,     2.1949, 
[ 31800,  0.0001935]     0.7919,     0.9249,     0.9450,     2.6395, 
[ 31900,  0.0001933]     0.7975,     0.9249,     0.9463,     2.2057, 
[ 32000,  0.0001930]     0.7974,     0.9232,     0.9449,     2.1900, 
[ 32100,  0.0001928]     0.7870,     0.9201,     0.9416,     2.6090, 
[ 32200,  0.0001926]     0.7996,     0.9256,     0.9463,     2.7294, 
[ 32300,  0.0001924]     0.7990,     0.9269,     0.9473,     2.4077, 
[ 32400,  0.0001922]     0.8036,     0.9258,     0.9467,     2.1738, 
[ 32500,  0.0001919]     0.7800,     0.9175,     0.9398,     2.3912, 
[ 32600,  0.0001917]     0.7978,     0.9278,     0.9489,     2.2116, 
[ 32700,  0.0001915]     0.8039,     0.9298,     0.9492,     2.1049, 
[ 32800,  0.0001913]     0.8022,     0.9238,     0.9443,     2.2637, 
[ 32900,  0.0001911]     0.7937,     0.9206,     0.9430,     2.4404, 
[ 33000,  0.0001908]     0.7996,     0.9251,     0.9469,     2.0877, 
[ 33100,  0.0001906]     0.8057,     0.9258,     0.9457,     2.2259, 
[ 33200,  0.0001904]     0.7916,     0.9247,     0.9470,     2.2498, 
[ 33300,  0.0001902]     0.7895,     0.9195,     0.9407,     2.6542, 
[ 33400,  0.0001900]     0.8012,     0.9264,     0.9477,     2.1687, 
[ 33500,  0.0001898]     0.7976,     0.9244,     0.9454,     2.4280, 
[ 33600,  0.0001895]     0.8003,     0.9244,     0.9454,     2.2227, 
[ 33700,  0.0001893]     0.7953,     0.9270,     0.9480,     2.0211, 
[ 33800,  0.0001891]     0.7966,     0.9249,     0.9453,     2.3236, 
[ 33900,  0.0001889]     0.7904,     0.9229,     0.9449,     2.2878, 
[ 34000,  0.0001887]     0.7948,     0.9240,     0.9448,     2.2645, 
[ 34100,  0.0001884]     0.7961,     0.9225,     0.9425,     2.4232, 
[ 34200,  0.0001882]     0.7843,     0.9164,     0.9384,     2.9702, 
[ 34300,  0.0001880]     0.8037,     0.9304,     0.9507,     1.9564, 
[ 34400,  0.0001878]     0.8030,     0.9271,     0.9468,     2.1630, 
[ 34500,  0.0001876]     0.7992,     0.9276,     0.9470,     2.2253, 
[ 34600,  0.0001873]     0.8053,     0.9282,     0.9477,     2.2503, 
[ 34700,  0.0001871]     0.7937,     0.9248,     0.9461,     2.3497, 
[ 34800,  0.0001869]     0.7968,     0.9228,     0.9431,     2.5712, 
[ 34900,  0.0001867]     0.8089,     0.9296,     0.9496,     2.0030, 
[ 35000,  0.0001865]     0.7991,     0.9276,     0.9480,     2.0612, 
Validation Chairs EPE: 1.330589
[ 35100,  0.0001862]     0.8012,     0.9262,     0.9465,     2.3499, 
[ 35200,  0.0001860]     0.8010,     0.9268,     0.9474,     2.2283, 
[ 35300,  0.0001858]     0.7928,     0.9229,     0.9439,     2.5388, 
[ 35400,  0.0001856]     0.8175,     0.9348,     0.9529,     2.0103, 
[ 35500,  0.0001854]     0.8030,     0.9290,     0.9486,     2.2261, 
[ 35600,  0.0001852]     0.7922,     0.9243,     0.9466,     2.2159, 
[ 35700,  0.0001849]     0.8048,     0.9322,     0.9517,     1.9831, 
[ 35800,  0.0001847]     0.8111,     0.9290,     0.9483,     1.9672, 
[ 35900,  0.0001845]     0.8001,     0.9241,     0.9454,     2.2341, 
[ 36000,  0.0001843]     0.7992,     0.9265,     0.9484,     2.1912, 
[ 36100,  0.0001841]     0.7972,     0.9271,     0.9473,     2.4196, 
[ 36200,  0.0001838]     0.8093,     0.9280,     0.9471,     2.7690, 
[ 36300,  0.0001836]     0.8053,     0.9283,     0.9476,     2.3185, 
[ 36400,  0.0001834]     0.8013,     0.9266,     0.9466,     2.1517, 
[ 36500,  0.0001832]     0.8101,     0.9277,     0.9466,     2.4317, 
[ 36600,  0.0001830]     0.8028,     0.9267,     0.9473,     1.9919, 
[ 36700,  0.0001827]     0.8055,     0.9324,     0.9525,     1.8982, 
[ 36800,  0.0001825]     0.7963,     0.9287,     0.9487,     2.0980, 
[ 36900,  0.0001823]     0.8048,     0.9300,     0.9493,     2.2174, 
[ 37000,  0.0001821]     0.7939,     0.9231,     0.9440,     2.4467, 
[ 37100,  0.0001819]     0.8060,     0.9285,     0.9478,     2.2410, 
[ 37200,  0.0001816]     0.8047,     0.9300,     0.9501,     2.1188, 
[ 37300,  0.0001814]     0.8140,     0.9365,     0.9554,     1.7477, 
[ 37400,  0.0001812]     0.8051,     0.9296,     0.9484,     2.1990, 
[ 37500,  0.0001810]     0.8054,     0.9294,     0.9491,     2.2032, 
[ 37600,  0.0001808]     0.7993,     0.9241,     0.9441,     2.8473, 
[ 37700,  0.0001806]     0.7982,     0.9296,     0.9491,     2.1092, 
[ 37800,  0.0001803]     0.8076,     0.9303,     0.9501,     2.0337, 
[ 37900,  0.0001801]     0.8063,     0.9284,     0.9484,     2.4136, 
[ 38000,  0.0001799]     0.7989,     0.9237,     0.9439,     2.3075, 
[ 38100,  0.0001797]     0.8056,     0.9292,     0.9489,     2.1396, 
[ 38200,  0.0001795]     0.8057,     0.9294,     0.9493,     2.1047, 
[ 38300,  0.0001792]     0.7923,     0.9218,     0.9428,     2.7030, 
[ 38400,  0.0001790]     0.8058,     0.9282,     0.9485,     2.2011, 
[ 38500,  0.0001788]     0.8001,     0.9276,     0.9478,     2.1597, 
[ 38600,  0.0001786]     0.8027,     0.9322,     0.9518,     1.9960, 
[ 38700,  0.0001784]     0.8058,     0.9319,     0.9516,     1.9977, 
[ 38800,  0.0001781]     0.7968,     0.9285,     0.9495,     1.9996, 
[ 38900,  0.0001779]     0.8030,     0.9295,     0.9493,     2.0989, 
[ 39000,  0.0001777]     0.7972,     0.9271,     0.9482,     2.0074, 
[ 39100,  0.0001775]     0.7999,     0.9281,     0.9489,     2.0762, 
[ 39200,  0.0001773]     0.8056,     0.9291,     0.9484,     2.0477, 
[ 39300,  0.0001770]     0.8101,     0.9325,     0.9515,     1.8661, 
[ 39400,  0.0001768]     0.8009,     0.9292,     0.9490,     2.0289, 
[ 39500,  0.0001766]     0.8056,     0.9318,     0.9512,     1.9104, 
[ 39600,  0.0001764]     0.8002,     0.9272,     0.9480,     2.2337, 
[ 39700,  0.0001762]     0.8098,     0.9317,     0.9511,     2.0982, 
[ 39800,  0.0001760]     0.8052,     0.9291,     0.9482,     2.2104, 
[ 39900,  0.0001757]     0.8140,     0.9335,     0.9521,     1.9092, 
[ 40000,  0.0001755]     0.8080,     0.9313,     0.9517,     1.9190, 
Validation Chairs EPE: 1.300768
[ 40100,  0.0001753]     0.8043,     0.9298,     0.9489,     2.2099, 
[ 40200,  0.0001751]     0.8021,     0.9275,     0.9473,     2.3872, 
[ 40300,  0.0001749]     0.8075,     0.9314,     0.9506,     2.1118, 
[ 40400,  0.0001746]     0.7940,     0.9249,     0.9454,     2.2751, 
[ 40500,  0.0001744]     0.8053,     0.9293,     0.9495,     2.0129, 
[ 40600,  0.0001742]     0.8063,     0.9313,     0.9506,     2.4056, 
[ 40700,  0.0001740]     0.8082,     0.9309,     0.9505,     2.1954, 
[ 40800,  0.0001738]     0.8169,     0.9336,     0.9519,     2.0506, 
[ 40900,  0.0001735]     0.8042,     0.9266,     0.9469,     2.4464, 
[ 41000,  0.0001733]     0.8092,     0.9302,     0.9500,     2.0190, 
[ 41100,  0.0001731]     0.8048,     0.9302,     0.9508,     2.0190, 
[ 41200,  0.0001729]     0.8166,     0.9349,     0.9527,     1.9052, 
[ 41300,  0.0001727]     0.8050,     0.9287,     0.9479,     2.2410, 
[ 41400,  0.0001724]     0.8101,     0.9342,     0.9531,     1.9032, 
[ 41500,  0.0001722]     0.8162,     0.9315,     0.9508,     1.9693, 
[ 41600,  0.0001720]     0.8102,     0.9323,     0.9504,     2.1579, 
[ 41700,  0.0001718]     0.8144,     0.9332,     0.9522,     1.9214, 
[ 41800,  0.0001716]     0.8091,     0.9329,     0.9513,     1.9004, 
[ 41900,  0.0001713]     0.8101,     0.9331,     0.9529,     1.8203, 
[ 42000,  0.0001711]     0.8153,     0.9340,     0.9524,     2.1338, 
[ 42100,  0.0001709]     0.8038,     0.9301,     0.9493,     2.2327, 
[ 42200,  0.0001707]     0.8105,     0.9316,     0.9505,     1.9343, 
[ 42300,  0.0001705]     0.8028,     0.9293,     0.9490,     2.0456, 
[ 42400,  0.0001703]     0.8160,     0.9349,     0.9543,     2.0860, 
[ 42500,  0.0001700]     0.8047,     0.9288,     0.9479,     2.1526, 
[ 42600,  0.0001698]     0.8087,     0.9342,     0.9532,     1.8908, 
[ 42700,  0.0001696]     0.8009,     0.9271,     0.9473,     2.2560, 
[ 42800,  0.0001694]     0.8112,     0.9310,     0.9503,     2.1043, 
[ 42900,  0.0001692]     0.8065,     0.9284,     0.9474,     2.3388, 
[ 43000,  0.0001689]     0.8044,     0.9304,     0.9502,     2.0325, 
[ 43100,  0.0001687]     0.8124,     0.9353,     0.9540,     1.8614, 
[ 43200,  0.0001685]     0.8149,     0.9348,     0.9531,     1.9394, 
[ 43300,  0.0001683]     0.8225,     0.9386,     0.9562,     1.7289, 
[ 43400,  0.0001681]     0.8185,     0.9369,     0.9547,     2.0039, 
[ 43500,  0.0001678]     0.8123,     0.9317,     0.9509,     1.9800, 
[ 43600,  0.0001676]     0.8159,     0.9350,     0.9539,     1.8448, 
[ 43700,  0.0001674]     0.8139,     0.9351,     0.9532,     1.9541, 
[ 43800,  0.0001672]     0.8001,     0.9261,     0.9456,     2.3361, 
[ 43900,  0.0001670]     0.8008,     0.9303,     0.9504,     2.1964, 
[ 44000,  0.0001667]     0.8117,     0.9301,     0.9483,     2.3205, 
[ 44100,  0.0001665]     0.8127,     0.9322,     0.9507,     1.9977, 
[ 44200,  0.0001663]     0.8094,     0.9315,     0.9507,     2.0800, 
[ 44300,  0.0001661]     0.8249,     0.9387,     0.9554,     1.8454, 
[ 44400,  0.0001659]     0.8083,     0.9290,     0.9479,     2.2512, 
[ 44500,  0.0001657]     0.8118,     0.9331,     0.9515,     2.2298, 
[ 44600,  0.0001654]     0.8106,     0.9346,     0.9529,     2.0077, 
[ 44700,  0.0001652]     0.8178,     0.9349,     0.9531,     1.9183, 
[ 44800,  0.0001650]     0.8093,     0.9343,     0.9526,     2.2786, 
[ 44900,  0.0001648]     0.8054,     0.9305,     0.9493,     2.0607, 
[ 45000,  0.0001646]     0.8128,     0.9351,     0.9532,     1.9422, 
Validation Chairs EPE: 1.237533
[ 45100,  0.0001643]     0.8118,     0.9326,     0.9511,     2.1298, 
[ 45200,  0.0001641]     0.8122,     0.9311,     0.9488,     2.0538, 
[ 45300,  0.0001639]     0.8060,     0.9331,     0.9524,     2.0080, 
[ 45400,  0.0001637]     0.8221,     0.9380,     0.9558,     1.8621, 
[ 45500,  0.0001635]     0.8127,     0.9313,     0.9504,     2.3368, 
[ 45600,  0.0001632]     0.8137,     0.9333,     0.9519,     2.0242, 
[ 45700,  0.0001630]     0.8087,     0.9325,     0.9507,     2.1437, 
[ 45800,  0.0001628]     0.8142,     0.9340,     0.9518,     2.0224, 
[ 45900,  0.0001626]     0.8080,     0.9319,     0.9502,     2.2147, 
[ 46000,  0.0001624]     0.8232,     0.9396,     0.9565,     1.8336, 
[ 46100,  0.0001621]     0.8187,     0.9350,     0.9525,     2.1095, 
[ 46200,  0.0001619]     0.8207,     0.9353,     0.9526,     1.9746, 
[ 46300,  0.0001617]     0.8194,     0.9376,     0.9551,     1.8803, 
[ 46400,  0.0001615]     0.8124,     0.9318,     0.9503,     2.0750, 
[ 46500,  0.0001613]     0.8114,     0.9329,     0.9509,     2.0739, 
[ 46600,  0.0001611]     0.8155,     0.9350,     0.9532,     2.1099, 
[ 46700,  0.0001608]     0.8031,     0.9290,     0.9496,     2.1752, 
[ 46800,  0.0001606]     0.8170,     0.9329,     0.9521,     2.1664, 
[ 46900,  0.0001604]     0.8249,     0.9391,     0.9574,     1.6016, 
[ 47000,  0.0001602]     0.8058,     0.9316,     0.9517,     2.0834, 
[ 47100,  0.0001600]     0.8261,     0.9369,     0.9542,     2.0729, 
[ 47200,  0.0001597]     0.8120,     0.9324,     0.9507,     2.0328, 
[ 47300,  0.0001595]     0.8205,     0.9354,     0.9529,     2.1305, 
[ 47400,  0.0001593]     0.8154,     0.9374,     0.9553,     1.8348, 
[ 47500,  0.0001591]     0.8133,     0.9356,     0.9539,     2.0224, 
[ 47600,  0.0001589]     0.8242,     0.9387,     0.9558,     1.7516, 
[ 47700,  0.0001586]     0.8110,     0.9321,     0.9508,     2.0828, 
[ 47800,  0.0001584]     0.8071,     0.9312,     0.9507,     1.9962, 
[ 47900,  0.0001582]     0.8168,     0.9371,     0.9544,     1.9179, 
[ 48000,  0.0001580]     0.8099,     0.9330,     0.9518,     1.9943, 
[ 48100,  0.0001578]     0.8290,     0.9428,     0.9593,     1.7007, 
[ 48200,  0.0001575]     0.8154,     0.9341,     0.9519,     2.0316, 
[ 48300,  0.0001573]     0.8161,     0.9350,     0.9530,     1.8528, 
[ 48400,  0.0001571]     0.8158,     0.9366,     0.9547,     1.8114, 
[ 48500,  0.0001569]     0.8161,     0.9343,     0.9522,     1.9735, 
[ 48600,  0.0001567]     0.8164,     0.9354,     0.9531,     2.1666, 
[ 48700,  0.0001564]     0.8187,     0.9381,     0.9557,     2.0089, 
[ 48800,  0.0001562]     0.8298,     0.9411,     0.9575,     1.8376, 
[ 48900,  0.0001560]     0.8177,     0.9373,     0.9549,     1.8748, 
[ 49000,  0.0001558]     0.8217,     0.9394,     0.9569,     1.8550, 
[ 49100,  0.0001556]     0.8061,     0.9317,     0.9500,     2.0879, 
[ 49200,  0.0001554]     0.8249,     0.9406,     0.9571,     1.7412, 
[ 49300,  0.0001551]     0.8180,     0.9356,     0.9534,     1.9836, 
[ 49400,  0.0001549]     0.8102,     0.9339,     0.9518,     2.1990, 
[ 49500,  0.0001547]     0.8226,     0.9370,     0.9541,     1.8994, 
[ 49600,  0.0001545]     0.8126,     0.9332,     0.9523,     1.8713, 
[ 49700,  0.0001543]     0.8203,     0.9367,     0.9545,     1.8205, 
[ 49800,  0.0001540]     0.8187,     0.9378,     0.9549,     1.8111, 
[ 49900,  0.0001538]     0.8250,     0.9406,     0.9575,     1.7457, 
[ 50000,  0.0001536]     0.8060,     0.9304,     0.9501,     1.8775, 
Validation Chairs EPE: 1.167409
[ 50100,  0.0001534]     0.8125,     0.9365,     0.9543,     1.8439, 
[ 50200,  0.0001532]     0.8206,     0.9374,     0.9550,     1.8243, 
[ 50300,  0.0001529]     0.8295,     0.9417,     0.9584,     1.7479, 
[ 50400,  0.0001527]     0.8102,     0.9363,     0.9542,     2.0266, 
[ 50500,  0.0001525]     0.8195,     0.9383,     0.9560,     2.0267, 
[ 50600,  0.0001523]     0.8146,     0.9371,     0.9546,     1.9359, 
[ 50700,  0.0001521]     0.8174,     0.9367,     0.9541,     1.8791, 
[ 50800,  0.0001518]     0.8135,     0.9351,     0.9531,     2.1821, 
[ 50900,  0.0001516]     0.8226,     0.9402,     0.9573,     1.7182, 
[ 51000,  0.0001514]     0.8195,     0.9356,     0.9528,     2.1892, 
[ 51100,  0.0001512]     0.8260,     0.9402,     0.9574,     1.6951, 
[ 51200,  0.0001510]     0.8198,     0.9370,     0.9539,     2.0444, 
[ 51300,  0.0001508]     0.8200,     0.9380,     0.9550,     2.0304, 
[ 51400,  0.0001505]     0.8182,     0.9353,     0.9533,     2.0260, 
[ 51500,  0.0001503]     0.8248,     0.9394,     0.9568,     1.7770, 
[ 51600,  0.0001501]     0.8180,     0.9342,     0.9520,     1.9756, 
[ 51700,  0.0001499]     0.8298,     0.9412,     0.9579,     1.7317, 
[ 51800,  0.0001497]     0.8223,     0.9381,     0.9554,     1.8258, 
[ 51900,  0.0001494]     0.8212,     0.9353,     0.9532,     1.9177, 
[ 52000,  0.0001492]     0.8135,     0.9352,     0.9533,     2.0496, 
[ 52100,  0.0001490]     0.8261,     0.9396,     0.9562,     2.0584, 
[ 52200,  0.0001488]     0.8185,     0.9374,     0.9549,     1.8517, 
[ 52300,  0.0001486]     0.8235,     0.9385,     0.9557,     1.8778, 
[ 52400,  0.0001483]     0.8213,     0.9370,     0.9550,     1.9855, 
[ 52500,  0.0001481]     0.8142,     0.9350,     0.9528,     2.0445, 
[ 52600,  0.0001479]     0.8210,     0.9377,     0.9546,     1.9136, 
[ 52700,  0.0001477]     0.8169,     0.9374,     0.9545,     1.8054, 
[ 52800,  0.0001475]     0.8168,     0.9353,     0.9538,     1.9306, 
[ 52900,  0.0001472]     0.8254,     0.9430,     0.9604,     1.7989, 
[ 53000,  0.0001470]     0.8290,     0.9388,     0.9552,     1.7843, 
[ 53100,  0.0001468]     0.8282,     0.9417,     0.9575,     1.6903, 
[ 53200,  0.0001466]     0.8207,     0.9411,     0.9582,     1.8516, 
[ 53300,  0.0001464]     0.8140,     0.9368,     0.9549,     1.8701, 
[ 53400,  0.0001462]     0.8236,     0.9411,     0.9578,     1.7665, 
[ 53500,  0.0001459]     0.8204,     0.9374,     0.9540,     1.9475, 
[ 53600,  0.0001457]     0.8226,     0.9364,     0.9534,     2.2529, 
[ 53700,  0.0001455]     0.8277,     0.9398,     0.9563,     1.9388, 
[ 53800,  0.0001453]     0.8261,     0.9397,     0.9563,     1.7613, 
[ 53900,  0.0001451]     0.8265,     0.9410,     0.9573,     1.7922, 
[ 54000,  0.0001448]     0.8131,     0.9317,     0.9502,     1.9920, 
[ 54100,  0.0001446]     0.8275,     0.9410,     0.9574,     1.8406, 
[ 54200,  0.0001444]     0.8219,     0.9383,     0.9556,     1.8751, 
[ 54300,  0.0001442]     0.8206,     0.9352,     0.9533,     1.8916, 
[ 54400,  0.0001440]     0.8301,     0.9408,     0.9573,     1.8528, 
[ 54500,  0.0001437]     0.8237,     0.9380,     0.9547,     1.9736, 
[ 54600,  0.0001435]     0.8218,     0.9385,     0.9543,     2.2241, 
[ 54700,  0.0001433]     0.8274,     0.9430,     0.9594,     1.6511, 
[ 54800,  0.0001431]     0.8206,     0.9381,     0.9556,     1.7719, 
[ 54900,  0.0001429]     0.8135,     0.9338,     0.9516,     2.1133, 
[ 55000,  0.0001426]     0.8220,     0.9382,     0.9550,     1.7963, 
Validation Chairs EPE: 1.197635
[ 55100,  0.0001424]     0.8250,     0.9407,     0.9570,     1.9332, 
[ 55200,  0.0001422]     0.8190,     0.9364,     0.9541,     2.0599, 
[ 55300,  0.0001420]     0.8194,     0.9369,     0.9547,     1.9887, 
[ 55400,  0.0001418]     0.8176,     0.9360,     0.9534,     1.9917, 
[ 55500,  0.0001415]     0.8229,     0.9362,     0.9539,     1.9473, 
[ 55600,  0.0001413]     0.8139,     0.9352,     0.9539,     1.7955, 
[ 55700,  0.0001411]     0.8292,     0.9442,     0.9602,     1.7293, 
[ 55800,  0.0001409]     0.8166,     0.9343,     0.9532,     2.0121, 
[ 55900,  0.0001407]     0.8235,     0.9376,     0.9552,     1.7508, 
[ 56000,  0.0001405]     0.8240,     0.9390,     0.9553,     1.9089, 
[ 56100,  0.0001402]     0.8248,     0.9391,     0.9555,     1.8792, 
[ 56200,  0.0001400]     0.8206,     0.9399,     0.9571,     1.6843, 
[ 56300,  0.0001398]     0.8194,     0.9383,     0.9549,     1.7994, 
[ 56400,  0.0001396]     0.8201,     0.9379,     0.9550,     1.7546, 
[ 56500,  0.0001394]     0.8273,     0.9409,     0.9578,     1.7308, 
[ 56600,  0.0001391]     0.8253,     0.9377,     0.9544,     1.9967, 
[ 56700,  0.0001389]     0.8261,     0.9380,     0.9547,     1.9241, 
[ 56800,  0.0001387]     0.8265,     0.9385,     0.9549,     2.1616, 
[ 56900,  0.0001385]     0.8176,     0.9365,     0.9542,     1.9439, 
[ 57000,  0.0001383]     0.8281,     0.9405,     0.9574,     2.0039, 
[ 57100,  0.0001380]     0.8395,     0.9454,     0.9610,     1.5525, 
[ 57200,  0.0001378]     0.8268,     0.9401,     0.9571,     1.7616, 
[ 57300,  0.0001376]     0.8328,     0.9447,     0.9615,     1.6242, 
[ 57400,  0.0001374]     0.8317,     0.9444,     0.9607,     1.6192, 
[ 57500,  0.0001372]     0.8252,     0.9392,     0.9565,     1.8758, 
[ 57600,  0.0001369]     0.8232,     0.9397,     0.9562,     1.9042, 
[ 57700,  0.0001367]     0.8222,     0.9392,     0.9555,     1.8796, 
[ 57800,  0.0001365]     0.8194,     0.9365,     0.9534,     1.9127, 
[ 57900,  0.0001363]     0.8314,     0.9419,     0.9572,     1.9506, 
[ 58000,  0.0001361]     0.8249,     0.9406,     0.9573,     1.6714, 
[ 58100,  0.0001359]     0.8274,     0.9388,     0.9561,     1.8048, 
[ 58200,  0.0001356]     0.8286,     0.9420,     0.9581,     1.6797, 
[ 58300,  0.0001354]     0.8296,     0.9409,     0.9574,     1.8615, 
[ 58400,  0.0001352]     0.8282,     0.9409,     0.9583,     1.8771, 
[ 58500,  0.0001350]     0.8272,     0.9414,     0.9571,     1.9560, 
[ 58600,  0.0001348]     0.8262,     0.9419,     0.9579,     1.9197, 
[ 58700,  0.0001345]     0.8168,     0.9376,     0.9538,     1.8917, 
[ 58800,  0.0001343]     0.8258,     0.9370,     0.9540,     1.7827, 
[ 58900,  0.0001341]     0.8339,     0.9446,     0.9609,     1.6230, 
[ 59000,  0.0001339]     0.8192,     0.9371,     0.9544,     1.7713, 
[ 59100,  0.0001337]     0.8338,     0.9440,     0.9593,     1.9631, 
[ 59200,  0.0001334]     0.8273,     0.9416,     0.9584,     1.7243, 
[ 59300,  0.0001332]     0.8177,     0.9388,     0.9548,     2.0075, 
[ 59400,  0.0001330]     0.8260,     0.9418,     0.9582,     1.7543, 
[ 59500,  0.0001328]     0.8257,     0.9394,     0.9564,     1.9867, 
[ 59600,  0.0001326]     0.8328,     0.9409,     0.9574,     1.9573, 
[ 59700,  0.0001323]     0.8286,     0.9445,     0.9603,     1.6685, 
[ 59800,  0.0001321]     0.8316,     0.9418,     0.9575,     1.7225, 
[ 59900,  0.0001319]     0.8226,     0.9395,     0.9559,     2.0687, 
[ 60000,  0.0001317]     0.8330,     0.9440,     0.9594,     1.6299, 
Validation Chairs EPE: 1.118094
[ 60100,  0.0001315]     0.8225,     0.9371,     0.9546,     1.9958, 
[ 60200,  0.0001313]     0.8287,     0.9433,     0.9592,     1.7001, 
[ 60300,  0.0001310]     0.8251,     0.9383,     0.9556,     1.7935, 
[ 60400,  0.0001308]     0.8364,     0.9434,     0.9590,     1.7555, 
[ 60500,  0.0001306]     0.8268,     0.9413,     0.9575,     1.9050, 
[ 60600,  0.0001304]     0.8243,     0.9393,     0.9566,     2.0243, 
[ 60700,  0.0001302]     0.8319,     0.9418,     0.9578,     1.7360, 
[ 60800,  0.0001299]     0.8212,     0.9372,     0.9550,     1.8879, 
[ 60900,  0.0001297]     0.8375,     0.9454,     0.9607,     1.6527, 
[ 61000,  0.0001295]     0.8361,     0.9434,     0.9592,     1.6816, 
[ 61100,  0.0001293]     0.8202,     0.9394,     0.9561,     1.8164, 
[ 61200,  0.0001291]     0.8388,     0.9460,     0.9615,     1.6257, 
[ 61300,  0.0001288]     0.8289,     0.9412,     0.9571,     2.0974, 
[ 61400,  0.0001286]     0.8253,     0.9415,     0.9587,     1.9150, 
[ 61500,  0.0001284]     0.8278,     0.9430,     0.9584,     1.9651, 
[ 61600,  0.0001282]     0.8210,     0.9381,     0.9549,     1.9777, 
[ 61700,  0.0001280]     0.8354,     0.9434,     0.9602,     1.6329, 
[ 61800,  0.0001277]     0.8268,     0.9392,     0.9562,     1.7358, 
[ 61900,  0.0001275]     0.8189,     0.9382,     0.9561,     1.9459, 
[ 62000,  0.0001273]     0.8249,     0.9418,     0.9578,     1.8336, 
[ 62100,  0.0001271]     0.8318,     0.9442,     0.9598,     1.7648, 
[ 62200,  0.0001269]     0.8286,     0.9409,     0.9582,     1.5927, 
[ 62300,  0.0001266]     0.8238,     0.9390,     0.9557,     1.9880, 
[ 62400,  0.0001264]     0.8253,     0.9427,     0.9584,     1.8038, 
[ 62500,  0.0001262]     0.8266,     0.9367,     0.9533,     1.9056, 
[ 62600,  0.0001260]     0.8379,     0.9444,     0.9604,     1.6983, 
[ 62700,  0.0001258]     0.8362,     0.9437,     0.9588,     1.8141, 
[ 62800,  0.0001256]     0.8241,     0.9412,     0.9586,     1.7971, 
[ 62900,  0.0001253]     0.8328,     0.9433,     0.9592,     1.7042, 
[ 63000,  0.0001251]     0.8333,     0.9434,     0.9591,     1.7551, 
[ 63100,  0.0001249]     0.8389,     0.9458,     0.9602,     1.8833, 
[ 63200,  0.0001247]     0.8393,     0.9476,     0.9628,     1.5367, 
[ 63300,  0.0001245]     0.8204,     0.9392,     0.9563,     1.8315, 
[ 63400,  0.0001242]     0.8268,     0.9439,     0.9605,     1.6005, 
[ 63500,  0.0001240]     0.8392,     0.9475,     0.9625,     1.6218, 
[ 63600,  0.0001238]     0.8329,     0.9457,     0.9611,     1.7146, 
[ 63700,  0.0001236]     0.8338,     0.9447,     0.9600,     1.6946, 
[ 63800,  0.0001234]     0.8344,     0.9442,     0.9596,     1.6613, 
[ 63900,  0.0001231]     0.8307,     0.9417,     0.9568,     1.8740, 
[ 64000,  0.0001229]     0.8369,     0.9442,     0.9596,     1.6575, 
[ 64100,  0.0001227]     0.8362,     0.9431,     0.9595,     1.6217, 
[ 64200,  0.0001225]     0.8357,     0.9432,     0.9587,     1.8025, 
[ 64300,  0.0001223]     0.8395,     0.9461,     0.9614,     1.5327, 
[ 64400,  0.0001220]     0.8300,     0.9402,     0.9562,     1.9525, 
[ 64500,  0.0001218]     0.8287,     0.9410,     0.9571,     1.8072, 
[ 64600,  0.0001216]     0.8241,     0.9432,     0.9596,     1.8490, 
[ 64700,  0.0001214]     0.8268,     0.9413,     0.9573,     1.7362, 
[ 64800,  0.0001212]     0.8360,     0.9457,     0.9609,     1.6871, 
[ 64900,  0.0001210]     0.8376,     0.9459,     0.9605,     1.6345, 
[ 65000,  0.0001207]     0.8322,     0.9436,     0.9593,     1.6901, 
Validation Chairs EPE: 1.064089
[ 65100,  0.0001205]     0.8405,     0.9450,     0.9599,     1.6543, 
[ 65200,  0.0001203]     0.8337,     0.9442,     0.9599,     1.6915, 
[ 65300,  0.0001201]     0.8320,     0.9443,     0.9601,     1.7223, 
[ 65400,  0.0001199]     0.8281,     0.9422,     0.9585,     1.7419, 
[ 65500,  0.0001196]     0.8359,     0.9444,     0.9597,     1.6072, 
[ 65600,  0.0001194]     0.8315,     0.9413,     0.9572,     1.7724, 
[ 65700,  0.0001192]     0.8260,     0.9398,     0.9568,     1.7522, 
[ 65800,  0.0001190]     0.8390,     0.9456,     0.9614,     1.6165, 
[ 65900,  0.0001188]     0.8305,     0.9412,     0.9571,     1.7784, 
[ 66000,  0.0001185]     0.8292,     0.9411,     0.9578,     1.7018, 
[ 66100,  0.0001183]     0.8351,     0.9444,     0.9600,     1.5841, 
[ 66200,  0.0001181]     0.8338,     0.9466,     0.9623,     1.5381, 
[ 66300,  0.0001179]     0.8401,     0.9436,     0.9585,     1.7964, 
[ 66400,  0.0001177]     0.8317,     0.9409,     0.9570,     1.7990, 
[ 66500,  0.0001174]     0.8336,     0.9440,     0.9595,     1.8538, 
[ 66600,  0.0001172]     0.8394,     0.9485,     0.9631,     1.5515, 
[ 66700,  0.0001170]     0.8270,     0.9407,     0.9568,     2.0208, 
[ 66800,  0.0001168]     0.8457,     0.9505,     0.9645,     1.6062, 
[ 66900,  0.0001166]     0.8279,     0.9418,     0.9572,     1.9386, 
[ 67000,  0.0001164]     0.8272,     0.9417,     0.9576,     1.9235, 
[ 67100,  0.0001161]     0.8392,     0.9432,     0.9583,     1.9918, 
[ 67200,  0.0001159]     0.8292,     0.9436,     0.9593,     1.8134, 
[ 67300,  0.0001157]     0.8413,     0.9464,     0.9616,     1.6313, 
[ 67400,  0.0001155]     0.8366,     0.9453,     0.9596,     1.8190, 
[ 67500,  0.0001153]     0.8324,     0.9438,     0.9591,     1.6975, 
[ 67600,  0.0001150]     0.8218,     0.9410,     0.9575,     1.8225, 
[ 67700,  0.0001148]     0.8341,     0.9437,     0.9604,     1.6147, 
[ 67800,  0.0001146]     0.8307,     0.9460,     0.9609,     1.7309, 
[ 67900,  0.0001144]     0.8347,     0.9435,     0.9593,     1.8934, 
[ 68000,  0.0001142]     0.8283,     0.9439,     0.9602,     1.6204, 
[ 68100,  0.0001139]     0.8342,     0.9446,     0.9602,     1.6116, 
[ 68200,  0.0001137]     0.8243,     0.9399,     0.9568,     2.0123, 
[ 68300,  0.0001135]     0.8364,     0.9436,     0.9593,     1.7164, 
[ 68400,  0.0001133]     0.8327,     0.9433,     0.9590,     2.1471, 
[ 68500,  0.0001131]     0.8355,     0.9449,     0.9603,     1.5598, 
[ 68600,  0.0001128]     0.8478,     0.9498,     0.9645,     1.4136, 
[ 68700,  0.0001126]     0.8386,     0.9468,     0.9622,     1.5329, 
[ 68800,  0.0001124]     0.8344,     0.9440,     0.9590,     1.7479, 
[ 68900,  0.0001122]     0.8332,     0.9460,     0.9620,     1.5648, 
[ 69000,  0.0001120]     0.8382,     0.9420,     0.9575,     1.8211, 
[ 69100,  0.0001117]     0.8416,     0.9473,     0.9630,     1.4325, 
[ 69200,  0.0001115]     0.8361,     0.9447,     0.9603,     1.5757, 
[ 69300,  0.0001113]     0.8387,     0.9450,     0.9590,     1.7603, 
[ 69400,  0.0001111]     0.8449,     0.9487,     0.9621,     1.7676, 
[ 69500,  0.0001109]     0.8395,     0.9459,     0.9608,     1.6909, 
[ 69600,  0.0001107]     0.8347,     0.9416,     0.9573,     1.7880, 
[ 69700,  0.0001104]     0.8347,     0.9458,     0.9606,     1.6364, 
[ 69800,  0.0001102]     0.8354,     0.9480,     0.9631,     1.4904, 
[ 69900,  0.0001100]     0.8449,     0.9471,     0.9619,     1.5231, 
[ 70000,  0.0001098]     0.8283,     0.9398,     0.9562,     1.8265, 
Validation Chairs EPE: 1.031855
[ 70100,  0.0001096]     0.8332,     0.9442,     0.9594,     1.8302, 
[ 70200,  0.0001093]     0.8353,     0.9470,     0.9618,     1.5457, 
[ 70300,  0.0001091]     0.8327,     0.9444,     0.9594,     2.0007, 
[ 70400,  0.0001089]     0.8325,     0.9465,     0.9615,     1.5689, 
[ 70500,  0.0001087]     0.8347,     0.9453,     0.9608,     1.6120, 
[ 70600,  0.0001085]     0.8350,     0.9454,     0.9601,     1.8727, 
[ 70700,  0.0001082]     0.8350,     0.9435,     0.9591,     1.7901, 
[ 70800,  0.0001080]     0.8371,     0.9467,     0.9620,     1.6084, 
[ 70900,  0.0001078]     0.8349,     0.9400,     0.9563,     1.7447, 
[ 71000,  0.0001076]     0.8383,     0.9469,     0.9626,     1.6128, 
[ 71100,  0.0001074]     0.8447,     0.9478,     0.9634,     1.4359, 
[ 71200,  0.0001071]     0.8350,     0.9450,     0.9598,     1.8138, 
[ 71300,  0.0001069]     0.8376,     0.9459,     0.9609,     1.5416, 
[ 71400,  0.0001067]     0.8278,     0.9427,     0.9591,     1.8124, 
[ 71500,  0.0001065]     0.8412,     0.9490,     0.9629,     1.5982, 
[ 71600,  0.0001063]     0.8358,     0.9429,     0.9586,     1.9089, 
[ 71700,  0.0001061]     0.8333,     0.9434,     0.9586,     1.7306, 
[ 71800,  0.0001058]     0.8356,     0.9445,     0.9599,     1.7629, 
[ 71900,  0.0001056]     0.8357,     0.9465,     0.9616,     1.5931, 
[ 72000,  0.0001054]     0.8319,     0.9416,     0.9563,     1.8910, 
[ 72100,  0.0001052]     0.8452,     0.9506,     0.9648,     1.7068, 
[ 72200,  0.0001050]     0.8443,     0.9478,     0.9622,     1.7121, 
[ 72300,  0.0001047]     0.8427,     0.9469,     0.9617,     1.5430, 
[ 72400,  0.0001045]     0.8423,     0.9490,     0.9633,     1.5588, 
[ 72500,  0.0001043]     0.8347,     0.9435,     0.9584,     1.8185, 
[ 72600,  0.0001041]     0.8416,     0.9484,     0.9630,     1.5829, 
[ 72700,  0.0001039]     0.8393,     0.9441,     0.9588,     1.7413, 
[ 72800,  0.0001036]     0.8347,     0.9462,     0.9613,     1.5940, 
[ 72900,  0.0001034]     0.8382,     0.9428,     0.9579,     1.8388, 
[ 73000,  0.0001032]     0.8316,     0.9430,     0.9582,     1.6428, 
[ 73100,  0.0001030]     0.8463,     0.9502,     0.9647,     1.3325, 
[ 73200,  0.0001028]     0.8390,     0.9468,     0.9625,     1.5150, 
[ 73300,  0.0001025]     0.8385,     0.9466,     0.9615,     1.5934, 
[ 73400,  0.0001023]     0.8359,     0.9459,     0.9614,     1.6145, 
[ 73500,  0.0001021]     0.8372,     0.9461,     0.9614,     1.5376, 
[ 73600,  0.0001019]     0.8338,     0.9442,     0.9582,     2.2364, 
[ 73700,  0.0001017]     0.8361,     0.9452,     0.9600,     1.6285, 
[ 73800,  0.0001015]     0.8420,     0.9464,     0.9609,     1.7555, 
[ 73900,  0.0001012]     0.8388,     0.9438,     0.9600,     1.6607, 
[ 74000,  0.0001010]     0.8430,     0.9482,     0.9622,     1.6813, 
[ 74100,  0.0001008]     0.8385,     0.9428,     0.9585,     2.2513, 
[ 74200,  0.0001006]     0.8348,     0.9444,     0.9602,     1.6440, 
[ 74300,  0.0001004]     0.8466,     0.9458,     0.9607,     1.6179, 
[ 74400,  0.0001001]     0.8391,     0.9450,     0.9606,     1.7111, 
[ 74500,  0.0000999]     0.8358,     0.9488,     0.9633,     1.4478, 
[ 74600,  0.0000997]     0.8366,     0.9456,     0.9606,     1.5064, 
[ 74700,  0.0000995]     0.8370,     0.9492,     0.9636,     1.5998, 
[ 74800,  0.0000993]     0.8453,     0.9469,     0.9614,     1.5933, 
[ 74900,  0.0000990]     0.8440,     0.9487,     0.9630,     1.5148, 
[ 75000,  0.0000988]     0.8435,     0.9479,     0.9618,     1.5877, 
Validation Chairs EPE: 1.020276
[ 75100,  0.0000986]     0.8444,     0.9508,     0.9656,     1.5565, 
[ 75200,  0.0000984]     0.8435,     0.9467,     0.9608,     1.9006, 
[ 75300,  0.0000982]     0.8446,     0.9451,     0.9604,     1.7248, 
[ 75400,  0.0000979]     0.8484,     0.9502,     0.9637,     1.5178, 
[ 75500,  0.0000977]     0.8227,     0.9396,     0.9562,     1.7997, 
[ 75600,  0.0000975]     0.8362,     0.9452,     0.9608,     1.7984, 
[ 75700,  0.0000973]     0.8421,     0.9500,     0.9640,     1.4991, 
[ 75800,  0.0000971]     0.8336,     0.9430,     0.9588,     1.9200, 
[ 75900,  0.0000968]     0.8413,     0.9500,     0.9647,     1.4204, 
[ 76000,  0.0000966]     0.8387,     0.9458,     0.9603,     1.6537, 
[ 76100,  0.0000964]     0.8334,     0.9452,     0.9604,     1.7211, 
[ 76200,  0.0000962]     0.8457,     0.9471,     0.9617,     1.5725, 
[ 76300,  0.0000960]     0.8395,     0.9490,     0.9635,     1.4826, 
[ 76400,  0.0000958]     0.8422,     0.9464,     0.9615,     1.7244, 
[ 76500,  0.0000955]     0.8358,     0.9424,     0.9574,     1.7642, 
[ 76600,  0.0000953]     0.8440,     0.9486,     0.9644,     1.4835, 
[ 76700,  0.0000951]     0.8360,     0.9461,     0.9611,     1.7544, 
[ 76800,  0.0000949]     0.8404,     0.9466,     0.9616,     1.6677, 
[ 76900,  0.0000947]     0.8434,     0.9484,     0.9621,     1.7654, 
[ 77000,  0.0000944]     0.8443,     0.9496,     0.9639,     1.5228, 
[ 77100,  0.0000942]     0.8391,     0.9461,     0.9600,     1.5680, 
[ 77200,  0.0000940]     0.8409,     0.9479,     0.9616,     1.7487, 
[ 77300,  0.0000938]     0.8407,     0.9432,     0.9585,     1.7738, 
[ 77400,  0.0000936]     0.8477,     0.9473,     0.9618,     1.7034, 
[ 77500,  0.0000933]     0.8411,     0.9460,     0.9606,     1.7833, 
[ 77600,  0.0000931]     0.8419,     0.9487,     0.9632,     1.4939, 
[ 77700,  0.0000929]     0.8439,     0.9482,     0.9622,     1.5624, 
[ 77800,  0.0000927]     0.8445,     0.9480,     0.9628,     1.5299, 
[ 77900,  0.0000925]     0.8336,     0.9445,     0.9609,     1.6561, 
[ 78000,  0.0000922]     0.8430,     0.9493,     0.9632,     1.5708, 
[ 78100,  0.0000920]     0.8355,     0.9448,     0.9605,     1.5624, 
[ 78200,  0.0000918]     0.8365,     0.9470,     0.9617,     1.6593, 
[ 78300,  0.0000916]     0.8315,     0.9422,     0.9572,     2.0683, 
[ 78400,  0.0000914]     0.8476,     0.9482,     0.9627,     1.7211, 
[ 78500,  0.0000912]     0.8368,     0.9439,     0.9592,     1.5757, 
[ 78600,  0.0000909]     0.8329,     0.9451,     0.9599,     1.6630, 
[ 78700,  0.0000907]     0.8525,     0.9535,     0.9664,     1.3635, 
[ 78800,  0.0000905]     0.8393,     0.9480,     0.9623,     1.5039, 
[ 78900,  0.0000903]     0.8433,     0.9472,     0.9616,     1.6026, 
[ 79000,  0.0000901]     0.8407,     0.9441,     0.9587,     1.9470, 
[ 79100,  0.0000898]     0.8399,     0.9469,     0.9613,     1.6724, 
[ 79200,  0.0000896]     0.8456,     0.9472,     0.9613,     1.7338, 
[ 79300,  0.0000894]     0.8458,     0.9496,     0.9639,     1.4726, 
[ 79400,  0.0000892]     0.8468,     0.9501,     0.9647,     1.4167, 
[ 79500,  0.0000890]     0.8367,     0.9462,     0.9622,     1.5991, 
[ 79600,  0.0000887]     0.8451,     0.9483,     0.9623,     1.7090, 
[ 79700,  0.0000885]     0.8457,     0.9492,     0.9640,     1.4361, 
[ 79800,  0.0000883]     0.8441,     0.9489,     0.9635,     1.5073, 
[ 79900,  0.0000881]     0.8489,     0.9502,     0.9638,     1.4508, 
[ 80000,  0.0000879]     0.8406,     0.9474,     0.9627,     1.5639, 
Validation Chairs EPE: 1.042504
[ 80100,  0.0000876]     0.8447,     0.9481,     0.9619,     1.5836, 
[ 80200,  0.0000874]     0.8525,     0.9515,     0.9651,     1.5385, 
[ 80300,  0.0000872]     0.8417,     0.9473,     0.9611,     1.7023, 
[ 80400,  0.0000870]     0.8376,     0.9469,     0.9628,     1.5693, 
[ 80500,  0.0000868]     0.8376,     0.9456,     0.9604,     1.6867, 
[ 80600,  0.0000866]     0.8330,     0.9455,     0.9600,     1.6410, 
[ 80700,  0.0000863]     0.8400,     0.9462,     0.9604,     1.6049, 
[ 80800,  0.0000861]     0.8428,     0.9465,     0.9611,     1.6636, 
[ 80900,  0.0000859]     0.8433,     0.9475,     0.9615,     1.5972, 
[ 81000,  0.0000857]     0.8445,     0.9490,     0.9643,     1.4859, 
[ 81100,  0.0000855]     0.8382,     0.9458,     0.9604,     1.5000, 
[ 81200,  0.0000852]     0.8400,     0.9477,     0.9620,     1.4653, 
[ 81300,  0.0000850]     0.8320,     0.9443,     0.9595,     1.6207, 
[ 81400,  0.0000848]     0.8415,     0.9472,     0.9615,     1.8449, 
[ 81500,  0.0000846]     0.8411,     0.9497,     0.9641,     1.4966, 
[ 81600,  0.0000844]     0.8418,     0.9484,     0.9630,     1.5260, 
[ 81700,  0.0000841]     0.8443,     0.9492,     0.9636,     1.4756, 
[ 81800,  0.0000839]     0.8477,     0.9514,     0.9650,     1.4682, 
[ 81900,  0.0000837]     0.8417,     0.9496,     0.9634,     1.5584, 
[ 82000,  0.0000835]     0.8426,     0.9473,     0.9618,     1.7618, 
[ 82100,  0.0000833]     0.8434,     0.9502,     0.9643,     1.4388, 
[ 82200,  0.0000830]     0.8516,     0.9479,     0.9615,     1.6218, 
[ 82300,  0.0000828]     0.8460,     0.9485,     0.9624,     1.5187, 
[ 82400,  0.0000826]     0.8458,     0.9475,     0.9612,     1.9268, 
[ 82500,  0.0000824]     0.8374,     0.9467,     0.9610,     1.8541, 
[ 82600,  0.0000822]     0.8432,     0.9491,     0.9635,     1.4413, 
[ 82700,  0.0000819]     0.8439,     0.9477,     0.9621,     1.6325, 
[ 82800,  0.0000817]     0.8407,     0.9494,     0.9637,     1.4502, 
[ 82900,  0.0000815]     0.8478,     0.9492,     0.9630,     1.5755, 
[ 83000,  0.0000813]     0.8470,     0.9497,     0.9630,     1.6195, 
[ 83100,  0.0000811]     0.8440,     0.9472,     0.9614,     1.6843, 
[ 83200,  0.0000809]     0.8475,     0.9507,     0.9637,     1.5296, 
[ 83300,  0.0000806]     0.8447,     0.9504,     0.9644,     1.5485, 
[ 83400,  0.0000804]     0.8433,     0.9505,     0.9646,     1.4072, 
[ 83500,  0.0000802]     0.8423,     0.9464,     0.9606,     1.8789, 
[ 83600,  0.0000800]     0.8461,     0.9516,     0.9645,     1.5830, 
[ 83700,  0.0000798]     0.8463,     0.9521,     0.9652,     1.5468, 
[ 83800,  0.0000795]     0.8432,     0.9500,     0.9637,     1.4594, 
[ 83900,  0.0000793]     0.8369,     0.9449,     0.9598,     1.7654, 
[ 84000,  0.0000791]     0.8476,     0.9497,     0.9635,     1.4587, 
[ 84100,  0.0000789]     0.8484,     0.9487,     0.9629,     1.6378, 
[ 84200,  0.0000787]     0.8380,     0.9479,     0.9624,     1.6245, 
[ 84300,  0.0000784]     0.8470,     0.9507,     0.9642,     1.6547, 
[ 84400,  0.0000782]     0.8477,     0.9512,     0.9651,     1.4979, 
[ 84500,  0.0000780]     0.8365,     0.9466,     0.9619,     1.6001, 
[ 84600,  0.0000778]     0.8483,     0.9517,     0.9644,     1.4700, 
[ 84700,  0.0000776]     0.8395,     0.9487,     0.9631,     1.5991, 
[ 84800,  0.0000773]     0.8479,     0.9499,     0.9646,     1.5537, 
[ 84900,  0.0000771]     0.8411,     0.9495,     0.9631,     1.6221, 
[ 85000,  0.0000769]     0.8495,     0.9534,     0.9665,     1.4027, 
Validation Chairs EPE: 0.975465
[ 85100,  0.0000767]     0.8493,     0.9503,     0.9641,     1.4648, 
[ 85200,  0.0000765]     0.8507,     0.9518,     0.9652,     1.3784, 
[ 85300,  0.0000763]     0.8405,     0.9487,     0.9619,     1.5918, 
[ 85400,  0.0000760]     0.8465,     0.9506,     0.9632,     1.5363, 
[ 85500,  0.0000758]     0.8443,     0.9482,     0.9617,     1.6987, 
[ 85600,  0.0000756]     0.8441,     0.9499,     0.9637,     1.4894, 
[ 85700,  0.0000754]     0.8469,     0.9487,     0.9627,     1.6141, 
[ 85800,  0.0000752]     0.8462,     0.9477,     0.9620,     1.6598, 
[ 85900,  0.0000749]     0.8410,     0.9478,     0.9619,     1.6606, 
[ 86000,  0.0000747]     0.8482,     0.9475,     0.9612,     1.6117, 
[ 86100,  0.0000745]     0.8465,     0.9508,     0.9642,     1.5073, 
[ 86200,  0.0000743]     0.8438,     0.9499,     0.9632,     1.6272, 
[ 86300,  0.0000741]     0.8492,     0.9531,     0.9666,     1.3681, 
[ 86400,  0.0000738]     0.8406,     0.9481,     0.9624,     1.4941, 
[ 86500,  0.0000736]     0.8427,     0.9467,     0.9604,     1.7855, 
[ 86600,  0.0000734]     0.8463,     0.9514,     0.9655,     1.5124, 
[ 86700,  0.0000732]     0.8442,     0.9485,     0.9625,     1.6929, 
[ 86800,  0.0000730]     0.8447,     0.9487,     0.9627,     1.4489, 
[ 86900,  0.0000727]     0.8381,     0.9476,     0.9616,     1.6453, 
[ 87000,  0.0000725]     0.8373,     0.9484,     0.9626,     1.9374, 
[ 87100,  0.0000723]     0.8477,     0.9462,     0.9605,     1.8437, 
[ 87200,  0.0000721]     0.8529,     0.9547,     0.9674,     1.2968, 
[ 87300,  0.0000719]     0.8390,     0.9450,     0.9597,     1.7541, 
[ 87400,  0.0000717]     0.8475,     0.9498,     0.9643,     1.5502, 
[ 87500,  0.0000714]     0.8483,     0.9518,     0.9656,     1.3177, 
[ 87600,  0.0000712]     0.8513,     0.9520,     0.9653,     1.4353, 
[ 87700,  0.0000710]     0.8483,     0.9507,     0.9641,     1.5650, 
[ 87800,  0.0000708]     0.8432,     0.9492,     0.9634,     1.5488, 
[ 87900,  0.0000706]     0.8430,     0.9500,     0.9642,     1.4962, 
[ 88000,  0.0000703]     0.8582,     0.9526,     0.9651,     1.4643, 
[ 88100,  0.0000701]     0.8467,     0.9502,     0.9635,     1.6011, 
[ 88200,  0.0000699]     0.8424,     0.9465,     0.9605,     1.5967, 
[ 88300,  0.0000697]     0.8440,     0.9461,     0.9608,     1.6923, 
[ 88400,  0.0000695]     0.8405,     0.9420,     0.9566,     1.8521, 
[ 88500,  0.0000692]     0.8490,     0.9512,     0.9640,     1.5264, 
[ 88600,  0.0000690]     0.8505,     0.9524,     0.9656,     1.4657, 
[ 88700,  0.0000688]     0.8421,     0.9490,     0.9628,     1.7295, 
[ 88800,  0.0000686]     0.8543,     0.9504,     0.9636,     1.4719, 
[ 88900,  0.0000684]     0.8433,     0.9472,     0.9606,     1.6577, 
[ 89000,  0.0000681]     0.8413,     0.9472,     0.9614,     1.5673, 
[ 89100,  0.0000679]     0.8494,     0.9501,     0.9637,     1.5862, 
[ 89200,  0.0000677]     0.8546,     0.9527,     0.9659,     1.3836, 
[ 89300,  0.0000675]     0.8492,     0.9503,     0.9631,     1.6183, 
[ 89400,  0.0000673]     0.8513,     0.9494,     0.9634,     1.6024, 
[ 89500,  0.0000671]     0.8407,     0.9474,     0.9616,     1.5593, 
[ 89600,  0.0000668]     0.8540,     0.9525,     0.9657,     1.4025, 
[ 89700,  0.0000666]     0.8416,     0.9490,     0.9626,     1.5885, 
[ 89800,  0.0000664]     0.8469,     0.9524,     0.9651,     1.6091, 
[ 89900,  0.0000662]     0.8506,     0.9540,     0.9677,     1.3220, 
[ 90000,  0.0000660]     0.8426,     0.9476,     0.9616,     1.5901, 
Validation Chairs EPE: 0.940316
[ 90100,  0.0000657]     0.8466,     0.9513,     0.9650,     1.3768, 
[ 90200,  0.0000655]     0.8542,     0.9523,     0.9651,     1.4893, 
[ 90300,  0.0000653]     0.8446,     0.9470,     0.9607,     1.7974, 
[ 90400,  0.0000651]     0.8371,     0.9481,     0.9624,     1.4812, 
[ 90500,  0.0000649]     0.8569,     0.9544,     0.9670,     1.5166, 
[ 90600,  0.0000646]     0.8428,     0.9467,     0.9608,     1.6367, 
[ 90700,  0.0000644]     0.8473,     0.9519,     0.9651,     1.4155, 
[ 90800,  0.0000642]     0.8488,     0.9508,     0.9646,     1.4169, 
[ 90900,  0.0000640]     0.8537,     0.9522,     0.9650,     1.4806, 
[ 91000,  0.0000638]     0.8479,     0.9460,     0.9598,     1.6659, 
[ 91100,  0.0000635]     0.8423,     0.9459,     0.9603,     1.8693, 
[ 91200,  0.0000633]     0.8481,     0.9510,     0.9648,     1.8440, 
[ 91300,  0.0000631]     0.8489,     0.9480,     0.9624,     1.6096, 
[ 91400,  0.0000629]     0.8378,     0.9453,     0.9599,     1.5790, 
[ 91500,  0.0000627]     0.8538,     0.9535,     0.9674,     1.3489, 
[ 91600,  0.0000624]     0.8495,     0.9523,     0.9659,     1.4598, 
[ 91700,  0.0000622]     0.8506,     0.9527,     0.9655,     1.6429, 
[ 91800,  0.0000620]     0.8529,     0.9522,     0.9650,     1.3877, 
[ 91900,  0.0000618]     0.8466,     0.9458,     0.9607,     1.5870, 
[ 92000,  0.0000616]     0.8569,     0.9544,     0.9671,     1.3001, 
[ 92100,  0.0000614]     0.8473,     0.9496,     0.9628,     1.4988, 
[ 92200,  0.0000611]     0.8425,     0.9509,     0.9644,     1.3213, 
[ 92300,  0.0000609]     0.8514,     0.9535,     0.9668,     1.3551, 
[ 92400,  0.0000607]     0.8477,     0.9520,     0.9657,     1.4002, 
[ 92500,  0.0000605]     0.8520,     0.9542,     0.9680,     1.3342, 
[ 92600,  0.0000603]     0.8475,     0.9501,     0.9634,     1.5739, 
[ 92700,  0.0000600]     0.8570,     0.9522,     0.9651,     1.5159, 
[ 92800,  0.0000598]     0.8509,     0.9537,     0.9667,     1.3985, 
[ 92900,  0.0000596]     0.8464,     0.9500,     0.9635,     1.5572, 
[ 93000,  0.0000594]     0.8444,     0.9519,     0.9656,     1.3749, 
[ 93100,  0.0000592]     0.8506,     0.9514,     0.9648,     1.5555, 
[ 93200,  0.0000589]     0.8496,     0.9520,     0.9654,     1.4401, 
[ 93300,  0.0000587]     0.8535,     0.9541,     0.9671,     1.4218, 
[ 93400,  0.0000585]     0.8398,     0.9468,     0.9623,     1.5764, 
[ 93500,  0.0000583]     0.8562,     0.9525,     0.9660,     1.3013, 
[ 93600,  0.0000581]     0.8537,     0.9533,     0.9659,     1.5391, 
[ 93700,  0.0000578]     0.8414,     0.9487,     0.9626,     1.4664, 
[ 93800,  0.0000576]     0.8495,     0.9525,     0.9656,     1.4098, 
[ 93900,  0.0000574]     0.8399,     0.9437,     0.9580,     1.7122, 
[ 94000,  0.0000572]     0.8545,     0.9504,     0.9641,     1.4715, 
[ 94100,  0.0000570]     0.8409,     0.9493,     0.9633,     1.7452, 
[ 94200,  0.0000568]     0.8467,     0.9498,     0.9626,     1.5385, 
[ 94300,  0.0000565]     0.8442,     0.9486,     0.9626,     1.5555, 
[ 94400,  0.0000563]     0.8522,     0.9529,     0.9656,     1.5736, 
[ 94500,  0.0000561]     0.8516,     0.9513,     0.9641,     1.4509, 
[ 94600,  0.0000559]     0.8592,     0.9556,     0.9681,     1.3816, 
[ 94700,  0.0000557]     0.8518,     0.9532,     0.9663,     1.4466, 
[ 94800,  0.0000554]     0.8424,     0.9496,     0.9639,     1.4787, 
[ 94900,  0.0000552]     0.8478,     0.9521,     0.9653,     1.4790, 
[ 95000,  0.0000550]     0.8453,     0.9504,     0.9635,     1.7333, 
Validation Chairs EPE: 0.961682
[ 95100,  0.0000548]     0.8484,     0.9507,     0.9644,     1.3352, 
[ 95200,  0.0000546]     0.8496,     0.9528,     0.9652,     1.4121, 
[ 95300,  0.0000543]     0.8497,     0.9508,     0.9635,     1.6491, 
[ 95400,  0.0000541]     0.8532,     0.9523,     0.9652,     1.4527, 
[ 95500,  0.0000539]     0.8572,     0.9519,     0.9646,     1.5418, 
[ 95600,  0.0000537]     0.8496,     0.9530,     0.9657,     1.3461, 
[ 95700,  0.0000535]     0.8433,     0.9519,     0.9653,     1.4647, 
[ 95800,  0.0000532]     0.8475,     0.9492,     0.9631,     1.5422, 
[ 95900,  0.0000530]     0.8486,     0.9498,     0.9633,     1.5988, 
[ 96000,  0.0000528]     0.8500,     0.9515,     0.9654,     1.3709, 
[ 96100,  0.0000526]     0.8489,     0.9506,     0.9644,     1.5182, 
[ 96200,  0.0000524]     0.8456,     0.9479,     0.9618,     1.6456, 
[ 96300,  0.0000522]     0.8521,     0.9530,     0.9667,     1.3351, 
[ 96400,  0.0000519]     0.8558,     0.9521,     0.9653,     1.4355, 
[ 96500,  0.0000517]     0.8481,     0.9470,     0.9620,     1.5547, 
[ 96600,  0.0000515]     0.8469,     0.9491,     0.9626,     1.5494, 
[ 96700,  0.0000513]     0.8616,     0.9562,     0.9683,     1.3377, 
[ 96800,  0.0000511]     0.8524,     0.9535,     0.9667,     1.3379, 
[ 96900,  0.0000508]     0.8523,     0.9509,     0.9644,     1.5195, 
[ 97000,  0.0000506]     0.8625,     0.9554,     0.9679,     1.2827, 
[ 97100,  0.0000504]     0.8537,     0.9513,     0.9648,     1.4134, 
[ 97200,  0.0000502]     0.8481,     0.9517,     0.9646,     1.6097, 
[ 97300,  0.0000500]     0.8393,     0.9448,     0.9589,     1.7813, 
[ 97400,  0.0000497]     0.8497,     0.9498,     0.9633,     1.5078, 
[ 97500,  0.0000495]     0.8538,     0.9510,     0.9642,     1.5255, 
[ 97600,  0.0000493]     0.8507,     0.9512,     0.9642,     1.5664, 
[ 97700,  0.0000491]     0.8554,     0.9513,     0.9652,     1.4428, 
[ 97800,  0.0000489]     0.8415,     0.9491,     0.9636,     1.4757, 
[ 97900,  0.0000486]     0.8517,     0.9530,     0.9664,     1.5008, 
[ 98000,  0.0000484]     0.8379,     0.9419,     0.9563,     1.7760, 
[ 98100,  0.0000482]     0.8490,     0.9507,     0.9636,     1.6275, 
[ 98200,  0.0000480]     0.8578,     0.9525,     0.9654,     1.4016, 
[ 98300,  0.0000478]     0.8498,     0.9531,     0.9667,     1.4386, 
[ 98400,  0.0000475]     0.8473,     0.9508,     0.9641,     1.4219, 
[ 98500,  0.0000473]     0.8570,     0.9556,     0.9682,     1.3859, 
[ 98600,  0.0000471]     0.8482,     0.9525,     0.9655,     1.3748, 
[ 98700,  0.0000469]     0.8572,     0.9515,     0.9645,     1.6269, 
[ 98800,  0.0000467]     0.8560,     0.9534,     0.9655,     1.5169, 
[ 98900,  0.0000465]     0.8555,     0.9533,     0.9659,     1.3190, 
[ 99000,  0.0000462]     0.8558,     0.9499,     0.9633,     1.4347, 
[ 99100,  0.0000460]     0.8621,     0.9554,     0.9674,     1.4800, 
[ 99200,  0.0000458]     0.8593,     0.9560,     0.9679,     1.3464, 
[ 99300,  0.0000456]     0.8598,     0.9553,     0.9676,     1.4002, 
[ 99400,  0.0000454]     0.8446,     0.9469,     0.9604,     1.6069, 
[ 99500,  0.0000451]     0.8541,     0.9527,     0.9656,     1.4193, 
[ 99600,  0.0000449]     0.8452,     0.9476,     0.9627,     1.5323, 
[ 99700,  0.0000447]     0.8521,     0.9530,     0.9663,     1.4750, 
[ 99800,  0.0000445]     0.8455,     0.9507,     0.9640,     1.5184, 
[ 99900,  0.0000443]     0.8573,     0.9524,     0.9655,     1.4170, 
[100000,  0.0000440]     0.8480,     0.9516,     0.9644,     1.5733, 
Validation Chairs EPE: 0.943515
[100100,  0.0000438]     0.8568,     0.9551,     0.9673,     1.3169, 
[100200,  0.0000436]     0.8471,     0.9500,     0.9639,     1.5165, 
[100300,  0.0000434]     0.8505,     0.9504,     0.9635,     1.5115, 
[100400,  0.0000432]     0.8466,     0.9489,     0.9629,     1.5768, 
[100500,  0.0000429]     0.8481,     0.9512,     0.9646,     1.3577, 
[100600,  0.0000427]     0.8414,     0.9485,     0.9620,     1.5947, 
[100700,  0.0000425]     0.8610,     0.9545,     0.9666,     1.4277, 
[100800,  0.0000423]     0.8528,     0.9532,     0.9670,     1.3523, 
[100900,  0.0000421]     0.8479,     0.9503,     0.9636,     1.5952, 
[101000,  0.0000419]     0.8528,     0.9521,     0.9661,     1.3959, 
[101100,  0.0000416]     0.8536,     0.9524,     0.9657,     1.4146, 
[101200,  0.0000414]     0.8457,     0.9520,     0.9652,     1.3522, 
[101300,  0.0000412]     0.8476,     0.9525,     0.9660,     1.3682, 
[101400,  0.0000410]     0.8531,     0.9542,     0.9666,     1.4625, 
[101500,  0.0000408]     0.8545,     0.9521,     0.9656,     1.6006, 
[101600,  0.0000405]     0.8604,     0.9554,     0.9681,     1.4275, 
[101700,  0.0000403]     0.8529,     0.9524,     0.9653,     1.4007, 
[101800,  0.0000401]     0.8530,     0.9520,     0.9646,     1.4092, 
[101900,  0.0000399]     0.8497,     0.9487,     0.9628,     1.6450, 
[102000,  0.0000397]     0.8484,     0.9531,     0.9663,     1.3600, 
[102100,  0.0000394]     0.8584,     0.9554,     0.9676,     1.3530, 
[102200,  0.0000392]     0.8522,     0.9507,     0.9642,     1.7546, 
[102300,  0.0000390]     0.8581,     0.9542,     0.9668,     1.3716, 
[102400,  0.0000388]     0.8594,     0.9534,     0.9666,     1.3700, 
[102500,  0.0000386]     0.8512,     0.9503,     0.9635,     1.5431, 
[102600,  0.0000383]     0.8589,     0.9543,     0.9661,     1.4152, 
[102700,  0.0000381]     0.8566,     0.9521,     0.9643,     1.5464, 
[102800,  0.0000379]     0.8537,     0.9543,     0.9670,     1.3873, 
[102900,  0.0000377]     0.8564,     0.9526,     0.9656,     1.3407, 
[103000,  0.0000375]     0.8590,     0.9545,     0.9676,     1.3602, 
[103100,  0.0000373]     0.8599,     0.9552,     0.9677,     1.3976, 
[103200,  0.0000370]     0.8486,     0.9511,     0.9648,     1.5759, 
[103300,  0.0000368]     0.8557,     0.9527,     0.9651,     1.4592, 
[103400,  0.0000366]     0.8539,     0.9522,     0.9648,     1.5472, 
[103500,  0.0000364]     0.8586,     0.9552,     0.9677,     1.3815, 
[103600,  0.0000362]     0.8489,     0.9525,     0.9655,     1.4870, 
[103700,  0.0000359]     0.8457,     0.9495,     0.9629,     1.4972, 
[103800,  0.0000357]     0.8519,     0.9508,     0.9643,     1.5070, 
[103900,  0.0000355]     0.8457,     0.9500,     0.9635,     1.5627, 
[104000,  0.0000353]     0.8491,     0.9534,     0.9661,     1.5173, 
[104100,  0.0000351]     0.8469,     0.9525,     0.9658,     1.3849, 
[104200,  0.0000348]     0.8535,     0.9525,     0.9653,     1.5425, 
[104300,  0.0000346]     0.8540,     0.9553,     0.9678,     1.4446, 
[104400,  0.0000344]     0.8584,     0.9556,     0.9679,     1.3387, 
[104500,  0.0000342]     0.8565,     0.9553,     0.9678,     1.3599, 
[104600,  0.0000340]     0.8534,     0.9538,     0.9662,     1.4182, 
[104700,  0.0000337]     0.8513,     0.9508,     0.9650,     1.4481, 
[104800,  0.0000335]     0.8590,     0.9543,     0.9663,     1.3881, 
[104900,  0.0000333]     0.8470,     0.9534,     0.9661,     1.3673, 
[105000,  0.0000331]     0.8532,     0.9523,     0.9650,     1.4488, 
Validation Chairs EPE: 0.913710
[105100,  0.0000329]     0.8450,     0.9491,     0.9628,     1.6243, 
[105200,  0.0000326]     0.8577,     0.9522,     0.9653,     1.4044, 
[105300,  0.0000324]     0.8584,     0.9526,     0.9650,     1.3195, 
[105400,  0.0000322]     0.8495,     0.9542,     0.9672,     1.3401, 
[105500,  0.0000320]     0.8510,     0.9518,     0.9640,     1.4611, 
[105600,  0.0000318]     0.8562,     0.9549,     0.9672,     1.4104, 
[105700,  0.0000316]     0.8455,     0.9497,     0.9634,     1.5472, 
[105800,  0.0000313]     0.8558,     0.9533,     0.9661,     1.3544, 
[105900,  0.0000311]     0.8548,     0.9556,     0.9683,     1.2911, 
[106000,  0.0000309]     0.8499,     0.9530,     0.9656,     1.4202, 
[106100,  0.0000307]     0.8503,     0.9508,     0.9639,     1.4554, 
[106200,  0.0000305]     0.8578,     0.9545,     0.9666,     1.4066, 
[106300,  0.0000302]     0.8531,     0.9541,     0.9666,     1.3022, 
[106400,  0.0000300]     0.8467,     0.9508,     0.9633,     1.5498, 
[106500,  0.0000298]     0.8570,     0.9543,     0.9671,     1.3520, 
[106600,  0.0000296]     0.8508,     0.9493,     0.9630,     1.5238, 
[106700,  0.0000294]     0.8533,     0.9510,     0.9637,     1.8113, 
[106800,  0.0000291]     0.8540,     0.9538,     0.9669,     1.3438, 
[106900,  0.0000289]     0.8635,     0.9562,     0.9688,     1.3299, 
[107000,  0.0000287]     0.8519,     0.9531,     0.9662,     1.3221, 
[107100,  0.0000285]     0.8561,     0.9566,     0.9685,     1.4573, 
[107200,  0.0000283]     0.8545,     0.9502,     0.9631,     1.5029, 
[107300,  0.0000280]     0.8625,     0.9534,     0.9663,     1.3712, 
[107400,  0.0000278]     0.8521,     0.9526,     0.9652,     1.4896, 
[107500,  0.0000276]     0.8579,     0.9548,     0.9678,     1.2946, 
[107600,  0.0000274]     0.8583,     0.9540,     0.9666,     1.3863, 
[107700,  0.0000272]     0.8580,     0.9547,     0.9676,     1.2910, 
[107800,  0.0000270]     0.8537,     0.9509,     0.9642,     1.4714, 
[107900,  0.0000267]     0.8515,     0.9504,     0.9640,     1.3661, 
[108000,  0.0000265]     0.8588,     0.9504,     0.9634,     1.6244, 
[108100,  0.0000263]     0.8541,     0.9541,     0.9669,     1.3842, 
[108200,  0.0000261]     0.8505,     0.9541,     0.9671,     1.3561, 
[108300,  0.0000259]     0.8581,     0.9546,     0.9667,     1.3666, 
[108400,  0.0000256]     0.8592,     0.9541,     0.9663,     1.4595, 
[108500,  0.0000254]     0.8656,     0.9580,     0.9697,     1.1717, 
[108600,  0.0000252]     0.8488,     0.9493,     0.9627,     1.6104, 
[108700,  0.0000250]     0.8503,     0.9531,     0.9661,     1.4317, 
[108800,  0.0000248]     0.8606,     0.9559,     0.9676,     1.2894, 
[108900,  0.0000245]     0.8603,     0.9556,     0.9687,     1.2650, 
[109000,  0.0000243]     0.8513,     0.9515,     0.9648,     1.6090, 
[109100,  0.0000241]     0.8542,     0.9544,     0.9663,     1.3942, 
[109200,  0.0000239]     0.8599,     0.9533,     0.9660,     1.4625, 
[109300,  0.0000237]     0.8526,     0.9518,     0.9647,     1.3804, 
[109400,  0.0000234]     0.8593,     0.9541,     0.9665,     1.3767, 
[109500,  0.0000232]     0.8544,     0.9543,     0.9674,     1.4126, 
[109600,  0.0000230]     0.8526,     0.9533,     0.9663,     1.3911, 
[109700,  0.0000228]     0.8586,     0.9550,     0.9676,     1.4430, 
[109800,  0.0000226]     0.8664,     0.9567,     0.9688,     1.2207, 
[109900,  0.0000224]     0.8543,     0.9524,     0.9654,     1.3531, 
[110000,  0.0000221]     0.8523,     0.9531,     0.9660,     1.3431, 
Validation Chairs EPE: 0.892340
[110100,  0.0000219]     0.8507,     0.9527,     0.9662,     1.3957, 
[110200,  0.0000217]     0.8518,     0.9510,     0.9637,     1.5159, 
[110300,  0.0000215]     0.8511,     0.9512,     0.9643,     1.4945, 
[110400,  0.0000213]     0.8626,     0.9576,     0.9692,     1.2404, 
[110500,  0.0000210]     0.8544,     0.9530,     0.9655,     1.3481, 
[110600,  0.0000208]     0.8570,     0.9527,     0.9644,     1.6422, 
[110700,  0.0000206]     0.8513,     0.9503,     0.9632,     1.6612, 
[110800,  0.0000204]     0.8590,     0.9546,     0.9665,     1.4145, 
[110900,  0.0000202]     0.8566,     0.9531,     0.9658,     1.4641, 
[111000,  0.0000199]     0.8651,     0.9581,     0.9698,     1.2891, 
[111100,  0.0000197]     0.8554,     0.9532,     0.9661,     1.3551, 
[111200,  0.0000195]     0.8561,     0.9524,     0.9659,     1.3312, 
[111300,  0.0000193]     0.8558,     0.9533,     0.9659,     1.3746, 
[111400,  0.0000191]     0.8640,     0.9565,     0.9686,     1.3184, 
[111500,  0.0000188]     0.8525,     0.9520,     0.9650,     1.6073, 
[111600,  0.0000186]     0.8587,     0.9544,     0.9679,     1.3470, 
[111700,  0.0000184]     0.8593,     0.9561,     0.9680,     1.3770, 
[111800,  0.0000182]     0.8609,     0.9577,     0.9689,     1.2303, 
[111900,  0.0000180]     0.8523,     0.9544,     0.9677,     1.2894, 
[112000,  0.0000177]     0.8576,     0.9555,     0.9674,     1.4296, 
[112100,  0.0000175]     0.8505,     0.9517,     0.9651,     1.4016, 
[112200,  0.0000173]     0.8642,     0.9555,     0.9678,     1.2553, 
[112300,  0.0000171]     0.8537,     0.9553,     0.9680,     1.3222, 
[112400,  0.0000169]     0.8560,     0.9538,     0.9659,     1.3433, 
[112500,  0.0000167]     0.8414,     0.9500,     0.9634,     1.5752, 
[112600,  0.0000164]     0.8591,     0.9552,     0.9679,     1.2472, 
[112700,  0.0000162]     0.8630,     0.9551,     0.9670,     1.2710, 
[112800,  0.0000160]     0.8602,     0.9565,     0.9683,     1.3048, 
[112900,  0.0000158]     0.8544,     0.9538,     0.9658,     1.4164, 
[113000,  0.0000156]     0.8589,     0.9523,     0.9655,     1.3757, 
[113100,  0.0000153]     0.8514,     0.9521,     0.9657,     1.5452, 
[113200,  0.0000151]     0.8583,     0.9561,     0.9688,     1.2815, 
[113300,  0.0000149]     0.8562,     0.9535,     0.9667,     1.3643, 
[113400,  0.0000147]     0.8568,     0.9540,     0.9661,     1.3528, 
[113500,  0.0000145]     0.8570,     0.9543,     0.9670,     1.3074, 
[113600,  0.0000142]     0.8621,     0.9562,     0.9685,     1.2869, 
[113700,  0.0000140]     0.8589,     0.9555,     0.9677,     1.2862, 
[113800,  0.0000138]     0.8685,     0.9544,     0.9664,     1.4383, 
[113900,  0.0000136]     0.8568,     0.9535,     0.9667,     1.3179, 
[114000,  0.0000134]     0.8618,     0.9554,     0.9677,     1.3003, 
[114100,  0.0000131]     0.8569,     0.9546,     0.9679,     1.2851, 
[114200,  0.0000129]     0.8509,     0.9537,     0.9664,     1.5180, 
[114300,  0.0000127]     0.8619,     0.9545,     0.9671,     1.3779, 
[114400,  0.0000125]     0.8617,     0.9585,     0.9707,     1.2144, 
[114500,  0.0000123]     0.8566,     0.9542,     0.9674,     1.4188, 
[114600,  0.0000121]     0.8546,     0.9559,     0.9676,     1.3718, 
[114700,  0.0000118]     0.8565,     0.9521,     0.9647,     1.3757, 
[114800,  0.0000116]     0.8540,     0.9551,     0.9672,     1.4439, 
[114900,  0.0000114]     0.8633,     0.9559,     0.9678,     1.3183, 
[115000,  0.0000112]     0.8601,     0.9541,     0.9668,     1.3745, 
Validation Chairs EPE: 0.894138
[115100,  0.0000110]     0.8559,     0.9547,     0.9674,     1.3228, 
[115200,  0.0000107]     0.8534,     0.9555,     0.9683,     1.4210, 
[115300,  0.0000105]     0.8589,     0.9552,     0.9675,     1.3751, 
[115400,  0.0000103]     0.8600,     0.9552,     0.9678,     1.2450, 
[115500,  0.0000101]     0.8514,     0.9522,     0.9644,     1.4659, 
[115600,  0.0000099]     0.8582,     0.9533,     0.9655,     1.4081, 
[115700,  0.0000096]     0.8596,     0.9564,     0.9688,     1.2241, 
[115800,  0.0000094]     0.8600,     0.9556,     0.9672,     1.3033, 
[115900,  0.0000092]     0.8551,     0.9529,     0.9659,     1.4641, 
[116000,  0.0000090]     0.8676,     0.9580,     0.9697,     1.3576, 
[116100,  0.0000088]     0.8503,     0.9512,     0.9640,     1.5413, 
[116200,  0.0000085]     0.8578,     0.9523,     0.9650,     1.3643, 
[116300,  0.0000083]     0.8642,     0.9557,     0.9673,     1.3912, 
[116400,  0.0000081]     0.8601,     0.9539,     0.9665,     1.2598, 
[116500,  0.0000079]     0.8558,     0.9519,     0.9642,     1.5599, 
[116600,  0.0000077]     0.8657,     0.9552,     0.9671,     1.3586, 
[116700,  0.0000075]     0.8640,     0.9574,     0.9689,     1.3961, 
[116800,  0.0000072]     0.8470,     0.9514,     0.9648,     1.5795, 
[116900,  0.0000070]     0.8633,     0.9563,     0.9691,     1.3201, 
[117000,  0.0000068]     0.8586,     0.9540,     0.9661,     1.7147, 
[117100,  0.0000066]     0.8575,     0.9550,     0.9675,     1.2461, 
[117200,  0.0000064]     0.8501,     0.9502,     0.9622,     1.6929, 
[117300,  0.0000061]     0.8618,     0.9555,     0.9677,     1.3238, 
[117400,  0.0000059]     0.8617,     0.9575,     0.9689,     1.3233, 
[117500,  0.0000057]     0.8612,     0.9576,     0.9694,     1.3280, 
[117600,  0.0000055]     0.8568,     0.9529,     0.9661,     1.3749, 
[117700,  0.0000053]     0.8579,     0.9526,     0.9664,     1.3209, 
[117800,  0.0000050]     0.8618,     0.9560,     0.9680,     1.3957, 
[117900,  0.0000048]     0.8571,     0.9533,     0.9663,     1.3329, 
[118000,  0.0000046]     0.8523,     0.9544,     0.9665,     1.3961, 
[118100,  0.0000044]     0.8528,     0.9539,     0.9663,     1.3918, 
[118200,  0.0000042]     0.8528,     0.9535,     0.9662,     1.3624, 
[118300,  0.0000039]     0.8584,     0.9548,     0.9669,     1.3344, 
[118400,  0.0000037]     0.8608,     0.9541,     0.9665,     1.3662, 
[118500,  0.0000035]     0.8540,     0.9543,     0.9666,     1.5542, 
[118600,  0.0000033]     0.8656,     0.9567,     0.9686,     1.3409, 
[118700,  0.0000031]     0.8579,     0.9541,     0.9664,     1.2521, 
[118800,  0.0000028]     0.8603,     0.9549,     0.9667,     1.3718, 
[118900,  0.0000026]     0.8556,     0.9542,     0.9666,     1.3075, 
[119000,  0.0000024]     0.8660,     0.9576,     0.9691,     1.2122, 
[119100,  0.0000022]     0.8663,     0.9556,     0.9673,     1.4561, 
[119200,  0.0000020]     0.8538,     0.9513,     0.9646,     1.3421, 
[119300,  0.0000018]     0.8643,     0.9579,     0.9701,     1.1692, 
[119400,  0.0000015]     0.8638,     0.9562,     0.9676,     1.3328, 
[119500,  0.0000013]     0.8550,     0.9518,     0.9652,     1.3504, 
[119600,  0.0000011]     0.8585,     0.9518,     0.9643,     1.4052, 
[119700,  0.0000009]     0.8613,     0.9557,     0.9680,     1.4483, 
[119800,  0.0000007]     0.8553,     0.9542,     0.9659,     1.6367, 
[119900,  0.0000004]     0.8637,     0.9573,     0.9689,     1.2040, 
[120000,  0.0000002]     0.8583,     0.9537,     0.9663,     1.4163, 
Validation Chairs EPE: 0.884186
