nohup: ignoring input
Parameter Count: 5257536
Training with 22232 image pairs
Traceback (most recent call last):
  File "train.py", line 247, in <module>
    train(args)
  File "train.py", line 172, in train
    flow_predictions = model(image1, image2, iters=args.iters)            
  File "/home/zexin/anaconda3/envs/raft/lib/python3.7/site-packages/torch/nn/modules/module.py", line 722, in _call_impl
    result = self.forward(*input, **kwargs)
  File "/home/zexin/anaconda3/envs/raft/lib/python3.7/site-packages/torch/nn/parallel/data_parallel.py", line 153, in forward
    return self.module(*inputs[0], **kwargs[0])
  File "/home/zexin/anaconda3/envs/raft/lib/python3.7/site-packages/torch/nn/modules/module.py", line 722, in _call_impl
    result = self.forward(*input, **kwargs)
  File "core/raft.py", line 100, in forward
    fmap1, fmap2 = self.fnet([image1, image2])        
  File "/home/zexin/anaconda3/envs/raft/lib/python3.7/site-packages/torch/nn/modules/module.py", line 722, in _call_impl
    result = self.forward(*input, **kwargs)
  File "core/extrac[   700,  0.0000379]     0.0540,     0.2903,     0.4662,    12.5651, 
[   800,  0.0000419]     0.0648,     0.3192,     0.4926,    12.0438, 
[   900,  0.0000459]     0.0915,     0.3705,     0.5295,    12.0287, 
[  1000,  0.0000499]     0.1149,     0.4221,     0.5762,    10.7214, 
[  1100,  0.0000539]     0.1340,     0.4522,     0.6018,    10.5458, 
[  1200,  0.0000579]     0.1871,     0.5167,     0.6466,     9.8841, 
[  1300,  0.0000619]     0.2020,     0.5349,     0.6628,     9.1928, 
[  1400,  0.0000659]     0.2560,     0.5918,     0.7103,     8.1181, 
[  1500,  0.0000699]     0.2986,     0.6264,     0.7311,     8.3196, 
[  1600,  0.0000739]     0.3339,     0.6619,     0.7626,     7.1471, 
[  1700,  0.0000779]     0.3484,     0.6694,     0.7643,     7.4563, 
[  1800,  0.0000819]     0.4052,     0.7007,     0.7878,     6.9419, 
[  1900,  0.0000859]     0.4289,     0.7154,     0.7968,     6.5167, 
[  2000,  0.0000899]     0.4471,     0.7249,     0.8014,     6.8587, 
[  2100,  0.0000939]     0.4730,     0.7351,     0.8068,     7.1375, 
[  2200,  0.0000979]     0.4731,     0.7329,     0.8024,     7.0189, 
[  2300,  0.0001019]     0.4970,     0.7559,     0.8250,     6.1051, 
[  2400,  0.0001059]     0.5040,     0.7526,     0.8172,     7.2977, 
[  2500,  0.0001099]     0.5143,     0.7557,     0.8207,     6.4830, 
[  2600,  0.0001139]     0.5472,     0.7791,     0.8399,     5.5607, 
[  2700,  0.0001179]     0.5579,     0.7814,     0.8396,     6.0350, 
[  2800,  0.0001219]     0.5614,     0.7871,     0.8467,     5.3454, 
[  2900,  0.0001259]     0.5830,     0.7936,     0.8496,     5.2647, 
[  3000,  0.0001299]     0.6015,     0.8102,     0.8635,     4.7286, 
[  3100,  0.0001339]     0.5897,     0.7979,     0.8528,     5.3813, 
[  3200,  0.0001379]     0.5933,     0.7957,     0.8482,     5.9949, 
[  3300,  0.0001419]     0.5840,     0.7982,     0.8522,     5.2937, 
[  3400,  0.0001459]     0.6101,     0.8079,     0.8591,     5.3262, 
[  3500,  0.0001499]     0.5950,     0.7989,     0.8524,     5.5430, 
[  3600,  0.0001539]     0.6150,     0.8135,     0.8643,     5.3107, 
[  3700,  0.0001579]     0.6199,     0.8123,     0.8600,     5.6326, 
[  3800,  0.0001619]     0.6187,     0.8170,     0.8665,     4.8482, 
[  3900,  0.0001659]     0.6213,     0.8150,     0.8656,     5.0230, 
[  4000,  0.0001699]     0.6322,     0.8167,     0.8655,     4.9547, 
[  4100,  0.0001739]     0.6355,     0.8229,     0.8714,     4.6961, 
[  4200,  0.0001778]     0.6504,     0.8360,     0.8820,     4.3423, 
[  4300,  0.0001818]     0.6385,     0.8225,     0.8684,     5.1357, 
[  4400,  0.0001858]     0.6469,     0.8320,     0.8774,     4.7784, 
[  4500,  0.0001898]     0.6384,     0.8234,     0.8697,     5.1480, 
[  4600,  0.0001938]     0.6515,     0.8325,     0.8762,     4.7323, 
[  4700,  0.0001978]     0.6674,     0.8491,     0.8920,     4.3619, 
[  4800,  0.0002018]     0.6541,     0.8371,     0.8814,     4.6572, 
[  4900,  0.0002058]     0.6642,     0.8431,     0.8869,     4.5134, 
[  5000,  0.0002098]     0.6675,     0.8389,     0.8815,     4.5430, 
Validation Chairs EPE: 2.817749
[  5100,  0.0002138]     0.6564,     0.8382,     0.8839,     4.3779, 
[  5200,  0.0002178]     0.6629,     0.8392,     0.8820,     4.5136, 
[  5300,  0.0002218]     0.6512,     0.8331,     0.8776,     4.7959, 
[  5400,  0.0002258]     0.6868,     0.8528,     0.8925,     4.2557, 
[  5500,  0.0002298]     0.6830,     0.8527,     0.8935,     4.1241, 
[  5600,  0.0002338]     0.6818,     0.8505,     0.8897,     4.2046, 
[  5700,  0.0002378]     0.6852,     0.8486,     0.8882,     4.2029, 
[  5800,  0.0002418]     0.6806,     0.8479,     0.8875,     4.5977, 
[  5900,  0.0002458]     0.6825,     0.8565,     0.8974,     3.7025, 
[  6000,  0.0002498]     0.6872,     0.8512,     0.8894,     4.7344, 
[  6100,  0.0002498]     0.6901,     0.8569,     0.8956,     4.2378, 
[  6200,  0.0002496]     0.6946,     0.8552,     0.8927,     4.3424, 
[  6300,  0.0002494]     0.6862,     0.8525,     0.8910,     4.4726, 
[  6400,  0.0002491]     0.6888,     0.8532,     0.8921,     4.2976, 
[  6500,  0.0002489]     0.6916,     0.8625,     0.9000,     3.9694, 
[  6600,  0.0002487]     0.6998,     0.8632,     0.9010,     3.8273, 
[  6700,  0.0002485]     0.6973,     0.8601,     0.8964,     4.0955, 
[  6800,  0.0002483]     0.7083,     0.8652,     0.9013,     3.7246, 
[  6900,  0.0002480]     0.6983,     0.8625,     0.9002,     3.7970, 
[  7000,  0.0002478]     0.7052,     0.8661,     0.9014,     4.1431, 
[  7100,  0.0002476]     0.7190,     0.8774,     0.9108,     3.3157, 
[  7200,  0.0002474]     0.7111,     0.8659,     0.9023,     3.9907, 
[  7300,  0.0002472]     0.7076,     0.8687,     0.9035,     3.6813, 
[  7400,  0.0002469]     0.7094,     0.8676,     0.9025,     3.9052, 
[  7500,  0.0002467]     0.7153,     0.8762,     0.9114,     3.4069, 
[  7600,  0.0002465]     0.7138,     0.8706,     0.9053,     3.7251, 
[  7700,  0.0002463]     0.7085,     0.8664,     0.9009,     4.1377, 
[  7800,  0.0002461]     0.7099,     0.8716,     0.9067,     3.5891, 
[  7900,  0.0002458]     0.7066,     0.8675,     0.9024,     3.9632, 
[  8000,  0.0002456]     0.7146,     0.8692,     0.9038,     3.7443, 
[  8100,  0.0002454]     0.7226,     0.8725,     0.9061,     3.8026, 
[  8200,  0.0002452]     0.7172,     0.8725,     0.9063,     3.7493, 
[  8300,  0.0002450]     0.7250,     0.8833,     0.9156,     3.3496, 
[  8400,  0.0002448]     0.7173,     0.8763,     0.9095,     3.5656, 
[  8500,  0.0002445]     0.7242,     0.8773,     0.9105,     3.6935, 
[  8600,  0.0002443]     0.7282,     0.8789,     0.9117,     3.5380, 
[  8700,  0.0002441]     0.7285,     0.8807,     0.9128,     3.6191, 
[  8800,  0.0002439]     0.7273,     0.8827,     0.9151,     3.4855, 
[  8900,  0.0002437]     0.7238,     0.8778,     0.9106,     3.7238, 
[  9000,  0.0002434]     0.7196,     0.8739,     0.9076,     3.5336, 
[  9100,  0.0002432]     0.7359,     0.8895,     0.9208,     3.0874, 
[  9200,  0.0002430]     0.7372,     0.8857,     0.9171,     3.1689, 
[  9300,  0.0002428]     0.7352,     0.8849,     0.9171,     3.1675, 
[  9400,  0.0002426]     0.7442,     0.8919,     0.9210,     3.2226, 
[  9500,  0.0002423]     0.7278,     0.8802,     0.9124,     3.9551, 
[  9600,  0.0002421]     0.7300,     0.8832,     0.9153,     3.2161, 
[  9700,  0.0002419]     0.7331,     0.8876,     0.9189,     3.1586, 
[  9800,  0.0002417]     0.7375,     0.8882,     0.9199,     3.1634, 
[  9900,  0.0002415]     0.7478,     0.8934,     0.9219,     3.4666, 
[ 10000,  0.0002412]     0.7284,     0.8811,     0.9133,     3.6141, 
Validation Chairs EPE: 2.129191
[ 10100,  0.0002410]     0.7391,     0.8876,     0.9184,     3.1132, 
[ 10200,  0.0002408]     0.7443,     0.8927,     0.9235,     2.9165, 
[ 10300,  0.0002406]     0.7453,     0.8921,     0.9216,     3.5722, 
[ 10400,  0.0002404]     0.7400,     0.8888,     0.9188,     3.1913, 
[ 10500,  0.0002402]     0.7328,     0.8817,     0.9139,     3.7520, 
[ 10600,  0.0002399]     0.7363,     0.8859,     0.9161,     3.5484, 
[ 10700,  0.0002397]     0.7395,     0.8921,     0.9217,     3.0734, 
[ 10800,  0.0002395]     0.7488,     0.8965,     0.9247,     3.1448, 
[ 10900,  0.0002393]     0.7455,     0.8930,     0.9237,     3.1397, 
[ 11000,  0.0002391]     0.7556,     0.8956,     0.9234,     2.9273, 
[ 11100,  0.0002388]     0.7505,     0.8947,     0.9232,     2.9393, 
[ 11200,  0.0002386]     0.7478,     0.8963,     0.9255,     3.0267, 
[ 11300,  0.0002384]     0.7492,     0.8942,     0.9231,     3.2059, 
[ 11400,  0.0002382]     0.7545,     0.8988,     0.9272,     2.9282, 
[ 11500,  0.0002380]     0.7362,     0.8855,     0.9156,     3.6322, 
[ 11600,  0.0002377]     0.7540,     0.8937,     0.9221,     3.0483, 
[ 11700,  0.0002375]     0.7520,     0.8927,     0.9203,     3.2161, 
[ 11800,  0.0002373]     0.7537,     0.8982,     0.9267,     2.8464, 
[ 11900,  0.0002371]     0.7380,     0.8898,     0.9194,     3.5062, 
[ 12000,  0.0002369]     0.7438,     0.8885,     0.9181,     3.4802, 
[ 12100,  0.0002366]     0.7415,     0.8917,     0.9214,     3.2021, 
[ 12200,  0.0002364]     0.7592,     0.8986,     0.9255,     2.9157, 
[ 12300,  0.0002362]     0.7546,     0.9001,     0.9290,     2.8875, 
[ 12400,  0.0002360]     0.7464,     0.8950,     0.9229,     3.2169, 
[ 12500,  0.0002358]     0.7708,     0.9083,     0.9348,     2.4596, 
[ 12600,  0.0002355]     0.7615,     0.9017,     0.9292,     2.8932, 
[ 12700,  0.0002353]     0.7613,     0.8996,     0.9275,     2.8188, 
[ 12800,  0.0002351]     0.7473,     0.8958,     0.9248,     2.8835, 
[ 12900,  0.0002349]     0.7595,     0.9018,     0.9291,     2.8630, 
[ 13000,  0.0002347]     0.7632,     0.9021,     0.9287,     3.0367, 
[ 13100,  0.0002345]     0.7529,     0.8972,     0.9264,     2.8727, 
[ 13200,  0.0002342]     0.7622,     0.9026,     0.9293,     2.9260, 
[ 13300,  0.0002340]     0.7582,     0.8986,     0.9264,     2.9598, 
[ 13400,  0.0002338]     0.7600,     0.9035,     0.9304,     2.8555, 
[ 13500,  0.0002336]     0.7585,     0.8979,     0.9252,     3.2717, 
[ 13600,  0.0002334]     0.7667,     0.9049,     0.9314,     2.7650, 
[ 13700,  0.0002331]     0.7649,     0.9031,     0.9304,     2.8540, 
[ 13800,  0.0002329]     0.7624,     0.9065,     0.9331,     2.5262, 
[ 13900,  0.0002327]     0.7628,     0.9027,     0.9288,     2.9675, 
[ 14000,  0.0002325]     0.7647,     0.9032,     0.9303,     2.8913, 
[ 14100,  0.0002323]     0.7687,     0.9052,     0.9309,     2.9809, 
[ 14200,  0.0002320]     0.7527,     0.8966,     0.9242,     3.3451, 
[ 14300,  0.0002318]     0.7587,     0.9004,     0.9281,     3.0854, 
[ 14400,  0.0002316]     0.7558,     0.8985,     0.9256,     3.0504, 
[ 14500,  0.0002314]     0.7670,     0.9065,     0.9321,     3.0866, 
[ 14600,  0.0002312]     0.7683,     0.9053,     0.9308,     2.7514, 
[ 14700,  0.0002309]     0.7735,     0.9103,     0.9347,     2.5287, 
[ 14800,  0.0002307]     0.7495,     0.8979,     0.9260,     2.9978, 
[ 14900,  0.0002305]     0.7657,     0.9069,     0.9328,     2.8627, 
[ 15000,  0.0002303]     0.7681,     0.9085,     0.9347,     2.5110, 
Validation Chairs EPE: 1.668880
[ 15100,  0.0002301]     0.7546,     0.8998,     0.9266,     3.2569, 
[ 15200,  0.0002299]     0.7654,     0.9075,     0.9336,     2.6972, 
[ 15300,  0.0002296]     0.7681,     0.9067,     0.9322,     2.7376, 
[ 15400,  0.0002294]     0.7713,     0.9105,     0.9358,     2.5937, 
[ 15500,  0.0002292]     0.7658,     0.9033,     0.9289,     2.8846, 
[ 15600,  0.0002290]     0.7721,     0.9108,     0.9353,     2.8811, 
[ 15700,  0.0002288]     0.7789,     0.9151,     0.9403,     2.4542, 
[ 15800,  0.0002285]     0.7717,     0.9067,     0.9316,     2.8519, 
[ 15900,  0.0002283]     0.7814,     0.9149,     0.9391,     2.5683, 
[ 16000,  0.0002281]     0.7626,     0.9043,     0.9312,     2.8400, 
[ 16100,  0.0002279]     0.7677,     0.9030,     0.9282,     3.0510, 
[ 16200,  0.0002277]     0.7617,     0.9025,     0.9283,     3.2126, 
[ 16300,  0.0002274]     0.7765,     0.9127,     0.9385,     2.3476, 
[ 16400,  0.0002272]     0.7686,     0.9062,     0.9312,     3.1765, 
[ 16500,  0.0002270]     0.7737,     0.9105,     0.9364,     2.4744, 
[ 16600,  0.0002268]     0.7666,     0.9064,     0.9330,     2.7940, 
[ 16700,  0.0002266]     0.7679,     0.9098,     0.9355,     2.6311, 
[ 16800,  0.0002263]     0.7634,     0.9064,     0.9311,     3.0561, 
[ 16900,  0.0002261]     0.7729,     0.9101,     0.9353,     2.5507, 
[ 17000,  0.0002259]     0.7751,     0.9119,     0.9374,     2.5279, 
[ 17100,  0.0002257]     0.7589,     0.9058,     0.9328,     2.6635, 
[ 17200,  0.0002255]     0.7766,     0.9119,     0.9370,     2.6906, 
[ 17300,  0.0002253]     0.7779,     0.9139,     0.9381,     2.6085, 
[ 17400,  0.0002250]     0.7728,     0.9102,     0.9345,     2.5957, 
[ 17500,  0.0002248]     0.7657,     0.9095,     0.9354,     2.5516, 
[ 17600,  0.0002246]     0.7691,     0.9103,     0.9352,     2.8644, 
[ 17700,  0.0002244]     0.7787,     0.9150,     0.9383,     2.8362, 
[ 17800,  0.0002242]     0.7687,     0.9059,     0.9320,     2.6926, 
[ 17900,  0.0002239]     0.7862,     0.9181,     0.9413,     2.3879, 
[ 18000,  0.0002237]     0.7693,     0.9090,     0.9353,     2.5755, 
[ 18100,  0.0002235]     0.7663,     0.9028,     0.9281,     2.8742, 
[ 18200,  0.0002233]     0.7726,     0.9079,     0.9327,     2.7007, 
[ 18300,  0.0002231]     0.7861,     0.9156,     0.9388,     2.4811, 
[ 18400,  0.0002228]     0.7777,     0.9149,     0.9390,     2.6337, 
[ 18500,  0.0002226]     0.7915,     0.9209,     0.9438,     2.1917, 
[ 18600,  0.0002224]     0.7714,     0.9114,     0.9364,     2.6215, 
[ 18700,  0.0002222]     0.7800,     0.9153,     0.9395,     2.4713, 
[ 18800,  0.0002220]     0.7786,     0.9130,     0.9369,     2.7685, 
[ 18900,  0.0002217]     0.7836,     0.9153,     0.9386,     2.6337, 
[ 19000,  0.0002215]     0.7718,     0.9122,     0.9367,     2.5534, 
[ 19100,  0.0002213]     0.7832,     0.9156,     0.9396,     2.5875, 
[ 19200,  0.0002211]     0.7884,     0.9165,     0.9400,     2.6202, 
[ 19300,  0.0002209]     0.7905,     0.9206,     0.9431,     2.3252, 
[ 19400,  0.0002206]     0.7830,     0.9196,     0.9427,     2.2470, 
[ 19500,  0.0002204]     0.7753,     0.9096,     0.9340,     2.6869, 
[ 19600,  0.0002202]     0.7780,     0.9165,     0.9411,     2.4492, 
[ 19700,  0.0002200]     0.7871,     0.9161,     0.9396,     2.4564, 
[ 19800,  0.0002198]     0.7762,     0.9145,     0.9387,     2.4500, 
[ 19900,  0.0002196]     0.7733,     0.9117,     0.9360,     2.6107, 
[ 20000,  0.0002193]     0.7769,     0.9123,     0.9358,     2.6412, 
Validation Chairs EPE: 1.647670
[ 20100,  0.0002191]     0.7783,     0.9099,     0.9350,     2.6178, 
[ 20200,  0.0002189]     0.7806,     0.9151,     0.9388,     2.4734, 
[ 20300,  0.0002187]     0.7878,     0.9184,     0.9415,     2.3370, 
[ 20400,  0.0002185]     0.7883,     0.9196,     0.9425,     2.2520, 
[ 20500,  0.0002182]     0.7886,     0.9202,     0.9433,     2.1706, 
[ 20600,  0.0002180]     0.7813,     0.9177,     0.9408,     2.6366, 
[ 20700,  0.0002178]     0.7768,     0.9108,     0.9343,     2.9553, 
[ 20800,  0.0002176]     0.7869,     0.9133,     0.9362,     2.7498, 
[ 20900,  0.0002174]     0.7878,     0.9168,     0.9396,     2.5239, 
[ 21000,  0.0002171]     0.7880,     0.9192,     0.9412,     2.2691, 
[ 21100,  0.0002169]     0.7903,     0.9207,     0.9428,     2.5612, 
[ 21200,  0.0002167]     0.7849,     0.9169,     0.9395,     2.4932, 
[ 21300,  0.0002165]     0.7897,     0.9169,     0.9390,     2.5672, 
[ 21400,  0.0002163]     0.7863,     0.9152,     0.9387,     2.5967, 
[ 21500,  0.0002160]     0.7710,     0.9090,     0.9337,     3.0923, 
[ 21600,  0.0002158]     0.7788,     0.9158,     0.9395,     2.4447, 
[ 21700,  0.0002156]     0.7760,     0.9134,     0.9386,     2.4845, 
[ 21800,  0.0002154]     0.7960,     0.9212,     0.9436,     2.2283, 
[ 21900,  0.0002152]     0.7894,     0.9193,     0.9423,     2.3525, 
[ 22000,  0.0002150]     0.7854,     0.9170,     0.9399,     2.8580, 
[ 22100,  0.0002147]     0.7798,     0.9161,     0.9403,     2.2402, 
[ 22200,  0.0002145]     0.7839,     0.9206,     0.9430,     2.3692, 
[ 22300,  0.0002143]     0.7940,     0.9209,     0.9417,     2.6228, 
[ 22400,  0.0002141]     0.7800,     0.9168,     0.9401,     2.5534, 
[ 22500,  0.0002139]     0.7807,     0.9143,     0.9370,     2.8670, 
[ 22600,  0.0002136]     0.7745,     0.9115,     0.9362,     2.6257, 
[ 22700,  0.0002134]     0.7821,     0.9146,     0.9376,     2.4382, 
[ 22800,  0.0002132]     0.7828,     0.9176,     0.9406,     2.4834, 
[ 22900,  0.0002130]     0.7890,     0.9177,     0.9396,     2.5615, 
[ 23000,  0.0002128]     0.7853,     0.9181,     0.9412,     2.3997, 
[ 23100,  0.0002125]     0.7959,     0.9199,     0.9418,     2.6381, 
[ 23200,  0.0002123]     0.7925,     0.9220,     0.9441,     2.3568, 
[ 23300,  0.0002121]     0.7835,     0.9204,     0.9423,     2.4064, 
[ 23400,  0.0002119]     0.7939,     0.9247,     0.9464,     2.3048, 
[ 23500,  0.0002117]     0.7947,     0.9211,     0.9426,     2.4070, 
[ 23600,  0.0002114]     0.7929,     0.9239,     0.9455,     2.3122, 
[ 23700,  0.0002112]     0.7940,     0.9227,     0.9444,     2.3771, 
[ 23800,  0.0002110]     0.8011,     0.9233,     0.9449,     2.2224, 
[ 23900,  0.0002108]     0.8041,     0.9271,     0.9477,     2.1688, 
[ 24000,  0.0002106]     0.7895,     0.9243,     0.9460,     2.1332, 
[ 24100,  0.0002104]     0.7905,     0.9207,     0.9411,     2.4409, 
[ 24200,  0.0002101]     0.7917,     0.9190,     0.9414,     2.3821, 
[ 24300,  0.0002099]     0.8062,     0.9285,     0.9485,     2.2366, 
[ 24400,  0.0002097]     0.7771,     0.9175,     0.9406,     2.4176, 
[ 24500,  0.0002095]     0.7923,     0.9178,     0.9393,     2.8018, 
[ 24600,  0.0002093]     0.8000,     0.9256,     0.9469,     2.1365, 
[ 24700,  0.0002090]     0.7968,     0.9241,     0.9448,     2.2297, 
[ 24800,  0.0002088]     0.7911,     0.9180,     0.9402,     2.7211, 
[ 24900,  0.0002086]     0.7981,     0.9247,     0.9464,     2.1202, 
[ 25000,  0.0002084]     0.7899,     0.9210,     0.9426,     2.4363, 
Validation Chairs EPE: 1.392577
[ 25100,  0.0002082]     0.7903,     0.9210,     0.9419,     2.7898, 
[ 25200,  0.0002079]     0.7987,     0.9252,     0.9459,     2.2448, 
[ 25300,  0.0002077]     0.7869,     0.9205,     0.9427,     2.3877, 
[ 25400,  0.0002075]     0.7861,     0.9214,     0.9433,     2.3221, 
[ 25500,  0.0002073]     0.7900,     0.9202,     0.9429,     2.4155, 
[ 25600,  0.0002071]     0.7899,     0.9202,     0.9425,     2.5724, 
[ 25700,  0.0002068]     0.7964,     0.9271,     0.9483,     2.2257, 
[ 25800,  0.0002066]     0.7966,     0.9242,     0.9452,     2.3717, 
[ 25900,  0.0002064]     0.7918,     0.9225,     0.9434,     2.3892, 
[ 26000,  0.0002062]     0.8053,     0.9282,     0.9490,     1.9299, 
[ 26100,  0.0002060]     0.7855,     0.9192,     0.9415,     2.3540, 
[ 26200,  0.0002057]     0.7947,     0.9217,     0.9439,     2.1064, 
[ 26300,  0.0002055]     0.7973,     0.9258,     0.9469,     2.1474, 
[ 26400,  0.0002053]     0.7968,     0.9219,     0.9434,     2.5898, 
[ 26500,  0.0002051]     0.7906,     0.9211,     0.9439,     2.2647, 
[ 26600,  0.0002049]     0.8047,     0.9273,     0.9487,     2.0191, 
[ 26700,  0.0002047]     0.7962,     0.9248,     0.9463,     2.3288, 
[ 26800,  0.0002044]     0.8014,     0.9292,     0.9495,     2.0717, 
[ 26900,  0.0002042]     0.7817,     0.9175,     0.9399,     2.5780, 
[ 27000,  0.0002040]     0.8122,     0.9295,     0.9486,     2.2574, 
[ 27100,  0.0002038]     0.7937,     0.9251,     0.9462,     2.2109, 
[ 27200,  0.0002036]     0.7986,     0.9252,     0.9460,     2.5196, 
[ 27300,  0.0002033]     0.7933,     0.9209,     0.9412,     2.5675, 
[ 27400,  0.0002031]     0.8093,     0.9295,     0.9488,     2.1860, 
[ 27500,  0.0002029]     0.8046,     0.9299,     0.9505,     1.9592, 
[ 27600,  0.0002027]     0.7972,     0.9241,     0.9457,     2.0194, 
[ 27700,  0.0002025]     0.8062,     0.9307,     0.9503,     2.2167, 
[ 27800,  0.0002022]     0.7991,     0.9286,     0.9495,     1.9433, 
[ 27900,  0.0002020]     0.7994,     0.9269,     0.9468,     2.5757, 
[ 28000,  0.0002018]     0.8026,     0.9283,     0.9489,     2.0799, 
[ 28100,  0.0002016]     0.8026,     0.9295,     0.9500,     2.0781, 
[ 28200,  0.0002014]     0.8048,     0.9293,     0.9489,     2.2975, 
[ 28300,  0.0002011]     0.8068,     0.9301,     0.9507,     1.9546, 
[ 28400,  0.0002009]     0.8000,     0.9266,     0.9473,     2.1371, 
[ 28500,  0.0002007]     0.7937,     0.9207,     0.9440,     2.4037, 
[ 28600,  0.0002005]     0.8042,     0.9271,     0.9475,     2.2652, 
[ 28700,  0.0002003]     0.7926,     0.9252,     0.9461,     2.2649, 
[ 28800,  0.0002001]     0.8027,     0.9271,     0.9477,     2.2623, 
[ 28900,  0.0001998]     0.7914,     0.9248,     0.9458,     2.2035, 
[ 29000,  0.0001996]     0.8073,     0.9298,     0.9504,     1.9995, 
[ 29100,  0.0001994]     0.7926,     0.9219,     0.9445,     2.1867, 
[ 29200,  0.0001992]     0.8004,     0.9279,     0.9483,     2.1517, 
[ 29300,  0.0001990]     0.8057,     0.9314,     0.9506,     2.2146, 
[ 29400,  0.0001987]     0.8090,     0.9287,     0.9494,     2.2914, 
[ 29500,  0.0001985]     0.8053,     0.9293,     0.9488,     2.0541, 
[ 29600,  0.0001983]     0.8012,     0.9257,     0.9467,     2.0864, 
[ 29700,  0.0001981]     0.8015,     0.9280,     0.9489,     2.2056, 
[ 29800,  0.0001979]     0.8004,     0.9273,     0.9480,     2.2167, 
[ 29900,  0.0001976]     0.8035,     0.9325,     0.9520,     1.9755, 
[ 30000,  0.0001974]     0.7990,     0.9285,     0.9490,     2.1389, 
Validation Chairs EPE: 1.355205
[ 30100,  0.0001972]     0.8063,     0.9307,     0.9511,     2.0649, 
[ 30200,  0.0001970]     0.8045,     0.9285,     0.9487,     2.1597, 
[ 30300,  0.0001968]     0.8068,     0.9279,     0.9480,     2.0463, 
[ 30400,  0.0001965]     0.8021,     0.9263,     0.9463,     2.2525, 
[ 30500,  0.0001963]     0.8047,     0.9274,     0.9479,     2.0634, 
[ 30600,  0.0001961]     0.7992,     0.9286,     0.9491,     2.0744, 
[ 30700,  0.0001959]     0.7984,     0.9265,     0.9479,     2.2452, 
[ 30800,  0.0001957]     0.8138,     0.9301,     0.9492,     2.3075, 
[ 30900,  0.0001955]     0.7940,     0.9239,     0.9459,     2.2013, 
[ 31000,  0.0001952]     0.8104,     0.9311,     0.9506,     1.9325, 
[ 31100,  0.0001950]     0.8023,     0.9274,     0.9473,     2.2876, 
[ 31200,  0.0001948]     0.8108,     0.9320,     0.9513,     2.0025, 
[ 31300,  0.0001946]     0.7973,     0.9251,     0.9457,     2.4550, 
[ 31400,  0.0001944]     0.8084,     0.9355,     0.9545,     1.9239, 
[ 31500,  0.0001941]     0.8088,     0.9296,     0.9493,     1.9855, 
[ 31600,  0.0001939]     0.8062,     0.9293,     0.9490,     2.2337, 
[ 31700,  0.0001937]     0.7989,     0.9274,     0.9476,     2.1719, 
[ 31800,  0.0001935]     0.7998,     0.9287,     0.9484,     2.1991, 
[ 31900,  0.0001933]     0.8054,     0.9305,     0.9499,     2.2168, 
[ 32000,  0.0001930]     0.8077,     0.9323,     0.9514,     2.0641, 
[ 32100,  0.0001928]     0.8030,     0.9272,     0.9474,     2.2929, 
[ 32200,  0.0001926]     0.8145,     0.9352,     0.9542,     1.7952, 
[ 32300,  0.0001924]     0.8070,     0.9328,     0.9531,     1.9184, 
[ 32400,  0.0001922]     0.8099,     0.9325,     0.9520,     1.9719, 
[ 32500,  0.0001919]     0.8102,     0.9319,     0.9506,     1.9924, 
[ 32600,  0.0001917]     0.8100,     0.9355,     0.9547,     1.9417, 
[ 32700,  0.0001915]     0.8060,     0.9255,     0.9451,     2.4661, 
[ 32800,  0.0001913]     0.8077,     0.9292,     0.9500,     1.9583, 
[ 32900,  0.0001911]     0.8095,     0.9315,     0.9507,     2.0261, 
[ 33000,  0.0001908]     0.8121,     0.9325,     0.9515,     1.9243, 
[ 33100,  0.0001906]     0.8088,     0.9306,     0.9504,     2.0127, 
[ 33200,  0.0001904]     0.8094,     0.9336,     0.9535,     1.9955, 
[ 33300,  0.0001902]     0.8129,     0.9337,     0.9520,     1.9045, 
[ 33400,  0.0001900]     0.8088,     0.9313,     0.9502,     2.1878, 
[ 33500,  0.0001898]     0.8072,     0.9341,     0.9535,     1.8951, 
[ 33600,  0.0001895]     0.8083,     0.9309,     0.9511,     2.2764, 
[ 33700,  0.0001893]     0.8112,     0.9324,     0.9517,     2.0207, 
[ 33800,  0.0001891]     0.8064,     0.9305,     0.9500,     2.1199, 
[ 33900,  0.0001889]     0.8044,     0.9315,     0.9517,     1.9229, 
[ 34000,  0.0001887]     0.8013,     0.9274,     0.9479,     2.4053, 
[ 34100,  0.0001884]     0.8011,     0.9276,     0.9475,     2.2475, 
[ 34200,  0.0001882]     0.8064,     0.9310,     0.9504,     2.0805, 
[ 34300,  0.0001880]     0.8114,     0.9320,     0.9511,     2.0473, 
[ 34400,  0.0001878]     0.8173,     0.9333,     0.9523,     1.9576, 
[ 34500,  0.0001876]     0.8056,     0.9265,     0.9474,     2.2845, 
[ 34600,  0.0001873]     0.8112,     0.9326,     0.9519,     2.0605, 
[ 34700,  0.0001871]     0.8160,     0.9335,     0.9519,     1.9301, 
[ 34800,  0.0001869]     0.8126,     0.9345,     0.9525,     1.9668, 
[ 34900,  0.0001867]     0.8002,     0.9270,     0.9476,     2.1186, 
[ 35000,  0.0001865]     0.8107,     0.9332,     0.9529,     1.8282, 
Validation Chairs EPE: 1.236182
[ 35100,  0.0001862]     0.8031,     0.9260,     0.9469,     2.1027, 
[ 35200,  0.0001860]     0.8038,     0.9283,     0.9474,     2.3766, 
[ 35300,  0.0001858]     0.8109,     0.9332,     0.9521,     2.0383, 
[ 35400,  0.0001856]     0.8052,     0.9288,     0.9484,     2.0387, 
[ 35500,  0.0001854]     0.8070,     0.9311,     0.9509,     2.1302, 
[ 35600,  0.0001852]     0.8048,     0.9313,     0.9508,     2.1936, 
[ 35700,  0.0001849]     0.8083,     0.9332,     0.9528,     2.2240, 
[ 35800,  0.0001847]     0.8158,     0.9344,     0.9525,     2.0739, 
[ 35900,  0.0001845]     0.8217,     0.9338,     0.9522,     2.0450, 
[ 36000,  0.0001843]     0.8107,     0.9338,     0.9529,     1.9928, 
[ 36100,  0.0001841]     0.8134,     0.9381,     0.9564,     1.7456, 
[ 36200,  0.0001838]     0.8141,     0.9366,     0.9547,     1.8666, 
[ 36300,  0.0001836]     0.8068,     0.9285,     0.9482,     2.1123, 
[ 36400,  0.0001834]     0.8122,     0.9306,     0.9502,     2.0706, 
[ 36500,  0.0001832]     0.8199,     0.9365,     0.9553,     1.7995, 
[ 36600,  0.0001830]     0.8052,     0.9282,     0.9481,     2.4739, 
[ 36700,  0.0001827]     0.8024,     0.9254,     0.9463,     2.2165, 
[ 36800,  0.0001825]     0.8107,     0.9330,     0.9515,     1.9448, 
[ 36900,  0.0001823]     0.8137,     0.9357,     0.9542,     1.9877, 
[ 37000,  0.0001821]     0.8006,     0.9267,     0.9464,     2.2726, 
[ 37100,  0.0001819]     0.8044,     0.9279,     0.9477,     2.0758, 
[ 37200,  0.0001816]     0.8131,     0.9328,     0.9513,     1.9795, 
[ 37300,  0.0001814]     0.8092,     0.9321,     0.9508,     2.1387, 
[ 37400,  0.0001812]     0.8114,     0.9350,     0.9533,     1.9467, 
[ 37500,  0.0001810]     0.8094,     0.9328,     0.9522,     2.0443, 
[ 37600,  0.0001808]     0.8030,     0.9302,     0.9504,     2.0136, 
[ 37700,  0.0001806]     0.8138,     0.9343,     0.9532,     2.0626, 
[ 37800,  0.0001803]     0.8204,     0.9396,     0.9574,     1.8450, 
[ 37900,  0.0001801]     0.8140,     0.9364,     0.9545,     1.9352, 
[ 38000,  0.0001799]     0.8170,     0.9381,     0.9570,     1.8294, 
[ 38100,  0.0001797]     0.8076,     0.9317,     0.9511,     1.9457, 
[ 38200,  0.0001795]     0.8142,     0.9360,     0.9554,     1.8796, 
[ 38300,  0.0001792]     0.8145,     0.9347,     0.9527,     2.1485, 
[ 38400,  0.0001790]     0.8204,     0.9362,     0.9546,     1.7459, 
[ 38500,  0.0001788]     0.8128,     0.9340,     0.9526,     1.8231, 
[ 38600,  0.0001786]     0.8177,     0.9342,     0.9532,     1.9309, 
[ 38700,  0.0001784]     0.8247,     0.9420,     0.9583,     1.7287, 
[ 38800,  0.0001781]     0.8101,     0.9312,     0.9508,     1.9365, 
[ 38900,  0.0001779]     0.8208,     0.9399,     0.9574,     1.7953, 
[ 39000,  0.0001777]     0.8172,     0.9367,     0.9558,     1.8369, 
[ 39100,  0.0001775]     0.8248,     0.9369,     0.9549,     1.9577, 
[ 39200,  0.0001773]     0.8210,     0.9377,     0.9550,     1.9888, 
[ 39300,  0.0001770]     0.8164,     0.9355,     0.9539,     1.8148, 
[ 39400,  0.0001768]     0.8210,     0.9360,     0.9537,     1.9311, 
[ 39500,  0.0001766]     0.8165,     0.9373,     0.9555,     2.0636, 
[ 39600,  0.0001764]     0.8148,     0.9331,     0.9521,     1.8641, 
[ 39700,  0.0001762]     0.8165,     0.9367,     0.9549,     2.0997, 
[ 39800,  0.0001760]     0.8142,     0.9385,     0.9562,     1.9674, 
[ 39900,  0.0001757]     0.8226,     0.9399,     0.9586,     1.7152, 
[ 40000,  0.0001755]     0.8126,     0.9363,     0.9541,     1.9611, 
